<?xml version="1.0" encoding="UTF-8"?>
<testsuite xmlns:xsi="http://www.w3.org/2001/XMLSchema-instance" xsi:noNamespaceSchemaLocation="https://maven.apache.org/surefire/maven-surefire-plugin/xsd/surefire-test-report.xsd" name="com.spring.demo.SpringbootDemoH2ApplicationTests" time="14.904" tests="1" errors="1" skipped="0" failures="0">
  <properties>
    <property name="java.specification.version" value="19"/>
    <property name="sun.jnu.encoding" value="UTF-8"/>
    <property name="java.class.path" value="/Users/yassine/Site/room/Application/Spring/target/test-classes:/Users/yassine/Site/room/Application/Spring/target/classes:/Users/yassine/.m2/repository/org/springframework/boot/spring-boot-starter-web/2.5.3/spring-boot-starter-web-2.5.3.jar:/Users/yassine/.m2/repository/org/springframework/boot/spring-boot-starter/2.5.3/spring-boot-starter-2.5.3.jar:/Users/yassine/.m2/repository/org/springframework/boot/spring-boot/2.5.3/spring-boot-2.5.3.jar:/Users/yassine/.m2/repository/org/springframework/boot/spring-boot-autoconfigure/2.5.3/spring-boot-autoconfigure-2.5.3.jar:/Users/yassine/.m2/repository/org/springframework/boot/spring-boot-starter-logging/2.5.3/spring-boot-starter-logging-2.5.3.jar:/Users/yassine/.m2/repository/ch/qos/logback/logback-classic/1.2.4/logback-classic-1.2.4.jar:/Users/yassine/.m2/repository/ch/qos/logback/logback-core/1.2.4/logback-core-1.2.4.jar:/Users/yassine/.m2/repository/org/apache/logging/log4j/log4j-to-slf4j/2.14.1/log4j-to-slf4j-2.14.1.jar:/Users/yassine/.m2/repository/org/apache/logging/log4j/log4j-api/2.14.1/log4j-api-2.14.1.jar:/Users/yassine/.m2/repository/org/slf4j/jul-to-slf4j/1.7.32/jul-to-slf4j-1.7.32.jar:/Users/yassine/.m2/repository/jakarta/annotation/jakarta.annotation-api/1.3.5/jakarta.annotation-api-1.3.5.jar:/Users/yassine/.m2/repository/org/yaml/snakeyaml/1.28/snakeyaml-1.28.jar:/Users/yassine/.m2/repository/org/springframework/boot/spring-boot-starter-json/2.5.3/spring-boot-starter-json-2.5.3.jar:/Users/yassine/.m2/repository/com/fasterxml/jackson/datatype/jackson-datatype-jdk8/2.12.4/jackson-datatype-jdk8-2.12.4.jar:/Users/yassine/.m2/repository/com/fasterxml/jackson/datatype/jackson-datatype-jsr310/2.12.4/jackson-datatype-jsr310-2.12.4.jar:/Users/yassine/.m2/repository/com/fasterxml/jackson/module/jackson-module-parameter-names/2.12.4/jackson-module-parameter-names-2.12.4.jar:/Users/yassine/.m2/repository/org/springframework/boot/spring-boot-starter-tomcat/2.5.3/spring-boot-starter-tomcat-2.5.3.jar:/Users/yassine/.m2/repository/org/apache/tomcat/embed/tomcat-embed-core/9.0.50/tomcat-embed-core-9.0.50.jar:/Users/yassine/.m2/repository/org/apache/tomcat/embed/tomcat-embed-el/9.0.50/tomcat-embed-el-9.0.50.jar:/Users/yassine/.m2/repository/org/apache/tomcat/embed/tomcat-embed-websocket/9.0.50/tomcat-embed-websocket-9.0.50.jar:/Users/yassine/.m2/repository/org/springframework/spring-web/5.3.9/spring-web-5.3.9.jar:/Users/yassine/.m2/repository/org/springframework/spring-beans/5.3.9/spring-beans-5.3.9.jar:/Users/yassine/.m2/repository/org/springframework/spring-webmvc/5.3.9/spring-webmvc-5.3.9.jar:/Users/yassine/.m2/repository/org/springframework/spring-context/5.3.9/spring-context-5.3.9.jar:/Users/yassine/.m2/repository/org/springframework/spring-expression/5.3.9/spring-expression-5.3.9.jar:/Users/yassine/.m2/repository/com/h2database/h2/1.4.200/h2-1.4.200.jar:/Users/yassine/.m2/repository/org/springframework/boot/spring-boot-starter-test/2.5.3/spring-boot-starter-test-2.5.3.jar:/Users/yassine/.m2/repository/org/springframework/boot/spring-boot-test/2.5.3/spring-boot-test-2.5.3.jar:/Users/yassine/.m2/repository/org/springframework/boot/spring-boot-test-autoconfigure/2.5.3/spring-boot-test-autoconfigure-2.5.3.jar:/Users/yassine/.m2/repository/com/jayway/jsonpath/json-path/2.5.0/json-path-2.5.0.jar:/Users/yassine/.m2/repository/net/minidev/json-smart/2.4.7/json-smart-2.4.7.jar:/Users/yassine/.m2/repository/net/minidev/accessors-smart/2.4.7/accessors-smart-2.4.7.jar:/Users/yassine/.m2/repository/org/ow2/asm/asm/9.1/asm-9.1.jar:/Users/yassine/.m2/repository/org/slf4j/slf4j-api/1.7.32/slf4j-api-1.7.32.jar:/Users/yassine/.m2/repository/jakarta/xml/bind/jakarta.xml.bind-api/2.3.3/jakarta.xml.bind-api-2.3.3.jar:/Users/yassine/.m2/repository/jakarta/activation/jakarta.activation-api/1.2.2/jakarta.activation-api-1.2.2.jar:/Users/yassine/.m2/repository/org/assertj/assertj-core/3.19.0/assertj-core-3.19.0.jar:/Users/yassine/.m2/repository/org/hamcrest/hamcrest/2.2/hamcrest-2.2.jar:/Users/yassine/.m2/repository/org/junit/jupiter/junit-jupiter/5.7.2/junit-jupiter-5.7.2.jar:/Users/yassine/.m2/repository/org/junit/jupiter/junit-jupiter-api/5.7.2/junit-jupiter-api-5.7.2.jar:/Users/yassine/.m2/repository/org/apiguardian/apiguardian-api/1.1.0/apiguardian-api-1.1.0.jar:/Users/yassine/.m2/repository/org/opentest4j/opentest4j/1.2.0/opentest4j-1.2.0.jar:/Users/yassine/.m2/repository/org/junit/platform/junit-platform-commons/1.7.2/junit-platform-commons-1.7.2.jar:/Users/yassine/.m2/repository/org/junit/jupiter/junit-jupiter-params/5.7.2/junit-jupiter-params-5.7.2.jar:/Users/yassine/.m2/repository/org/junit/jupiter/junit-jupiter-engine/5.7.2/junit-jupiter-engine-5.7.2.jar:/Users/yassine/.m2/repository/org/junit/platform/junit-platform-engine/1.7.2/junit-platform-engine-1.7.2.jar:/Users/yassine/.m2/repository/org/mockito/mockito-core/3.9.0/mockito-core-3.9.0.jar:/Users/yassine/.m2/repository/net/bytebuddy/byte-buddy/1.10.22/byte-buddy-1.10.22.jar:/Users/yassine/.m2/repository/net/bytebuddy/byte-buddy-agent/1.10.22/byte-buddy-agent-1.10.22.jar:/Users/yassine/.m2/repository/org/objenesis/objenesis/3.2/objenesis-3.2.jar:/Users/yassine/.m2/repository/org/mockito/mockito-junit-jupiter/3.9.0/mockito-junit-jupiter-3.9.0.jar:/Users/yassine/.m2/repository/org/skyscreamer/jsonassert/1.5.0/jsonassert-1.5.0.jar:/Users/yassine/.m2/repository/com/vaadin/external/google/android-json/0.0.20131108.vaadin1/android-json-0.0.20131108.vaadin1.jar:/Users/yassine/.m2/repository/org/springframework/spring-core/5.3.9/spring-core-5.3.9.jar:/Users/yassine/.m2/repository/org/springframework/spring-jcl/5.3.9/spring-jcl-5.3.9.jar:/Users/yassine/.m2/repository/org/springframework/spring-test/5.3.9/spring-test-5.3.9.jar:/Users/yassine/.m2/repository/org/xmlunit/xmlunit-core/2.8.2/xmlunit-core-2.8.2.jar:/Users/yassine/.m2/repository/org/projectlombok/lombok/1.18.20/lombok-1.18.20.jar:/Users/yassine/.m2/repository/org/springdoc/springdoc-openapi-ui/1.5.10/springdoc-openapi-ui-1.5.10.jar:/Users/yassine/.m2/repository/org/springdoc/springdoc-openapi-webmvc-core/1.5.10/springdoc-openapi-webmvc-core-1.5.10.jar:/Users/yassine/.m2/repository/org/springdoc/springdoc-openapi-common/1.5.10/springdoc-openapi-common-1.5.10.jar:/Users/yassine/.m2/repository/io/swagger/core/v3/swagger-models/2.1.10/swagger-models-2.1.10.jar:/Users/yassine/.m2/repository/io/swagger/core/v3/swagger-annotations/2.1.10/swagger-annotations-2.1.10.jar:/Users/yassine/.m2/repository/io/swagger/core/v3/swagger-integration/2.1.10/swagger-integration-2.1.10.jar:/Users/yassine/.m2/repository/io/swagger/core/v3/swagger-core/2.1.10/swagger-core-2.1.10.jar:/Users/yassine/.m2/repository/com/fasterxml/jackson/dataformat/jackson-dataformat-yaml/2.12.4/jackson-dataformat-yaml-2.12.4.jar:/Users/yassine/.m2/repository/jakarta/validation/jakarta.validation-api/2.0.2/jakarta.validation-api-2.0.2.jar:/Users/yassine/.m2/repository/io/github/classgraph/classgraph/4.8.69/classgraph-4.8.69.jar:/Users/yassine/.m2/repository/org/apache/commons/commons-lang3/3.12.0/commons-lang3-3.12.0.jar:/Users/yassine/.m2/repository/org/webjars/swagger-ui/3.51.1/swagger-ui-3.51.1.jar:/Users/yassine/.m2/repository/org/webjars/webjars-locator-core/0.46/webjars-locator-core-0.46.jar:/Users/yassine/.m2/repository/com/fasterxml/jackson/core/jackson-core/2.12.4/jackson-core-2.12.4.jar:/Users/yassine/.m2/repository/org/springframework/boot/spring-boot-starter-data-jpa/2.5.3/spring-boot-starter-data-jpa-2.5.3.jar:/Users/yassine/.m2/repository/org/springframework/boot/spring-boot-starter-aop/2.5.3/spring-boot-starter-aop-2.5.3.jar:/Users/yassine/.m2/repository/org/aspectj/aspectjweaver/1.9.7/aspectjweaver-1.9.7.jar:/Users/yassine/.m2/repository/org/springframework/boot/spring-boot-starter-jdbc/2.5.3/spring-boot-starter-jdbc-2.5.3.jar:/Users/yassine/.m2/repository/com/zaxxer/HikariCP/4.0.3/HikariCP-4.0.3.jar:/Users/yassine/.m2/repository/org/springframework/spring-jdbc/5.3.9/spring-jdbc-5.3.9.jar:/Users/yassine/.m2/repository/jakarta/transaction/jakarta.transaction-api/1.3.3/jakarta.transaction-api-1.3.3.jar:/Users/yassine/.m2/repository/jakarta/persistence/jakarta.persistence-api/2.2.3/jakarta.persistence-api-2.2.3.jar:/Users/yassine/.m2/repository/org/hibernate/hibernate-core/5.4.32.Final/hibernate-core-5.4.32.Final.jar:/Users/yassine/.m2/repository/org/jboss/logging/jboss-logging/3.4.2.Final/jboss-logging-3.4.2.Final.jar:/Users/yassine/.m2/repository/org/javassist/javassist/3.27.0-GA/javassist-3.27.0-GA.jar:/Users/yassine/.m2/repository/antlr/antlr/2.7.7/antlr-2.7.7.jar:/Users/yassine/.m2/repository/org/jboss/jandex/2.2.3.Final/jandex-2.2.3.Final.jar:/Users/yassine/.m2/repository/com/fasterxml/classmate/1.5.1/classmate-1.5.1.jar:/Users/yassine/.m2/repository/org/dom4j/dom4j/2.1.3/dom4j-2.1.3.jar:/Users/yassine/.m2/repository/org/hibernate/common/hibernate-commons-annotations/5.1.2.Final/hibernate-commons-annotations-5.1.2.Final.jar:/Users/yassine/.m2/repository/org/glassfish/jaxb/jaxb-runtime/2.3.4/jaxb-runtime-2.3.4.jar:/Users/yassine/.m2/repository/org/glassfish/jaxb/txw2/2.3.4/txw2-2.3.4.jar:/Users/yassine/.m2/repository/com/sun/istack/istack-commons-runtime/3.0.12/istack-commons-runtime-3.0.12.jar:/Users/yassine/.m2/repository/com/sun/activation/jakarta.activation/1.2.2/jakarta.activation-1.2.2.jar:/Users/yassine/.m2/repository/org/springframework/data/spring-data-jpa/2.5.3/spring-data-jpa-2.5.3.jar:/Users/yassine/.m2/repository/org/springframework/data/spring-data-commons/2.5.3/spring-data-commons-2.5.3.jar:/Users/yassine/.m2/repository/org/springframework/spring-orm/5.3.9/spring-orm-5.3.9.jar:/Users/yassine/.m2/repository/org/springframework/spring-tx/5.3.9/spring-tx-5.3.9.jar:/Users/yassine/.m2/repository/org/springframework/spring-aspects/5.3.9/spring-aspects-5.3.9.jar:/Users/yassine/.m2/repository/mysql/mysql-connector-java/8.0.26/mysql-connector-java-8.0.26.jar:/Users/yassine/.m2/repository/org/springframework/boot/spring-boot-starter-security/2.5.3/spring-boot-starter-security-2.5.3.jar:/Users/yassine/.m2/repository/org/springframework/spring-aop/5.3.9/spring-aop-5.3.9.jar:/Users/yassine/.m2/repository/org/springframework/security/spring-security-config/5.5.1/spring-security-config-5.5.1.jar:/Users/yassine/.m2/repository/org/springframework/security/spring-security-core/5.5.1/spring-security-core-5.5.1.jar:/Users/yassine/.m2/repository/org/springframework/security/spring-security-crypto/5.5.1/spring-security-crypto-5.5.1.jar:/Users/yassine/.m2/repository/org/springframework/security/spring-security-web/5.5.1/spring-security-web-5.5.1.jar:/Users/yassine/.m2/repository/io/jsonwebtoken/jjwt/0.9.1/jjwt-0.9.1.jar:/Users/yassine/.m2/repository/com/fasterxml/jackson/core/jackson-databind/2.12.4/jackson-databind-2.12.4.jar:/Users/yassine/.m2/repository/com/fasterxml/jackson/core/jackson-annotations/2.12.4/jackson-annotations-2.12.4.jar:"/>
    <property name="java.vm.vendor" value="Oracle Corporation"/>
    <property name="sun.arch.data.model" value="64"/>
    <property name="java.vendor.url" value="https://java.oracle.com/"/>
    <property name="os.name" value="Mac OS X"/>
    <property name="java.vm.specification.version" value="19"/>
    <property name="sun.java.launcher" value="SUN_STANDARD"/>
    <property name="user.country" value="FR"/>
    <property name="sun.boot.library.path" value="/Library/Java/JavaVirtualMachines/jdk-19.0.1.jdk/Contents/Home/lib"/>
    <property name="sun.java.command" value="/Users/yassine/Site/room/Application/Spring/target/surefire/surefirebooter11258676711096272048.jar /Users/yassine/Site/room/Application/Spring/target/surefire 2022-12-24T22-10-27_650-jvmRun1 surefire11777680406933353860tmp surefire_011090680397768761846tmp"/>
    <property name="http.nonProxyHosts" value="local|*.local|169.254/16|*.169.254/16"/>
    <property name="jdk.debug" value="release"/>
    <property name="surefire.test.class.path" value="/Users/yassine/Site/room/Application/Spring/target/test-classes:/Users/yassine/Site/room/Application/Spring/target/classes:/Users/yassine/.m2/repository/org/springframework/boot/spring-boot-starter-web/2.5.3/spring-boot-starter-web-2.5.3.jar:/Users/yassine/.m2/repository/org/springframework/boot/spring-boot-starter/2.5.3/spring-boot-starter-2.5.3.jar:/Users/yassine/.m2/repository/org/springframework/boot/spring-boot/2.5.3/spring-boot-2.5.3.jar:/Users/yassine/.m2/repository/org/springframework/boot/spring-boot-autoconfigure/2.5.3/spring-boot-autoconfigure-2.5.3.jar:/Users/yassine/.m2/repository/org/springframework/boot/spring-boot-starter-logging/2.5.3/spring-boot-starter-logging-2.5.3.jar:/Users/yassine/.m2/repository/ch/qos/logback/logback-classic/1.2.4/logback-classic-1.2.4.jar:/Users/yassine/.m2/repository/ch/qos/logback/logback-core/1.2.4/logback-core-1.2.4.jar:/Users/yassine/.m2/repository/org/apache/logging/log4j/log4j-to-slf4j/2.14.1/log4j-to-slf4j-2.14.1.jar:/Users/yassine/.m2/repository/org/apache/logging/log4j/log4j-api/2.14.1/log4j-api-2.14.1.jar:/Users/yassine/.m2/repository/org/slf4j/jul-to-slf4j/1.7.32/jul-to-slf4j-1.7.32.jar:/Users/yassine/.m2/repository/jakarta/annotation/jakarta.annotation-api/1.3.5/jakarta.annotation-api-1.3.5.jar:/Users/yassine/.m2/repository/org/yaml/snakeyaml/1.28/snakeyaml-1.28.jar:/Users/yassine/.m2/repository/org/springframework/boot/spring-boot-starter-json/2.5.3/spring-boot-starter-json-2.5.3.jar:/Users/yassine/.m2/repository/com/fasterxml/jackson/datatype/jackson-datatype-jdk8/2.12.4/jackson-datatype-jdk8-2.12.4.jar:/Users/yassine/.m2/repository/com/fasterxml/jackson/datatype/jackson-datatype-jsr310/2.12.4/jackson-datatype-jsr310-2.12.4.jar:/Users/yassine/.m2/repository/com/fasterxml/jackson/module/jackson-module-parameter-names/2.12.4/jackson-module-parameter-names-2.12.4.jar:/Users/yassine/.m2/repository/org/springframework/boot/spring-boot-starter-tomcat/2.5.3/spring-boot-starter-tomcat-2.5.3.jar:/Users/yassine/.m2/repository/org/apache/tomcat/embed/tomcat-embed-core/9.0.50/tomcat-embed-core-9.0.50.jar:/Users/yassine/.m2/repository/org/apache/tomcat/embed/tomcat-embed-el/9.0.50/tomcat-embed-el-9.0.50.jar:/Users/yassine/.m2/repository/org/apache/tomcat/embed/tomcat-embed-websocket/9.0.50/tomcat-embed-websocket-9.0.50.jar:/Users/yassine/.m2/repository/org/springframework/spring-web/5.3.9/spring-web-5.3.9.jar:/Users/yassine/.m2/repository/org/springframework/spring-beans/5.3.9/spring-beans-5.3.9.jar:/Users/yassine/.m2/repository/org/springframework/spring-webmvc/5.3.9/spring-webmvc-5.3.9.jar:/Users/yassine/.m2/repository/org/springframework/spring-context/5.3.9/spring-context-5.3.9.jar:/Users/yassine/.m2/repository/org/springframework/spring-expression/5.3.9/spring-expression-5.3.9.jar:/Users/yassine/.m2/repository/com/h2database/h2/1.4.200/h2-1.4.200.jar:/Users/yassine/.m2/repository/org/springframework/boot/spring-boot-starter-test/2.5.3/spring-boot-starter-test-2.5.3.jar:/Users/yassine/.m2/repository/org/springframework/boot/spring-boot-test/2.5.3/spring-boot-test-2.5.3.jar:/Users/yassine/.m2/repository/org/springframework/boot/spring-boot-test-autoconfigure/2.5.3/spring-boot-test-autoconfigure-2.5.3.jar:/Users/yassine/.m2/repository/com/jayway/jsonpath/json-path/2.5.0/json-path-2.5.0.jar:/Users/yassine/.m2/repository/net/minidev/json-smart/2.4.7/json-smart-2.4.7.jar:/Users/yassine/.m2/repository/net/minidev/accessors-smart/2.4.7/accessors-smart-2.4.7.jar:/Users/yassine/.m2/repository/org/ow2/asm/asm/9.1/asm-9.1.jar:/Users/yassine/.m2/repository/org/slf4j/slf4j-api/1.7.32/slf4j-api-1.7.32.jar:/Users/yassine/.m2/repository/jakarta/xml/bind/jakarta.xml.bind-api/2.3.3/jakarta.xml.bind-api-2.3.3.jar:/Users/yassine/.m2/repository/jakarta/activation/jakarta.activation-api/1.2.2/jakarta.activation-api-1.2.2.jar:/Users/yassine/.m2/repository/org/assertj/assertj-core/3.19.0/assertj-core-3.19.0.jar:/Users/yassine/.m2/repository/org/hamcrest/hamcrest/2.2/hamcrest-2.2.jar:/Users/yassine/.m2/repository/org/junit/jupiter/junit-jupiter/5.7.2/junit-jupiter-5.7.2.jar:/Users/yassine/.m2/repository/org/junit/jupiter/junit-jupiter-api/5.7.2/junit-jupiter-api-5.7.2.jar:/Users/yassine/.m2/repository/org/apiguardian/apiguardian-api/1.1.0/apiguardian-api-1.1.0.jar:/Users/yassine/.m2/repository/org/opentest4j/opentest4j/1.2.0/opentest4j-1.2.0.jar:/Users/yassine/.m2/repository/org/junit/platform/junit-platform-commons/1.7.2/junit-platform-commons-1.7.2.jar:/Users/yassine/.m2/repository/org/junit/jupiter/junit-jupiter-params/5.7.2/junit-jupiter-params-5.7.2.jar:/Users/yassine/.m2/repository/org/junit/jupiter/junit-jupiter-engine/5.7.2/junit-jupiter-engine-5.7.2.jar:/Users/yassine/.m2/repository/org/junit/platform/junit-platform-engine/1.7.2/junit-platform-engine-1.7.2.jar:/Users/yassine/.m2/repository/org/mockito/mockito-core/3.9.0/mockito-core-3.9.0.jar:/Users/yassine/.m2/repository/net/bytebuddy/byte-buddy/1.10.22/byte-buddy-1.10.22.jar:/Users/yassine/.m2/repository/net/bytebuddy/byte-buddy-agent/1.10.22/byte-buddy-agent-1.10.22.jar:/Users/yassine/.m2/repository/org/objenesis/objenesis/3.2/objenesis-3.2.jar:/Users/yassine/.m2/repository/org/mockito/mockito-junit-jupiter/3.9.0/mockito-junit-jupiter-3.9.0.jar:/Users/yassine/.m2/repository/org/skyscreamer/jsonassert/1.5.0/jsonassert-1.5.0.jar:/Users/yassine/.m2/repository/com/vaadin/external/google/android-json/0.0.20131108.vaadin1/android-json-0.0.20131108.vaadin1.jar:/Users/yassine/.m2/repository/org/springframework/spring-core/5.3.9/spring-core-5.3.9.jar:/Users/yassine/.m2/repository/org/springframework/spring-jcl/5.3.9/spring-jcl-5.3.9.jar:/Users/yassine/.m2/repository/org/springframework/spring-test/5.3.9/spring-test-5.3.9.jar:/Users/yassine/.m2/repository/org/xmlunit/xmlunit-core/2.8.2/xmlunit-core-2.8.2.jar:/Users/yassine/.m2/repository/org/projectlombok/lombok/1.18.20/lombok-1.18.20.jar:/Users/yassine/.m2/repository/org/springdoc/springdoc-openapi-ui/1.5.10/springdoc-openapi-ui-1.5.10.jar:/Users/yassine/.m2/repository/org/springdoc/springdoc-openapi-webmvc-core/1.5.10/springdoc-openapi-webmvc-core-1.5.10.jar:/Users/yassine/.m2/repository/org/springdoc/springdoc-openapi-common/1.5.10/springdoc-openapi-common-1.5.10.jar:/Users/yassine/.m2/repository/io/swagger/core/v3/swagger-models/2.1.10/swagger-models-2.1.10.jar:/Users/yassine/.m2/repository/io/swagger/core/v3/swagger-annotations/2.1.10/swagger-annotations-2.1.10.jar:/Users/yassine/.m2/repository/io/swagger/core/v3/swagger-integration/2.1.10/swagger-integration-2.1.10.jar:/Users/yassine/.m2/repository/io/swagger/core/v3/swagger-core/2.1.10/swagger-core-2.1.10.jar:/Users/yassine/.m2/repository/com/fasterxml/jackson/dataformat/jackson-dataformat-yaml/2.12.4/jackson-dataformat-yaml-2.12.4.jar:/Users/yassine/.m2/repository/jakarta/validation/jakarta.validation-api/2.0.2/jakarta.validation-api-2.0.2.jar:/Users/yassine/.m2/repository/io/github/classgraph/classgraph/4.8.69/classgraph-4.8.69.jar:/Users/yassine/.m2/repository/org/apache/commons/commons-lang3/3.12.0/commons-lang3-3.12.0.jar:/Users/yassine/.m2/repository/org/webjars/swagger-ui/3.51.1/swagger-ui-3.51.1.jar:/Users/yassine/.m2/repository/org/webjars/webjars-locator-core/0.46/webjars-locator-core-0.46.jar:/Users/yassine/.m2/repository/com/fasterxml/jackson/core/jackson-core/2.12.4/jackson-core-2.12.4.jar:/Users/yassine/.m2/repository/org/springframework/boot/spring-boot-starter-data-jpa/2.5.3/spring-boot-starter-data-jpa-2.5.3.jar:/Users/yassine/.m2/repository/org/springframework/boot/spring-boot-starter-aop/2.5.3/spring-boot-starter-aop-2.5.3.jar:/Users/yassine/.m2/repository/org/aspectj/aspectjweaver/1.9.7/aspectjweaver-1.9.7.jar:/Users/yassine/.m2/repository/org/springframework/boot/spring-boot-starter-jdbc/2.5.3/spring-boot-starter-jdbc-2.5.3.jar:/Users/yassine/.m2/repository/com/zaxxer/HikariCP/4.0.3/HikariCP-4.0.3.jar:/Users/yassine/.m2/repository/org/springframework/spring-jdbc/5.3.9/spring-jdbc-5.3.9.jar:/Users/yassine/.m2/repository/jakarta/transaction/jakarta.transaction-api/1.3.3/jakarta.transaction-api-1.3.3.jar:/Users/yassine/.m2/repository/jakarta/persistence/jakarta.persistence-api/2.2.3/jakarta.persistence-api-2.2.3.jar:/Users/yassine/.m2/repository/org/hibernate/hibernate-core/5.4.32.Final/hibernate-core-5.4.32.Final.jar:/Users/yassine/.m2/repository/org/jboss/logging/jboss-logging/3.4.2.Final/jboss-logging-3.4.2.Final.jar:/Users/yassine/.m2/repository/org/javassist/javassist/3.27.0-GA/javassist-3.27.0-GA.jar:/Users/yassine/.m2/repository/antlr/antlr/2.7.7/antlr-2.7.7.jar:/Users/yassine/.m2/repository/org/jboss/jandex/2.2.3.Final/jandex-2.2.3.Final.jar:/Users/yassine/.m2/repository/com/fasterxml/classmate/1.5.1/classmate-1.5.1.jar:/Users/yassine/.m2/repository/org/dom4j/dom4j/2.1.3/dom4j-2.1.3.jar:/Users/yassine/.m2/repository/org/hibernate/common/hibernate-commons-annotations/5.1.2.Final/hibernate-commons-annotations-5.1.2.Final.jar:/Users/yassine/.m2/repository/org/glassfish/jaxb/jaxb-runtime/2.3.4/jaxb-runtime-2.3.4.jar:/Users/yassine/.m2/repository/org/glassfish/jaxb/txw2/2.3.4/txw2-2.3.4.jar:/Users/yassine/.m2/repository/com/sun/istack/istack-commons-runtime/3.0.12/istack-commons-runtime-3.0.12.jar:/Users/yassine/.m2/repository/com/sun/activation/jakarta.activation/1.2.2/jakarta.activation-1.2.2.jar:/Users/yassine/.m2/repository/org/springframework/data/spring-data-jpa/2.5.3/spring-data-jpa-2.5.3.jar:/Users/yassine/.m2/repository/org/springframework/data/spring-data-commons/2.5.3/spring-data-commons-2.5.3.jar:/Users/yassine/.m2/repository/org/springframework/spring-orm/5.3.9/spring-orm-5.3.9.jar:/Users/yassine/.m2/repository/org/springframework/spring-tx/5.3.9/spring-tx-5.3.9.jar:/Users/yassine/.m2/repository/org/springframework/spring-aspects/5.3.9/spring-aspects-5.3.9.jar:/Users/yassine/.m2/repository/mysql/mysql-connector-java/8.0.26/mysql-connector-java-8.0.26.jar:/Users/yassine/.m2/repository/org/springframework/boot/spring-boot-starter-security/2.5.3/spring-boot-starter-security-2.5.3.jar:/Users/yassine/.m2/repository/org/springframework/spring-aop/5.3.9/spring-aop-5.3.9.jar:/Users/yassine/.m2/repository/org/springframework/security/spring-security-config/5.5.1/spring-security-config-5.5.1.jar:/Users/yassine/.m2/repository/org/springframework/security/spring-security-core/5.5.1/spring-security-core-5.5.1.jar:/Users/yassine/.m2/repository/org/springframework/security/spring-security-crypto/5.5.1/spring-security-crypto-5.5.1.jar:/Users/yassine/.m2/repository/org/springframework/security/spring-security-web/5.5.1/spring-security-web-5.5.1.jar:/Users/yassine/.m2/repository/io/jsonwebtoken/jjwt/0.9.1/jjwt-0.9.1.jar:/Users/yassine/.m2/repository/com/fasterxml/jackson/core/jackson-databind/2.12.4/jackson-databind-2.12.4.jar:/Users/yassine/.m2/repository/com/fasterxml/jackson/core/jackson-annotations/2.12.4/jackson-annotations-2.12.4.jar:"/>
    <property name="sun.cpu.endian" value="little"/>
    <property name="user.home" value="/Users/yassine"/>
    <property name="user.language" value="fr"/>
    <property name="java.specification.vendor" value="Oracle Corporation"/>
    <property name="java.version.date" value="2022-10-18"/>
    <property name="java.home" value="/Library/Java/JavaVirtualMachines/jdk-19.0.1.jdk/Contents/Home"/>
    <property name="file.separator" value="/"/>
    <property name="basedir" value="/Users/yassine/Site/room/Application/Spring"/>
    <property name="java.vm.compressedOopsMode" value="Zero based"/>
    <property name="line.separator" value="&#10;"/>
    <property name="java.vm.specification.vendor" value="Oracle Corporation"/>
    <property name="java.specification.name" value="Java Platform API Specification"/>
    <property name="apple.awt.application.name" value="ForkedBooter"/>
    <property name="surefire.real.class.path" value="/Users/yassine/Site/room/Application/Spring/target/surefire/surefirebooter11258676711096272048.jar"/>
    <property name="sun.management.compiler" value="HotSpot 64-Bit Tiered Compilers"/>
    <property name="ftp.nonProxyHosts" value="local|*.local|169.254/16|*.169.254/16"/>
    <property name="java.runtime.version" value="19.0.1+10-21"/>
    <property name="user.name" value="yassine"/>
    <property name="stdout.encoding" value="UTF-8"/>
    <property name="path.separator" value=":"/>
    <property name="os.version" value="13.0.1"/>
    <property name="java.runtime.name" value="OpenJDK Runtime Environment"/>
    <property name="file.encoding" value="UTF-8"/>
    <property name="java.vm.name" value="OpenJDK 64-Bit Server VM"/>
    <property name="localRepository" value="/Users/yassine/.m2/repository"/>
    <property name="java.vendor.url.bug" value="https://bugreport.java.com/bugreport/"/>
    <property name="java.io.tmpdir" value="/var/folders/w4/1yk3zctd0zdcqbjw9wbvnrtr0000gn/T/"/>
    <property name="java.version" value="19.0.1"/>
    <property name="user.dir" value="/Users/yassine/Site/room/Application/Spring"/>
    <property name="os.arch" value="x86_64"/>
    <property name="java.vm.specification.name" value="Java Virtual Machine Specification"/>
    <property name="native.encoding" value="UTF-8"/>
    <property name="java.library.path" value="/Users/yassine/Library/Java/Extensions:/Library/Java/Extensions:/Network/Library/Java/Extensions:/System/Library/Java/Extensions:/usr/lib/java:."/>
    <property name="java.vm.info" value="mixed mode, sharing"/>
    <property name="stderr.encoding" value="UTF-8"/>
    <property name="java.vendor" value="Oracle Corporation"/>
    <property name="java.vm.version" value="19.0.1+10-21"/>
    <property name="sun.io.unicode.encoding" value="UnicodeBig"/>
    <property name="socksNonProxyHosts" value="local|*.local|169.254/16|*.169.254/16"/>
    <property name="java.class.version" value="63.0"/>
  </properties>
  <testcase name="contextLoads" classname="com.spring.demo.SpringbootDemoH2ApplicationTests" time="0.003">
    <error message="Failed to load ApplicationContext" type="java.lang.IllegalStateException">java.lang.IllegalStateException: Failed to load ApplicationContext
Caused by: org.springframework.beans.factory.BeanCreationException: Error creating bean with name 'entityManagerFactory' defined in class path resource [org/springframework/boot/autoconfigure/orm/jpa/HibernateJpaConfiguration.class]: Invocation of init method failed; nested exception is javax.persistence.PersistenceException: [PersistenceUnit: default] Unable to build Hibernate SessionFactory; nested exception is org.hibernate.exception.JDBCConnectionException: Unable to open JDBC Connection for DDL execution
Caused by: javax.persistence.PersistenceException: [PersistenceUnit: default] Unable to build Hibernate SessionFactory; nested exception is org.hibernate.exception.JDBCConnectionException: Unable to open JDBC Connection for DDL execution
Caused by: org.hibernate.exception.JDBCConnectionException: Unable to open JDBC Connection for DDL execution
Caused by: java.sql.SQLNonTransientConnectionException: Could not create connection to database server. Attempted reconnect 3 times. Giving up.
Caused by: com.mysql.cj.exceptions.CJCommunicationsException: 
Communications link failure

The last packet sent successfully to the server was 0 milliseconds ago. The driver has not received any packets from the server.
Caused by: java.net.UnknownHostException: mysqldb
</error>
    <system-out><![CDATA[22:10:28.723 [main] DEBUG org.springframework.test.context.BootstrapUtils - Instantiating CacheAwareContextLoaderDelegate from class [org.springframework.test.context.cache.DefaultCacheAwareContextLoaderDelegate]
22:10:28.743 [main] DEBUG org.springframework.test.context.BootstrapUtils - Instantiating BootstrapContext using constructor [public org.springframework.test.context.support.DefaultBootstrapContext(java.lang.Class,org.springframework.test.context.CacheAwareContextLoaderDelegate)]
22:10:28.798 [main] DEBUG org.springframework.test.context.BootstrapUtils - Instantiating TestContextBootstrapper for test class [com.spring.demo.SpringbootDemoH2ApplicationTests] from class [org.springframework.boot.test.context.SpringBootTestContextBootstrapper]
22:10:28.816 [main] INFO org.springframework.boot.test.context.SpringBootTestContextBootstrapper - Neither @ContextConfiguration nor @ContextHierarchy found for test class [com.spring.demo.SpringbootDemoH2ApplicationTests], using SpringBootContextLoader
22:10:28.820 [main] DEBUG org.springframework.test.context.support.AbstractContextLoader - Did not detect default resource location for test class [com.spring.demo.SpringbootDemoH2ApplicationTests]: class path resource [com/spring/demo/SpringbootDemoH2ApplicationTests-context.xml] does not exist
22:10:28.820 [main] DEBUG org.springframework.test.context.support.AbstractContextLoader - Did not detect default resource location for test class [com.spring.demo.SpringbootDemoH2ApplicationTests]: class path resource [com/spring/demo/SpringbootDemoH2ApplicationTestsContext.groovy] does not exist
22:10:28.820 [main] INFO org.springframework.test.context.support.AbstractContextLoader - Could not detect default resource locations for test class [com.spring.demo.SpringbootDemoH2ApplicationTests]: no resource found for suffixes {-context.xml, Context.groovy}.
22:10:28.821 [main] INFO org.springframework.test.context.support.AnnotationConfigContextLoaderUtils - Could not detect default configuration classes for test class [com.spring.demo.SpringbootDemoH2ApplicationTests]: SpringbootDemoH2ApplicationTests does not declare any static, non-private, non-final, nested classes annotated with @Configuration.
22:10:28.869 [main] DEBUG org.springframework.test.context.support.ActiveProfilesUtils - Could not find an 'annotation declaring class' for annotation type [org.springframework.test.context.ActiveProfiles] and class [com.spring.demo.SpringbootDemoH2ApplicationTests]
22:10:28.940 [main] DEBUG org.springframework.context.annotation.ClassPathScanningCandidateComponentProvider - Identified candidate component class: file [/Users/yassine/Site/room/Application/Spring/target/classes/com/spring/SpringbootDemoH2Application.class]
22:10:28.941 [main] INFO org.springframework.boot.test.context.SpringBootTestContextBootstrapper - Found @SpringBootConfiguration com.spring.SpringbootDemoH2Application for test class com.spring.demo.SpringbootDemoH2ApplicationTests
22:10:29.028 [main] DEBUG org.springframework.boot.test.context.SpringBootTestContextBootstrapper - @TestExecutionListeners is not present for class [com.spring.demo.SpringbootDemoH2ApplicationTests]: using defaults.
22:10:29.028 [main] INFO org.springframework.boot.test.context.SpringBootTestContextBootstrapper - Loaded default TestExecutionListener class names from location [META-INF/spring.factories]: [org.springframework.boot.test.mock.mockito.MockitoTestExecutionListener, org.springframework.boot.test.mock.mockito.ResetMocksTestExecutionListener, org.springframework.boot.test.autoconfigure.restdocs.RestDocsTestExecutionListener, org.springframework.boot.test.autoconfigure.web.client.MockRestServiceServerResetTestExecutionListener, org.springframework.boot.test.autoconfigure.web.servlet.MockMvcPrintOnlyOnFailureTestExecutionListener, org.springframework.boot.test.autoconfigure.web.servlet.WebDriverTestExecutionListener, org.springframework.boot.test.autoconfigure.webservices.client.MockWebServiceServerTestExecutionListener, org.springframework.test.context.web.ServletTestExecutionListener, org.springframework.test.context.support.DirtiesContextBeforeModesTestExecutionListener, org.springframework.test.context.event.ApplicationEventsTestExecutionListener, org.springframework.test.context.support.DependencyInjectionTestExecutionListener, org.springframework.test.context.support.DirtiesContextTestExecutionListener, org.springframework.test.context.transaction.TransactionalTestExecutionListener, org.springframework.test.context.jdbc.SqlScriptsTestExecutionListener, org.springframework.test.context.event.EventPublishingTestExecutionListener]
22:10:29.048 [main] INFO org.springframework.boot.test.context.SpringBootTestContextBootstrapper - Using TestExecutionListeners: [org.springframework.test.context.web.ServletTestExecutionListener@2a225dd7, org.springframework.test.context.support.DirtiesContextBeforeModesTestExecutionListener@61eaec38, org.springframework.test.context.event.ApplicationEventsTestExecutionListener@125290e5, org.springframework.boot.test.mock.mockito.MockitoTestExecutionListener@6fa34d52, org.springframework.boot.test.autoconfigure.SpringBootDependencyInjectionTestExecutionListener@57576994, org.springframework.test.context.support.DirtiesContextTestExecutionListener@616ac46a, org.springframework.test.context.transaction.TransactionalTestExecutionListener@67b9b51a, org.springframework.test.context.jdbc.SqlScriptsTestExecutionListener@1205bd62, org.springframework.test.context.event.EventPublishingTestExecutionListener@7ef27d7f, org.springframework.boot.test.mock.mockito.ResetMocksTestExecutionListener@490caf5f, org.springframework.boot.test.autoconfigure.restdocs.RestDocsTestExecutionListener@6337c201, org.springframework.boot.test.autoconfigure.web.client.MockRestServiceServerResetTestExecutionListener@5c669da8, org.springframework.boot.test.autoconfigure.web.servlet.MockMvcPrintOnlyOnFailureTestExecutionListener@31920ade, org.springframework.boot.test.autoconfigure.web.servlet.WebDriverTestExecutionListener@1d483de4, org.springframework.boot.test.autoconfigure.webservices.client.MockWebServiceServerTestExecutionListener@4032d386]
22:10:29.051 [main] DEBUG org.springframework.test.context.support.AbstractDirtiesContextTestExecutionListener - Before test class: context [DefaultTestContext@df6620a testClass = SpringbootDemoH2ApplicationTests, testInstance = [null], testMethod = [null], testException = [null], mergedContextConfiguration = [WebMergedContextConfiguration@4e31276e testClass = SpringbootDemoH2ApplicationTests, locations = '{}', classes = '{class com.spring.SpringbootDemoH2Application}', contextInitializerClasses = '[]', activeProfiles = '{}', propertySourceLocations = '{}', propertySourceProperties = '{org.springframework.boot.test.context.SpringBootTestContextBootstrapper=true}', contextCustomizers = set[org.springframework.boot.test.context.filter.ExcludeFilterContextCustomizer@37883b97, org.springframework.boot.test.json.DuplicateJsonObjectContextCustomizerFactory$DuplicateJsonObjectContextCustomizer@77f80c04, org.springframework.boot.test.mock.mockito.MockitoContextCustomizer@0, org.springframework.boot.test.web.client.TestRestTemplateContextCustomizer@6a2b953e, org.springframework.boot.test.autoconfigure.actuate.metrics.MetricsExportContextCustomizerFactory$DisableMetricExportContextCustomizer@57250572, org.springframework.boot.test.autoconfigure.properties.PropertyMappingContextCustomizer@0, org.springframework.boot.test.autoconfigure.web.servlet.WebDriverContextCustomizerFactory$Customizer@11c9af63, org.springframework.boot.test.context.SpringBootTestArgs@1, org.springframework.boot.test.context.SpringBootTestWebEnvironment@eec5a4a], resourceBasePath = 'src/main/webapp', contextLoader = 'org.springframework.boot.test.context.SpringBootContextLoader', parent = [null]], attributes = map['org.springframework.test.context.web.ServletTestExecutionListener.activateListener' -> true]], class annotated with @DirtiesContext [false] with mode [null].
22:10:29.092 [main] DEBUG org.springframework.test.context.support.TestPropertySourceUtils - Adding inlined properties to environment: {spring.jmx.enabled=false, org.springframework.boot.test.context.SpringBootTestContextBootstrapper=true}
2022-12-24 22:10:29.349 TRACE 25502 --- [           main] o.s.c.e.PropertySourcesPropertyResolver  : Searching for key 'logging.register-shutdown-hook' in PropertySource 'configurationProperties'
2022-12-24 22:10:29.350 TRACE 25502 --- [           main] o.s.c.e.PropertySourcesPropertyResolver  : Searching for key 'logging.register-shutdown-hook' in PropertySource 'Inlined Test Properties'
2022-12-24 22:10:29.350 TRACE 25502 --- [           main] o.s.c.e.PropertySourcesPropertyResolver  : Searching for key 'logging.register-shutdown-hook' in PropertySource 'systemProperties'
2022-12-24 22:10:29.350 TRACE 25502 --- [           main] o.s.c.e.PropertySourcesPropertyResolver  : Searching for key 'logging.register-shutdown-hook' in PropertySource 'systemEnvironment'
2022-12-24 22:10:29.350 TRACE 25502 --- [           main] o.s.c.e.PropertySourcesPropertyResolver  : Searching for key 'logging.register-shutdown-hook' in PropertySource 'random'
2022-12-24 22:10:29.350 TRACE 25502 --- [           main] o.s.c.e.PropertySourcesPropertyResolver  : Searching for key 'logging.register-shutdown-hook' in PropertySource 'Config resource 'class path resource [application.properties]' via location 'optional:classpath:/''
2022-12-24 22:10:29.350 TRACE 25502 --- [           main] o.s.c.e.PropertySourcesPropertyResolver  : Could not find key 'logging.register-shutdown-hook' in any property source
2022-12-24 22:10:29.352 TRACE 25502 --- [           main] o.s.c.e.PropertySourcesPropertyResolver  : Searching for key 'context.listener.classes' in PropertySource 'configurationProperties'
2022-12-24 22:10:29.352 TRACE 25502 --- [           main] o.s.c.e.PropertySourcesPropertyResolver  : Searching for key 'context.listener.classes' in PropertySource 'Inlined Test Properties'
2022-12-24 22:10:29.352 TRACE 25502 --- [           main] o.s.c.e.PropertySourcesPropertyResolver  : Searching for key 'context.listener.classes' in PropertySource 'systemProperties'
2022-12-24 22:10:29.352 TRACE 25502 --- [           main] o.s.c.e.PropertySourcesPropertyResolver  : Searching for key 'context.listener.classes' in PropertySource 'systemEnvironment'
2022-12-24 22:10:29.352 TRACE 25502 --- [           main] o.s.c.e.PropertySourcesPropertyResolver  : Searching for key 'context.listener.classes' in PropertySource 'random'
2022-12-24 22:10:29.352 TRACE 25502 --- [           main] o.s.c.e.PropertySourcesPropertyResolver  : Searching for key 'context.listener.classes' in PropertySource 'Config resource 'class path resource [application.properties]' via location 'optional:classpath:/''
2022-12-24 22:10:29.353 TRACE 25502 --- [           main] o.s.c.e.PropertySourcesPropertyResolver  : Could not find key 'context.listener.classes' in any property source
2022-12-24 22:10:29.353 TRACE 25502 --- [           main] o.s.c.e.PropertySourcesPropertyResolver  : Searching for key 'spring.mandatory-file-encoding' in PropertySource 'configurationProperties'
2022-12-24 22:10:29.353 TRACE 25502 --- [           main] o.s.c.e.PropertySourcesPropertyResolver  : Searching for key 'spring.mandatory-file-encoding' in PropertySource 'Inlined Test Properties'
2022-12-24 22:10:29.353 TRACE 25502 --- [           main] o.s.c.e.PropertySourcesPropertyResolver  : Searching for key 'spring.mandatory-file-encoding' in PropertySource 'systemProperties'
2022-12-24 22:10:29.353 TRACE 25502 --- [           main] o.s.c.e.PropertySourcesPropertyResolver  : Searching for key 'spring.mandatory-file-encoding' in PropertySource 'systemEnvironment'
2022-12-24 22:10:29.354 TRACE 25502 --- [           main] o.s.c.e.PropertySourcesPropertyResolver  : Searching for key 'spring.mandatory-file-encoding' in PropertySource 'random'
2022-12-24 22:10:29.354 TRACE 25502 --- [           main] o.s.c.e.PropertySourcesPropertyResolver  : Searching for key 'spring.mandatory-file-encoding' in PropertySource 'Config resource 'class path resource [application.properties]' via location 'optional:classpath:/''
2022-12-24 22:10:29.354 TRACE 25502 --- [           main] o.s.c.e.PropertySourcesPropertyResolver  : Could not find key 'spring.mandatory-file-encoding' in any property source
2022-12-24 22:10:29.356 TRACE 25502 --- [           main] o.s.c.e.PropertySourcesPropertyResolver  : Searching for key 'spring.beaninfo.ignore' in PropertySource 'configurationProperties'
2022-12-24 22:10:29.357 TRACE 25502 --- [           main] o.s.c.e.PropertySourcesPropertyResolver  : Searching for key 'spring.beaninfo.ignore' in PropertySource 'Inlined Test Properties'
2022-12-24 22:10:29.358 TRACE 25502 --- [           main] o.s.c.e.PropertySourcesPropertyResolver  : Searching for key 'spring.beaninfo.ignore' in PropertySource 'systemProperties'
2022-12-24 22:10:29.358 TRACE 25502 --- [           main] o.s.c.e.PropertySourcesPropertyResolver  : Searching for key 'spring.beaninfo.ignore' in PropertySource 'systemEnvironment'
2022-12-24 22:10:29.358 TRACE 25502 --- [           main] o.s.c.e.PropertySourcesPropertyResolver  : Searching for key 'spring.beaninfo.ignore' in PropertySource 'random'
2022-12-24 22:10:29.358 TRACE 25502 --- [           main] o.s.c.e.PropertySourcesPropertyResolver  : Searching for key 'spring.beaninfo.ignore' in PropertySource 'Config resource 'class path resource [application.properties]' via location 'optional:classpath:/''
2022-12-24 22:10:29.358 TRACE 25502 --- [           main] o.s.c.e.PropertySourcesPropertyResolver  : Could not find key 'spring.beaninfo.ignore' in any property source
2022-12-24 22:10:29.360 TRACE 25502 --- [           main] o.s.c.e.PropertySourcesPropertyResolver  : Searching for key 'spring.banner.image.location' in PropertySource 'configurationProperties'
2022-12-24 22:10:29.361 TRACE 25502 --- [           main] o.s.c.e.PropertySourcesPropertyResolver  : Searching for key 'spring.banner.image.location' in PropertySource 'Inlined Test Properties'
2022-12-24 22:10:29.361 TRACE 25502 --- [           main] o.s.c.e.PropertySourcesPropertyResolver  : Searching for key 'spring.banner.image.location' in PropertySource 'systemProperties'
2022-12-24 22:10:29.361 TRACE 25502 --- [           main] o.s.c.e.PropertySourcesPropertyResolver  : Searching for key 'spring.banner.image.location' in PropertySource 'systemEnvironment'
2022-12-24 22:10:29.361 TRACE 25502 --- [           main] o.s.c.e.PropertySourcesPropertyResolver  : Searching for key 'spring.banner.image.location' in PropertySource 'random'
2022-12-24 22:10:29.362 TRACE 25502 --- [           main] o.s.c.e.PropertySourcesPropertyResolver  : Searching for key 'spring.banner.image.location' in PropertySource 'Config resource 'class path resource [application.properties]' via location 'optional:classpath:/''
2022-12-24 22:10:29.362 TRACE 25502 --- [           main] o.s.c.e.PropertySourcesPropertyResolver  : Could not find key 'spring.banner.image.location' in any property source
2022-12-24 22:10:29.364 TRACE 25502 --- [           main] o.s.c.e.PropertySourcesPropertyResolver  : Searching for key 'spring.banner.location' in PropertySource 'configurationProperties'
2022-12-24 22:10:29.364 TRACE 25502 --- [           main] o.s.c.e.PropertySourcesPropertyResolver  : Searching for key 'spring.banner.location' in PropertySource 'Inlined Test Properties'
2022-12-24 22:10:29.364 TRACE 25502 --- [           main] o.s.c.e.PropertySourcesPropertyResolver  : Searching for key 'spring.banner.location' in PropertySource 'systemProperties'
2022-12-24 22:10:29.364 TRACE 25502 --- [           main] o.s.c.e.PropertySourcesPropertyResolver  : Searching for key 'spring.banner.location' in PropertySource 'systemEnvironment'
2022-12-24 22:10:29.364 TRACE 25502 --- [           main] o.s.c.e.PropertySourcesPropertyResolver  : Searching for key 'spring.banner.location' in PropertySource 'random'
2022-12-24 22:10:29.364 TRACE 25502 --- [           main] o.s.c.e.PropertySourcesPropertyResolver  : Searching for key 'spring.banner.location' in PropertySource 'Config resource 'class path resource [application.properties]' via location 'optional:classpath:/''
2022-12-24 22:10:29.364 TRACE 25502 --- [           main] o.s.c.e.PropertySourcesPropertyResolver  : Could not find key 'spring.banner.location' in any property source

  .   ____          _            __ _ _
 /\\ / ___'_ __ _ _(_)_ __  __ _ \ \ \ \
( ( )\___ | '_ | '_| | '_ \/ _` | \ \ \ \
 \\/  ___)| |_)| | | | | || (_| |  ) ) ) )
  '  |____| .__|_| |_|_| |_\__, | / / / /
 =========|_|==============|___/=/_/_/_/
 :: Spring Boot ::                (v2.5.3)

2022-12-24 22:10:29.396 TRACE 25502 --- [           main] o.s.c.e.PropertySourcesPropertyResolver  : Searching for key 'context.initializer.classes' in PropertySource 'configurationProperties'
2022-12-24 22:10:29.396 TRACE 25502 --- [           main] o.s.c.e.PropertySourcesPropertyResolver  : Searching for key 'context.initializer.classes' in PropertySource 'Inlined Test Properties'
2022-12-24 22:10:29.396 TRACE 25502 --- [           main] o.s.c.e.PropertySourcesPropertyResolver  : Searching for key 'context.initializer.classes' in PropertySource 'systemProperties'
2022-12-24 22:10:29.396 TRACE 25502 --- [           main] o.s.c.e.PropertySourcesPropertyResolver  : Searching for key 'context.initializer.classes' in PropertySource 'systemEnvironment'
2022-12-24 22:10:29.397 TRACE 25502 --- [           main] o.s.c.e.PropertySourcesPropertyResolver  : Searching for key 'context.initializer.classes' in PropertySource 'random'
2022-12-24 22:10:29.397 TRACE 25502 --- [           main] o.s.c.e.PropertySourcesPropertyResolver  : Searching for key 'context.initializer.classes' in PropertySource 'Config resource 'class path resource [application.properties]' via location 'optional:classpath:/''
2022-12-24 22:10:29.397 TRACE 25502 --- [           main] o.s.c.e.PropertySourcesPropertyResolver  : Could not find key 'context.initializer.classes' in any property source
2022-12-24 22:10:29.398 TRACE 25502 --- [           main] o.s.c.e.PropertySourcesPropertyResolver  : Searching for key 'spring.application.name' in PropertySource 'configurationProperties'
2022-12-24 22:10:29.399 DEBUG 25502 --- [           main] o.s.c.e.PropertySourcesPropertyResolver  : Found key 'spring.application.name' in PropertySource 'configurationProperties' with value of type String
2022-12-24 22:10:29.417  INFO 25502 --- [           main] c.s.d.SpringbootDemoH2ApplicationTests   : Starting SpringbootDemoH2ApplicationTests using Java 19.0.1 on Wrath with PID 25502 (started by yassine in /Users/yassine/Site/room/Application/Spring)
2022-12-24 22:10:29.418 DEBUG 25502 --- [           main] c.s.d.SpringbootDemoH2ApplicationTests   : Running with Spring Boot v2.5.3, Spring v5.3.9
2022-12-24 22:10:29.418 TRACE 25502 --- [           main] o.s.c.e.PropertySourcesPropertyResolver  : Searching for key 'spring.profiles.active' in PropertySource 'configurationProperties'
2022-12-24 22:10:29.419 TRACE 25502 --- [           main] o.s.c.e.PropertySourcesPropertyResolver  : Searching for key 'spring.profiles.active' in PropertySource 'test'
2022-12-24 22:10:29.419 TRACE 25502 --- [           main] o.s.c.e.PropertySourcesPropertyResolver  : Searching for key 'spring.profiles.active' in PropertySource 'Inlined Test Properties'
2022-12-24 22:10:29.420 TRACE 25502 --- [           main] o.s.c.e.PropertySourcesPropertyResolver  : Searching for key 'spring.profiles.active' in PropertySource 'systemProperties'
2022-12-24 22:10:29.420 TRACE 25502 --- [           main] o.s.c.e.PropertySourcesPropertyResolver  : Searching for key 'spring.profiles.active' in PropertySource 'systemEnvironment'
2022-12-24 22:10:29.420 TRACE 25502 --- [           main] o.s.c.e.PropertySourcesPropertyResolver  : Searching for key 'spring.profiles.active' in PropertySource 'random'
2022-12-24 22:10:29.420 TRACE 25502 --- [           main] o.s.c.e.PropertySourcesPropertyResolver  : Searching for key 'spring.profiles.active' in PropertySource 'Config resource 'class path resource [application.properties]' via location 'optional:classpath:/''
2022-12-24 22:10:29.420 TRACE 25502 --- [           main] o.s.c.e.PropertySourcesPropertyResolver  : Could not find key 'spring.profiles.active' in any property source
2022-12-24 22:10:29.420 TRACE 25502 --- [           main] o.s.c.e.PropertySourcesPropertyResolver  : Searching for key 'spring.profiles.default' in PropertySource 'configurationProperties'
2022-12-24 22:10:29.420 TRACE 25502 --- [           main] o.s.c.e.PropertySourcesPropertyResolver  : Searching for key 'spring.profiles.default' in PropertySource 'test'
2022-12-24 22:10:29.421 TRACE 25502 --- [           main] o.s.c.e.PropertySourcesPropertyResolver  : Searching for key 'spring.profiles.default' in PropertySource 'Inlined Test Properties'
2022-12-24 22:10:29.421 TRACE 25502 --- [           main] o.s.c.e.PropertySourcesPropertyResolver  : Searching for key 'spring.profiles.default' in PropertySource 'systemProperties'
2022-12-24 22:10:29.421 TRACE 25502 --- [           main] o.s.c.e.PropertySourcesPropertyResolver  : Searching for key 'spring.profiles.default' in PropertySource 'systemEnvironment'
2022-12-24 22:10:29.421 TRACE 25502 --- [           main] o.s.c.e.PropertySourcesPropertyResolver  : Searching for key 'spring.profiles.default' in PropertySource 'random'
2022-12-24 22:10:29.421 TRACE 25502 --- [           main] o.s.c.e.PropertySourcesPropertyResolver  : Searching for key 'spring.profiles.default' in PropertySource 'Config resource 'class path resource [application.properties]' via location 'optional:classpath:/''
2022-12-24 22:10:29.422 TRACE 25502 --- [           main] o.s.c.e.PropertySourcesPropertyResolver  : Could not find key 'spring.profiles.default' in any property source
2022-12-24 22:10:29.422  INFO 25502 --- [           main] c.s.d.SpringbootDemoH2ApplicationTests   : No active profile set, falling back to default profiles: default
2022-12-24 22:10:29.422 DEBUG 25502 --- [           main] o.s.boot.SpringApplication               : Loading source class com.spring.SpringbootDemoH2Application
2022-12-24 22:10:29.442 TRACE 25502 --- [           main] o.s.c.a.ClassPathBeanDefinitionScanner   : JSR-250 'javax.annotation.ManagedBean' found and supported for component scanning
2022-12-24 22:10:29.458 DEBUG 25502 --- [           main] o.s.w.c.s.GenericWebApplicationContext   : Refreshing org.springframework.web.context.support.GenericWebApplicationContext@2e54db99
2022-12-24 22:10:29.467 TRACE 25502 --- [           main] o.s.b.f.s.DefaultListableBeanFactory     : Registering scope 'request' with implementation [org.springframework.web.context.request.RequestScope@53499d85]
2022-12-24 22:10:29.468 TRACE 25502 --- [           main] o.s.b.f.s.DefaultListableBeanFactory     : Registering scope 'session' with implementation [org.springframework.web.context.request.SessionScope@59fc684e]
2022-12-24 22:10:29.468 TRACE 25502 --- [           main] o.s.b.f.s.DefaultListableBeanFactory     : Registering scope 'application' with implementation [org.springframework.web.context.support.ServletContextScope@1133ec6e]
2022-12-24 22:10:29.486 DEBUG 25502 --- [           main] o.s.b.f.s.DefaultListableBeanFactory     : Creating shared instance of singleton bean 'org.springframework.context.annotation.internalConfigurationAnnotationProcessor'
2022-12-24 22:10:29.487 TRACE 25502 --- [           main] o.s.b.f.s.DefaultListableBeanFactory     : Creating instance of bean 'org.springframework.context.annotation.internalConfigurationAnnotationProcessor'
2022-12-24 22:10:29.494 TRACE 25502 --- [           main] o.s.b.f.s.DefaultListableBeanFactory     : Eagerly caching bean 'org.springframework.context.annotation.internalConfigurationAnnotationProcessor' to allow for resolving potential circular references
2022-12-24 22:10:29.506 DEBUG 25502 --- [           main] o.s.b.f.s.DefaultListableBeanFactory     : Creating shared instance of singleton bean 'org.springframework.boot.autoconfigure.internalCachingMetadataReaderFactory'
2022-12-24 22:10:29.506 TRACE 25502 --- [           main] o.s.b.f.s.DefaultListableBeanFactory     : Creating instance of bean 'org.springframework.boot.autoconfigure.internalCachingMetadataReaderFactory'
2022-12-24 22:10:29.506 TRACE 25502 --- [           main] o.s.b.f.s.DefaultListableBeanFactory     : Eagerly caching bean 'org.springframework.boot.autoconfigure.internalCachingMetadataReaderFactory' to allow for resolving potential circular references
2022-12-24 22:10:29.509 TRACE 25502 --- [           main] o.s.b.f.s.DefaultListableBeanFactory     : Finished creating instance of bean 'org.springframework.boot.autoconfigure.internalCachingMetadataReaderFactory'
2022-12-24 22:10:29.512 TRACE 25502 --- [           main] o.s.c.io.support.SpringFactoriesLoader   : Loaded [org.springframework.beans.BeanInfoFactory] names: [org.springframework.beans.ExtendedBeanInfoFactory]
2022-12-24 22:10:29.513 TRACE 25502 --- [           main] o.s.beans.CachedIntrospectionResults     : Getting BeanInfo for class [org.springframework.context.annotation.ConfigurationClassPostProcessor]
2022-12-24 22:10:29.521 TRACE 25502 --- [           main] o.s.beans.CachedIntrospectionResults     : Caching PropertyDescriptors for class [org.springframework.context.annotation.ConfigurationClassPostProcessor]
2022-12-24 22:10:29.521 TRACE 25502 --- [           main] o.s.beans.CachedIntrospectionResults     : Found bean property 'applicationStartup' of type [org.springframework.core.metrics.ApplicationStartup]
2022-12-24 22:10:29.521 TRACE 25502 --- [           main] o.s.beans.CachedIntrospectionResults     : Found bean property 'beanClassLoader' of type [java.lang.ClassLoader]
2022-12-24 22:10:29.522 TRACE 25502 --- [           main] o.s.beans.CachedIntrospectionResults     : Found bean property 'beanNameGenerator' of type [org.springframework.beans.factory.support.BeanNameGenerator]
2022-12-24 22:10:29.522 TRACE 25502 --- [           main] o.s.beans.CachedIntrospectionResults     : Found bean property 'class' of type [java.lang.Class]
2022-12-24 22:10:29.522 TRACE 25502 --- [           main] o.s.beans.CachedIntrospectionResults     : Found bean property 'environment' of type [org.springframework.core.env.Environment]
2022-12-24 22:10:29.522 TRACE 25502 --- [           main] o.s.beans.CachedIntrospectionResults     : Found bean property 'metadataReaderFactory' of type [org.springframework.core.type.classreading.MetadataReaderFactory]
2022-12-24 22:10:29.522 TRACE 25502 --- [           main] o.s.beans.CachedIntrospectionResults     : Found bean property 'order' of type [int]
2022-12-24 22:10:29.523 TRACE 25502 --- [           main] o.s.beans.CachedIntrospectionResults     : Found bean property 'problemReporter' of type [org.springframework.beans.factory.parsing.ProblemReporter]
2022-12-24 22:10:29.523 TRACE 25502 --- [           main] o.s.beans.CachedIntrospectionResults     : Found bean property 'resourceLoader' of type [org.springframework.core.io.ResourceLoader]
2022-12-24 22:10:29.523 TRACE 25502 --- [           main] o.s.beans.CachedIntrospectionResults     : Found bean property 'sourceExtractor' of type [org.springframework.beans.factory.parsing.SourceExtractor]
2022-12-24 22:10:29.532 TRACE 25502 --- [           main] o.s.b.f.s.DefaultListableBeanFactory     : Finished creating instance of bean 'org.springframework.context.annotation.internalConfigurationAnnotationProcessor'
2022-12-24 22:10:29.542 TRACE 25502 --- [           main] o.s.c.a.ClassPathBeanDefinitionScanner   : JSR-250 'javax.annotation.ManagedBean' found and supported for component scanning
2022-12-24 22:10:29.545 TRACE 25502 --- [           main] .i.s.PathMatchingResourcePatternResolver : Resolved classpath location [com/spring/] to resources [URL [file:/Users/yassine/Site/room/Application/Spring/target/test-classes/com/spring/], URL [file:/Users/yassine/Site/room/Application/Spring/target/classes/com/spring/]]
2022-12-24 22:10:29.545 TRACE 25502 --- [           main] .i.s.PathMatchingResourcePatternResolver : Looking for matching resources in directory tree [/Users/yassine/Site/room/Application/Spring/target/test-classes/com/spring]
2022-12-24 22:10:29.546 TRACE 25502 --- [           main] .i.s.PathMatchingResourcePatternResolver : Searching directory [/Users/yassine/Site/room/Application/Spring/target/test-classes/com/spring] for files matching pattern [/Users/yassine/Site/room/Application/Spring/target/test-classes/com/spring/**/*.class]
2022-12-24 22:10:29.546 TRACE 25502 --- [           main] .i.s.PathMatchingResourcePatternResolver : Searching directory [/Users/yassine/Site/room/Application/Spring/target/test-classes/com/spring/demo] for files matching pattern [/Users/yassine/Site/room/Application/Spring/target/test-classes/com/spring/**/*.class]
2022-12-24 22:10:29.547 TRACE 25502 --- [           main] .i.s.PathMatchingResourcePatternResolver : Looking for matching resources in directory tree [/Users/yassine/Site/room/Application/Spring/target/classes/com/spring]
2022-12-24 22:10:29.547 TRACE 25502 --- [           main] .i.s.PathMatchingResourcePatternResolver : Searching directory [/Users/yassine/Site/room/Application/Spring/target/classes/com/spring] for files matching pattern [/Users/yassine/Site/room/Application/Spring/target/classes/com/spring/**/*.class]
2022-12-24 22:10:29.547 TRACE 25502 --- [           main] .i.s.PathMatchingResourcePatternResolver : Searching directory [/Users/yassine/Site/room/Application/Spring/target/classes/com/spring/config] for files matching pattern [/Users/yassine/Site/room/Application/Spring/target/classes/com/spring/**/*.class]
2022-12-24 22:10:29.548 TRACE 25502 --- [           main] .i.s.PathMatchingResourcePatternResolver : Searching directory [/Users/yassine/Site/room/Application/Spring/target/classes/com/spring/controller] for files matching pattern [/Users/yassine/Site/room/Application/Spring/target/classes/com/spring/**/*.class]
2022-12-24 22:10:29.548 TRACE 25502 --- [           main] .i.s.PathMatchingResourcePatternResolver : Searching directory [/Users/yassine/Site/room/Application/Spring/target/classes/com/spring/controller/api] for files matching pattern [/Users/yassine/Site/room/Application/Spring/target/classes/com/spring/**/*.class]
2022-12-24 22:10:29.549 TRACE 25502 --- [           main] .i.s.PathMatchingResourcePatternResolver : Searching directory [/Users/yassine/Site/room/Application/Spring/target/classes/com/spring/entity] for files matching pattern [/Users/yassine/Site/room/Application/Spring/target/classes/com/spring/**/*.class]
2022-12-24 22:10:29.549 TRACE 25502 --- [           main] .i.s.PathMatchingResourcePatternResolver : Searching directory [/Users/yassine/Site/room/Application/Spring/target/classes/com/spring/entity/jwt] for files matching pattern [/Users/yassine/Site/room/Application/Spring/target/classes/com/spring/**/*.class]
2022-12-24 22:10:29.549 TRACE 25502 --- [           main] .i.s.PathMatchingResourcePatternResolver : Searching directory [/Users/yassine/Site/room/Application/Spring/target/classes/com/spring/enums] for files matching pattern [/Users/yassine/Site/room/Application/Spring/target/classes/com/spring/**/*.class]
2022-12-24 22:10:29.550 TRACE 25502 --- [           main] .i.s.PathMatchingResourcePatternResolver : Searching directory [/Users/yassine/Site/room/Application/Spring/target/classes/com/spring/repository] for files matching pattern [/Users/yassine/Site/room/Application/Spring/target/classes/com/spring/**/*.class]
2022-12-24 22:10:29.550 TRACE 25502 --- [           main] .i.s.PathMatchingResourcePatternResolver : Searching directory [/Users/yassine/Site/room/Application/Spring/target/classes/com/spring/seeder] for files matching pattern [/Users/yassine/Site/room/Application/Spring/target/classes/com/spring/**/*.class]
2022-12-24 22:10:29.551 TRACE 25502 --- [           main] .i.s.PathMatchingResourcePatternResolver : Searching directory [/Users/yassine/Site/room/Application/Spring/target/classes/com/spring/service] for files matching pattern [/Users/yassine/Site/room/Application/Spring/target/classes/com/spring/**/*.class]
2022-12-24 22:10:29.551 TRACE 25502 --- [           main] .i.s.PathMatchingResourcePatternResolver : Searching directory [/Users/yassine/Site/room/Application/Spring/target/classes/com/spring/util] for files matching pattern [/Users/yassine/Site/room/Application/Spring/target/classes/com/spring/**/*.class]
2022-12-24 22:10:29.552 TRACE 25502 --- [           main] .i.s.PathMatchingResourcePatternResolver : Resolved location pattern [classpath*:com/spring/**/*.class] to resources [file [/Users/yassine/Site/room/Application/Spring/target/test-classes/com/spring/demo/SpringbootDemoH2ApplicationTests.class], file [/Users/yassine/Site/room/Application/Spring/target/classes/com/spring/ScheduledLog.class], file [/Users/yassine/Site/room/Application/Spring/target/classes/com/spring/SpringbootDemoH2Application.class], file [/Users/yassine/Site/room/Application/Spring/target/classes/com/spring/config/CorsConfig$1.class], file [/Users/yassine/Site/room/Application/Spring/target/classes/com/spring/config/CorsConfig.class], file [/Users/yassine/Site/room/Application/Spring/target/classes/com/spring/config/JwtAuthenticationEntityPoint.class], file [/Users/yassine/Site/room/Application/Spring/target/classes/com/spring/config/JwtRequestFilter.class], file [/Users/yassine/Site/room/Application/Spring/target/classes/com/spring/config/WebSecurityConfiguration.class], file [/Users/yassine/Site/room/Application/Spring/target/classes/com/spring/controller/api/AuthController.class], file [/Users/yassine/Site/room/Application/Spring/target/classes/com/spring/controller/api/UserController.class], file [/Users/yassine/Site/room/Application/Spring/target/classes/com/spring/entity/Role.class], file [/Users/yassine/Site/room/Application/Spring/target/classes/com/spring/entity/User.class], file [/Users/yassine/Site/room/Application/Spring/target/classes/com/spring/entity/jwt/JwtRequest.class], file [/Users/yassine/Site/room/Application/Spring/target/classes/com/spring/entity/jwt/JwtResponse.class], file [/Users/yassine/Site/room/Application/Spring/target/classes/com/spring/enums/RoleEnum.class], file [/Users/yassine/Site/room/Application/Spring/target/classes/com/spring/repository/RoleRepository.class], file [/Users/yassine/Site/room/Application/Spring/target/classes/com/spring/repository/UserRepository.class], file [/Users/yassine/Site/room/Application/Spring/target/classes/com/spring/seeder/RoleSeeder.class], file [/Users/yassine/Site/room/Application/Spring/target/classes/com/spring/seeder/UserSeeder.class], file [/Users/yassine/Site/room/Application/Spring/target/classes/com/spring/service/JwtService.class], file [/Users/yassine/Site/room/Application/Spring/target/classes/com/spring/service/RoleService.class], file [/Users/yassine/Site/room/Application/Spring/target/classes/com/spring/service/UserService.class], file [/Users/yassine/Site/room/Application/Spring/target/classes/com/spring/util/JwtUtil.class]]
2022-12-24 22:10:29.552 TRACE 25502 --- [           main] o.s.c.a.ClassPathBeanDefinitionScanner   : Scanning file [/Users/yassine/Site/room/Application/Spring/target/test-classes/com/spring/demo/SpringbootDemoH2ApplicationTests.class]
2022-12-24 22:10:29.553 TRACE 25502 --- [           main] o.s.b.f.s.DefaultListableBeanFactory     : Returning cached instance of singleton bean 'org.springframework.boot.test.context.filter.TestTypeExcludeFilter'
2022-12-24 22:10:29.553 TRACE 25502 --- [           main] o.s.c.a.ClassPathBeanDefinitionScanner   : Ignored because not matching any filter: file [/Users/yassine/Site/room/Application/Spring/target/test-classes/com/spring/demo/SpringbootDemoH2ApplicationTests.class]
2022-12-24 22:10:29.554 TRACE 25502 --- [           main] o.s.c.a.ClassPathBeanDefinitionScanner   : Scanning file [/Users/yassine/Site/room/Application/Spring/target/classes/com/spring/ScheduledLog.class]
2022-12-24 22:10:29.554 DEBUG 25502 --- [           main] o.s.c.a.ClassPathBeanDefinitionScanner   : Identified candidate component class: file [/Users/yassine/Site/room/Application/Spring/target/classes/com/spring/ScheduledLog.class]
2022-12-24 22:10:29.554 TRACE 25502 --- [           main] o.s.c.a.ClassPathBeanDefinitionScanner   : Scanning file [/Users/yassine/Site/room/Application/Spring/target/classes/com/spring/SpringbootDemoH2Application.class]
2022-12-24 22:10:29.555 TRACE 25502 --- [           main] o.s.c.a.ClassPathBeanDefinitionScanner   : Ignored because not matching any filter: file [/Users/yassine/Site/room/Application/Spring/target/classes/com/spring/SpringbootDemoH2Application.class]
2022-12-24 22:10:29.555 TRACE 25502 --- [           main] o.s.c.a.ClassPathBeanDefinitionScanner   : Scanning file [/Users/yassine/Site/room/Application/Spring/target/classes/com/spring/config/CorsConfig$1.class]
2022-12-24 22:10:29.557 TRACE 25502 --- [           main] o.s.c.a.ClassPathBeanDefinitionScanner   : Ignored because not matching any filter: file [/Users/yassine/Site/room/Application/Spring/target/classes/com/spring/config/CorsConfig$1.class]
2022-12-24 22:10:29.557 TRACE 25502 --- [           main] o.s.c.a.ClassPathBeanDefinitionScanner   : Scanning file [/Users/yassine/Site/room/Application/Spring/target/classes/com/spring/config/CorsConfig.class]
2022-12-24 22:10:29.557 DEBUG 25502 --- [           main] o.s.c.a.ClassPathBeanDefinitionScanner   : Identified candidate component class: file [/Users/yassine/Site/room/Application/Spring/target/classes/com/spring/config/CorsConfig.class]
2022-12-24 22:10:29.558 TRACE 25502 --- [           main] o.s.c.a.ClassPathBeanDefinitionScanner   : Scanning file [/Users/yassine/Site/room/Application/Spring/target/classes/com/spring/config/JwtAuthenticationEntityPoint.class]
2022-12-24 22:10:29.566 DEBUG 25502 --- [           main] o.s.c.a.ClassPathBeanDefinitionScanner   : Identified candidate component class: file [/Users/yassine/Site/room/Application/Spring/target/classes/com/spring/config/JwtAuthenticationEntityPoint.class]
2022-12-24 22:10:29.566 TRACE 25502 --- [           main] o.s.c.a.ClassPathBeanDefinitionScanner   : Scanning file [/Users/yassine/Site/room/Application/Spring/target/classes/com/spring/config/JwtRequestFilter.class]
2022-12-24 22:10:29.567 DEBUG 25502 --- [           main] o.s.c.a.ClassPathBeanDefinitionScanner   : Identified candidate component class: file [/Users/yassine/Site/room/Application/Spring/target/classes/com/spring/config/JwtRequestFilter.class]
2022-12-24 22:10:29.568 TRACE 25502 --- [           main] o.s.c.a.ClassPathBeanDefinitionScanner   : Scanning file [/Users/yassine/Site/room/Application/Spring/target/classes/com/spring/config/WebSecurityConfiguration.class]
2022-12-24 22:10:29.570 DEBUG 25502 --- [           main] o.s.c.a.ClassPathBeanDefinitionScanner   : Identified candidate component class: file [/Users/yassine/Site/room/Application/Spring/target/classes/com/spring/config/WebSecurityConfiguration.class]
2022-12-24 22:10:29.571 TRACE 25502 --- [           main] o.s.c.a.ClassPathBeanDefinitionScanner   : Scanning file [/Users/yassine/Site/room/Application/Spring/target/classes/com/spring/controller/api/AuthController.class]
2022-12-24 22:10:29.581 DEBUG 25502 --- [           main] o.s.c.a.ClassPathBeanDefinitionScanner   : Identified candidate component class: file [/Users/yassine/Site/room/Application/Spring/target/classes/com/spring/controller/api/AuthController.class]
2022-12-24 22:10:29.581 TRACE 25502 --- [           main] o.s.c.a.ClassPathBeanDefinitionScanner   : Scanning file [/Users/yassine/Site/room/Application/Spring/target/classes/com/spring/controller/api/UserController.class]
2022-12-24 22:10:29.584 DEBUG 25502 --- [           main] o.s.c.a.ClassPathBeanDefinitionScanner   : Identified candidate component class: file [/Users/yassine/Site/room/Application/Spring/target/classes/com/spring/controller/api/UserController.class]
2022-12-24 22:10:29.584 TRACE 25502 --- [           main] o.s.c.a.ClassPathBeanDefinitionScanner   : Scanning file [/Users/yassine/Site/room/Application/Spring/target/classes/com/spring/entity/Role.class]
2022-12-24 22:10:29.585 TRACE 25502 --- [           main] o.s.c.a.ClassPathBeanDefinitionScanner   : Ignored because not matching any filter: file [/Users/yassine/Site/room/Application/Spring/target/classes/com/spring/entity/Role.class]
2022-12-24 22:10:29.585 TRACE 25502 --- [           main] o.s.c.a.ClassPathBeanDefinitionScanner   : Scanning file [/Users/yassine/Site/room/Application/Spring/target/classes/com/spring/entity/User.class]
2022-12-24 22:10:29.586 TRACE 25502 --- [           main] o.s.c.a.ClassPathBeanDefinitionScanner   : Ignored because not matching any filter: file [/Users/yassine/Site/room/Application/Spring/target/classes/com/spring/entity/User.class]
2022-12-24 22:10:29.586 TRACE 25502 --- [           main] o.s.c.a.ClassPathBeanDefinitionScanner   : Scanning file [/Users/yassine/Site/room/Application/Spring/target/classes/com/spring/entity/jwt/JwtRequest.class]
2022-12-24 22:10:29.587 TRACE 25502 --- [           main] o.s.c.a.ClassPathBeanDefinitionScanner   : Ignored because not matching any filter: file [/Users/yassine/Site/room/Application/Spring/target/classes/com/spring/entity/jwt/JwtRequest.class]
2022-12-24 22:10:29.587 TRACE 25502 --- [           main] o.s.c.a.ClassPathBeanDefinitionScanner   : Scanning file [/Users/yassine/Site/room/Application/Spring/target/classes/com/spring/entity/jwt/JwtResponse.class]
2022-12-24 22:10:29.587 TRACE 25502 --- [           main] o.s.c.a.ClassPathBeanDefinitionScanner   : Ignored because not matching any filter: file [/Users/yassine/Site/room/Application/Spring/target/classes/com/spring/entity/jwt/JwtResponse.class]
2022-12-24 22:10:29.587 TRACE 25502 --- [           main] o.s.c.a.ClassPathBeanDefinitionScanner   : Scanning file [/Users/yassine/Site/room/Application/Spring/target/classes/com/spring/enums/RoleEnum.class]
2022-12-24 22:10:29.588 TRACE 25502 --- [           main] o.s.c.a.ClassPathBeanDefinitionScanner   : Ignored because not matching any filter: file [/Users/yassine/Site/room/Application/Spring/target/classes/com/spring/enums/RoleEnum.class]
2022-12-24 22:10:29.588 TRACE 25502 --- [           main] o.s.c.a.ClassPathBeanDefinitionScanner   : Scanning file [/Users/yassine/Site/room/Application/Spring/target/classes/com/spring/repository/RoleRepository.class]
2022-12-24 22:10:29.590 DEBUG 25502 --- [           main] o.s.c.a.ClassPathBeanDefinitionScanner   : Ignored because not a concrete top-level class: file [/Users/yassine/Site/room/Application/Spring/target/classes/com/spring/repository/RoleRepository.class]
2022-12-24 22:10:29.590 TRACE 25502 --- [           main] o.s.c.a.ClassPathBeanDefinitionScanner   : Scanning file [/Users/yassine/Site/room/Application/Spring/target/classes/com/spring/repository/UserRepository.class]
2022-12-24 22:10:29.591 DEBUG 25502 --- [           main] o.s.c.a.ClassPathBeanDefinitionScanner   : Ignored because not a concrete top-level class: file [/Users/yassine/Site/room/Application/Spring/target/classes/com/spring/repository/UserRepository.class]
2022-12-24 22:10:29.591 TRACE 25502 --- [           main] o.s.c.a.ClassPathBeanDefinitionScanner   : Scanning file [/Users/yassine/Site/room/Application/Spring/target/classes/com/spring/seeder/RoleSeeder.class]
2022-12-24 22:10:29.592 DEBUG 25502 --- [           main] o.s.c.a.ClassPathBeanDefinitionScanner   : Identified candidate component class: file [/Users/yassine/Site/room/Application/Spring/target/classes/com/spring/seeder/RoleSeeder.class]
2022-12-24 22:10:29.592 TRACE 25502 --- [           main] o.s.c.a.ClassPathBeanDefinitionScanner   : Scanning file [/Users/yassine/Site/room/Application/Spring/target/classes/com/spring/seeder/UserSeeder.class]
2022-12-24 22:10:29.593 DEBUG 25502 --- [           main] o.s.c.a.ClassPathBeanDefinitionScanner   : Identified candidate component class: file [/Users/yassine/Site/room/Application/Spring/target/classes/com/spring/seeder/UserSeeder.class]
2022-12-24 22:10:29.593 TRACE 25502 --- [           main] o.s.c.a.ClassPathBeanDefinitionScanner   : Scanning file [/Users/yassine/Site/room/Application/Spring/target/classes/com/spring/service/JwtService.class]
2022-12-24 22:10:29.595 DEBUG 25502 --- [           main] o.s.c.a.ClassPathBeanDefinitionScanner   : Identified candidate component class: file [/Users/yassine/Site/room/Application/Spring/target/classes/com/spring/service/JwtService.class]
2022-12-24 22:10:29.595 TRACE 25502 --- [           main] o.s.c.a.ClassPathBeanDefinitionScanner   : Scanning file [/Users/yassine/Site/room/Application/Spring/target/classes/com/spring/service/RoleService.class]
2022-12-24 22:10:29.596 DEBUG 25502 --- [           main] o.s.c.a.ClassPathBeanDefinitionScanner   : Identified candidate component class: file [/Users/yassine/Site/room/Application/Spring/target/classes/com/spring/service/RoleService.class]
2022-12-24 22:10:29.596 TRACE 25502 --- [           main] o.s.c.a.ClassPathBeanDefinitionScanner   : Scanning file [/Users/yassine/Site/room/Application/Spring/target/classes/com/spring/service/UserService.class]
2022-12-24 22:10:29.596 DEBUG 25502 --- [           main] o.s.c.a.ClassPathBeanDefinitionScanner   : Identified candidate component class: file [/Users/yassine/Site/room/Application/Spring/target/classes/com/spring/service/UserService.class]
2022-12-24 22:10:29.597 TRACE 25502 --- [           main] o.s.c.a.ClassPathBeanDefinitionScanner   : Scanning file [/Users/yassine/Site/room/Application/Spring/target/classes/com/spring/util/JwtUtil.class]
2022-12-24 22:10:29.597 DEBUG 25502 --- [           main] o.s.c.a.ClassPathBeanDefinitionScanner   : Identified candidate component class: file [/Users/yassine/Site/room/Application/Spring/target/classes/com/spring/util/JwtUtil.class]
2022-12-24 22:10:29.646 TRACE 25502 --- [           main] o.s.c.e.PropertySourcesPropertyResolver  : Searching for key 'spring.boot.enableautoconfiguration' in PropertySource 'configurationProperties'
2022-12-24 22:10:29.646 TRACE 25502 --- [           main] o.s.c.e.PropertySourcesPropertyResolver  : Searching for key 'spring.boot.enableautoconfiguration' in PropertySource 'test'
2022-12-24 22:10:29.646 TRACE 25502 --- [           main] o.s.c.e.PropertySourcesPropertyResolver  : Searching for key 'spring.boot.enableautoconfiguration' in PropertySource 'Inlined Test Properties'
2022-12-24 22:10:29.646 TRACE 25502 --- [           main] o.s.c.e.PropertySourcesPropertyResolver  : Searching for key 'spring.boot.enableautoconfiguration' in PropertySource 'systemProperties'
2022-12-24 22:10:29.646 TRACE 25502 --- [           main] o.s.c.e.PropertySourcesPropertyResolver  : Searching for key 'spring.boot.enableautoconfiguration' in PropertySource 'systemEnvironment'
2022-12-24 22:10:29.646 TRACE 25502 --- [           main] o.s.c.e.PropertySourcesPropertyResolver  : Searching for key 'spring.boot.enableautoconfiguration' in PropertySource 'random'
2022-12-24 22:10:29.646 TRACE 25502 --- [           main] o.s.c.e.PropertySourcesPropertyResolver  : Searching for key 'spring.boot.enableautoconfiguration' in PropertySource 'Config resource 'class path resource [application.properties]' via location 'optional:classpath:/''
2022-12-24 22:10:29.646 TRACE 25502 --- [           main] o.s.c.e.PropertySourcesPropertyResolver  : Could not find key 'spring.boot.enableautoconfiguration' in any property source
2022-12-24 22:10:29.648 TRACE 25502 --- [           main] o.s.c.io.support.SpringFactoriesLoader   : Loaded [org.springframework.boot.autoconfigure.AutoConfigurationImportFilter] names: [org.springframework.boot.autoconfigure.condition.OnBeanCondition, org.springframework.boot.autoconfigure.condition.OnClassCondition, org.springframework.boot.autoconfigure.condition.OnWebApplicationCondition]
2022-12-24 22:10:29.662 TRACE 25502 --- [           main] o.s.b.f.s.DefaultListableBeanFactory     : Returning cached instance of singleton bean 'autoConfigurationReport'
2022-12-24 22:10:29.696 TRACE 25502 --- [           main] o.s.b.f.s.DefaultListableBeanFactory     : Returning cached instance of singleton bean 'autoConfigurationReport'
2022-12-24 22:10:29.697 TRACE 25502 --- [           main] o.s.b.f.s.DefaultListableBeanFactory     : Returning cached instance of singleton bean 'autoConfigurationReport'
2022-12-24 22:10:29.699 TRACE 25502 --- [           main] o.s.c.io.support.SpringFactoriesLoader   : Loaded [org.springframework.boot.autoconfigure.AutoConfigurationImportListener] names: [org.springframework.boot.autoconfigure.condition.ConditionEvaluationReportAutoConfigurationImportListener]
2022-12-24 22:10:29.700 TRACE 25502 --- [           main] o.s.b.f.s.DefaultListableBeanFactory     : Returning cached instance of singleton bean 'autoConfigurationReport'
2022-12-24 22:10:29.706 TRACE 25502 --- [           main] o.s.b.f.s.DefaultListableBeanFactory     : Returning cached instance of singleton bean 'org.springframework.boot.autoconfigure.internalCachingMetadataReaderFactory'
2022-12-24 22:10:29.726 TRACE 25502 --- [           main] o.s.b.f.s.DefaultListableBeanFactory     : Returning cached instance of singleton bean 'autoConfigurationReport'
2022-12-24 22:10:29.726 TRACE 25502 --- [           main] o.s.b.f.s.DefaultListableBeanFactory     : Returning cached instance of singleton bean 'autoConfigurationReport'
2022-12-24 22:10:29.726 TRACE 25502 --- [           main] o.s.b.f.s.DefaultListableBeanFactory     : Returning cached instance of singleton bean 'autoConfigurationReport'
2022-12-24 22:10:29.727 TRACE 25502 --- [           main] o.s.b.f.s.DefaultListableBeanFactory     : Returning cached instance of singleton bean 'autoConfigurationReport'
2022-12-24 22:10:29.727 TRACE 25502 --- [           main] o.s.b.f.s.DefaultListableBeanFactory     : Returning cached instance of singleton bean 'autoConfigurationReport'
2022-12-24 22:10:29.727 TRACE 25502 --- [           main] o.s.b.f.s.DefaultListableBeanFactory     : Returning cached instance of singleton bean 'autoConfigurationReport'
2022-12-24 22:10:29.730 TRACE 25502 --- [           main] o.s.c.e.PropertySourcesPropertyResolver  : Searching for key 'spring.messages.basename' in PropertySource 'configurationProperties'
2022-12-24 22:10:29.730 TRACE 25502 --- [           main] o.s.c.e.PropertySourcesPropertyResolver  : Searching for key 'spring.messages.basename' in PropertySource 'test'
2022-12-24 22:10:29.730 TRACE 25502 --- [           main] o.s.c.e.PropertySourcesPropertyResolver  : Searching for key 'spring.messages.basename' in PropertySource 'Inlined Test Properties'
2022-12-24 22:10:29.730 TRACE 25502 --- [           main] o.s.c.e.PropertySourcesPropertyResolver  : Searching for key 'spring.messages.basename' in PropertySource 'systemProperties'
2022-12-24 22:10:29.730 TRACE 25502 --- [           main] o.s.c.e.PropertySourcesPropertyResolver  : Searching for key 'spring.messages.basename' in PropertySource 'systemEnvironment'
2022-12-24 22:10:29.730 TRACE 25502 --- [           main] o.s.c.e.PropertySourcesPropertyResolver  : Searching for key 'spring.messages.basename' in PropertySource 'random'
2022-12-24 22:10:29.730 TRACE 25502 --- [           main] o.s.c.e.PropertySourcesPropertyResolver  : Searching for key 'spring.messages.basename' in PropertySource 'Config resource 'class path resource [application.properties]' via location 'optional:classpath:/''
2022-12-24 22:10:29.731 TRACE 25502 --- [           main] o.s.c.e.PropertySourcesPropertyResolver  : Could not find key 'spring.messages.basename' in any property source
2022-12-24 22:10:29.731 TRACE 25502 --- [           main] .i.s.PathMatchingResourcePatternResolver : Resolved classpath location [messages.properties] to resources []
2022-12-24 22:10:29.731 TRACE 25502 --- [           main] o.s.b.f.s.DefaultListableBeanFactory     : Returning cached instance of singleton bean 'autoConfigurationReport'
2022-12-24 22:10:29.731 TRACE 25502 --- [           main] o.s.b.f.s.DefaultListableBeanFactory     : Returning cached instance of singleton bean 'autoConfigurationReport'
2022-12-24 22:10:29.731 TRACE 25502 --- [           main] o.s.b.f.s.DefaultListableBeanFactory     : Returning cached instance of singleton bean 'autoConfigurationReport'
2022-12-24 22:10:29.731 TRACE 25502 --- [           main] o.s.b.f.s.DefaultListableBeanFactory     : Returning cached instance of singleton bean 'autoConfigurationReport'
2022-12-24 22:10:29.731 TRACE 25502 --- [           main] o.s.b.f.s.DefaultListableBeanFactory     : Returning cached instance of singleton bean 'autoConfigurationReport'
2022-12-24 22:10:29.731 TRACE 25502 --- [           main] o.s.b.f.s.DefaultListableBeanFactory     : Returning cached instance of singleton bean 'autoConfigurationReport'
2022-12-24 22:10:29.732 TRACE 25502 --- [           main] o.s.b.f.s.DefaultListableBeanFactory     : Returning cached instance of singleton bean 'autoConfigurationReport'
2022-12-24 22:10:29.732 TRACE 25502 --- [           main] o.s.b.f.s.DefaultListableBeanFactory     : Returning cached instance of singleton bean 'autoConfigurationReport'
2022-12-24 22:10:29.732 TRACE 25502 --- [           main] o.s.b.f.s.DefaultListableBeanFactory     : Returning cached instance of singleton bean 'autoConfigurationReport'
2022-12-24 22:10:29.732 TRACE 25502 --- [           main] o.s.b.f.s.DefaultListableBeanFactory     : Returning cached instance of singleton bean 'autoConfigurationReport'
2022-12-24 22:10:29.733 TRACE 25502 --- [           main] o.s.b.f.s.DefaultListableBeanFactory     : Returning cached instance of singleton bean 'autoConfigurationReport'
2022-12-24 22:10:29.733 TRACE 25502 --- [           main] o.s.b.f.s.DefaultListableBeanFactory     : Returning cached instance of singleton bean 'autoConfigurationReport'
2022-12-24 22:10:29.733 TRACE 25502 --- [           main] o.s.b.f.s.DefaultListableBeanFactory     : Returning cached instance of singleton bean 'autoConfigurationReport'
2022-12-24 22:10:29.733 TRACE 25502 --- [           main] o.s.b.f.s.DefaultListableBeanFactory     : Returning cached instance of singleton bean 'autoConfigurationReport'
2022-12-24 22:10:29.733 TRACE 25502 --- [           main] o.s.b.f.s.DefaultListableBeanFactory     : Returning cached instance of singleton bean 'autoConfigurationReport'
2022-12-24 22:10:29.733 TRACE 25502 --- [           main] o.s.b.f.s.DefaultListableBeanFactory     : Returning cached instance of singleton bean 'autoConfigurationReport'
2022-12-24 22:10:29.734 TRACE 25502 --- [           main] o.s.b.f.s.DefaultListableBeanFactory     : Returning cached instance of singleton bean 'autoConfigurationReport'
2022-12-24 22:10:29.734 TRACE 25502 --- [           main] o.s.b.f.s.DefaultListableBeanFactory     : Returning cached instance of singleton bean 'autoConfigurationReport'
2022-12-24 22:10:29.734 TRACE 25502 --- [           main] o.s.b.f.s.DefaultListableBeanFactory     : Returning cached instance of singleton bean 'autoConfigurationReport'
2022-12-24 22:10:29.734 TRACE 25502 --- [           main] o.s.b.f.s.DefaultListableBeanFactory     : Returning cached instance of singleton bean 'autoConfigurationReport'
2022-12-24 22:10:29.735 TRACE 25502 --- [           main] o.s.b.f.s.DefaultListableBeanFactory     : Returning cached instance of singleton bean 'autoConfigurationReport'
2022-12-24 22:10:29.737 TRACE 25502 --- [           main] o.s.b.f.s.DefaultListableBeanFactory     : Returning cached instance of singleton bean 'autoConfigurationReport'
2022-12-24 22:10:29.737 TRACE 25502 --- [           main] o.s.b.f.s.DefaultListableBeanFactory     : Returning cached instance of singleton bean 'autoConfigurationReport'
2022-12-24 22:10:29.738 TRACE 25502 --- [           main] o.s.b.f.s.DefaultListableBeanFactory     : Returning cached instance of singleton bean 'autoConfigurationReport'
2022-12-24 22:10:29.741 TRACE 25502 --- [           main] o.s.b.f.s.DefaultListableBeanFactory     : Returning cached instance of singleton bean 'autoConfigurationReport'
2022-12-24 22:10:29.742 TRACE 25502 --- [           main] o.s.b.f.s.DefaultListableBeanFactory     : Returning cached instance of singleton bean 'autoConfigurationReport'
2022-12-24 22:10:29.742 TRACE 25502 --- [           main] o.s.b.f.s.DefaultListableBeanFactory     : Returning cached instance of singleton bean 'autoConfigurationReport'
2022-12-24 22:10:29.742 TRACE 25502 --- [           main] o.s.b.f.s.DefaultListableBeanFactory     : Returning cached instance of singleton bean 'autoConfigurationReport'
2022-12-24 22:10:29.744 TRACE 25502 --- [           main] o.s.b.f.s.DefaultListableBeanFactory     : Returning cached instance of singleton bean 'autoConfigurationReport'
2022-12-24 22:10:29.745 TRACE 25502 --- [           main] o.s.b.f.s.DefaultListableBeanFactory     : Returning cached instance of singleton bean 'autoConfigurationReport'
2022-12-24 22:10:29.745 TRACE 25502 --- [           main] o.s.b.f.s.DefaultListableBeanFactory     : Returning cached instance of singleton bean 'autoConfigurationReport'
2022-12-24 22:10:29.745 TRACE 25502 --- [           main] o.s.b.f.s.DefaultListableBeanFactory     : Returning cached instance of singleton bean 'autoConfigurationReport'
2022-12-24 22:10:29.745 TRACE 25502 --- [           main] o.s.b.f.s.DefaultListableBeanFactory     : Returning cached instance of singleton bean 'autoConfigurationReport'
2022-12-24 22:10:29.745 TRACE 25502 --- [           main] o.s.b.f.s.DefaultListableBeanFactory     : Returning cached instance of singleton bean 'autoConfigurationReport'
2022-12-24 22:10:29.751 TRACE 25502 --- [           main] o.s.b.f.s.DefaultListableBeanFactory     : Returning cached instance of singleton bean 'autoConfigurationReport'
2022-12-24 22:10:29.751 TRACE 25502 --- [           main] o.s.b.f.s.DefaultListableBeanFactory     : Returning cached instance of singleton bean 'autoConfigurationReport'
2022-12-24 22:10:29.751 TRACE 25502 --- [           main] o.s.b.f.s.DefaultListableBeanFactory     : Returning cached instance of singleton bean 'autoConfigurationReport'
2022-12-24 22:10:29.751 TRACE 25502 --- [           main] o.s.b.f.s.DefaultListableBeanFactory     : Returning cached instance of singleton bean 'autoConfigurationReport'
2022-12-24 22:10:29.751 TRACE 25502 --- [           main] o.s.b.f.s.DefaultListableBeanFactory     : Returning cached instance of singleton bean 'autoConfigurationReport'
2022-12-24 22:10:29.756 TRACE 25502 --- [           main] o.s.b.f.s.DefaultListableBeanFactory     : Returning cached instance of singleton bean 'autoConfigurationReport'
2022-12-24 22:10:29.756 TRACE 25502 --- [           main] o.s.b.f.s.DefaultListableBeanFactory     : Returning cached instance of singleton bean 'autoConfigurationReport'
2022-12-24 22:10:29.756 TRACE 25502 --- [           main] o.s.b.f.s.DefaultListableBeanFactory     : Returning cached instance of singleton bean 'autoConfigurationReport'
2022-12-24 22:10:29.756 TRACE 25502 --- [           main] o.s.b.f.s.DefaultListableBeanFactory     : Returning cached instance of singleton bean 'autoConfigurationReport'
2022-12-24 22:10:29.758 TRACE 25502 --- [           main] o.s.b.f.s.DefaultListableBeanFactory     : Returning cached instance of singleton bean 'autoConfigurationReport'
2022-12-24 22:10:29.758 TRACE 25502 --- [           main] o.s.b.f.s.DefaultListableBeanFactory     : Returning cached instance of singleton bean 'autoConfigurationReport'
2022-12-24 22:10:29.759 TRACE 25502 --- [           main] o.s.b.f.s.DefaultListableBeanFactory     : Returning cached instance of singleton bean 'autoConfigurationReport'
2022-12-24 22:10:29.759 TRACE 25502 --- [           main] o.s.b.f.s.DefaultListableBeanFactory     : Returning cached instance of singleton bean 'autoConfigurationReport'
2022-12-24 22:10:29.759 TRACE 25502 --- [           main] o.s.b.f.s.DefaultListableBeanFactory     : Returning cached instance of singleton bean 'autoConfigurationReport'
2022-12-24 22:10:29.759 TRACE 25502 --- [           main] o.s.b.f.s.DefaultListableBeanFactory     : Returning cached instance of singleton bean 'autoConfigurationReport'
2022-12-24 22:10:29.759 TRACE 25502 --- [           main] o.s.b.f.s.DefaultListableBeanFactory     : Returning cached instance of singleton bean 'autoConfigurationReport'
2022-12-24 22:10:29.759 TRACE 25502 --- [           main] o.s.b.f.s.DefaultListableBeanFactory     : Returning cached instance of singleton bean 'autoConfigurationReport'
2022-12-24 22:10:29.760 TRACE 25502 --- [           main] o.s.b.f.s.DefaultListableBeanFactory     : Returning cached instance of singleton bean 'autoConfigurationReport'
2022-12-24 22:10:29.761 TRACE 25502 --- [           main] o.s.b.f.s.DefaultListableBeanFactory     : Returning cached instance of singleton bean 'autoConfigurationReport'
2022-12-24 22:10:29.761 TRACE 25502 --- [           main] o.s.b.f.s.DefaultListableBeanFactory     : Returning cached instance of singleton bean 'autoConfigurationReport'
2022-12-24 22:10:29.761 TRACE 25502 --- [           main] o.s.b.f.s.DefaultListableBeanFactory     : Returning cached instance of singleton bean 'autoConfigurationReport'
2022-12-24 22:10:29.761 TRACE 25502 --- [           main] o.s.b.f.s.DefaultListableBeanFactory     : Returning cached instance of singleton bean 'autoConfigurationReport'
2022-12-24 22:10:29.764 TRACE 25502 --- [           main] o.s.b.f.s.DefaultListableBeanFactory     : Returning cached instance of singleton bean 'autoConfigurationReport'
2022-12-24 22:10:29.769 TRACE 25502 --- [           main] o.s.b.f.s.DefaultListableBeanFactory     : Returning cached instance of singleton bean 'autoConfigurationReport'
2022-12-24 22:10:29.769 TRACE 25502 --- [           main] o.s.b.f.s.DefaultListableBeanFactory     : Returning cached instance of singleton bean 'autoConfigurationReport'
2022-12-24 22:10:29.769 TRACE 25502 --- [           main] o.s.b.f.s.DefaultListableBeanFactory     : Returning cached instance of singleton bean 'autoConfigurationReport'
2022-12-24 22:10:29.769 TRACE 25502 --- [           main] o.s.b.f.s.DefaultListableBeanFactory     : Returning cached instance of singleton bean 'autoConfigurationReport'
2022-12-24 22:10:29.770 TRACE 25502 --- [           main] o.s.b.f.s.DefaultListableBeanFactory     : Returning cached instance of singleton bean 'autoConfigurationReport'
2022-12-24 22:10:29.770 TRACE 25502 --- [           main] o.s.b.f.s.DefaultListableBeanFactory     : Returning cached instance of singleton bean 'autoConfigurationReport'
2022-12-24 22:10:29.770 TRACE 25502 --- [           main] o.s.b.f.s.DefaultListableBeanFactory     : Returning cached instance of singleton bean 'autoConfigurationReport'
2022-12-24 22:10:29.771 TRACE 25502 --- [           main] o.s.b.f.s.DefaultListableBeanFactory     : Returning cached instance of singleton bean 'autoConfigurationReport'
2022-12-24 22:10:29.771 TRACE 25502 --- [           main] o.s.b.f.s.DefaultListableBeanFactory     : Returning cached instance of singleton bean 'autoConfigurationReport'
2022-12-24 22:10:29.772 TRACE 25502 --- [           main] o.s.b.f.s.DefaultListableBeanFactory     : Returning cached instance of singleton bean 'autoConfigurationReport'
2022-12-24 22:10:29.772 TRACE 25502 --- [           main] o.s.b.f.s.DefaultListableBeanFactory     : Returning cached instance of singleton bean 'autoConfigurationReport'
2022-12-24 22:10:29.773 TRACE 25502 --- [           main] o.s.b.f.s.DefaultListableBeanFactory     : Returning cached instance of singleton bean 'autoConfigurationReport'
2022-12-24 22:10:29.773 TRACE 25502 --- [           main] o.s.b.f.s.DefaultListableBeanFactory     : Returning cached instance of singleton bean 'autoConfigurationReport'
2022-12-24 22:10:29.773 TRACE 25502 --- [           main] o.s.b.f.s.DefaultListableBeanFactory     : Returning cached instance of singleton bean 'autoConfigurationReport'
2022-12-24 22:10:29.773 TRACE 25502 --- [           main] o.s.b.f.s.DefaultListableBeanFactory     : Returning cached instance of singleton bean 'autoConfigurationReport'
2022-12-24 22:10:29.773 TRACE 25502 --- [           main] o.s.b.f.s.DefaultListableBeanFactory     : Returning cached instance of singleton bean 'autoConfigurationReport'
2022-12-24 22:10:29.773 TRACE 25502 --- [           main] o.s.b.f.s.DefaultListableBeanFactory     : Returning cached instance of singleton bean 'autoConfigurationReport'
2022-12-24 22:10:29.774 TRACE 25502 --- [           main] o.s.b.f.s.DefaultListableBeanFactory     : Returning cached instance of singleton bean 'autoConfigurationReport'
2022-12-24 22:10:29.774 TRACE 25502 --- [           main] o.s.b.f.s.DefaultListableBeanFactory     : Returning cached instance of singleton bean 'autoConfigurationReport'
2022-12-24 22:10:29.775 TRACE 25502 --- [           main] o.s.b.f.s.DefaultListableBeanFactory     : Returning cached instance of singleton bean 'autoConfigurationReport'
2022-12-24 22:10:29.775 TRACE 25502 --- [           main] o.s.b.f.s.DefaultListableBeanFactory     : Returning cached instance of singleton bean 'autoConfigurationReport'
2022-12-24 22:10:29.775 TRACE 25502 --- [           main] o.s.b.f.s.DefaultListableBeanFactory     : Returning cached instance of singleton bean 'autoConfigurationReport'
2022-12-24 22:10:29.775 TRACE 25502 --- [           main] o.s.b.f.s.DefaultListableBeanFactory     : Returning cached instance of singleton bean 'autoConfigurationReport'
2022-12-24 22:10:29.775 TRACE 25502 --- [           main] o.s.b.f.s.DefaultListableBeanFactory     : Returning cached instance of singleton bean 'autoConfigurationReport'
2022-12-24 22:10:29.775 TRACE 25502 --- [           main] o.s.b.f.s.DefaultListableBeanFactory     : Returning cached instance of singleton bean 'autoConfigurationReport'
2022-12-24 22:10:29.775 TRACE 25502 --- [           main] o.s.b.f.s.DefaultListableBeanFactory     : Returning cached instance of singleton bean 'autoConfigurationReport'
2022-12-24 22:10:29.776 TRACE 25502 --- [           main] o.s.b.f.s.DefaultListableBeanFactory     : Returning cached instance of singleton bean 'autoConfigurationReport'
2022-12-24 22:10:29.777 TRACE 25502 --- [           main] o.s.b.f.s.DefaultListableBeanFactory     : Returning cached instance of singleton bean 'autoConfigurationReport'
2022-12-24 22:10:29.777 TRACE 25502 --- [           main] o.s.b.f.s.DefaultListableBeanFactory     : Returning cached instance of singleton bean 'autoConfigurationReport'
2022-12-24 22:10:29.777 TRACE 25502 --- [           main] o.s.b.f.s.DefaultListableBeanFactory     : Returning cached instance of singleton bean 'autoConfigurationReport'
2022-12-24 22:10:29.778 TRACE 25502 --- [           main] o.s.b.f.s.DefaultListableBeanFactory     : Returning cached instance of singleton bean 'autoConfigurationReport'
2022-12-24 22:10:29.778 TRACE 25502 --- [           main] o.s.b.f.s.DefaultListableBeanFactory     : Returning cached instance of singleton bean 'autoConfigurationReport'
2022-12-24 22:10:29.778 TRACE 25502 --- [           main] o.s.b.f.s.DefaultListableBeanFactory     : Returning cached instance of singleton bean 'autoConfigurationReport'
2022-12-24 22:10:29.778 TRACE 25502 --- [           main] o.s.b.f.s.DefaultListableBeanFactory     : Returning cached instance of singleton bean 'autoConfigurationReport'
2022-12-24 22:10:29.778 TRACE 25502 --- [           main] o.s.b.f.s.DefaultListableBeanFactory     : Returning cached instance of singleton bean 'autoConfigurationReport'
2022-12-24 22:10:29.779 TRACE 25502 --- [           main] o.s.b.f.s.DefaultListableBeanFactory     : Returning cached instance of singleton bean 'autoConfigurationReport'
2022-12-24 22:10:29.779 TRACE 25502 --- [           main] o.s.b.f.s.DefaultListableBeanFactory     : Returning cached instance of singleton bean 'autoConfigurationReport'
2022-12-24 22:10:29.779 TRACE 25502 --- [           main] o.s.b.f.s.DefaultListableBeanFactory     : Returning cached instance of singleton bean 'autoConfigurationReport'
2022-12-24 22:10:29.779 TRACE 25502 --- [           main] o.s.b.f.s.DefaultListableBeanFactory     : Returning cached instance of singleton bean 'autoConfigurationReport'
2022-12-24 22:10:29.779 TRACE 25502 --- [           main] o.s.b.f.s.DefaultListableBeanFactory     : Returning cached instance of singleton bean 'autoConfigurationReport'
2022-12-24 22:10:29.784 TRACE 25502 --- [           main] o.s.b.f.s.DefaultListableBeanFactory     : Returning cached instance of singleton bean 'autoConfigurationReport'
2022-12-24 22:10:29.786 TRACE 25502 --- [           main] o.s.c.io.support.SpringFactoriesLoader   : Loaded [org.springframework.boot.autoconfigure.template.TemplateAvailabilityProvider] names: [org.springframework.boot.autoconfigure.freemarker.FreeMarkerTemplateAvailabilityProvider, org.springframework.boot.autoconfigure.mustache.MustacheTemplateAvailabilityProvider, org.springframework.boot.autoconfigure.groovy.template.GroovyTemplateAvailabilityProvider, org.springframework.boot.autoconfigure.thymeleaf.ThymeleafTemplateAvailabilityProvider, org.springframework.boot.autoconfigure.web.servlet.JspTemplateAvailabilityProvider]
2022-12-24 22:10:29.790 TRACE 25502 --- [           main] o.s.c.e.PropertySourcesPropertyResolver  : Searching for key 'spring.template.provider.cache' in PropertySource 'configurationProperties'
2022-12-24 22:10:29.790 TRACE 25502 --- [           main] o.s.c.e.PropertySourcesPropertyResolver  : Searching for key 'spring.template.provider.cache' in PropertySource 'test'
2022-12-24 22:10:29.790 TRACE 25502 --- [           main] o.s.c.e.PropertySourcesPropertyResolver  : Searching for key 'spring.template.provider.cache' in PropertySource 'Inlined Test Properties'
2022-12-24 22:10:29.790 TRACE 25502 --- [           main] o.s.c.e.PropertySourcesPropertyResolver  : Searching for key 'spring.template.provider.cache' in PropertySource 'systemProperties'
2022-12-24 22:10:29.790 TRACE 25502 --- [           main] o.s.c.e.PropertySourcesPropertyResolver  : Searching for key 'spring.template.provider.cache' in PropertySource 'systemEnvironment'
2022-12-24 22:10:29.790 TRACE 25502 --- [           main] o.s.c.e.PropertySourcesPropertyResolver  : Searching for key 'spring.template.provider.cache' in PropertySource 'random'
2022-12-24 22:10:29.790 TRACE 25502 --- [           main] o.s.c.e.PropertySourcesPropertyResolver  : Searching for key 'spring.template.provider.cache' in PropertySource 'Config resource 'class path resource [application.properties]' via location 'optional:classpath:/''
2022-12-24 22:10:29.790 TRACE 25502 --- [           main] o.s.c.e.PropertySourcesPropertyResolver  : Could not find key 'spring.template.provider.cache' in any property source
2022-12-24 22:10:29.792 TRACE 25502 --- [           main] o.s.b.f.s.DefaultListableBeanFactory     : Returning cached instance of singleton bean 'autoConfigurationReport'
2022-12-24 22:10:29.792 TRACE 25502 --- [           main] o.s.b.f.s.DefaultListableBeanFactory     : Returning cached instance of singleton bean 'autoConfigurationReport'
2022-12-24 22:10:29.792 TRACE 25502 --- [           main] o.s.b.f.s.DefaultListableBeanFactory     : Returning cached instance of singleton bean 'autoConfigurationReport'
2022-12-24 22:10:29.792 TRACE 25502 --- [           main] o.s.b.f.s.DefaultListableBeanFactory     : Returning cached instance of singleton bean 'autoConfigurationReport'
2022-12-24 22:10:29.793 TRACE 25502 --- [           main] o.s.b.f.s.DefaultListableBeanFactory     : Returning cached instance of singleton bean 'autoConfigurationReport'
2022-12-24 22:10:29.793 TRACE 25502 --- [           main] o.s.b.f.s.DefaultListableBeanFactory     : Returning cached instance of singleton bean 'autoConfigurationReport'
2022-12-24 22:10:29.793 TRACE 25502 --- [           main] o.s.b.f.s.DefaultListableBeanFactory     : Returning cached instance of singleton bean 'autoConfigurationReport'
2022-12-24 22:10:29.794 TRACE 25502 --- [           main] o.s.b.f.s.DefaultListableBeanFactory     : Returning cached instance of singleton bean 'autoConfigurationReport'
2022-12-24 22:10:29.794 TRACE 25502 --- [           main] o.s.b.f.s.DefaultListableBeanFactory     : Returning cached instance of singleton bean 'autoConfigurationReport'
2022-12-24 22:10:29.794 TRACE 25502 --- [           main] o.s.b.f.s.DefaultListableBeanFactory     : Returning cached instance of singleton bean 'autoConfigurationReport'
2022-12-24 22:10:29.794 TRACE 25502 --- [           main] o.s.b.f.s.DefaultListableBeanFactory     : Returning cached instance of singleton bean 'autoConfigurationReport'
2022-12-24 22:10:29.794 TRACE 25502 --- [           main] o.s.b.f.s.DefaultListableBeanFactory     : Returning cached instance of singleton bean 'autoConfigurationReport'
2022-12-24 22:10:29.794 TRACE 25502 --- [           main] o.s.b.f.s.DefaultListableBeanFactory     : Returning cached instance of singleton bean 'autoConfigurationReport'
2022-12-24 22:10:29.796 TRACE 25502 --- [           main] o.s.b.f.s.DefaultListableBeanFactory     : Returning cached instance of singleton bean 'autoConfigurationReport'
2022-12-24 22:10:29.796 TRACE 25502 --- [           main] o.s.b.f.s.DefaultListableBeanFactory     : Returning cached instance of singleton bean 'autoConfigurationReport'
2022-12-24 22:10:29.796 TRACE 25502 --- [           main] o.s.b.f.s.DefaultListableBeanFactory     : Returning cached instance of singleton bean 'autoConfigurationReport'
2022-12-24 22:10:29.796 TRACE 25502 --- [           main] o.s.b.f.s.DefaultListableBeanFactory     : Returning cached instance of singleton bean 'autoConfigurationReport'
2022-12-24 22:10:29.796 TRACE 25502 --- [           main] o.s.b.f.s.DefaultListableBeanFactory     : Returning cached instance of singleton bean 'autoConfigurationReport'
2022-12-24 22:10:29.801 TRACE 25502 --- [           main] o.s.b.f.s.DefaultListableBeanFactory     : Returning cached instance of singleton bean 'autoConfigurationReport'
2022-12-24 22:10:29.801 TRACE 25502 --- [           main] o.s.b.f.s.DefaultListableBeanFactory     : Returning cached instance of singleton bean 'autoConfigurationReport'
2022-12-24 22:10:29.801 TRACE 25502 --- [           main] o.s.b.f.s.DefaultListableBeanFactory     : Returning cached instance of singleton bean 'autoConfigurationReport'
2022-12-24 22:10:29.803 TRACE 25502 --- [           main] o.s.b.f.s.DefaultListableBeanFactory     : Returning cached instance of singleton bean 'autoConfigurationReport'
2022-12-24 22:10:29.803 TRACE 25502 --- [           main] o.s.b.f.s.DefaultListableBeanFactory     : Returning cached instance of singleton bean 'autoConfigurationReport'
2022-12-24 22:10:29.803 TRACE 25502 --- [           main] o.s.b.f.s.DefaultListableBeanFactory     : Returning cached instance of singleton bean 'autoConfigurationReport'
2022-12-24 22:10:29.814 TRACE 25502 --- [           main] o.s.c.e.PropertySourcesPropertyResolver  : Searching for key 'spring.web.resources.chain.strategy.fixed.enabled' in PropertySource 'configurationProperties'
2022-12-24 22:10:29.815 TRACE 25502 --- [           main] o.s.c.e.PropertySourcesPropertyResolver  : Searching for key 'spring.web.resources.chain.strategy.fixed.enabled' in PropertySource 'test'
2022-12-24 22:10:29.815 TRACE 25502 --- [           main] o.s.c.e.PropertySourcesPropertyResolver  : Searching for key 'spring.web.resources.chain.strategy.fixed.enabled' in PropertySource 'Inlined Test Properties'
2022-12-24 22:10:29.815 TRACE 25502 --- [           main] o.s.c.e.PropertySourcesPropertyResolver  : Searching for key 'spring.web.resources.chain.strategy.fixed.enabled' in PropertySource 'systemProperties'
2022-12-24 22:10:29.815 TRACE 25502 --- [           main] o.s.c.e.PropertySourcesPropertyResolver  : Searching for key 'spring.web.resources.chain.strategy.fixed.enabled' in PropertySource 'systemEnvironment'
2022-12-24 22:10:29.815 TRACE 25502 --- [           main] o.s.c.e.PropertySourcesPropertyResolver  : Searching for key 'spring.web.resources.chain.strategy.fixed.enabled' in PropertySource 'random'
2022-12-24 22:10:29.815 TRACE 25502 --- [           main] o.s.c.e.PropertySourcesPropertyResolver  : Searching for key 'spring.web.resources.chain.strategy.fixed.enabled' in PropertySource 'Config resource 'class path resource [application.properties]' via location 'optional:classpath:/''
2022-12-24 22:10:29.815 TRACE 25502 --- [           main] o.s.c.e.PropertySourcesPropertyResolver  : Could not find key 'spring.web.resources.chain.strategy.fixed.enabled' in any property source
2022-12-24 22:10:29.815 TRACE 25502 --- [           main] o.s.c.e.PropertySourcesPropertyResolver  : Searching for key 'spring.web.resources.chain.strategy.content.enabled' in PropertySource 'configurationProperties'
2022-12-24 22:10:29.815 TRACE 25502 --- [           main] o.s.c.e.PropertySourcesPropertyResolver  : Searching for key 'spring.web.resources.chain.strategy.content.enabled' in PropertySource 'test'
2022-12-24 22:10:29.815 TRACE 25502 --- [           main] o.s.c.e.PropertySourcesPropertyResolver  : Searching for key 'spring.web.resources.chain.strategy.content.enabled' in PropertySource 'Inlined Test Properties'
2022-12-24 22:10:29.815 TRACE 25502 --- [           main] o.s.c.e.PropertySourcesPropertyResolver  : Searching for key 'spring.web.resources.chain.strategy.content.enabled' in PropertySource 'systemProperties'
2022-12-24 22:10:29.815 TRACE 25502 --- [           main] o.s.c.e.PropertySourcesPropertyResolver  : Searching for key 'spring.web.resources.chain.strategy.content.enabled' in PropertySource 'systemEnvironment'
2022-12-24 22:10:29.815 TRACE 25502 --- [           main] o.s.c.e.PropertySourcesPropertyResolver  : Searching for key 'spring.web.resources.chain.strategy.content.enabled' in PropertySource 'random'
2022-12-24 22:10:29.815 TRACE 25502 --- [           main] o.s.c.e.PropertySourcesPropertyResolver  : Searching for key 'spring.web.resources.chain.strategy.content.enabled' in PropertySource 'Config resource 'class path resource [application.properties]' via location 'optional:classpath:/''
2022-12-24 22:10:29.815 TRACE 25502 --- [           main] o.s.c.e.PropertySourcesPropertyResolver  : Could not find key 'spring.web.resources.chain.strategy.content.enabled' in any property source
2022-12-24 22:10:29.815 TRACE 25502 --- [           main] o.s.c.e.PropertySourcesPropertyResolver  : Searching for key 'spring.web.resources.chain.enabled' in PropertySource 'configurationProperties'
2022-12-24 22:10:29.815 TRACE 25502 --- [           main] o.s.c.e.PropertySourcesPropertyResolver  : Searching for key 'spring.web.resources.chain.enabled' in PropertySource 'test'
2022-12-24 22:10:29.815 TRACE 25502 --- [           main] o.s.c.e.PropertySourcesPropertyResolver  : Searching for key 'spring.web.resources.chain.enabled' in PropertySource 'Inlined Test Properties'
2022-12-24 22:10:29.815 TRACE 25502 --- [           main] o.s.c.e.PropertySourcesPropertyResolver  : Searching for key 'spring.web.resources.chain.enabled' in PropertySource 'systemProperties'
2022-12-24 22:10:29.815 TRACE 25502 --- [           main] o.s.c.e.PropertySourcesPropertyResolver  : Searching for key 'spring.web.resources.chain.enabled' in PropertySource 'systemEnvironment'
2022-12-24 22:10:29.815 TRACE 25502 --- [           main] o.s.c.e.PropertySourcesPropertyResolver  : Searching for key 'spring.web.resources.chain.enabled' in PropertySource 'random'
2022-12-24 22:10:29.815 TRACE 25502 --- [           main] o.s.c.e.PropertySourcesPropertyResolver  : Searching for key 'spring.web.resources.chain.enabled' in PropertySource 'Config resource 'class path resource [application.properties]' via location 'optional:classpath:/''
2022-12-24 22:10:29.816 TRACE 25502 --- [           main] o.s.c.e.PropertySourcesPropertyResolver  : Could not find key 'spring.web.resources.chain.enabled' in any property source
2022-12-24 22:10:29.817 TRACE 25502 --- [           main] o.s.b.f.s.DefaultListableBeanFactory     : Returning cached instance of singleton bean 'autoConfigurationReport'
2022-12-24 22:10:29.817 TRACE 25502 --- [           main] o.s.b.f.s.DefaultListableBeanFactory     : Returning cached instance of singleton bean 'autoConfigurationReport'
2022-12-24 22:10:29.817 TRACE 25502 --- [           main] o.s.b.f.s.DefaultListableBeanFactory     : Returning cached instance of singleton bean 'autoConfigurationReport'
2022-12-24 22:10:29.817 TRACE 25502 --- [           main] o.s.b.f.s.DefaultListableBeanFactory     : Returning cached instance of singleton bean 'autoConfigurationReport'
2022-12-24 22:10:29.818 TRACE 25502 --- [           main] o.s.b.f.s.DefaultListableBeanFactory     : Returning cached instance of singleton bean 'autoConfigurationReport'
2022-12-24 22:10:29.818 TRACE 25502 --- [           main] o.s.b.f.s.DefaultListableBeanFactory     : Returning cached instance of singleton bean 'autoConfigurationReport'
2022-12-24 22:10:29.818 TRACE 25502 --- [           main] o.s.b.f.s.DefaultListableBeanFactory     : Returning cached instance of singleton bean 'autoConfigurationReport'
2022-12-24 22:10:29.818 TRACE 25502 --- [           main] o.s.b.f.s.DefaultListableBeanFactory     : Returning cached instance of singleton bean 'autoConfigurationReport'
2022-12-24 22:10:29.819 TRACE 25502 --- [           main] o.s.b.f.s.DefaultListableBeanFactory     : Returning cached instance of singleton bean 'autoConfigurationReport'
2022-12-24 22:10:29.819 TRACE 25502 --- [           main] o.s.b.f.s.DefaultListableBeanFactory     : Returning cached instance of singleton bean 'autoConfigurationReport'
2022-12-24 22:10:29.819 TRACE 25502 --- [           main] o.s.b.f.s.DefaultListableBeanFactory     : Returning cached instance of singleton bean 'autoConfigurationReport'
2022-12-24 22:10:29.819 TRACE 25502 --- [           main] o.s.b.f.s.DefaultListableBeanFactory     : Returning cached instance of singleton bean 'autoConfigurationReport'
2022-12-24 22:10:29.819 TRACE 25502 --- [           main] o.s.b.f.s.DefaultListableBeanFactory     : Returning cached instance of singleton bean 'autoConfigurationReport'
2022-12-24 22:10:29.819 TRACE 25502 --- [           main] o.s.b.f.s.DefaultListableBeanFactory     : Returning cached instance of singleton bean 'autoConfigurationReport'
2022-12-24 22:10:29.821 TRACE 25502 --- [           main] o.s.b.f.s.DefaultListableBeanFactory     : Returning cached instance of singleton bean 'autoConfigurationReport'
2022-12-24 22:10:29.822 TRACE 25502 --- [           main] o.s.b.f.s.DefaultListableBeanFactory     : Returning cached instance of singleton bean 'autoConfigurationReport'
2022-12-24 22:10:29.822 TRACE 25502 --- [           main] o.s.b.f.s.DefaultListableBeanFactory     : Returning cached instance of singleton bean 'autoConfigurationReport'
2022-12-24 22:10:29.822 TRACE 25502 --- [           main] o.s.b.f.s.DefaultListableBeanFactory     : Returning cached instance of singleton bean 'autoConfigurationReport'
2022-12-24 22:10:29.822 TRACE 25502 --- [           main] o.s.b.f.s.DefaultListableBeanFactory     : Returning cached instance of singleton bean 'autoConfigurationReport'
2022-12-24 22:10:29.822 TRACE 25502 --- [           main] o.s.b.f.s.DefaultListableBeanFactory     : Returning cached instance of singleton bean 'autoConfigurationReport'
2022-12-24 22:10:29.823 TRACE 25502 --- [           main] o.s.b.f.s.DefaultListableBeanFactory     : Returning cached instance of singleton bean 'autoConfigurationReport'
2022-12-24 22:10:29.823 TRACE 25502 --- [           main] o.s.b.f.s.DefaultListableBeanFactory     : Returning cached instance of singleton bean 'autoConfigurationReport'
2022-12-24 22:10:29.823 TRACE 25502 --- [           main] o.s.b.f.s.DefaultListableBeanFactory     : Returning cached instance of singleton bean 'autoConfigurationReport'
2022-12-24 22:10:29.823 TRACE 25502 --- [           main] o.s.b.f.s.DefaultListableBeanFactory     : Returning cached instance of singleton bean 'autoConfigurationReport'
2022-12-24 22:10:29.832 TRACE 25502 --- [           main] o.s.b.f.s.DefaultListableBeanFactory     : Returning cached instance of singleton bean 'autoConfigurationReport'
2022-12-24 22:10:29.832 TRACE 25502 --- [           main] o.s.b.f.s.DefaultListableBeanFactory     : Returning cached instance of singleton bean 'autoConfigurationReport'
2022-12-24 22:10:29.832 TRACE 25502 --- [           main] o.s.b.f.s.DefaultListableBeanFactory     : Returning cached instance of singleton bean 'autoConfigurationReport'
2022-12-24 22:10:29.832 TRACE 25502 --- [           main] o.s.b.f.s.DefaultListableBeanFactory     : Returning cached instance of singleton bean 'autoConfigurationReport'
2022-12-24 22:10:29.833 TRACE 25502 --- [           main] o.s.b.f.s.DefaultListableBeanFactory     : Returning cached instance of singleton bean 'autoConfigurationReport'
2022-12-24 22:10:29.833 TRACE 25502 --- [           main] o.s.b.f.s.DefaultListableBeanFactory     : Returning cached instance of singleton bean 'autoConfigurationReport'
2022-12-24 22:10:29.833 TRACE 25502 --- [           main] o.s.b.f.s.DefaultListableBeanFactory     : Returning cached instance of singleton bean 'autoConfigurationReport'
2022-12-24 22:10:29.833 TRACE 25502 --- [           main] o.s.b.f.s.DefaultListableBeanFactory     : Returning cached instance of singleton bean 'autoConfigurationReport'
2022-12-24 22:10:29.835 TRACE 25502 --- [           main] o.s.b.f.s.DefaultListableBeanFactory     : Returning cached instance of singleton bean 'autoConfigurationReport'
2022-12-24 22:10:29.835 TRACE 25502 --- [           main] o.s.b.f.s.DefaultListableBeanFactory     : Returning cached instance of singleton bean 'autoConfigurationReport'
2022-12-24 22:10:29.835 TRACE 25502 --- [           main] o.s.b.f.s.DefaultListableBeanFactory     : Returning cached instance of singleton bean 'autoConfigurationReport'
2022-12-24 22:10:29.835 TRACE 25502 --- [           main] o.s.b.f.s.DefaultListableBeanFactory     : Returning cached instance of singleton bean 'autoConfigurationReport'
2022-12-24 22:10:29.835 TRACE 25502 --- [           main] o.s.b.f.s.DefaultListableBeanFactory     : Returning cached instance of singleton bean 'autoConfigurationReport'
2022-12-24 22:10:29.835 TRACE 25502 --- [           main] o.s.b.f.s.DefaultListableBeanFactory     : Returning cached instance of singleton bean 'autoConfigurationReport'
2022-12-24 22:10:29.836 TRACE 25502 --- [           main] o.s.b.f.s.DefaultListableBeanFactory     : Returning cached instance of singleton bean 'autoConfigurationReport'
2022-12-24 22:10:29.836 TRACE 25502 --- [           main] o.s.b.f.s.DefaultListableBeanFactory     : Returning cached instance of singleton bean 'autoConfigurationReport'
2022-12-24 22:10:29.836 TRACE 25502 --- [           main] o.s.b.f.s.DefaultListableBeanFactory     : Returning cached instance of singleton bean 'autoConfigurationReport'
2022-12-24 22:10:29.836 TRACE 25502 --- [           main] o.s.b.f.s.DefaultListableBeanFactory     : Returning cached instance of singleton bean 'autoConfigurationReport'
2022-12-24 22:10:29.836 TRACE 25502 --- [           main] o.s.b.f.s.DefaultListableBeanFactory     : Returning cached instance of singleton bean 'autoConfigurationReport'
2022-12-24 22:10:29.836 TRACE 25502 --- [           main] o.s.b.f.s.DefaultListableBeanFactory     : Returning cached instance of singleton bean 'autoConfigurationReport'
2022-12-24 22:10:29.836 TRACE 25502 --- [           main] o.s.b.f.s.DefaultListableBeanFactory     : Returning cached instance of singleton bean 'autoConfigurationReport'
2022-12-24 22:10:29.837 TRACE 25502 --- [           main] o.s.b.f.s.DefaultListableBeanFactory     : Returning cached instance of singleton bean 'autoConfigurationReport'
2022-12-24 22:10:29.838 TRACE 25502 --- [           main] o.s.b.f.s.DefaultListableBeanFactory     : Returning cached instance of singleton bean 'autoConfigurationReport'
2022-12-24 22:10:29.838 TRACE 25502 --- [           main] o.s.b.f.s.DefaultListableBeanFactory     : Returning cached instance of singleton bean 'autoConfigurationReport'
2022-12-24 22:10:29.838 TRACE 25502 --- [           main] o.s.b.f.s.DefaultListableBeanFactory     : Returning cached instance of singleton bean 'autoConfigurationReport'
2022-12-24 22:10:29.842 TRACE 25502 --- [           main] o.s.b.f.s.DefaultListableBeanFactory     : Returning cached instance of singleton bean 'autoConfigurationReport'
2022-12-24 22:10:29.842 TRACE 25502 --- [           main] o.s.b.f.s.DefaultListableBeanFactory     : Returning cached instance of singleton bean 'autoConfigurationReport'
2022-12-24 22:10:29.842 TRACE 25502 --- [           main] o.s.b.f.s.DefaultListableBeanFactory     : Returning cached instance of singleton bean 'autoConfigurationReport'
2022-12-24 22:10:29.842 TRACE 25502 --- [           main] o.s.b.f.s.DefaultListableBeanFactory     : Returning cached instance of singleton bean 'autoConfigurationReport'
2022-12-24 22:10:29.842 TRACE 25502 --- [           main] o.s.b.f.s.DefaultListableBeanFactory     : Returning cached instance of singleton bean 'autoConfigurationReport'
2022-12-24 22:10:29.842 TRACE 25502 --- [           main] o.s.b.f.s.DefaultListableBeanFactory     : Returning cached instance of singleton bean 'autoConfigurationReport'
2022-12-24 22:10:29.843 TRACE 25502 --- [           main] o.s.b.f.s.DefaultListableBeanFactory     : Returning cached instance of singleton bean 'autoConfigurationReport'
2022-12-24 22:10:29.843 TRACE 25502 --- [           main] o.s.b.f.s.DefaultListableBeanFactory     : Returning cached instance of singleton bean 'autoConfigurationReport'
2022-12-24 22:10:29.843 TRACE 25502 --- [           main] o.s.b.f.s.DefaultListableBeanFactory     : Returning cached instance of singleton bean 'autoConfigurationReport'
2022-12-24 22:10:29.843 TRACE 25502 --- [           main] o.s.b.f.s.DefaultListableBeanFactory     : Returning cached instance of singleton bean 'autoConfigurationReport'
2022-12-24 22:10:29.844 TRACE 25502 --- [           main] o.s.b.f.s.DefaultListableBeanFactory     : Returning cached instance of singleton bean 'autoConfigurationReport'
2022-12-24 22:10:29.844 TRACE 25502 --- [           main] o.s.b.f.s.DefaultListableBeanFactory     : Returning cached instance of singleton bean 'autoConfigurationReport'
2022-12-24 22:10:29.844 TRACE 25502 --- [           main] o.s.b.f.s.DefaultListableBeanFactory     : Returning cached instance of singleton bean 'autoConfigurationReport'
2022-12-24 22:10:29.845 TRACE 25502 --- [           main] o.s.b.f.s.DefaultListableBeanFactory     : Returning cached instance of singleton bean 'autoConfigurationReport'
2022-12-24 22:10:29.845 TRACE 25502 --- [           main] o.s.b.f.s.DefaultListableBeanFactory     : Returning cached instance of singleton bean 'autoConfigurationReport'
2022-12-24 22:10:29.845 TRACE 25502 --- [           main] o.s.b.f.s.DefaultListableBeanFactory     : Returning cached instance of singleton bean 'autoConfigurationReport'
2022-12-24 22:10:29.845 TRACE 25502 --- [           main] o.s.b.f.s.DefaultListableBeanFactory     : Returning cached instance of singleton bean 'autoConfigurationReport'
2022-12-24 22:10:29.845 TRACE 25502 --- [           main] o.s.b.f.s.DefaultListableBeanFactory     : Returning cached instance of singleton bean 'autoConfigurationReport'
2022-12-24 22:10:29.845 TRACE 25502 --- [           main] o.s.b.f.s.DefaultListableBeanFactory     : Returning cached instance of singleton bean 'autoConfigurationReport'
2022-12-24 22:10:29.845 TRACE 25502 --- [           main] o.s.b.f.s.DefaultListableBeanFactory     : Returning cached instance of singleton bean 'autoConfigurationReport'
2022-12-24 22:10:29.846 TRACE 25502 --- [           main] o.s.b.f.s.DefaultListableBeanFactory     : Returning cached instance of singleton bean 'autoConfigurationReport'
2022-12-24 22:10:29.846 TRACE 25502 --- [           main] o.s.b.f.s.DefaultListableBeanFactory     : Returning cached instance of singleton bean 'autoConfigurationReport'
2022-12-24 22:10:29.846 TRACE 25502 --- [           main] o.s.b.f.s.DefaultListableBeanFactory     : Returning cached instance of singleton bean 'autoConfigurationReport'
2022-12-24 22:10:29.846 TRACE 25502 --- [           main] o.s.b.f.s.DefaultListableBeanFactory     : Returning cached instance of singleton bean 'autoConfigurationReport'
2022-12-24 22:10:29.846 TRACE 25502 --- [           main] o.s.b.f.s.DefaultListableBeanFactory     : Returning cached instance of singleton bean 'autoConfigurationReport'
2022-12-24 22:10:29.846 TRACE 25502 --- [           main] o.s.b.f.s.DefaultListableBeanFactory     : Returning cached instance of singleton bean 'autoConfigurationReport'
2022-12-24 22:10:29.847 TRACE 25502 --- [           main] o.s.b.f.s.DefaultListableBeanFactory     : Returning cached instance of singleton bean 'autoConfigurationReport'
2022-12-24 22:10:29.848 TRACE 25502 --- [           main] o.s.b.f.s.DefaultListableBeanFactory     : Returning cached instance of singleton bean 'autoConfigurationReport'
2022-12-24 22:10:29.848 TRACE 25502 --- [           main] o.s.b.f.s.DefaultListableBeanFactory     : Returning cached instance of singleton bean 'autoConfigurationReport'
2022-12-24 22:10:29.848 TRACE 25502 --- [           main] o.s.b.f.s.DefaultListableBeanFactory     : Returning cached instance of singleton bean 'autoConfigurationReport'
2022-12-24 22:10:29.848 TRACE 25502 --- [           main] o.s.b.f.s.DefaultListableBeanFactory     : Returning cached instance of singleton bean 'autoConfigurationReport'
2022-12-24 22:10:29.849 TRACE 25502 --- [           main] o.s.b.f.s.DefaultListableBeanFactory     : Returning cached instance of singleton bean 'autoConfigurationReport'
2022-12-24 22:10:29.849 TRACE 25502 --- [           main] o.s.b.f.s.DefaultListableBeanFactory     : Returning cached instance of singleton bean 'autoConfigurationReport'
2022-12-24 22:10:29.849 TRACE 25502 --- [           main] o.s.b.f.s.DefaultListableBeanFactory     : Returning cached instance of singleton bean 'autoConfigurationReport'
2022-12-24 22:10:29.849 TRACE 25502 --- [           main] o.s.b.f.s.DefaultListableBeanFactory     : Returning cached instance of singleton bean 'autoConfigurationReport'
2022-12-24 22:10:29.849 TRACE 25502 --- [           main] o.s.b.f.s.DefaultListableBeanFactory     : Returning cached instance of singleton bean 'autoConfigurationReport'
2022-12-24 22:10:29.849 TRACE 25502 --- [           main] o.s.b.f.s.DefaultListableBeanFactory     : Returning cached instance of singleton bean 'autoConfigurationReport'
2022-12-24 22:10:29.849 TRACE 25502 --- [           main] o.s.b.f.s.DefaultListableBeanFactory     : Returning cached instance of singleton bean 'autoConfigurationReport'
2022-12-24 22:10:29.849 TRACE 25502 --- [           main] o.s.b.f.s.DefaultListableBeanFactory     : Returning cached instance of singleton bean 'autoConfigurationReport'
2022-12-24 22:10:29.850 TRACE 25502 --- [           main] o.s.b.f.s.DefaultListableBeanFactory     : Returning cached instance of singleton bean 'autoConfigurationReport'
2022-12-24 22:10:29.850 TRACE 25502 --- [           main] o.s.b.f.s.DefaultListableBeanFactory     : Returning cached instance of singleton bean 'autoConfigurationReport'
2022-12-24 22:10:29.850 TRACE 25502 --- [           main] o.s.b.f.s.DefaultListableBeanFactory     : Returning cached instance of singleton bean 'autoConfigurationReport'
2022-12-24 22:10:29.850 TRACE 25502 --- [           main] o.s.b.f.s.DefaultListableBeanFactory     : Returning cached instance of singleton bean 'autoConfigurationReport'
2022-12-24 22:10:29.852 TRACE 25502 --- [           main] o.s.b.f.s.DefaultListableBeanFactory     : Returning cached instance of singleton bean 'autoConfigurationReport'
2022-12-24 22:10:29.853 TRACE 25502 --- [           main] o.s.b.f.s.DefaultListableBeanFactory     : Returning cached instance of singleton bean 'autoConfigurationReport'
2022-12-24 22:10:29.853 TRACE 25502 --- [           main] o.s.b.f.s.DefaultListableBeanFactory     : Returning cached instance of singleton bean 'autoConfigurationReport'
2022-12-24 22:10:29.853 TRACE 25502 --- [           main] o.s.b.f.s.DefaultListableBeanFactory     : Returning cached instance of singleton bean 'autoConfigurationReport'
2022-12-24 22:10:29.853 TRACE 25502 --- [           main] o.s.b.f.s.DefaultListableBeanFactory     : Returning cached instance of singleton bean 'autoConfigurationReport'
2022-12-24 22:10:29.853 TRACE 25502 --- [           main] o.s.b.f.s.DefaultListableBeanFactory     : Returning cached instance of singleton bean 'autoConfigurationReport'
2022-12-24 22:10:29.853 TRACE 25502 --- [           main] o.s.b.f.s.DefaultListableBeanFactory     : Returning cached instance of singleton bean 'autoConfigurationReport'
2022-12-24 22:10:29.853 TRACE 25502 --- [           main] o.s.b.f.s.DefaultListableBeanFactory     : Returning cached instance of singleton bean 'autoConfigurationReport'
2022-12-24 22:10:29.853 TRACE 25502 --- [           main] o.s.b.f.s.DefaultListableBeanFactory     : Returning cached instance of singleton bean 'autoConfigurationReport'
2022-12-24 22:10:29.853 TRACE 25502 --- [           main] o.s.b.f.s.DefaultListableBeanFactory     : Returning cached instance of singleton bean 'autoConfigurationReport'
2022-12-24 22:10:29.853 TRACE 25502 --- [           main] o.s.b.f.s.DefaultListableBeanFactory     : Returning cached instance of singleton bean 'autoConfigurationReport'
2022-12-24 22:10:29.854 TRACE 25502 --- [           main] o.s.b.f.s.DefaultListableBeanFactory     : Returning cached instance of singleton bean 'autoConfigurationReport'
2022-12-24 22:10:29.854 TRACE 25502 --- [           main] o.s.b.f.s.DefaultListableBeanFactory     : Returning cached instance of singleton bean 'autoConfigurationReport'
2022-12-24 22:10:29.854 TRACE 25502 --- [           main] o.s.b.f.s.DefaultListableBeanFactory     : Returning cached instance of singleton bean 'autoConfigurationReport'
2022-12-24 22:10:29.854 TRACE 25502 --- [           main] o.s.b.f.s.DefaultListableBeanFactory     : Returning cached instance of singleton bean 'autoConfigurationReport'
2022-12-24 22:10:29.856 TRACE 25502 --- [           main] o.s.b.f.s.DefaultListableBeanFactory     : Returning cached instance of singleton bean 'autoConfigurationReport'
2022-12-24 22:10:29.856 TRACE 25502 --- [           main] o.s.b.f.s.DefaultListableBeanFactory     : Returning cached instance of singleton bean 'autoConfigurationReport'
2022-12-24 22:10:29.856 TRACE 25502 --- [           main] o.s.b.f.s.DefaultListableBeanFactory     : Returning cached instance of singleton bean 'autoConfigurationReport'
2022-12-24 22:10:29.856 TRACE 25502 --- [           main] o.s.b.f.s.DefaultListableBeanFactory     : Returning cached instance of singleton bean 'autoConfigurationReport'
2022-12-24 22:10:29.856 TRACE 25502 --- [           main] o.s.b.f.s.DefaultListableBeanFactory     : Returning cached instance of singleton bean 'autoConfigurationReport'
2022-12-24 22:10:29.856 TRACE 25502 --- [           main] o.s.b.f.s.DefaultListableBeanFactory     : Returning cached instance of singleton bean 'autoConfigurationReport'
2022-12-24 22:10:29.856 TRACE 25502 --- [           main] o.s.b.f.s.DefaultListableBeanFactory     : Returning cached instance of singleton bean 'autoConfigurationReport'
2022-12-24 22:10:29.857 TRACE 25502 --- [           main] o.s.b.f.s.DefaultListableBeanFactory     : Returning cached instance of singleton bean 'autoConfigurationReport'
2022-12-24 22:10:29.857 TRACE 25502 --- [           main] o.s.c.e.PropertySourcesPropertyResolver  : Searching for key 'spring.jmx.enabled' in PropertySource 'configurationProperties'
2022-12-24 22:10:29.858 DEBUG 25502 --- [           main] o.s.c.e.PropertySourcesPropertyResolver  : Found key 'spring.jmx.enabled' in PropertySource 'configurationProperties' with value of type String
2022-12-24 22:10:29.858 TRACE 25502 --- [           main] o.s.b.f.s.DefaultListableBeanFactory     : Returning cached instance of singleton bean 'autoConfigurationReport'
2022-12-24 22:10:29.858 TRACE 25502 --- [           main] o.s.b.f.s.DefaultListableBeanFactory     : Returning cached instance of singleton bean 'autoConfigurationReport'
2022-12-24 22:10:29.858 TRACE 25502 --- [           main] o.s.b.f.s.DefaultListableBeanFactory     : Returning cached instance of singleton bean 'autoConfigurationReport'
2022-12-24 22:10:29.858 TRACE 25502 --- [           main] o.s.b.f.s.DefaultListableBeanFactory     : Returning cached instance of singleton bean 'autoConfigurationReport'
2022-12-24 22:10:29.858 TRACE 25502 --- [           main] o.s.b.f.s.DefaultListableBeanFactory     : Returning cached instance of singleton bean 'autoConfigurationReport'
2022-12-24 22:10:29.858 TRACE 25502 --- [           main] o.s.b.f.s.DefaultListableBeanFactory     : Returning cached instance of singleton bean 'autoConfigurationReport'
2022-12-24 22:10:29.858 TRACE 25502 --- [           main] o.s.b.f.s.DefaultListableBeanFactory     : Returning cached instance of singleton bean 'autoConfigurationReport'
2022-12-24 22:10:29.859 TRACE 25502 --- [           main] o.s.b.f.s.DefaultListableBeanFactory     : Returning cached instance of singleton bean 'autoConfigurationReport'
2022-12-24 22:10:29.859 TRACE 25502 --- [           main] o.s.b.f.s.DefaultListableBeanFactory     : Returning cached instance of singleton bean 'autoConfigurationReport'
2022-12-24 22:10:29.859 TRACE 25502 --- [           main] o.s.b.f.s.DefaultListableBeanFactory     : Returning cached instance of singleton bean 'autoConfigurationReport'
2022-12-24 22:10:29.859 TRACE 25502 --- [           main] o.s.b.f.s.DefaultListableBeanFactory     : Returning cached instance of singleton bean 'autoConfigurationReport'
2022-12-24 22:10:29.860 TRACE 25502 --- [           main] o.s.b.f.s.DefaultListableBeanFactory     : Returning cached instance of singleton bean 'autoConfigurationReport'
2022-12-24 22:10:29.860 TRACE 25502 --- [           main] o.s.b.f.s.DefaultListableBeanFactory     : Returning cached instance of singleton bean 'autoConfigurationReport'
2022-12-24 22:10:29.860 TRACE 25502 --- [           main] o.s.b.f.s.DefaultListableBeanFactory     : Returning cached instance of singleton bean 'autoConfigurationReport'
2022-12-24 22:10:29.860 TRACE 25502 --- [           main] o.s.b.f.s.DefaultListableBeanFactory     : Returning cached instance of singleton bean 'autoConfigurationReport'
2022-12-24 22:10:29.860 TRACE 25502 --- [           main] o.s.b.f.s.DefaultListableBeanFactory     : Returning cached instance of singleton bean 'autoConfigurationReport'
2022-12-24 22:10:29.860 TRACE 25502 --- [           main] o.s.b.f.s.DefaultListableBeanFactory     : Returning cached instance of singleton bean 'autoConfigurationReport'
2022-12-24 22:10:29.860 TRACE 25502 --- [           main] o.s.b.f.s.DefaultListableBeanFactory     : Returning cached instance of singleton bean 'autoConfigurationReport'
2022-12-24 22:10:29.865 TRACE 25502 --- [           main] o.s.b.f.s.DefaultListableBeanFactory     : Returning cached instance of singleton bean 'autoConfigurationReport'
2022-12-24 22:10:29.865 TRACE 25502 --- [           main] o.s.b.f.s.DefaultListableBeanFactory     : Returning cached instance of singleton bean 'autoConfigurationReport'
2022-12-24 22:10:29.865 TRACE 25502 --- [           main] o.s.b.f.s.DefaultListableBeanFactory     : Returning cached instance of singleton bean 'autoConfigurationReport'
2022-12-24 22:10:29.865 TRACE 25502 --- [           main] o.s.b.f.s.DefaultListableBeanFactory     : Returning cached instance of singleton bean 'autoConfigurationReport'
2022-12-24 22:10:29.865 TRACE 25502 --- [           main] o.s.b.f.s.DefaultListableBeanFactory     : Returning cached instance of singleton bean 'autoConfigurationReport'
2022-12-24 22:10:29.867 TRACE 25502 --- [           main] o.s.b.f.s.DefaultListableBeanFactory     : Returning cached instance of singleton bean 'autoConfigurationReport'
2022-12-24 22:10:29.867 TRACE 25502 --- [           main] o.s.b.f.s.DefaultListableBeanFactory     : Returning cached instance of singleton bean 'autoConfigurationReport'
2022-12-24 22:10:29.867 TRACE 25502 --- [           main] o.s.b.f.s.DefaultListableBeanFactory     : Returning cached instance of singleton bean 'autoConfigurationReport'
2022-12-24 22:10:29.867 TRACE 25502 --- [           main] o.s.b.f.s.DefaultListableBeanFactory     : Returning cached instance of singleton bean 'autoConfigurationReport'
2022-12-24 22:10:29.869 TRACE 25502 --- [           main] o.s.b.f.s.DefaultListableBeanFactory     : Returning cached instance of singleton bean 'autoConfigurationReport'
2022-12-24 22:10:29.869 TRACE 25502 --- [           main] o.s.b.f.s.DefaultListableBeanFactory     : Returning cached instance of singleton bean 'autoConfigurationReport'
2022-12-24 22:10:29.869 TRACE 25502 --- [           main] o.s.b.f.s.DefaultListableBeanFactory     : Returning cached instance of singleton bean 'autoConfigurationReport'
2022-12-24 22:10:29.869 TRACE 25502 --- [           main] o.s.b.f.s.DefaultListableBeanFactory     : Returning cached instance of singleton bean 'autoConfigurationReport'
2022-12-24 22:10:29.869 TRACE 25502 --- [           main] o.s.b.f.s.DefaultListableBeanFactory     : Returning cached instance of singleton bean 'autoConfigurationReport'
2022-12-24 22:10:29.869 TRACE 25502 --- [           main] o.s.b.f.s.DefaultListableBeanFactory     : Returning cached instance of singleton bean 'autoConfigurationReport'
2022-12-24 22:10:29.869 TRACE 25502 --- [           main] o.s.b.f.s.DefaultListableBeanFactory     : Returning cached instance of singleton bean 'autoConfigurationReport'
2022-12-24 22:10:29.869 TRACE 25502 --- [           main] o.s.b.f.s.DefaultListableBeanFactory     : Returning cached instance of singleton bean 'autoConfigurationReport'
2022-12-24 22:10:29.869 TRACE 25502 --- [           main] o.s.b.f.s.DefaultListableBeanFactory     : Returning cached instance of singleton bean 'autoConfigurationReport'
2022-12-24 22:10:29.869 TRACE 25502 --- [           main] o.s.b.f.s.DefaultListableBeanFactory     : Returning cached instance of singleton bean 'autoConfigurationReport'
2022-12-24 22:10:29.869 TRACE 25502 --- [           main] o.s.b.f.s.DefaultListableBeanFactory     : Returning cached instance of singleton bean 'autoConfigurationReport'
2022-12-24 22:10:29.869 TRACE 25502 --- [           main] o.s.b.f.s.DefaultListableBeanFactory     : Returning cached instance of singleton bean 'autoConfigurationReport'
2022-12-24 22:10:29.869 TRACE 25502 --- [           main] o.s.b.f.s.DefaultListableBeanFactory     : Returning cached instance of singleton bean 'autoConfigurationReport'
2022-12-24 22:10:29.869 TRACE 25502 --- [           main] o.s.b.f.s.DefaultListableBeanFactory     : Returning cached instance of singleton bean 'autoConfigurationReport'
2022-12-24 22:10:29.869 TRACE 25502 --- [           main] o.s.b.f.s.DefaultListableBeanFactory     : Returning cached instance of singleton bean 'autoConfigurationReport'
2022-12-24 22:10:29.869 TRACE 25502 --- [           main] o.s.b.f.s.DefaultListableBeanFactory     : Returning cached instance of singleton bean 'autoConfigurationReport'
2022-12-24 22:10:29.870 TRACE 25502 --- [           main] o.s.b.f.s.DefaultListableBeanFactory     : Returning cached instance of singleton bean 'autoConfigurationReport'
2022-12-24 22:10:29.870 TRACE 25502 --- [           main] o.s.b.f.s.DefaultListableBeanFactory     : Returning cached instance of singleton bean 'autoConfigurationReport'
2022-12-24 22:10:29.870 TRACE 25502 --- [           main] o.s.b.f.s.DefaultListableBeanFactory     : Returning cached instance of singleton bean 'autoConfigurationReport'
2022-12-24 22:10:29.870 TRACE 25502 --- [           main] o.s.b.f.s.DefaultListableBeanFactory     : Returning cached instance of singleton bean 'autoConfigurationReport'
2022-12-24 22:10:29.872 TRACE 25502 --- [           main] o.s.b.f.s.DefaultListableBeanFactory     : Returning cached instance of singleton bean 'autoConfigurationReport'
2022-12-24 22:10:29.872 TRACE 25502 --- [           main] o.s.b.f.s.DefaultListableBeanFactory     : Returning cached instance of singleton bean 'autoConfigurationReport'
2022-12-24 22:10:29.873 TRACE 25502 --- [           main] o.s.b.f.s.DefaultListableBeanFactory     : Returning cached instance of singleton bean 'autoConfigurationReport'
2022-12-24 22:10:29.873 TRACE 25502 --- [           main] o.s.b.f.s.DefaultListableBeanFactory     : Returning cached instance of singleton bean 'autoConfigurationReport'
2022-12-24 22:10:29.874 TRACE 25502 --- [           main] o.s.b.f.s.DefaultListableBeanFactory     : Returning cached instance of singleton bean 'autoConfigurationReport'
2022-12-24 22:10:29.874 TRACE 25502 --- [           main] o.s.b.f.s.DefaultListableBeanFactory     : Returning cached instance of singleton bean 'autoConfigurationReport'
2022-12-24 22:10:29.874 TRACE 25502 --- [           main] o.s.b.f.s.DefaultListableBeanFactory     : Returning cached instance of singleton bean 'autoConfigurationReport'
2022-12-24 22:10:29.874 TRACE 25502 --- [           main] o.s.b.f.s.DefaultListableBeanFactory     : Returning cached instance of singleton bean 'autoConfigurationReport'
2022-12-24 22:10:29.875 TRACE 25502 --- [           main] o.s.b.f.s.DefaultListableBeanFactory     : Returning cached instance of singleton bean 'autoConfigurationReport'
2022-12-24 22:10:29.875 TRACE 25502 --- [           main] o.s.b.f.s.DefaultListableBeanFactory     : Returning cached instance of singleton bean 'autoConfigurationReport'
2022-12-24 22:10:29.875 TRACE 25502 --- [           main] o.s.b.f.s.DefaultListableBeanFactory     : Returning cached instance of singleton bean 'autoConfigurationReport'
2022-12-24 22:10:29.875 TRACE 25502 --- [           main] o.s.b.f.s.DefaultListableBeanFactory     : Returning cached instance of singleton bean 'autoConfigurationReport'
2022-12-24 22:10:29.875 TRACE 25502 --- [           main] o.s.b.f.s.DefaultListableBeanFactory     : Returning cached instance of singleton bean 'autoConfigurationReport'
2022-12-24 22:10:29.875 TRACE 25502 --- [           main] o.s.b.f.s.DefaultListableBeanFactory     : Returning cached instance of singleton bean 'autoConfigurationReport'
2022-12-24 22:10:29.875 TRACE 25502 --- [           main] o.s.b.f.s.DefaultListableBeanFactory     : Returning cached instance of singleton bean 'autoConfigurationReport'
2022-12-24 22:10:29.875 TRACE 25502 --- [           main] o.s.b.f.s.DefaultListableBeanFactory     : Returning cached instance of singleton bean 'autoConfigurationReport'
2022-12-24 22:10:29.875 TRACE 25502 --- [           main] o.s.b.f.s.DefaultListableBeanFactory     : Returning cached instance of singleton bean 'autoConfigurationReport'
2022-12-24 22:10:29.876 TRACE 25502 --- [           main] o.s.b.f.s.DefaultListableBeanFactory     : Returning cached instance of singleton bean 'autoConfigurationReport'
2022-12-24 22:10:29.876 TRACE 25502 --- [           main] o.s.b.f.s.DefaultListableBeanFactory     : Returning cached instance of singleton bean 'autoConfigurationReport'
2022-12-24 22:10:29.876 TRACE 25502 --- [           main] o.s.b.f.s.DefaultListableBeanFactory     : Returning cached instance of singleton bean 'autoConfigurationReport'
2022-12-24 22:10:29.876 TRACE 25502 --- [           main] o.s.b.f.s.DefaultListableBeanFactory     : Returning cached instance of singleton bean 'autoConfigurationReport'
2022-12-24 22:10:29.876 TRACE 25502 --- [           main] o.s.b.f.s.DefaultListableBeanFactory     : Returning cached instance of singleton bean 'autoConfigurationReport'
2022-12-24 22:10:29.877 TRACE 25502 --- [           main] o.s.b.f.s.DefaultListableBeanFactory     : Returning cached instance of singleton bean 'autoConfigurationReport'
2022-12-24 22:10:29.878 TRACE 25502 --- [           main] o.s.b.f.s.DefaultListableBeanFactory     : Returning cached instance of singleton bean 'autoConfigurationReport'
2022-12-24 22:10:29.878 TRACE 25502 --- [           main] o.s.b.f.s.DefaultListableBeanFactory     : Returning cached instance of singleton bean 'autoConfigurationReport'
2022-12-24 22:10:29.878 TRACE 25502 --- [           main] o.s.b.f.s.DefaultListableBeanFactory     : Returning cached instance of singleton bean 'autoConfigurationReport'
2022-12-24 22:10:29.878 TRACE 25502 --- [           main] o.s.b.f.s.DefaultListableBeanFactory     : Returning cached instance of singleton bean 'autoConfigurationReport'
2022-12-24 22:10:29.878 TRACE 25502 --- [           main] o.s.b.f.s.DefaultListableBeanFactory     : Returning cached instance of singleton bean 'autoConfigurationReport'
2022-12-24 22:10:29.878 TRACE 25502 --- [           main] o.s.b.f.s.DefaultListableBeanFactory     : Returning cached instance of singleton bean 'autoConfigurationReport'
2022-12-24 22:10:29.878 TRACE 25502 --- [           main] o.s.b.f.s.DefaultListableBeanFactory     : Returning cached instance of singleton bean 'autoConfigurationReport'
2022-12-24 22:10:29.879 TRACE 25502 --- [           main] o.s.b.f.s.DefaultListableBeanFactory     : Returning cached instance of singleton bean 'autoConfigurationReport'
2022-12-24 22:10:29.880 TRACE 25502 --- [           main] o.s.b.f.s.DefaultListableBeanFactory     : Returning cached instance of singleton bean 'autoConfigurationReport'
2022-12-24 22:10:29.880 TRACE 25502 --- [           main] o.s.b.f.s.DefaultListableBeanFactory     : Returning cached instance of singleton bean 'autoConfigurationReport'
2022-12-24 22:10:29.880 TRACE 25502 --- [           main] o.s.b.f.s.DefaultListableBeanFactory     : Returning cached instance of singleton bean 'autoConfigurationReport'
2022-12-24 22:10:29.880 TRACE 25502 --- [           main] o.s.b.f.s.DefaultListableBeanFactory     : Returning cached instance of singleton bean 'autoConfigurationReport'
2022-12-24 22:10:29.884 TRACE 25502 --- [           main] o.s.b.f.s.DefaultListableBeanFactory     : Returning cached instance of singleton bean 'autoConfigurationReport'
2022-12-24 22:10:29.889 TRACE 25502 --- [           main] o.s.b.f.s.DefaultListableBeanFactory     : Returning cached instance of singleton bean 'autoConfigurationReport'
2022-12-24 22:10:29.889 TRACE 25502 --- [           main] o.s.b.f.s.DefaultListableBeanFactory     : Returning cached instance of singleton bean 'autoConfigurationReport'
2022-12-24 22:10:29.889 TRACE 25502 --- [           main] o.s.b.f.s.DefaultListableBeanFactory     : Returning cached instance of singleton bean 'autoConfigurationReport'
2022-12-24 22:10:29.889 TRACE 25502 --- [           main] o.s.b.f.s.DefaultListableBeanFactory     : Returning cached instance of singleton bean 'autoConfigurationReport'
2022-12-24 22:10:29.889 TRACE 25502 --- [           main] o.s.b.f.s.DefaultListableBeanFactory     : Returning cached instance of singleton bean 'autoConfigurationReport'
2022-12-24 22:10:29.890 TRACE 25502 --- [           main] o.s.b.f.s.DefaultListableBeanFactory     : Returning cached instance of singleton bean 'autoConfigurationReport'
2022-12-24 22:10:29.890 TRACE 25502 --- [           main] o.s.b.f.s.DefaultListableBeanFactory     : Returning cached instance of singleton bean 'autoConfigurationReport'
2022-12-24 22:10:29.890 TRACE 25502 --- [           main] o.s.b.f.s.DefaultListableBeanFactory     : Returning cached instance of singleton bean 'autoConfigurationReport'
2022-12-24 22:10:29.891 TRACE 25502 --- [           main] o.s.b.f.s.DefaultListableBeanFactory     : Returning cached instance of singleton bean 'autoConfigurationReport'
2022-12-24 22:10:29.891 TRACE 25502 --- [           main] o.s.b.f.s.DefaultListableBeanFactory     : Returning cached instance of singleton bean 'autoConfigurationReport'
2022-12-24 22:10:29.891 TRACE 25502 --- [           main] o.s.b.f.s.DefaultListableBeanFactory     : Returning cached instance of singleton bean 'autoConfigurationReport'
2022-12-24 22:10:29.891 TRACE 25502 --- [           main] o.s.b.f.s.DefaultListableBeanFactory     : Returning cached instance of singleton bean 'autoConfigurationReport'
2022-12-24 22:10:29.891 TRACE 25502 --- [           main] o.s.b.f.s.DefaultListableBeanFactory     : Returning cached instance of singleton bean 'autoConfigurationReport'
2022-12-24 22:10:29.892 TRACE 25502 --- [           main] o.s.b.f.s.DefaultListableBeanFactory     : Returning cached instance of singleton bean 'autoConfigurationReport'
2022-12-24 22:10:29.892 TRACE 25502 --- [           main] o.s.b.f.s.DefaultListableBeanFactory     : Returning cached instance of singleton bean 'autoConfigurationReport'
2022-12-24 22:10:29.892 TRACE 25502 --- [           main] o.s.b.f.s.DefaultListableBeanFactory     : Returning cached instance of singleton bean 'autoConfigurationReport'
2022-12-24 22:10:29.892 TRACE 25502 --- [           main] o.s.b.f.s.DefaultListableBeanFactory     : Returning cached instance of singleton bean 'autoConfigurationReport'
2022-12-24 22:10:29.892 TRACE 25502 --- [           main] o.s.b.f.s.DefaultListableBeanFactory     : Returning cached instance of singleton bean 'autoConfigurationReport'
2022-12-24 22:10:29.893 TRACE 25502 --- [           main] o.s.b.f.s.DefaultListableBeanFactory     : Returning cached instance of singleton bean 'autoConfigurationReport'
2022-12-24 22:10:29.893 TRACE 25502 --- [           main] o.s.b.f.s.DefaultListableBeanFactory     : Returning cached instance of singleton bean 'autoConfigurationReport'
2022-12-24 22:10:29.893 TRACE 25502 --- [           main] o.s.b.f.s.DefaultListableBeanFactory     : Returning cached instance of singleton bean 'autoConfigurationReport'
2022-12-24 22:10:29.893 TRACE 25502 --- [           main] o.s.b.f.s.DefaultListableBeanFactory     : Returning cached instance of singleton bean 'autoConfigurationReport'
2022-12-24 22:10:29.908 TRACE 25502 --- [           main] o.s.b.f.s.DefaultListableBeanFactory     : Returning cached instance of singleton bean 'autoConfigurationReport'
2022-12-24 22:10:29.908 TRACE 25502 --- [           main] o.s.b.f.s.DefaultListableBeanFactory     : Returning cached instance of singleton bean 'autoConfigurationReport'
2022-12-24 22:10:29.908 TRACE 25502 --- [           main] o.s.b.f.s.DefaultListableBeanFactory     : Returning cached instance of singleton bean 'autoConfigurationReport'
2022-12-24 22:10:29.908 TRACE 25502 --- [           main] o.s.b.f.s.DefaultListableBeanFactory     : Returning cached instance of singleton bean 'autoConfigurationReport'
2022-12-24 22:10:29.910 TRACE 25502 --- [           main] o.s.b.f.s.DefaultListableBeanFactory     : Returning cached instance of singleton bean 'autoConfigurationReport'
2022-12-24 22:10:29.911 TRACE 25502 --- [           main] o.s.b.f.s.DefaultListableBeanFactory     : Returning cached instance of singleton bean 'autoConfigurationReport'
2022-12-24 22:10:29.911 TRACE 25502 --- [           main] o.s.b.f.s.DefaultListableBeanFactory     : Returning cached instance of singleton bean 'autoConfigurationReport'
2022-12-24 22:10:29.911 TRACE 25502 --- [           main] o.s.b.f.s.DefaultListableBeanFactory     : Returning cached instance of singleton bean 'autoConfigurationReport'
2022-12-24 22:10:29.911 TRACE 25502 --- [           main] o.s.b.f.s.DefaultListableBeanFactory     : Returning cached instance of singleton bean 'autoConfigurationReport'
2022-12-24 22:10:29.912 TRACE 25502 --- [           main] o.s.b.f.s.DefaultListableBeanFactory     : Returning cached instance of singleton bean 'autoConfigurationReport'
2022-12-24 22:10:29.912 TRACE 25502 --- [           main] o.s.b.f.s.DefaultListableBeanFactory     : Returning cached instance of singleton bean 'autoConfigurationReport'
2022-12-24 22:10:29.913 TRACE 25502 --- [           main] o.s.b.f.s.DefaultListableBeanFactory     : Returning cached instance of singleton bean 'autoConfigurationReport'
2022-12-24 22:10:29.914 TRACE 25502 --- [           main] o.s.b.f.s.DefaultListableBeanFactory     : Returning cached instance of singleton bean 'autoConfigurationReport'
2022-12-24 22:10:29.914 TRACE 25502 --- [           main] o.s.c.e.PropertySourcesPropertyResolver  : Searching for key 'spring.jmx.enabled' in PropertySource 'configurationProperties'
2022-12-24 22:10:29.914 DEBUG 25502 --- [           main] o.s.c.e.PropertySourcesPropertyResolver  : Found key 'spring.jmx.enabled' in PropertySource 'configurationProperties' with value of type String
2022-12-24 22:10:29.914 TRACE 25502 --- [           main] o.s.b.f.s.DefaultListableBeanFactory     : Returning cached instance of singleton bean 'autoConfigurationReport'
2022-12-24 22:10:29.915 TRACE 25502 --- [           main] o.s.c.e.PropertySourcesPropertyResolver  : Searching for key 'spring.datasource.url' in PropertySource 'configurationProperties'
2022-12-24 22:10:29.915 DEBUG 25502 --- [           main] o.s.c.e.PropertySourcesPropertyResolver  : Found key 'spring.datasource.url' in PropertySource 'configurationProperties' with value of type String
2022-12-24 22:10:29.915 TRACE 25502 --- [           main] o.s.b.f.s.DefaultListableBeanFactory     : Returning cached instance of singleton bean 'autoConfigurationReport'
2022-12-24 22:10:29.917 TRACE 25502 --- [           main] o.s.b.f.s.DefaultListableBeanFactory     : Returning cached instance of singleton bean 'autoConfigurationReport'
2022-12-24 22:10:29.917 TRACE 25502 --- [           main] o.s.b.f.s.DefaultListableBeanFactory     : Returning cached instance of singleton bean 'autoConfigurationReport'
2022-12-24 22:10:29.917 TRACE 25502 --- [           main] o.s.b.f.s.DefaultListableBeanFactory     : Returning cached instance of singleton bean 'autoConfigurationReport'
2022-12-24 22:10:29.919 TRACE 25502 --- [           main] o.s.b.f.s.DefaultListableBeanFactory     : Returning cached instance of singleton bean 'autoConfigurationReport'
2022-12-24 22:10:29.920 TRACE 25502 --- [           main] o.s.b.f.s.DefaultListableBeanFactory     : Returning cached instance of singleton bean 'autoConfigurationReport'
2022-12-24 22:10:29.920 TRACE 25502 --- [           main] o.s.b.f.s.DefaultListableBeanFactory     : Returning cached instance of singleton bean 'autoConfigurationReport'
2022-12-24 22:10:29.920 TRACE 25502 --- [           main] o.s.b.f.s.DefaultListableBeanFactory     : Returning cached instance of singleton bean 'autoConfigurationReport'
2022-12-24 22:10:29.920 TRACE 25502 --- [           main] o.s.b.f.s.DefaultListableBeanFactory     : Returning cached instance of singleton bean 'autoConfigurationReport'
2022-12-24 22:10:29.920 TRACE 25502 --- [           main] o.s.b.f.s.DefaultListableBeanFactory     : Returning cached instance of singleton bean 'autoConfigurationReport'
2022-12-24 22:10:29.921 TRACE 25502 --- [           main] o.s.b.f.s.DefaultListableBeanFactory     : Returning cached instance of singleton bean 'autoConfigurationReport'
2022-12-24 22:10:29.923 TRACE 25502 --- [           main] o.s.b.f.s.DefaultListableBeanFactory     : Returning cached instance of singleton bean 'autoConfigurationReport'
2022-12-24 22:10:29.927 TRACE 25502 --- [           main] o.s.b.f.s.DefaultListableBeanFactory     : Returning cached instance of singleton bean 'autoConfigurationReport'
2022-12-24 22:10:29.927 TRACE 25502 --- [           main] o.s.b.f.s.DefaultListableBeanFactory     : Returning cached instance of singleton bean 'autoConfigurationReport'
2022-12-24 22:10:29.927 TRACE 25502 --- [           main] o.s.b.f.s.DefaultListableBeanFactory     : Returning cached instance of singleton bean 'autoConfigurationReport'
2022-12-24 22:10:29.927 TRACE 25502 --- [           main] o.s.b.f.s.DefaultListableBeanFactory     : Returning cached instance of singleton bean 'autoConfigurationReport'
2022-12-24 22:10:29.930 TRACE 25502 --- [           main] o.s.b.f.s.DefaultListableBeanFactory     : Returning cached instance of singleton bean 'autoConfigurationReport'
2022-12-24 22:10:29.930 TRACE 25502 --- [           main] o.s.b.f.s.DefaultListableBeanFactory     : Returning cached instance of singleton bean 'autoConfigurationReport'
2022-12-24 22:10:29.931 TRACE 25502 --- [           main] o.s.b.f.s.DefaultListableBeanFactory     : Returning cached instance of singleton bean 'autoConfigurationReport'
2022-12-24 22:10:29.932 TRACE 25502 --- [           main] o.s.b.f.s.DefaultListableBeanFactory     : Returning cached instance of singleton bean 'autoConfigurationReport'
2022-12-24 22:10:29.933 TRACE 25502 --- [           main] o.s.b.f.s.DefaultListableBeanFactory     : Returning cached instance of singleton bean 'autoConfigurationReport'
2022-12-24 22:10:29.933 TRACE 25502 --- [           main] o.s.b.f.s.DefaultListableBeanFactory     : Returning cached instance of singleton bean 'autoConfigurationReport'
2022-12-24 22:10:29.936 TRACE 25502 --- [           main] o.s.b.f.s.DefaultListableBeanFactory     : Returning cached instance of singleton bean 'autoConfigurationReport'
2022-12-24 22:10:29.938 TRACE 25502 --- [           main] o.s.b.f.s.DefaultListableBeanFactory     : Returning cached instance of singleton bean 'autoConfigurationReport'
2022-12-24 22:10:29.939 TRACE 25502 --- [           main] o.s.b.f.s.DefaultListableBeanFactory     : Returning cached instance of singleton bean 'autoConfigurationReport'
2022-12-24 22:10:29.939 TRACE 25502 --- [           main] o.s.b.f.s.DefaultListableBeanFactory     : Returning cached instance of singleton bean 'autoConfigurationReport'
2022-12-24 22:10:29.944 TRACE 25502 --- [           main] o.s.b.f.s.DefaultListableBeanFactory     : Returning cached instance of singleton bean 'autoConfigurationReport'
2022-12-24 22:10:29.944 TRACE 25502 --- [           main] o.s.b.f.s.DefaultListableBeanFactory     : Returning cached instance of singleton bean 'autoConfigurationReport'
2022-12-24 22:10:29.944 TRACE 25502 --- [           main] o.s.b.f.s.DefaultListableBeanFactory     : Returning cached instance of singleton bean 'autoConfigurationReport'
2022-12-24 22:10:29.956 TRACE 25502 --- [           main] o.s.b.f.s.DefaultListableBeanFactory     : Returning cached instance of singleton bean 'autoConfigurationReport'
2022-12-24 22:10:29.959 TRACE 25502 --- [           main] o.s.b.f.s.DefaultListableBeanFactory     : Returning cached instance of singleton bean 'autoConfigurationReport'
2022-12-24 22:10:29.962 TRACE 25502 --- [           main] o.s.c.e.PropertySourcesPropertyResolver  : Searching for key 'spring.jpa.open-in-view' in PropertySource 'configurationProperties'
2022-12-24 22:10:29.964 DEBUG 25502 --- [           main] o.s.c.e.PropertySourcesPropertyResolver  : Found key 'spring.jpa.open-in-view' in PropertySource 'configurationProperties' with value of type String
2022-12-24 22:10:29.964 TRACE 25502 --- [           main] o.s.b.f.s.DefaultListableBeanFactory     : Returning cached instance of singleton bean 'autoConfigurationReport'
2022-12-24 22:10:29.966 TRACE 25502 --- [           main] o.s.b.f.s.DefaultListableBeanFactory     : Returning cached instance of singleton bean 'autoConfigurationReport'
2022-12-24 22:10:29.966 TRACE 25502 --- [           main] o.s.b.f.s.DefaultListableBeanFactory     : Returning cached instance of singleton bean 'autoConfigurationReport'
2022-12-24 22:10:29.966 TRACE 25502 --- [           main] o.s.b.f.s.DefaultListableBeanFactory     : Returning cached instance of singleton bean 'autoConfigurationReport'
2022-12-24 22:10:29.966 TRACE 25502 --- [           main] o.s.b.f.s.DefaultListableBeanFactory     : Returning cached instance of singleton bean 'autoConfigurationReport'
2022-12-24 22:10:29.966 TRACE 25502 --- [           main] o.s.b.f.s.DefaultListableBeanFactory     : Returning cached instance of singleton bean 'autoConfigurationReport'
2022-12-24 22:10:29.966 TRACE 25502 --- [           main] o.s.b.f.s.DefaultListableBeanFactory     : Returning cached instance of singleton bean 'autoConfigurationReport'
2022-12-24 22:10:29.969 TRACE 25502 --- [           main] o.s.b.f.s.DefaultListableBeanFactory     : Returning cached instance of singleton bean 'autoConfigurationReport'
2022-12-24 22:10:29.970 TRACE 25502 --- [           main] o.s.b.f.s.DefaultListableBeanFactory     : Returning cached instance of singleton bean 'autoConfigurationReport'
2022-12-24 22:10:29.970 TRACE 25502 --- [           main] o.s.b.f.s.DefaultListableBeanFactory     : Returning cached instance of singleton bean 'autoConfigurationReport'
2022-12-24 22:10:29.970 TRACE 25502 --- [           main] o.s.b.f.s.DefaultListableBeanFactory     : Returning cached instance of singleton bean 'autoConfigurationReport'
2022-12-24 22:10:29.984 TRACE 25502 --- [           main] o.s.b.f.s.DefaultListableBeanFactory     : Returning cached instance of singleton bean 'autoConfigurationReport'
2022-12-24 22:10:29.984 TRACE 25502 --- [           main] o.s.b.f.s.DefaultListableBeanFactory     : Returning cached instance of singleton bean 'autoConfigurationReport'
2022-12-24 22:10:29.984 TRACE 25502 --- [           main] o.s.b.f.s.DefaultListableBeanFactory     : Returning cached instance of singleton bean 'autoConfigurationReport'
2022-12-24 22:10:29.986 TRACE 25502 --- [           main] o.s.b.f.s.DefaultListableBeanFactory     : Returning cached instance of singleton bean 'autoConfigurationReport'
2022-12-24 22:10:29.992 TRACE 25502 --- [           main] o.s.b.f.s.DefaultListableBeanFactory     : Returning cached instance of singleton bean 'autoConfigurationReport'
2022-12-24 22:10:29.992 TRACE 25502 --- [           main] o.s.b.f.s.DefaultListableBeanFactory     : Returning cached instance of singleton bean 'autoConfigurationReport'
2022-12-24 22:10:29.994 TRACE 25502 --- [           main] o.s.b.f.s.DefaultListableBeanFactory     : Returning cached instance of singleton bean 'autoConfigurationReport'
2022-12-24 22:10:29.994 TRACE 25502 --- [           main] o.s.b.f.s.DefaultListableBeanFactory     : Returning cached instance of singleton bean 'autoConfigurationReport'
2022-12-24 22:10:29.995 TRACE 25502 --- [           main] o.s.b.f.s.DefaultListableBeanFactory     : Returning cached instance of singleton bean 'autoConfigurationReport'
2022-12-24 22:10:29.995 TRACE 25502 --- [           main] o.s.b.f.s.DefaultListableBeanFactory     : Returning cached instance of singleton bean 'autoConfigurationReport'
2022-12-24 22:10:29.997 TRACE 25502 --- [           main] o.s.b.f.s.DefaultListableBeanFactory     : Returning cached instance of singleton bean 'autoConfigurationReport'
2022-12-24 22:10:29.998 TRACE 25502 --- [           main] o.s.b.f.s.DefaultListableBeanFactory     : Returning cached instance of singleton bean 'autoConfigurationReport'
2022-12-24 22:10:29.998 TRACE 25502 --- [           main] o.s.b.f.s.DefaultListableBeanFactory     : Returning cached instance of singleton bean 'autoConfigurationReport'
2022-12-24 22:10:30.000 TRACE 25502 --- [           main] o.s.b.f.s.DefaultListableBeanFactory     : Returning cached instance of singleton bean 'autoConfigurationReport'
2022-12-24 22:10:30.000 TRACE 25502 --- [           main] o.s.b.f.s.DefaultListableBeanFactory     : Returning cached instance of singleton bean 'autoConfigurationReport'
2022-12-24 22:10:30.000 TRACE 25502 --- [           main] o.s.b.f.s.DefaultListableBeanFactory     : Returning cached instance of singleton bean 'autoConfigurationReport'
2022-12-24 22:10:30.000 TRACE 25502 --- [           main] o.s.b.f.s.DefaultListableBeanFactory     : Returning cached instance of singleton bean 'autoConfigurationReport'
2022-12-24 22:10:30.001 TRACE 25502 --- [           main] o.s.b.f.s.DefaultListableBeanFactory     : Returning cached instance of singleton bean 'autoConfigurationReport'
2022-12-24 22:10:30.001 TRACE 25502 --- [           main] o.s.b.f.s.DefaultListableBeanFactory     : Returning cached instance of singleton bean 'autoConfigurationReport'
2022-12-24 22:10:30.001 TRACE 25502 --- [           main] o.s.b.f.s.DefaultListableBeanFactory     : Returning cached instance of singleton bean 'autoConfigurationReport'
2022-12-24 22:10:30.002 TRACE 25502 --- [           main] o.s.b.f.s.DefaultListableBeanFactory     : Returning cached instance of singleton bean 'autoConfigurationReport'
2022-12-24 22:10:30.002 TRACE 25502 --- [           main] o.s.b.f.s.DefaultListableBeanFactory     : Returning cached instance of singleton bean 'autoConfigurationReport'
2022-12-24 22:10:30.002 TRACE 25502 --- [           main] o.s.b.f.s.DefaultListableBeanFactory     : Returning cached instance of singleton bean 'autoConfigurationReport'
2022-12-24 22:10:30.002 TRACE 25502 --- [           main] o.s.b.f.s.DefaultListableBeanFactory     : Returning cached instance of singleton bean 'autoConfigurationReport'
2022-12-24 22:10:30.003 TRACE 25502 --- [           main] o.s.b.f.s.DefaultListableBeanFactory     : Returning cached instance of singleton bean 'autoConfigurationReport'
2022-12-24 22:10:30.003 TRACE 25502 --- [           main] o.s.b.f.s.DefaultListableBeanFactory     : Returning cached instance of singleton bean 'autoConfigurationReport'
2022-12-24 22:10:30.003 TRACE 25502 --- [           main] o.s.b.f.s.DefaultListableBeanFactory     : Returning cached instance of singleton bean 'autoConfigurationReport'
2022-12-24 22:10:30.003 TRACE 25502 --- [           main] o.s.b.f.s.DefaultListableBeanFactory     : Returning cached instance of singleton bean 'autoConfigurationReport'
2022-12-24 22:10:30.003 TRACE 25502 --- [           main] o.s.b.f.s.DefaultListableBeanFactory     : Returning cached instance of singleton bean 'autoConfigurationReport'
2022-12-24 22:10:30.003 TRACE 25502 --- [           main] o.s.b.f.s.DefaultListableBeanFactory     : Returning cached instance of singleton bean 'autoConfigurationReport'
2022-12-24 22:10:30.005 TRACE 25502 --- [           main] o.s.b.f.s.DefaultListableBeanFactory     : Returning cached instance of singleton bean 'autoConfigurationReport'
2022-12-24 22:10:30.005 TRACE 25502 --- [           main] o.s.b.f.s.DefaultListableBeanFactory     : Returning cached instance of singleton bean 'autoConfigurationReport'
2022-12-24 22:10:30.005 TRACE 25502 --- [           main] o.s.b.f.s.DefaultListableBeanFactory     : Returning cached instance of singleton bean 'autoConfigurationReport'
2022-12-24 22:10:30.005 TRACE 25502 --- [           main] o.s.b.f.s.DefaultListableBeanFactory     : Returning cached instance of singleton bean 'autoConfigurationReport'
2022-12-24 22:10:30.006 TRACE 25502 --- [           main] o.s.b.f.s.DefaultListableBeanFactory     : Returning cached instance of singleton bean 'autoConfigurationReport'
2022-12-24 22:10:30.006 TRACE 25502 --- [           main] o.s.b.f.s.DefaultListableBeanFactory     : Returning cached instance of singleton bean 'autoConfigurationReport'
2022-12-24 22:10:30.006 TRACE 25502 --- [           main] o.s.b.f.s.DefaultListableBeanFactory     : Returning cached instance of singleton bean 'autoConfigurationReport'
2022-12-24 22:10:30.007 TRACE 25502 --- [           main] o.s.b.f.s.DefaultListableBeanFactory     : Returning cached instance of singleton bean 'autoConfigurationReport'
2022-12-24 22:10:30.007 TRACE 25502 --- [           main] o.s.b.f.s.DefaultListableBeanFactory     : Returning cached instance of singleton bean 'autoConfigurationReport'
2022-12-24 22:10:30.007 TRACE 25502 --- [           main] o.s.b.f.s.DefaultListableBeanFactory     : Returning cached instance of singleton bean 'autoConfigurationReport'
2022-12-24 22:10:30.007 TRACE 25502 --- [           main] o.s.b.f.s.DefaultListableBeanFactory     : Returning cached instance of singleton bean 'autoConfigurationReport'
2022-12-24 22:10:30.008 TRACE 25502 --- [           main] o.s.b.f.s.DefaultListableBeanFactory     : Returning cached instance of singleton bean 'autoConfigurationReport'
2022-12-24 22:10:30.008 TRACE 25502 --- [           main] o.s.b.f.s.DefaultListableBeanFactory     : Returning cached instance of singleton bean 'autoConfigurationReport'
2022-12-24 22:10:30.008 TRACE 25502 --- [           main] o.s.b.f.s.DefaultListableBeanFactory     : Returning cached instance of singleton bean 'autoConfigurationReport'
2022-12-24 22:10:30.008 TRACE 25502 --- [           main] o.s.b.f.s.DefaultListableBeanFactory     : Returning cached instance of singleton bean 'autoConfigurationReport'
2022-12-24 22:10:30.011 TRACE 25502 --- [           main] o.s.b.f.s.DefaultListableBeanFactory     : Returning cached instance of singleton bean 'autoConfigurationReport'
2022-12-24 22:10:30.011 TRACE 25502 --- [           main] o.s.b.f.s.DefaultListableBeanFactory     : Returning cached instance of singleton bean 'autoConfigurationReport'
2022-12-24 22:10:30.011 TRACE 25502 --- [           main] o.s.b.f.s.DefaultListableBeanFactory     : Returning cached instance of singleton bean 'autoConfigurationReport'
2022-12-24 22:10:30.011 TRACE 25502 --- [           main] o.s.b.f.s.DefaultListableBeanFactory     : Returning cached instance of singleton bean 'autoConfigurationReport'
2022-12-24 22:10:30.011 TRACE 25502 --- [           main] o.s.b.f.s.DefaultListableBeanFactory     : Returning cached instance of singleton bean 'autoConfigurationReport'
2022-12-24 22:10:30.011 TRACE 25502 --- [           main] o.s.b.f.s.DefaultListableBeanFactory     : Returning cached instance of singleton bean 'autoConfigurationReport'
2022-12-24 22:10:30.012 TRACE 25502 --- [           main] o.s.b.f.s.DefaultListableBeanFactory     : Returning cached instance of singleton bean 'autoConfigurationReport'
2022-12-24 22:10:30.012 TRACE 25502 --- [           main] o.s.b.f.s.DefaultListableBeanFactory     : Returning cached instance of singleton bean 'autoConfigurationReport'
2022-12-24 22:10:30.012 TRACE 25502 --- [           main] o.s.b.f.s.DefaultListableBeanFactory     : Returning cached instance of singleton bean 'autoConfigurationReport'
2022-12-24 22:10:30.012 TRACE 25502 --- [           main] o.s.b.f.s.DefaultListableBeanFactory     : Returning cached instance of singleton bean 'autoConfigurationReport'
2022-12-24 22:10:30.012 TRACE 25502 --- [           main] o.s.b.f.s.DefaultListableBeanFactory     : Returning cached instance of singleton bean 'autoConfigurationReport'
2022-12-24 22:10:30.012 TRACE 25502 --- [           main] o.s.b.f.s.DefaultListableBeanFactory     : Returning cached instance of singleton bean 'autoConfigurationReport'
2022-12-24 22:10:30.012 TRACE 25502 --- [           main] o.s.b.f.s.DefaultListableBeanFactory     : Returning cached instance of singleton bean 'autoConfigurationReport'
2022-12-24 22:10:30.013 TRACE 25502 --- [           main] o.s.b.f.s.DefaultListableBeanFactory     : Returning cached instance of singleton bean 'autoConfigurationReport'
2022-12-24 22:10:30.013 TRACE 25502 --- [           main] o.s.b.f.s.DefaultListableBeanFactory     : Returning cached instance of singleton bean 'autoConfigurationReport'
2022-12-24 22:10:30.013 TRACE 25502 --- [           main] o.s.b.f.s.DefaultListableBeanFactory     : Returning cached instance of singleton bean 'autoConfigurationReport'
2022-12-24 22:10:30.013 TRACE 25502 --- [           main] o.s.b.f.s.DefaultListableBeanFactory     : Returning cached instance of singleton bean 'autoConfigurationReport'
2022-12-24 22:10:30.013 TRACE 25502 --- [           main] o.s.b.f.s.DefaultListableBeanFactory     : Returning cached instance of singleton bean 'autoConfigurationReport'
2022-12-24 22:10:30.013 TRACE 25502 --- [           main] o.s.b.f.s.DefaultListableBeanFactory     : Returning cached instance of singleton bean 'autoConfigurationReport'
2022-12-24 22:10:30.013 TRACE 25502 --- [           main] o.s.b.f.s.DefaultListableBeanFactory     : Returning cached instance of singleton bean 'autoConfigurationReport'
2022-12-24 22:10:30.013 TRACE 25502 --- [           main] o.s.b.f.s.DefaultListableBeanFactory     : Returning cached instance of singleton bean 'autoConfigurationReport'
2022-12-24 22:10:30.013 TRACE 25502 --- [           main] o.s.b.f.s.DefaultListableBeanFactory     : Returning cached instance of singleton bean 'autoConfigurationReport'
2022-12-24 22:10:30.014 TRACE 25502 --- [           main] o.s.b.f.s.DefaultListableBeanFactory     : Returning cached instance of singleton bean 'autoConfigurationReport'
2022-12-24 22:10:30.014 TRACE 25502 --- [           main] o.s.b.f.s.DefaultListableBeanFactory     : Returning cached instance of singleton bean 'autoConfigurationReport'
2022-12-24 22:10:30.014 TRACE 25502 --- [           main] o.s.b.f.s.DefaultListableBeanFactory     : Returning cached instance of singleton bean 'autoConfigurationReport'
2022-12-24 22:10:30.014 TRACE 25502 --- [           main] o.s.b.f.s.DefaultListableBeanFactory     : Returning cached instance of singleton bean 'autoConfigurationReport'
2022-12-24 22:10:30.014 TRACE 25502 --- [           main] o.s.b.f.s.DefaultListableBeanFactory     : Returning cached instance of singleton bean 'autoConfigurationReport'
2022-12-24 22:10:30.014 TRACE 25502 --- [           main] o.s.b.f.s.DefaultListableBeanFactory     : Returning cached instance of singleton bean 'autoConfigurationReport'
2022-12-24 22:10:30.015 TRACE 25502 --- [           main] o.s.b.f.s.DefaultListableBeanFactory     : Returning cached instance of singleton bean 'autoConfigurationReport'
2022-12-24 22:10:30.015 TRACE 25502 --- [           main] o.s.b.f.s.DefaultListableBeanFactory     : Returning cached instance of singleton bean 'autoConfigurationReport'
2022-12-24 22:10:30.015 TRACE 25502 --- [           main] o.s.b.f.s.DefaultListableBeanFactory     : Returning cached instance of singleton bean 'autoConfigurationReport'
2022-12-24 22:10:30.015 TRACE 25502 --- [           main] o.s.b.f.s.DefaultListableBeanFactory     : Returning cached instance of singleton bean 'autoConfigurationReport'
2022-12-24 22:10:30.015 TRACE 25502 --- [           main] o.s.b.f.s.DefaultListableBeanFactory     : Returning cached instance of singleton bean 'autoConfigurationReport'
2022-12-24 22:10:30.015 TRACE 25502 --- [           main] o.s.b.f.s.DefaultListableBeanFactory     : Returning cached instance of singleton bean 'autoConfigurationReport'
2022-12-24 22:10:30.015 TRACE 25502 --- [           main] o.s.b.f.s.DefaultListableBeanFactory     : Returning cached instance of singleton bean 'autoConfigurationReport'
2022-12-24 22:10:30.015 TRACE 25502 --- [           main] o.s.b.f.s.DefaultListableBeanFactory     : Returning cached instance of singleton bean 'autoConfigurationReport'
2022-12-24 22:10:30.015 TRACE 25502 --- [           main] o.s.b.f.s.DefaultListableBeanFactory     : Returning cached instance of singleton bean 'autoConfigurationReport'
2022-12-24 22:10:30.015 TRACE 25502 --- [           main] o.s.b.f.s.DefaultListableBeanFactory     : Returning cached instance of singleton bean 'autoConfigurationReport'
2022-12-24 22:10:30.017 TRACE 25502 --- [           main] o.s.b.f.s.DefaultListableBeanFactory     : Returning cached instance of singleton bean 'autoConfigurationReport'
2022-12-24 22:10:30.018 TRACE 25502 --- [           main] o.s.b.f.s.DefaultListableBeanFactory     : Returning cached instance of singleton bean 'autoConfigurationReport'
2022-12-24 22:10:30.018 TRACE 25502 --- [           main] o.s.b.f.s.DefaultListableBeanFactory     : Returning cached instance of singleton bean 'autoConfigurationReport'
2022-12-24 22:10:30.018 TRACE 25502 --- [           main] o.s.b.f.s.DefaultListableBeanFactory     : Returning cached instance of singleton bean 'autoConfigurationReport'
2022-12-24 22:10:30.018 TRACE 25502 --- [           main] o.s.b.f.s.DefaultListableBeanFactory     : Returning cached instance of singleton bean 'autoConfigurationReport'
2022-12-24 22:10:30.023 TRACE 25502 --- [           main] o.s.c.e.PropertySourcesPropertyResolver  : Searching for key 'spring.data.jpa.repositories.bootstrap-mode' in PropertySource 'configurationProperties'
2022-12-24 22:10:30.024 TRACE 25502 --- [           main] o.s.c.e.PropertySourcesPropertyResolver  : Searching for key 'spring.data.jpa.repositories.bootstrap-mode' in PropertySource 'test'
2022-12-24 22:10:30.024 TRACE 25502 --- [           main] o.s.c.e.PropertySourcesPropertyResolver  : Searching for key 'spring.data.jpa.repositories.bootstrap-mode' in PropertySource 'Inlined Test Properties'
2022-12-24 22:10:30.024 TRACE 25502 --- [           main] o.s.c.e.PropertySourcesPropertyResolver  : Searching for key 'spring.data.jpa.repositories.bootstrap-mode' in PropertySource 'systemProperties'
2022-12-24 22:10:30.024 TRACE 25502 --- [           main] o.s.c.e.PropertySourcesPropertyResolver  : Searching for key 'spring.data.jpa.repositories.bootstrap-mode' in PropertySource 'systemEnvironment'
2022-12-24 22:10:30.024 TRACE 25502 --- [           main] o.s.c.e.PropertySourcesPropertyResolver  : Searching for key 'spring.data.jpa.repositories.bootstrap-mode' in PropertySource 'random'
2022-12-24 22:10:30.024 TRACE 25502 --- [           main] o.s.c.e.PropertySourcesPropertyResolver  : Searching for key 'spring.data.jpa.repositories.bootstrap-mode' in PropertySource 'Config resource 'class path resource [application.properties]' via location 'optional:classpath:/''
2022-12-24 22:10:30.024 TRACE 25502 --- [           main] o.s.c.e.PropertySourcesPropertyResolver  : Searching for key 'spring.data.jpa.repositories.bootstrap-mode' in PropertySource 'class path resource [springdoc.swagger-ui.config]'
2022-12-24 22:10:30.024 TRACE 25502 --- [           main] o.s.c.e.PropertySourcesPropertyResolver  : Could not find key 'spring.data.jpa.repositories.bootstrap-mode' in any property source
2022-12-24 22:10:30.024 TRACE 25502 --- [           main] o.s.b.f.s.DefaultListableBeanFactory     : Returning cached instance of singleton bean 'autoConfigurationReport'
2022-12-24 22:10:30.024 TRACE 25502 --- [           main] o.s.b.f.s.DefaultListableBeanFactory     : Returning cached instance of singleton bean 'autoConfigurationReport'
2022-12-24 22:10:30.024 TRACE 25502 --- [           main] o.s.b.f.s.DefaultListableBeanFactory     : Returning cached instance of singleton bean 'autoConfigurationReport'
2022-12-24 22:10:30.024 TRACE 25502 --- [           main] o.s.b.f.s.DefaultListableBeanFactory     : Returning cached instance of singleton bean 'autoConfigurationReport'
2022-12-24 22:10:30.024 TRACE 25502 --- [           main] o.s.b.f.s.DefaultListableBeanFactory     : Returning cached instance of singleton bean 'autoConfigurationReport'
2022-12-24 22:10:30.025 TRACE 25502 --- [           main] o.s.b.f.s.DefaultListableBeanFactory     : Returning cached instance of singleton bean 'autoConfigurationReport'
2022-12-24 22:10:30.027 TRACE 25502 --- [           main] o.s.b.f.s.DefaultListableBeanFactory     : Returning cached instance of singleton bean 'autoConfigurationReport'
2022-12-24 22:10:30.032 TRACE 25502 --- [           main] o.s.b.f.s.DefaultListableBeanFactory     : Returning cached instance of singleton bean 'autoConfigurationReport'
2022-12-24 22:10:30.032 TRACE 25502 --- [           main] o.s.b.f.s.DefaultListableBeanFactory     : Returning cached instance of singleton bean 'autoConfigurationReport'
2022-12-24 22:10:30.034 TRACE 25502 --- [           main] o.s.b.f.s.DefaultListableBeanFactory     : Returning cached instance of singleton bean 'autoConfigurationReport'
2022-12-24 22:10:30.034 TRACE 25502 --- [           main] o.s.b.f.s.DefaultListableBeanFactory     : Returning cached instance of singleton bean 'autoConfigurationReport'
2022-12-24 22:10:30.040 TRACE 25502 --- [           main] o.s.b.f.s.DefaultListableBeanFactory     : Returning cached instance of singleton bean 'autoConfigurationReport'
2022-12-24 22:10:30.040 TRACE 25502 --- [           main] o.s.b.f.s.DefaultListableBeanFactory     : Returning cached instance of singleton bean 'autoConfigurationReport'
2022-12-24 22:10:30.041 TRACE 25502 --- [           main] o.s.b.f.s.DefaultListableBeanFactory     : Returning cached instance of singleton bean 'autoConfigurationReport'
2022-12-24 22:10:30.041 TRACE 25502 --- [           main] o.s.b.f.s.DefaultListableBeanFactory     : Returning cached instance of singleton bean 'autoConfigurationReport'
2022-12-24 22:10:30.045 TRACE 25502 --- [           main] o.s.b.f.s.DefaultListableBeanFactory     : Returning cached instance of singleton bean 'autoConfigurationReport'
2022-12-24 22:10:30.046 TRACE 25502 --- [           main] o.s.b.f.s.DefaultListableBeanFactory     : Returning cached instance of singleton bean 'autoConfigurationReport'
2022-12-24 22:10:30.046 TRACE 25502 --- [           main] o.s.b.f.s.DefaultListableBeanFactory     : Returning cached instance of singleton bean 'autoConfigurationReport'
2022-12-24 22:10:30.047 TRACE 25502 --- [           main] o.s.b.f.s.DefaultListableBeanFactory     : Returning cached instance of singleton bean 'autoConfigurationReport'
2022-12-24 22:10:30.049 TRACE 25502 --- [           main] o.s.b.f.s.DefaultListableBeanFactory     : Returning cached instance of singleton bean 'autoConfigurationReport'
2022-12-24 22:10:30.049 TRACE 25502 --- [           main] o.s.b.f.s.DefaultListableBeanFactory     : Returning cached instance of singleton bean 'autoConfigurationReport'
2022-12-24 22:10:30.050 TRACE 25502 --- [           main] o.s.b.f.s.DefaultListableBeanFactory     : Returning cached instance of singleton bean 'autoConfigurationReport'
2022-12-24 22:10:30.050 TRACE 25502 --- [           main] o.s.b.f.s.DefaultListableBeanFactory     : Returning cached instance of singleton bean 'autoConfigurationReport'
2022-12-24 22:10:30.050 TRACE 25502 --- [           main] o.s.b.f.s.DefaultListableBeanFactory     : Returning cached instance of singleton bean 'autoConfigurationReport'
2022-12-24 22:10:30.051 TRACE 25502 --- [           main] o.s.b.f.s.DefaultListableBeanFactory     : Returning cached instance of singleton bean 'autoConfigurationReport'
2022-12-24 22:10:30.052 TRACE 25502 --- [           main] o.s.b.f.s.DefaultListableBeanFactory     : Returning cached instance of singleton bean 'autoConfigurationReport'
2022-12-24 22:10:30.052 TRACE 25502 --- [           main] o.s.b.f.s.DefaultListableBeanFactory     : Returning cached instance of singleton bean 'autoConfigurationReport'
2022-12-24 22:10:30.052 TRACE 25502 --- [           main] o.s.b.f.s.DefaultListableBeanFactory     : Returning cached instance of singleton bean 'autoConfigurationReport'
2022-12-24 22:10:30.052 TRACE 25502 --- [           main] o.s.b.f.s.DefaultListableBeanFactory     : Returning cached instance of singleton bean 'autoConfigurationReport'
2022-12-24 22:10:30.052 TRACE 25502 --- [           main] o.s.b.f.s.DefaultListableBeanFactory     : Returning cached instance of singleton bean 'autoConfigurationReport'
2022-12-24 22:10:30.052 TRACE 25502 --- [           main] o.s.b.f.s.DefaultListableBeanFactory     : Returning cached instance of singleton bean 'autoConfigurationReport'
2022-12-24 22:10:30.053 TRACE 25502 --- [           main] o.s.b.f.s.DefaultListableBeanFactory     : Returning cached instance of singleton bean 'autoConfigurationReport'
2022-12-24 22:10:30.056 TRACE 25502 --- [           main] o.s.b.f.s.DefaultListableBeanFactory     : Returning cached instance of singleton bean 'autoConfigurationReport'
2022-12-24 22:10:30.057 TRACE 25502 --- [           main] o.s.b.f.s.DefaultListableBeanFactory     : Returning cached instance of singleton bean 'autoConfigurationReport'
2022-12-24 22:10:30.057 TRACE 25502 --- [           main] o.s.b.f.s.DefaultListableBeanFactory     : Returning cached instance of singleton bean 'autoConfigurationReport'
2022-12-24 22:10:30.057 TRACE 25502 --- [           main] o.s.b.f.s.DefaultListableBeanFactory     : Returning cached instance of singleton bean 'autoConfigurationReport'
2022-12-24 22:10:30.057 TRACE 25502 --- [           main] o.s.b.f.s.DefaultListableBeanFactory     : Returning cached instance of singleton bean 'autoConfigurationReport'
2022-12-24 22:10:30.063 TRACE 25502 --- [           main] o.s.b.f.s.DefaultListableBeanFactory     : Returning cached instance of singleton bean 'autoConfigurationReport'
2022-12-24 22:10:30.063 TRACE 25502 --- [           main] o.s.b.f.s.DefaultListableBeanFactory     : Returning cached instance of singleton bean 'autoConfigurationReport'
2022-12-24 22:10:30.063 TRACE 25502 --- [           main] o.s.b.f.s.DefaultListableBeanFactory     : Returning cached instance of singleton bean 'autoConfigurationReport'
2022-12-24 22:10:30.063 TRACE 25502 --- [           main] o.s.b.f.s.DefaultListableBeanFactory     : Returning cached instance of singleton bean 'autoConfigurationReport'
2022-12-24 22:10:30.063 TRACE 25502 --- [           main] o.s.b.f.s.DefaultListableBeanFactory     : Returning cached instance of singleton bean 'autoConfigurationReport'
2022-12-24 22:10:30.063 TRACE 25502 --- [           main] o.s.b.f.s.DefaultListableBeanFactory     : Returning cached instance of singleton bean 'autoConfigurationReport'
2022-12-24 22:10:30.064 TRACE 25502 --- [           main] o.s.b.f.s.DefaultListableBeanFactory     : Returning cached instance of singleton bean 'autoConfigurationReport'
2022-12-24 22:10:30.065 TRACE 25502 --- [           main] o.s.b.f.s.DefaultListableBeanFactory     : Returning cached instance of singleton bean 'autoConfigurationReport'
2022-12-24 22:10:30.065 TRACE 25502 --- [           main] o.s.b.f.s.DefaultListableBeanFactory     : Returning cached instance of singleton bean 'autoConfigurationReport'
2022-12-24 22:10:30.065 TRACE 25502 --- [           main] o.s.b.f.s.DefaultListableBeanFactory     : Returning cached instance of singleton bean 'autoConfigurationReport'
2022-12-24 22:10:30.065 TRACE 25502 --- [           main] o.s.b.f.s.DefaultListableBeanFactory     : Returning cached instance of singleton bean 'autoConfigurationReport'
2022-12-24 22:10:30.066 TRACE 25502 --- [           main] o.s.b.f.s.DefaultListableBeanFactory     : Returning cached instance of singleton bean 'autoConfigurationReport'
2022-12-24 22:10:30.066 TRACE 25502 --- [           main] o.s.b.f.s.DefaultListableBeanFactory     : Returning cached instance of singleton bean 'autoConfigurationReport'
2022-12-24 22:10:30.066 TRACE 25502 --- [           main] o.s.b.f.s.DefaultListableBeanFactory     : Returning cached instance of singleton bean 'autoConfigurationReport'
2022-12-24 22:10:30.066 TRACE 25502 --- [           main] o.s.b.f.s.DefaultListableBeanFactory     : Returning cached instance of singleton bean 'autoConfigurationReport'
2022-12-24 22:10:30.067 TRACE 25502 --- [           main] o.s.b.f.s.DefaultListableBeanFactory     : Returning cached instance of singleton bean 'autoConfigurationReport'
2022-12-24 22:10:30.067 TRACE 25502 --- [           main] o.s.b.f.s.DefaultListableBeanFactory     : Returning cached instance of singleton bean 'autoConfigurationReport'
2022-12-24 22:10:30.067 TRACE 25502 --- [           main] o.s.b.f.s.DefaultListableBeanFactory     : Returning cached instance of singleton bean 'autoConfigurationReport'
2022-12-24 22:10:30.077 TRACE 25502 --- [           main] o.s.b.f.s.DefaultListableBeanFactory     : Returning cached instance of singleton bean 'autoConfigurationReport'
2022-12-24 22:10:30.077 TRACE 25502 --- [           main] o.s.b.f.s.DefaultListableBeanFactory     : Returning cached instance of singleton bean 'autoConfigurationReport'
2022-12-24 22:10:30.077 TRACE 25502 --- [           main] o.s.b.f.s.DefaultListableBeanFactory     : Returning cached instance of singleton bean 'autoConfigurationReport'
2022-12-24 22:10:30.077 TRACE 25502 --- [           main] o.s.b.f.s.DefaultListableBeanFactory     : Returning cached instance of singleton bean 'autoConfigurationReport'
2022-12-24 22:10:30.077 TRACE 25502 --- [           main] o.s.b.f.s.DefaultListableBeanFactory     : Returning cached instance of singleton bean 'autoConfigurationReport'
2022-12-24 22:10:30.077 TRACE 25502 --- [           main] o.s.b.f.s.DefaultListableBeanFactory     : Returning cached instance of singleton bean 'autoConfigurationReport'
2022-12-24 22:10:30.079 TRACE 25502 --- [           main] o.s.b.f.s.DefaultListableBeanFactory     : Returning cached instance of singleton bean 'autoConfigurationReport'
2022-12-24 22:10:30.079 TRACE 25502 --- [           main] o.s.b.f.s.DefaultListableBeanFactory     : Returning cached instance of singleton bean 'autoConfigurationReport'
2022-12-24 22:10:30.079 TRACE 25502 --- [           main] o.s.b.f.s.DefaultListableBeanFactory     : Returning cached instance of singleton bean 'autoConfigurationReport'
2022-12-24 22:10:30.080 TRACE 25502 --- [           main] o.s.b.f.s.DefaultListableBeanFactory     : Returning cached instance of singleton bean 'autoConfigurationReport'
2022-12-24 22:10:30.080 TRACE 25502 --- [           main] o.s.b.f.s.DefaultListableBeanFactory     : Returning cached instance of singleton bean 'autoConfigurationReport'
2022-12-24 22:10:30.080 TRACE 25502 --- [           main] o.s.b.f.s.DefaultListableBeanFactory     : Returning cached instance of singleton bean 'autoConfigurationReport'
2022-12-24 22:10:30.080 TRACE 25502 --- [           main] o.s.b.f.s.DefaultListableBeanFactory     : Returning cached instance of singleton bean 'autoConfigurationReport'
2022-12-24 22:10:30.080 TRACE 25502 --- [           main] o.s.b.f.s.DefaultListableBeanFactory     : Returning cached instance of singleton bean 'autoConfigurationReport'
2022-12-24 22:10:30.080 TRACE 25502 --- [           main] o.s.b.f.s.DefaultListableBeanFactory     : Returning cached instance of singleton bean 'autoConfigurationReport'
2022-12-24 22:10:30.080 TRACE 25502 --- [           main] o.s.b.f.s.DefaultListableBeanFactory     : Returning cached instance of singleton bean 'autoConfigurationReport'
2022-12-24 22:10:30.080 TRACE 25502 --- [           main] o.s.b.f.s.DefaultListableBeanFactory     : Returning cached instance of singleton bean 'autoConfigurationReport'
2022-12-24 22:10:30.080 TRACE 25502 --- [           main] o.s.b.f.s.DefaultListableBeanFactory     : Returning cached instance of singleton bean 'autoConfigurationReport'
2022-12-24 22:10:30.081 TRACE 25502 --- [           main] o.s.b.f.s.DefaultListableBeanFactory     : Returning cached instance of singleton bean 'autoConfigurationReport'
2022-12-24 22:10:30.081 TRACE 25502 --- [           main] o.s.b.f.s.DefaultListableBeanFactory     : Returning cached instance of singleton bean 'autoConfigurationReport'
2022-12-24 22:10:30.081 TRACE 25502 --- [           main] o.s.b.f.s.DefaultListableBeanFactory     : Returning cached instance of singleton bean 'autoConfigurationReport'
2022-12-24 22:10:30.081 TRACE 25502 --- [           main] o.s.b.f.s.DefaultListableBeanFactory     : Returning cached instance of singleton bean 'autoConfigurationReport'
2022-12-24 22:10:30.081 TRACE 25502 --- [           main] o.s.b.f.s.DefaultListableBeanFactory     : Returning cached instance of singleton bean 'autoConfigurationReport'
2022-12-24 22:10:30.081 TRACE 25502 --- [           main] o.s.b.f.s.DefaultListableBeanFactory     : Returning cached instance of singleton bean 'autoConfigurationReport'
2022-12-24 22:10:30.082 TRACE 25502 --- [           main] o.s.b.f.s.DefaultListableBeanFactory     : Returning cached instance of singleton bean 'autoConfigurationReport'
2022-12-24 22:10:30.082 TRACE 25502 --- [           main] o.s.b.f.s.DefaultListableBeanFactory     : Returning cached instance of singleton bean 'autoConfigurationReport'
2022-12-24 22:10:30.082 TRACE 25502 --- [           main] o.s.b.f.s.DefaultListableBeanFactory     : Returning cached instance of singleton bean 'autoConfigurationReport'
2022-12-24 22:10:30.082 TRACE 25502 --- [           main] o.s.b.f.s.DefaultListableBeanFactory     : Returning cached instance of singleton bean 'autoConfigurationReport'
2022-12-24 22:10:30.085 TRACE 25502 --- [           main] o.s.b.f.s.DefaultListableBeanFactory     : Returning cached instance of singleton bean 'autoConfigurationReport'
2022-12-24 22:10:30.085 TRACE 25502 --- [           main] o.s.b.f.s.DefaultListableBeanFactory     : Returning cached instance of singleton bean 'autoConfigurationReport'
2022-12-24 22:10:30.085 TRACE 25502 --- [           main] o.s.b.f.s.DefaultListableBeanFactory     : Returning cached instance of singleton bean 'autoConfigurationReport'
2022-12-24 22:10:30.085 TRACE 25502 --- [           main] o.s.b.f.s.DefaultListableBeanFactory     : Returning cached instance of singleton bean 'autoConfigurationReport'
2022-12-24 22:10:30.085 TRACE 25502 --- [           main] o.s.b.f.s.DefaultListableBeanFactory     : Returning cached instance of singleton bean 'autoConfigurationReport'
2022-12-24 22:10:30.085 TRACE 25502 --- [           main] o.s.b.f.s.DefaultListableBeanFactory     : Returning cached instance of singleton bean 'autoConfigurationReport'
2022-12-24 22:10:30.086 TRACE 25502 --- [           main] o.s.b.f.s.DefaultListableBeanFactory     : Returning cached instance of singleton bean 'autoConfigurationReport'
2022-12-24 22:10:30.086 TRACE 25502 --- [           main] o.s.b.f.s.DefaultListableBeanFactory     : Returning cached instance of singleton bean 'autoConfigurationReport'
2022-12-24 22:10:30.086 TRACE 25502 --- [           main] o.s.b.f.s.DefaultListableBeanFactory     : Returning cached instance of singleton bean 'autoConfigurationReport'
2022-12-24 22:10:30.087 TRACE 25502 --- [           main] o.s.b.f.s.DefaultListableBeanFactory     : Returning cached instance of singleton bean 'autoConfigurationReport'
2022-12-24 22:10:30.087 TRACE 25502 --- [           main] o.s.b.f.s.DefaultListableBeanFactory     : Returning cached instance of singleton bean 'autoConfigurationReport'
2022-12-24 22:10:30.087 TRACE 25502 --- [           main] o.s.b.f.s.DefaultListableBeanFactory     : Returning cached instance of singleton bean 'autoConfigurationReport'
2022-12-24 22:10:30.090 TRACE 25502 --- [           main] o.s.b.f.s.DefaultListableBeanFactory     : Returning cached instance of singleton bean 'autoConfigurationReport'
2022-12-24 22:10:30.090 TRACE 25502 --- [           main] o.s.b.f.s.DefaultListableBeanFactory     : Returning cached instance of singleton bean 'autoConfigurationReport'
2022-12-24 22:10:30.091 TRACE 25502 --- [           main] o.s.b.f.s.DefaultListableBeanFactory     : Returning cached instance of singleton bean 'autoConfigurationReport'
2022-12-24 22:10:30.091 TRACE 25502 --- [           main] o.s.b.f.s.DefaultListableBeanFactory     : Returning cached instance of singleton bean 'autoConfigurationReport'
2022-12-24 22:10:30.092 TRACE 25502 --- [           main] o.s.b.f.s.DefaultListableBeanFactory     : Returning cached instance of singleton bean 'autoConfigurationReport'
2022-12-24 22:10:30.092 TRACE 25502 --- [           main] o.s.b.f.s.DefaultListableBeanFactory     : Returning cached instance of singleton bean 'autoConfigurationReport'
2022-12-24 22:10:30.092 TRACE 25502 --- [           main] o.s.b.f.s.DefaultListableBeanFactory     : Returning cached instance of singleton bean 'autoConfigurationReport'
2022-12-24 22:10:30.092 TRACE 25502 --- [           main] o.s.b.f.s.DefaultListableBeanFactory     : Returning cached instance of singleton bean 'autoConfigurationReport'
2022-12-24 22:10:30.092 TRACE 25502 --- [           main] o.s.b.f.s.DefaultListableBeanFactory     : Returning cached instance of singleton bean 'autoConfigurationReport'
2022-12-24 22:10:30.092 TRACE 25502 --- [           main] o.s.b.f.s.DefaultListableBeanFactory     : Returning cached instance of singleton bean 'autoConfigurationReport'
2022-12-24 22:10:30.093 TRACE 25502 --- [           main] o.s.b.f.s.DefaultListableBeanFactory     : Returning cached instance of singleton bean 'autoConfigurationReport'
2022-12-24 22:10:30.094 TRACE 25502 --- [           main] o.s.b.f.s.DefaultListableBeanFactory     : Returning cached instance of singleton bean 'autoConfigurationReport'
2022-12-24 22:10:30.094 TRACE 25502 --- [           main] o.s.b.f.s.DefaultListableBeanFactory     : Returning cached instance of singleton bean 'autoConfigurationReport'
2022-12-24 22:10:30.094 TRACE 25502 --- [           main] o.s.b.f.s.DefaultListableBeanFactory     : Returning cached instance of singleton bean 'autoConfigurationReport'
2022-12-24 22:10:30.104 TRACE 25502 --- [           main] o.s.b.f.s.DefaultListableBeanFactory     : Returning cached instance of singleton bean 'autoConfigurationReport'
2022-12-24 22:10:30.104 TRACE 25502 --- [           main] o.s.b.f.s.DefaultListableBeanFactory     : Returning cached instance of singleton bean 'autoConfigurationReport'
2022-12-24 22:10:30.105 TRACE 25502 --- [           main] o.s.b.f.s.DefaultListableBeanFactory     : Returning cached instance of singleton bean 'autoConfigurationReport'
2022-12-24 22:10:30.105 TRACE 25502 --- [           main] o.s.b.f.s.DefaultListableBeanFactory     : Returning cached instance of singleton bean 'autoConfigurationReport'
2022-12-24 22:10:30.106 TRACE 25502 --- [           main] o.s.b.f.s.DefaultListableBeanFactory     : Returning cached instance of singleton bean 'autoConfigurationReport'
2022-12-24 22:10:30.106 TRACE 25502 --- [           main] o.s.b.f.s.DefaultListableBeanFactory     : Returning cached instance of singleton bean 'autoConfigurationReport'
2022-12-24 22:10:30.107 TRACE 25502 --- [           main] o.s.b.f.s.DefaultListableBeanFactory     : Returning cached instance of singleton bean 'autoConfigurationReport'
2022-12-24 22:10:30.107 TRACE 25502 --- [           main] o.s.b.f.s.DefaultListableBeanFactory     : Returning cached instance of singleton bean 'autoConfigurationReport'
2022-12-24 22:10:30.107 TRACE 25502 --- [           main] o.s.b.f.s.DefaultListableBeanFactory     : Returning cached instance of singleton bean 'autoConfigurationReport'
2022-12-24 22:10:30.108 TRACE 25502 --- [           main] o.s.b.f.s.DefaultListableBeanFactory     : Returning cached instance of singleton bean 'autoConfigurationReport'
2022-12-24 22:10:30.108 TRACE 25502 --- [           main] o.s.b.f.s.DefaultListableBeanFactory     : Returning cached instance of singleton bean 'autoConfigurationReport'
2022-12-24 22:10:30.108 TRACE 25502 --- [           main] o.s.b.f.s.DefaultListableBeanFactory     : Returning cached instance of singleton bean 'autoConfigurationReport'
2022-12-24 22:10:30.109 TRACE 25502 --- [           main] o.s.b.f.s.DefaultListableBeanFactory     : Returning cached instance of singleton bean 'autoConfigurationReport'
2022-12-24 22:10:30.110 TRACE 25502 --- [           main] o.s.b.f.s.DefaultListableBeanFactory     : Returning cached instance of singleton bean 'autoConfigurationReport'
2022-12-24 22:10:30.110 TRACE 25502 --- [           main] o.s.b.f.s.DefaultListableBeanFactory     : Returning cached instance of singleton bean 'autoConfigurationReport'
2022-12-24 22:10:30.110 TRACE 25502 --- [           main] o.s.b.f.s.DefaultListableBeanFactory     : Returning cached instance of singleton bean 'autoConfigurationReport'
2022-12-24 22:10:30.110 TRACE 25502 --- [           main] o.s.b.f.s.DefaultListableBeanFactory     : Returning cached instance of singleton bean 'autoConfigurationReport'
2022-12-24 22:10:30.110 TRACE 25502 --- [           main] o.s.b.f.s.DefaultListableBeanFactory     : Returning cached instance of singleton bean 'autoConfigurationReport'
2022-12-24 22:10:30.110 TRACE 25502 --- [           main] o.s.b.f.s.DefaultListableBeanFactory     : Returning cached instance of singleton bean 'autoConfigurationReport'
2022-12-24 22:10:30.111 TRACE 25502 --- [           main] o.s.b.f.s.DefaultListableBeanFactory     : Returning cached instance of singleton bean 'autoConfigurationReport'
2022-12-24 22:10:30.112 TRACE 25502 --- [           main] o.s.b.f.s.DefaultListableBeanFactory     : Returning cached instance of singleton bean 'autoConfigurationReport'
2022-12-24 22:10:30.112 TRACE 25502 --- [           main] o.s.b.f.s.DefaultListableBeanFactory     : Returning cached instance of singleton bean 'autoConfigurationReport'
2022-12-24 22:10:30.112 TRACE 25502 --- [           main] o.s.b.f.s.DefaultListableBeanFactory     : Returning cached instance of singleton bean 'autoConfigurationReport'
2022-12-24 22:10:30.112 TRACE 25502 --- [           main] o.s.b.f.s.DefaultListableBeanFactory     : Returning cached instance of singleton bean 'autoConfigurationReport'
2022-12-24 22:10:30.115 TRACE 25502 --- [           main] o.s.b.f.s.DefaultListableBeanFactory     : Returning cached instance of singleton bean 'autoConfigurationReport'
2022-12-24 22:10:30.115 TRACE 25502 --- [           main] o.s.b.f.s.DefaultListableBeanFactory     : Returning cached instance of singleton bean 'autoConfigurationReport'
2022-12-24 22:10:30.115 TRACE 25502 --- [           main] o.s.b.f.s.DefaultListableBeanFactory     : Returning cached instance of singleton bean 'autoConfigurationReport'
2022-12-24 22:10:30.115 TRACE 25502 --- [           main] o.s.b.f.s.DefaultListableBeanFactory     : Returning cached instance of singleton bean 'autoConfigurationReport'
2022-12-24 22:10:30.115 TRACE 25502 --- [           main] o.s.b.f.s.DefaultListableBeanFactory     : Returning cached instance of singleton bean 'autoConfigurationReport'
2022-12-24 22:10:30.115 TRACE 25502 --- [           main] o.s.b.f.s.DefaultListableBeanFactory     : Returning cached instance of singleton bean 'autoConfigurationReport'
2022-12-24 22:10:30.116 TRACE 25502 --- [           main] o.s.b.f.s.DefaultListableBeanFactory     : Returning cached instance of singleton bean 'autoConfigurationReport'
2022-12-24 22:10:30.116 TRACE 25502 --- [           main] o.s.b.f.s.DefaultListableBeanFactory     : Returning cached instance of singleton bean 'autoConfigurationReport'
2022-12-24 22:10:30.116 TRACE 25502 --- [           main] o.s.b.f.s.DefaultListableBeanFactory     : Returning cached instance of singleton bean 'autoConfigurationReport'
2022-12-24 22:10:30.116 TRACE 25502 --- [           main] o.s.b.f.s.DefaultListableBeanFactory     : Returning cached instance of singleton bean 'autoConfigurationReport'
2022-12-24 22:10:30.117 TRACE 25502 --- [           main] o.s.b.f.s.DefaultListableBeanFactory     : Returning cached instance of singleton bean 'autoConfigurationReport'
2022-12-24 22:10:30.117 TRACE 25502 --- [           main] o.s.b.f.s.DefaultListableBeanFactory     : Returning cached instance of singleton bean 'autoConfigurationReport'
2022-12-24 22:10:30.117 TRACE 25502 --- [           main] o.s.b.f.s.DefaultListableBeanFactory     : Returning cached instance of singleton bean 'autoConfigurationReport'
2022-12-24 22:10:30.117 TRACE 25502 --- [           main] o.s.b.f.s.DefaultListableBeanFactory     : Returning cached instance of singleton bean 'autoConfigurationReport'
2022-12-24 22:10:30.117 TRACE 25502 --- [           main] o.s.b.f.s.DefaultListableBeanFactory     : Returning cached instance of singleton bean 'autoConfigurationReport'
2022-12-24 22:10:30.119 TRACE 25502 --- [           main] o.s.b.f.s.DefaultListableBeanFactory     : Returning cached instance of singleton bean 'autoConfigurationReport'
2022-12-24 22:10:30.121 TRACE 25502 --- [           main] o.s.b.f.s.DefaultListableBeanFactory     : Returning cached instance of singleton bean 'autoConfigurationReport'
2022-12-24 22:10:30.122 TRACE 25502 --- [           main] o.s.b.f.s.DefaultListableBeanFactory     : Returning cached instance of singleton bean 'autoConfigurationReport'
2022-12-24 22:10:30.122 TRACE 25502 --- [           main] o.s.b.f.s.DefaultListableBeanFactory     : Returning cached instance of singleton bean 'autoConfigurationReport'
2022-12-24 22:10:30.123 TRACE 25502 --- [           main] o.s.b.f.s.DefaultListableBeanFactory     : Returning cached instance of singleton bean 'autoConfigurationReport'
2022-12-24 22:10:30.123 TRACE 25502 --- [           main] o.s.b.f.s.DefaultListableBeanFactory     : Returning cached instance of singleton bean 'autoConfigurationReport'
2022-12-24 22:10:30.125 TRACE 25502 --- [           main] o.s.b.f.s.DefaultListableBeanFactory     : Returning cached instance of singleton bean 'autoConfigurationReport'
2022-12-24 22:10:30.127 TRACE 25502 --- [           main] o.s.b.f.s.DefaultListableBeanFactory     : Returning cached instance of singleton bean 'autoConfigurationReport'
2022-12-24 22:10:30.127 TRACE 25502 --- [           main] o.s.b.f.s.DefaultListableBeanFactory     : Returning cached instance of singleton bean 'autoConfigurationReport'
2022-12-24 22:10:30.127 TRACE 25502 --- [           main] o.s.b.f.s.DefaultListableBeanFactory     : Returning cached instance of singleton bean 'autoConfigurationReport'
2022-12-24 22:10:30.127 TRACE 25502 --- [           main] o.s.b.f.s.DefaultListableBeanFactory     : Returning cached instance of singleton bean 'autoConfigurationReport'
2022-12-24 22:10:30.127 TRACE 25502 --- [           main] o.s.b.f.s.DefaultListableBeanFactory     : Returning cached instance of singleton bean 'autoConfigurationReport'
2022-12-24 22:10:30.127 TRACE 25502 --- [           main] o.s.b.f.s.DefaultListableBeanFactory     : Returning cached instance of singleton bean 'autoConfigurationReport'
2022-12-24 22:10:30.128 TRACE 25502 --- [           main] o.s.b.f.s.DefaultListableBeanFactory     : Returning cached instance of singleton bean 'autoConfigurationReport'
2022-12-24 22:10:30.128 TRACE 25502 --- [           main] o.s.b.f.s.DefaultListableBeanFactory     : Returning cached instance of singleton bean 'autoConfigurationReport'
2022-12-24 22:10:30.128 TRACE 25502 --- [           main] o.s.b.f.s.DefaultListableBeanFactory     : Returning cached instance of singleton bean 'autoConfigurationReport'
2022-12-24 22:10:30.128 TRACE 25502 --- [           main] o.s.b.f.s.DefaultListableBeanFactory     : Returning cached instance of singleton bean 'autoConfigurationReport'
2022-12-24 22:10:30.129 TRACE 25502 --- [           main] o.s.b.f.s.DefaultListableBeanFactory     : Returning cached instance of singleton bean 'autoConfigurationReport'
2022-12-24 22:10:30.129 TRACE 25502 --- [           main] o.s.b.f.s.DefaultListableBeanFactory     : Returning cached instance of singleton bean 'autoConfigurationReport'
2022-12-24 22:10:30.129 TRACE 25502 --- [           main] o.s.b.f.s.DefaultListableBeanFactory     : Returning cached instance of singleton bean 'autoConfigurationReport'
2022-12-24 22:10:30.129 TRACE 25502 --- [           main] o.s.b.f.s.DefaultListableBeanFactory     : Returning cached instance of singleton bean 'autoConfigurationReport'
2022-12-24 22:10:30.129 TRACE 25502 --- [           main] o.s.b.f.s.DefaultListableBeanFactory     : Returning cached instance of singleton bean 'autoConfigurationReport'
2022-12-24 22:10:30.129 TRACE 25502 --- [           main] o.s.b.f.s.DefaultListableBeanFactory     : Returning cached instance of singleton bean 'autoConfigurationReport'
2022-12-24 22:10:30.129 TRACE 25502 --- [           main] o.s.b.f.s.DefaultListableBeanFactory     : Returning cached instance of singleton bean 'autoConfigurationReport'
2022-12-24 22:10:30.129 TRACE 25502 --- [           main] o.s.b.f.s.DefaultListableBeanFactory     : Returning cached instance of singleton bean 'autoConfigurationReport'
2022-12-24 22:10:30.130 TRACE 25502 --- [           main] o.s.b.f.s.DefaultListableBeanFactory     : Returning cached instance of singleton bean 'autoConfigurationReport'
2022-12-24 22:10:30.130 TRACE 25502 --- [           main] o.s.b.f.s.DefaultListableBeanFactory     : Returning cached instance of singleton bean 'autoConfigurationReport'
2022-12-24 22:10:30.131 TRACE 25502 --- [           main] o.s.b.f.s.DefaultListableBeanFactory     : Returning cached instance of singleton bean 'autoConfigurationReport'
2022-12-24 22:10:30.131 TRACE 25502 --- [           main] o.s.b.f.s.DefaultListableBeanFactory     : Returning cached instance of singleton bean 'autoConfigurationReport'
2022-12-24 22:10:30.131 TRACE 25502 --- [           main] o.s.b.f.s.DefaultListableBeanFactory     : Returning cached instance of singleton bean 'autoConfigurationReport'
2022-12-24 22:10:30.131 TRACE 25502 --- [           main] o.s.b.f.s.DefaultListableBeanFactory     : Returning cached instance of singleton bean 'autoConfigurationReport'
2022-12-24 22:10:30.131 TRACE 25502 --- [           main] o.s.b.f.s.DefaultListableBeanFactory     : Returning cached instance of singleton bean 'autoConfigurationReport'
2022-12-24 22:10:30.131 TRACE 25502 --- [           main] o.s.b.f.s.DefaultListableBeanFactory     : Returning cached instance of singleton bean 'autoConfigurationReport'
2022-12-24 22:10:30.132 TRACE 25502 --- [           main] o.s.b.f.s.DefaultListableBeanFactory     : Returning cached instance of singleton bean 'autoConfigurationReport'
2022-12-24 22:10:30.133 TRACE 25502 --- [           main] o.s.b.f.s.DefaultListableBeanFactory     : Returning cached instance of singleton bean 'autoConfigurationReport'
2022-12-24 22:10:30.133 TRACE 25502 --- [           main] o.s.b.f.s.DefaultListableBeanFactory     : Returning cached instance of singleton bean 'autoConfigurationReport'
2022-12-24 22:10:30.133 TRACE 25502 --- [           main] o.s.b.f.s.DefaultListableBeanFactory     : Returning cached instance of singleton bean 'autoConfigurationReport'
2022-12-24 22:10:30.133 TRACE 25502 --- [           main] o.s.b.f.s.DefaultListableBeanFactory     : Returning cached instance of singleton bean 'autoConfigurationReport'
2022-12-24 22:10:30.133 TRACE 25502 --- [           main] o.s.b.f.s.DefaultListableBeanFactory     : Returning cached instance of singleton bean 'autoConfigurationReport'
2022-12-24 22:10:30.133 TRACE 25502 --- [           main] o.s.b.f.s.DefaultListableBeanFactory     : Returning cached instance of singleton bean 'autoConfigurationReport'
2022-12-24 22:10:30.135 TRACE 25502 --- [           main] o.s.b.f.s.DefaultListableBeanFactory     : Returning cached instance of singleton bean 'autoConfigurationReport'
2022-12-24 22:10:30.136 TRACE 25502 --- [           main] o.s.b.f.s.DefaultListableBeanFactory     : Returning cached instance of singleton bean 'autoConfigurationReport'
2022-12-24 22:10:30.136 TRACE 25502 --- [           main] o.s.b.f.s.DefaultListableBeanFactory     : Returning cached instance of singleton bean 'autoConfigurationReport'
2022-12-24 22:10:30.136 TRACE 25502 --- [           main] o.s.b.f.s.DefaultListableBeanFactory     : Returning cached instance of singleton bean 'autoConfigurationReport'
2022-12-24 22:10:30.137 TRACE 25502 --- [           main] o.s.b.f.s.DefaultListableBeanFactory     : Returning cached instance of singleton bean 'autoConfigurationReport'
2022-12-24 22:10:30.137 TRACE 25502 --- [           main] o.s.b.f.s.DefaultListableBeanFactory     : Returning cached instance of singleton bean 'autoConfigurationReport'
2022-12-24 22:10:30.137 TRACE 25502 --- [           main] o.s.b.f.s.DefaultListableBeanFactory     : Returning cached instance of singleton bean 'autoConfigurationReport'
2022-12-24 22:10:30.139 TRACE 25502 --- [           main] o.s.b.f.s.DefaultListableBeanFactory     : Returning cached instance of singleton bean 'autoConfigurationReport'
2022-12-24 22:10:30.140 TRACE 25502 --- [           main] o.s.b.f.s.DefaultListableBeanFactory     : Returning cached instance of singleton bean 'autoConfigurationReport'
2022-12-24 22:10:30.140 TRACE 25502 --- [           main] o.s.b.f.s.DefaultListableBeanFactory     : Returning cached instance of singleton bean 'autoConfigurationReport'
2022-12-24 22:10:30.140 TRACE 25502 --- [           main] o.s.b.f.s.DefaultListableBeanFactory     : Returning cached instance of singleton bean 'autoConfigurationReport'
2022-12-24 22:10:30.143 TRACE 25502 --- [           main] o.s.b.f.s.DefaultListableBeanFactory     : Returning cached instance of singleton bean 'autoConfigurationReport'
2022-12-24 22:10:30.143 TRACE 25502 --- [           main] o.s.b.f.s.DefaultListableBeanFactory     : Returning cached instance of singleton bean 'autoConfigurationReport'
2022-12-24 22:10:30.143 TRACE 25502 --- [           main] o.s.b.f.s.DefaultListableBeanFactory     : Returning cached instance of singleton bean 'autoConfigurationReport'
2022-12-24 22:10:30.143 TRACE 25502 --- [           main] o.s.b.f.s.DefaultListableBeanFactory     : Returning cached instance of singleton bean 'autoConfigurationReport'
2022-12-24 22:10:30.143 TRACE 25502 --- [           main] o.s.b.f.s.DefaultListableBeanFactory     : Returning cached instance of singleton bean 'autoConfigurationReport'
2022-12-24 22:10:30.143 TRACE 25502 --- [           main] o.s.b.f.s.DefaultListableBeanFactory     : Returning cached instance of singleton bean 'autoConfigurationReport'
2022-12-24 22:10:30.145 TRACE 25502 --- [           main] o.s.b.f.s.DefaultListableBeanFactory     : Returning cached instance of singleton bean 'autoConfigurationReport'
2022-12-24 22:10:30.145 TRACE 25502 --- [           main] o.s.b.f.s.DefaultListableBeanFactory     : Returning cached instance of singleton bean 'autoConfigurationReport'
2022-12-24 22:10:30.145 TRACE 25502 --- [           main] o.s.b.f.s.DefaultListableBeanFactory     : Returning cached instance of singleton bean 'autoConfigurationReport'
2022-12-24 22:10:30.146 TRACE 25502 --- [           main] o.s.b.f.s.DefaultListableBeanFactory     : Returning cached instance of singleton bean 'autoConfigurationReport'
2022-12-24 22:10:30.146 TRACE 25502 --- [           main] o.s.b.f.s.DefaultListableBeanFactory     : Returning cached instance of singleton bean 'autoConfigurationReport'
2022-12-24 22:10:30.146 TRACE 25502 --- [           main] o.s.b.f.s.DefaultListableBeanFactory     : Returning cached instance of singleton bean 'autoConfigurationReport'
2022-12-24 22:10:30.146 TRACE 25502 --- [           main] o.s.b.f.s.DefaultListableBeanFactory     : Returning cached instance of singleton bean 'autoConfigurationReport'
2022-12-24 22:10:30.147 TRACE 25502 --- [           main] o.s.b.f.s.DefaultListableBeanFactory     : Returning cached instance of singleton bean 'autoConfigurationReport'
2022-12-24 22:10:30.147 TRACE 25502 --- [           main] o.s.b.f.s.DefaultListableBeanFactory     : Returning cached instance of singleton bean 'autoConfigurationReport'
2022-12-24 22:10:30.147 TRACE 25502 --- [           main] o.s.b.f.s.DefaultListableBeanFactory     : Returning cached instance of singleton bean 'autoConfigurationReport'
2022-12-24 22:10:30.147 TRACE 25502 --- [           main] o.s.b.f.s.DefaultListableBeanFactory     : Returning cached instance of singleton bean 'autoConfigurationReport'
2022-12-24 22:10:30.147 TRACE 25502 --- [           main] o.s.b.f.s.DefaultListableBeanFactory     : Returning cached instance of singleton bean 'autoConfigurationReport'
2022-12-24 22:10:30.147 TRACE 25502 --- [           main] o.s.b.f.s.DefaultListableBeanFactory     : Returning cached instance of singleton bean 'autoConfigurationReport'
2022-12-24 22:10:30.150 TRACE 25502 --- [           main] o.s.b.f.s.DefaultListableBeanFactory     : Returning cached instance of singleton bean 'autoConfigurationReport'
2022-12-24 22:10:30.151 TRACE 25502 --- [           main] o.s.b.f.s.DefaultListableBeanFactory     : Returning cached instance of singleton bean 'autoConfigurationReport'
2022-12-24 22:10:30.151 TRACE 25502 --- [           main] o.s.b.f.s.DefaultListableBeanFactory     : Returning cached instance of singleton bean 'autoConfigurationReport'
2022-12-24 22:10:30.151 TRACE 25502 --- [           main] o.s.b.f.s.DefaultListableBeanFactory     : Returning cached instance of singleton bean 'autoConfigurationReport'
2022-12-24 22:10:30.151 TRACE 25502 --- [           main] o.s.b.f.s.DefaultListableBeanFactory     : Returning cached instance of singleton bean 'autoConfigurationReport'
2022-12-24 22:10:30.152 TRACE 25502 --- [           main] o.s.b.f.s.DefaultListableBeanFactory     : Returning cached instance of singleton bean 'autoConfigurationReport'
2022-12-24 22:10:30.152 TRACE 25502 --- [           main] o.s.b.f.s.DefaultListableBeanFactory     : Returning cached instance of singleton bean 'autoConfigurationReport'
2022-12-24 22:10:30.152 TRACE 25502 --- [           main] o.s.b.f.s.DefaultListableBeanFactory     : Returning cached instance of singleton bean 'autoConfigurationReport'
2022-12-24 22:10:30.152 TRACE 25502 --- [           main] o.s.b.f.s.DefaultListableBeanFactory     : Returning cached instance of singleton bean 'autoConfigurationReport'
2022-12-24 22:10:30.152 TRACE 25502 --- [           main] o.s.b.f.s.DefaultListableBeanFactory     : Returning cached instance of singleton bean 'autoConfigurationReport'
2022-12-24 22:10:30.152 TRACE 25502 --- [           main] o.s.b.f.s.DefaultListableBeanFactory     : Returning cached instance of singleton bean 'autoConfigurationReport'
2022-12-24 22:10:30.153 TRACE 25502 --- [           main] o.s.b.f.s.DefaultListableBeanFactory     : Returning cached instance of singleton bean 'autoConfigurationReport'
2022-12-24 22:10:30.153 TRACE 25502 --- [           main] o.s.b.f.s.DefaultListableBeanFactory     : Returning cached instance of singleton bean 'autoConfigurationReport'
2022-12-24 22:10:30.153 TRACE 25502 --- [           main] o.s.b.f.s.DefaultListableBeanFactory     : Returning cached instance of singleton bean 'autoConfigurationReport'
2022-12-24 22:10:30.153 TRACE 25502 --- [           main] o.s.b.f.s.DefaultListableBeanFactory     : Returning cached instance of singleton bean 'autoConfigurationReport'
2022-12-24 22:10:30.155 TRACE 25502 --- [           main] o.s.b.f.s.DefaultListableBeanFactory     : Returning cached instance of singleton bean 'autoConfigurationReport'
2022-12-24 22:10:30.156 TRACE 25502 --- [           main] o.s.b.f.s.DefaultListableBeanFactory     : Returning cached instance of singleton bean 'autoConfigurationReport'
2022-12-24 22:10:30.157 TRACE 25502 --- [           main] o.s.b.f.s.DefaultListableBeanFactory     : Returning cached instance of singleton bean 'autoConfigurationReport'
2022-12-24 22:10:30.158 TRACE 25502 --- [           main] o.s.b.f.s.DefaultListableBeanFactory     : Returning cached instance of singleton bean 'autoConfigurationReport'
2022-12-24 22:10:30.158 TRACE 25502 --- [           main] o.s.b.f.s.DefaultListableBeanFactory     : Returning cached instance of singleton bean 'autoConfigurationReport'
2022-12-24 22:10:30.158 TRACE 25502 --- [           main] o.s.b.f.s.DefaultListableBeanFactory     : Returning cached instance of singleton bean 'autoConfigurationReport'
2022-12-24 22:10:30.158 TRACE 25502 --- [           main] o.s.b.f.s.DefaultListableBeanFactory     : Returning cached instance of singleton bean 'autoConfigurationReport'
2022-12-24 22:10:30.158 TRACE 25502 --- [           main] o.s.b.f.s.DefaultListableBeanFactory     : Returning cached instance of singleton bean 'autoConfigurationReport'
2022-12-24 22:10:30.158 TRACE 25502 --- [           main] o.s.b.f.s.DefaultListableBeanFactory     : Returning cached instance of singleton bean 'autoConfigurationReport'
2022-12-24 22:10:30.158 TRACE 25502 --- [           main] o.s.b.f.s.DefaultListableBeanFactory     : Returning cached instance of singleton bean 'autoConfigurationReport'
2022-12-24 22:10:30.158 TRACE 25502 --- [           main] o.s.b.f.s.DefaultListableBeanFactory     : Returning cached instance of singleton bean 'autoConfigurationReport'
2022-12-24 22:10:30.159 TRACE 25502 --- [           main] o.s.b.f.s.DefaultListableBeanFactory     : Returning cached instance of singleton bean 'autoConfigurationReport'
2022-12-24 22:10:30.159 TRACE 25502 --- [           main] o.s.b.f.s.DefaultListableBeanFactory     : Returning cached instance of singleton bean 'autoConfigurationReport'
2022-12-24 22:10:30.160 TRACE 25502 --- [           main] o.s.b.f.s.DefaultListableBeanFactory     : Returning cached instance of singleton bean 'autoConfigurationReport'
2022-12-24 22:10:30.160 TRACE 25502 --- [           main] o.s.b.f.s.DefaultListableBeanFactory     : Returning cached instance of singleton bean 'autoConfigurationReport'
2022-12-24 22:10:30.160 TRACE 25502 --- [           main] o.s.b.f.s.DefaultListableBeanFactory     : Returning cached instance of singleton bean 'autoConfigurationReport'
2022-12-24 22:10:30.160 TRACE 25502 --- [           main] o.s.b.f.s.DefaultListableBeanFactory     : Returning cached instance of singleton bean 'autoConfigurationReport'
2022-12-24 22:10:30.160 TRACE 25502 --- [           main] o.s.b.f.s.DefaultListableBeanFactory     : Returning cached instance of singleton bean 'autoConfigurationReport'
2022-12-24 22:10:30.160 TRACE 25502 --- [           main] o.s.b.f.s.DefaultListableBeanFactory     : Returning cached instance of singleton bean 'autoConfigurationReport'
2022-12-24 22:10:30.161 TRACE 25502 --- [           main] o.s.b.f.s.DefaultListableBeanFactory     : Returning cached instance of singleton bean 'autoConfigurationReport'
2022-12-24 22:10:30.161 TRACE 25502 --- [           main] o.s.b.f.s.DefaultListableBeanFactory     : Returning cached instance of singleton bean 'autoConfigurationReport'
2022-12-24 22:10:30.161 TRACE 25502 --- [           main] o.s.b.f.s.DefaultListableBeanFactory     : Returning cached instance of singleton bean 'autoConfigurationReport'
2022-12-24 22:10:30.161 TRACE 25502 --- [           main] o.s.b.f.s.DefaultListableBeanFactory     : Returning cached instance of singleton bean 'autoConfigurationReport'
2022-12-24 22:10:30.161 TRACE 25502 --- [           main] o.s.b.f.s.DefaultListableBeanFactory     : Returning cached instance of singleton bean 'autoConfigurationReport'
2022-12-24 22:10:30.162 TRACE 25502 --- [           main] o.s.b.f.s.DefaultListableBeanFactory     : Returning cached instance of singleton bean 'autoConfigurationReport'
2022-12-24 22:10:30.163 TRACE 25502 --- [           main] o.s.b.f.s.DefaultListableBeanFactory     : Returning cached instance of singleton bean 'autoConfigurationReport'
2022-12-24 22:10:30.163 TRACE 25502 --- [           main] o.s.b.f.s.DefaultListableBeanFactory     : Returning cached instance of singleton bean 'autoConfigurationReport'
2022-12-24 22:10:30.164 TRACE 25502 --- [           main] o.s.b.f.s.DefaultListableBeanFactory     : Returning cached instance of singleton bean 'autoConfigurationReport'
2022-12-24 22:10:30.164 TRACE 25502 --- [           main] o.s.b.f.s.DefaultListableBeanFactory     : Returning cached instance of singleton bean 'autoConfigurationReport'
2022-12-24 22:10:30.164 TRACE 25502 --- [           main] o.s.b.f.s.DefaultListableBeanFactory     : Returning cached instance of singleton bean 'autoConfigurationReport'
2022-12-24 22:10:30.164 TRACE 25502 --- [           main] o.s.b.f.s.DefaultListableBeanFactory     : Returning cached instance of singleton bean 'autoConfigurationReport'
2022-12-24 22:10:30.166 TRACE 25502 --- [           main] a.ConfigurationClassBeanDefinitionReader : Registered bean definition for imported class 'org.springframework.scheduling.annotation.SchedulingConfiguration'
2022-12-24 22:10:30.172 TRACE 25502 --- [           main] a.ConfigurationClassBeanDefinitionReader : Registering bean definition for @Bean method org.springframework.scheduling.annotation.SchedulingConfiguration.org.springframework.context.annotation.internalScheduledAnnotationProcessor()
2022-12-24 22:10:30.174 TRACE 25502 --- [           main] a.ConfigurationClassBeanDefinitionReader : Registered bean definition for imported class 'org.springframework.security.config.annotation.configuration.ObjectPostProcessorConfiguration'
2022-12-24 22:10:30.175 TRACE 25502 --- [           main] a.ConfigurationClassBeanDefinitionReader : Registering bean definition for @Bean method org.springframework.security.config.annotation.configuration.ObjectPostProcessorConfiguration.objectPostProcessor()
2022-12-24 22:10:30.175 TRACE 25502 --- [           main] a.ConfigurationClassBeanDefinitionReader : Registered bean definition for imported class 'org.springframework.security.config.annotation.authentication.configuration.AuthenticationConfiguration'
2022-12-24 22:10:30.176 TRACE 25502 --- [           main] a.ConfigurationClassBeanDefinitionReader : Registering bean definition for @Bean method org.springframework.security.config.annotation.authentication.configuration.AuthenticationConfiguration.authenticationManagerBuilder()
2022-12-24 22:10:30.176 TRACE 25502 --- [           main] a.ConfigurationClassBeanDefinitionReader : Registering bean definition for @Bean method org.springframework.security.config.annotation.authentication.configuration.AuthenticationConfiguration.enableGlobalAuthenticationAutowiredConfigurer()
2022-12-24 22:10:30.182 TRACE 25502 --- [           main] a.ConfigurationClassBeanDefinitionReader : Registering bean definition for @Bean method org.springframework.security.config.annotation.authentication.configuration.AuthenticationConfiguration.initializeUserDetailsBeanManagerConfigurer()
2022-12-24 22:10:30.183 TRACE 25502 --- [           main] a.ConfigurationClassBeanDefinitionReader : Registering bean definition for @Bean method org.springframework.security.config.annotation.authentication.configuration.AuthenticationConfiguration.initializeAuthenticationProviderBeanManagerConfigurer()
2022-12-24 22:10:30.183 TRACE 25502 --- [           main] a.ConfigurationClassBeanDefinitionReader : Registered bean definition for imported class 'org.springframework.security.config.annotation.web.configuration.WebSecurityConfiguration'
2022-12-24 22:10:30.184 TRACE 25502 --- [           main] a.ConfigurationClassBeanDefinitionReader : Registering bean definition for @Bean method org.springframework.security.config.annotation.web.configuration.WebSecurityConfiguration.delegatingApplicationListener()
2022-12-24 22:10:30.185 TRACE 25502 --- [           main] a.ConfigurationClassBeanDefinitionReader : Registering bean definition for @Bean method org.springframework.security.config.annotation.web.configuration.WebSecurityConfiguration.webSecurityExpressionHandler()
2022-12-24 22:10:30.185 TRACE 25502 --- [           main] a.ConfigurationClassBeanDefinitionReader : Registering bean definition for @Bean method org.springframework.security.config.annotation.web.configuration.WebSecurityConfiguration.springSecurityFilterChain()
2022-12-24 22:10:30.185 TRACE 25502 --- [           main] a.ConfigurationClassBeanDefinitionReader : Registering bean definition for @Bean method org.springframework.security.config.annotation.web.configuration.WebSecurityConfiguration.privilegeEvaluator()
2022-12-24 22:10:30.186 TRACE 25502 --- [           main] a.ConfigurationClassBeanDefinitionReader : Registering bean definition for @Bean method org.springframework.security.config.annotation.web.configuration.WebSecurityConfiguration.conversionServicePostProcessor()
2022-12-24 22:10:30.187 TRACE 25502 --- [           main] a.ConfigurationClassBeanDefinitionReader : Registering bean definition for @Bean method org.springframework.security.config.annotation.web.configuration.WebSecurityConfiguration.autowiredWebSecurityConfigurersIgnoreParents()
2022-12-24 22:10:30.189 TRACE 25502 --- [           main] a.ConfigurationClassBeanDefinitionReader : Registered bean definition for imported class 'org.springframework.security.config.annotation.web.configuration.WebMvcSecurityConfiguration'
2022-12-24 22:10:30.190 TRACE 25502 --- [           main] a.ConfigurationClassBeanDefinitionReader : Registering bean definition for @Bean method org.springframework.security.config.annotation.web.configuration.WebMvcSecurityConfiguration.requestDataValueProcessor()
2022-12-24 22:10:30.192 TRACE 25502 --- [           main] a.ConfigurationClassBeanDefinitionReader : Registered bean definition for imported class 'org.springframework.security.config.annotation.web.configuration.HttpSecurityConfiguration'
2022-12-24 22:10:30.193 TRACE 25502 --- [           main] a.ConfigurationClassBeanDefinitionReader : Registering bean definition for @Bean method org.springframework.security.config.annotation.web.configuration.HttpSecurityConfiguration.org.springframework.security.config.annotation.web.configuration.HttpSecurityConfiguration.httpSecurity()
2022-12-24 22:10:30.193 TRACE 25502 --- [           main] a.ConfigurationClassBeanDefinitionReader : Registered bean definition for imported class 'org.springframework.security.config.annotation.method.configuration.GlobalMethodSecurityConfiguration'
2022-12-24 22:10:30.193 TRACE 25502 --- [           main] a.ConfigurationClassBeanDefinitionReader : Registering bean definition for @Bean method org.springframework.security.config.annotation.method.configuration.GlobalMethodSecurityConfiguration.methodSecurityInterceptor()
2022-12-24 22:10:30.193 TRACE 25502 --- [           main] a.ConfigurationClassBeanDefinitionReader : Registering bean definition for @Bean method org.springframework.security.config.annotation.method.configuration.GlobalMethodSecurityConfiguration.methodSecurityMetadataSource()
2022-12-24 22:10:30.193 TRACE 25502 --- [           main] a.ConfigurationClassBeanDefinitionReader : Registering bean definition for @Bean method org.springframework.security.config.annotation.method.configuration.GlobalMethodSecurityConfiguration.preInvocationAuthorizationAdvice()
2022-12-24 22:10:30.201 TRACE 25502 --- [           main] a.ConfigurationClassBeanDefinitionReader : Registering bean definition for @Bean method com.spring.config.WebSecurityConfiguration.authenticationManagerBean()
2022-12-24 22:10:30.201 TRACE 25502 --- [           main] a.ConfigurationClassBeanDefinitionReader : Registering bean definition for @Bean method com.spring.config.WebSecurityConfiguration.passwordEncoder()
2022-12-24 22:10:30.222  INFO 25502 --- [           main] .s.d.r.c.RepositoryConfigurationDelegate : Bootstrapping Spring Data JPA repositories in DEFAULT mode.
2022-12-24 22:10:30.241 DEBUG 25502 --- [           main] .s.d.r.c.RepositoryConfigurationDelegate : Scanning for JPA repositories in packages com.spring.repository.
2022-12-24 22:10:30.251 TRACE 25502 --- [           main] .i.s.PathMatchingResourcePatternResolver : Resolved classpath location [com/spring/repository/] to resources [URL [file:/Users/yassine/Site/room/Application/Spring/target/classes/com/spring/repository/]]
2022-12-24 22:10:30.251 TRACE 25502 --- [           main] .i.s.PathMatchingResourcePatternResolver : Looking for matching resources in directory tree [/Users/yassine/Site/room/Application/Spring/target/classes/com/spring/repository]
2022-12-24 22:10:30.251 TRACE 25502 --- [           main] .i.s.PathMatchingResourcePatternResolver : Searching directory [/Users/yassine/Site/room/Application/Spring/target/classes/com/spring/repository] for files matching pattern [/Users/yassine/Site/room/Application/Spring/target/classes/com/spring/repository/**/*.class]
2022-12-24 22:10:30.252 TRACE 25502 --- [           main] .i.s.PathMatchingResourcePatternResolver : Resolved location pattern [classpath*:com/spring/repository/**/*.class] to resources [file [/Users/yassine/Site/room/Application/Spring/target/classes/com/spring/repository/RoleRepository.class], file [/Users/yassine/Site/room/Application/Spring/target/classes/com/spring/repository/UserRepository.class]]
2022-12-24 22:10:30.252 TRACE 25502 --- [           main] o.s.d.r.c.RepositoryComponentProvider    : Scanning file [/Users/yassine/Site/room/Application/Spring/target/classes/com/spring/repository/RoleRepository.class]
2022-12-24 22:10:30.255 DEBUG 25502 --- [           main] o.s.d.r.c.RepositoryComponentProvider    : Identified candidate component class: file [/Users/yassine/Site/room/Application/Spring/target/classes/com/spring/repository/RoleRepository.class]
2022-12-24 22:10:30.256 TRACE 25502 --- [           main] o.s.d.r.c.RepositoryComponentProvider    : Scanning file [/Users/yassine/Site/room/Application/Spring/target/classes/com/spring/repository/UserRepository.class]
2022-12-24 22:10:30.257 DEBUG 25502 --- [           main] o.s.d.r.c.RepositoryComponentProvider    : Identified candidate component class: file [/Users/yassine/Site/room/Application/Spring/target/classes/com/spring/repository/UserRepository.class]
2022-12-24 22:10:30.268 TRACE 25502 --- [           main] o.s.c.io.support.SpringFactoriesLoader   : Loaded [org.springframework.data.util.ProxyUtils$ProxyDetector] names: [org.springframework.data.jpa.util.HibernateProxyDetector]
2022-12-24 22:10:30.305 TRACE 25502 --- [           main] .i.s.PathMatchingResourcePatternResolver : Resolved classpath location [com/spring/repository/] to resources [URL [file:/Users/yassine/Site/room/Application/Spring/target/classes/com/spring/repository/]]
2022-12-24 22:10:30.306 TRACE 25502 --- [           main] .i.s.PathMatchingResourcePatternResolver : Looking for matching resources in directory tree [/Users/yassine/Site/room/Application/Spring/target/classes/com/spring/repository]
2022-12-24 22:10:30.306 TRACE 25502 --- [           main] .i.s.PathMatchingResourcePatternResolver : Searching directory [/Users/yassine/Site/room/Application/Spring/target/classes/com/spring/repository] for files matching pattern [/Users/yassine/Site/room/Application/Spring/target/classes/com/spring/repository/**/*Impl.class]
2022-12-24 22:10:30.306 TRACE 25502 --- [           main] .i.s.PathMatchingResourcePatternResolver : Resolved location pattern [classpath*:com/spring/repository/**/*Impl.class] to resources []
2022-12-24 22:10:30.315 TRACE 25502 --- [           main] .s.d.r.c.RepositoryConfigurationDelegate : Spring Data JPA - Registering repository: roleRepository - Interface: com.spring.repository.RoleRepository - Factory: org.springframework.data.jpa.repository.support.JpaRepositoryFactoryBean
2022-12-24 22:10:30.317 TRACE 25502 --- [           main] .s.d.r.c.RepositoryConfigurationDelegate : Spring Data JPA - Registering repository: userRepository - Interface: com.spring.repository.UserRepository - Factory: org.springframework.data.jpa.repository.support.JpaRepositoryFactoryBean
2022-12-24 22:10:30.317  INFO 25502 --- [           main] .s.d.r.c.RepositoryConfigurationDelegate : Finished Spring Data repository scanning in 74 ms. Found 2 JPA repository interfaces.
2022-12-24 22:10:30.317 TRACE 25502 --- [           main] a.ConfigurationClassBeanDefinitionReader : Registered bean definition for imported class 'org.springframework.boot.autoconfigure.context.PropertyPlaceholderAutoConfiguration'
2022-12-24 22:10:30.362 TRACE 25502 --- [           main] o.s.b.f.s.DefaultListableBeanFactory     : Returning cached instance of singleton bean 'autoConfigurationReport'
2022-12-24 22:10:30.363 TRACE 25502 --- [           main] a.ConfigurationClassBeanDefinitionReader : Registering bean definition for @Bean method org.springframework.boot.autoconfigure.context.PropertyPlaceholderAutoConfiguration.propertySourcesPlaceholderConfigurer()
2022-12-24 22:10:30.363 TRACE 25502 --- [           main] o.s.b.f.s.DefaultListableBeanFactory     : Returning cached instance of singleton bean 'autoConfigurationReport'
2022-12-24 22:10:30.363 TRACE 25502 --- [           main] o.s.b.f.s.DefaultListableBeanFactory     : Returning cached instance of singleton bean 'autoConfigurationReport'
2022-12-24 22:10:30.364 TRACE 25502 --- [           main] o.s.b.f.s.DefaultListableBeanFactory     : Returning cached instance of singleton bean 'autoConfigurationReport'
2022-12-24 22:10:30.364 TRACE 25502 --- [           main] a.ConfigurationClassBeanDefinitionReader : Registered bean definition for imported class 'org.springframework.boot.autoconfigure.websocket.servlet.WebSocketServletAutoConfiguration$TomcatWebSocketConfiguration'
2022-12-24 22:10:30.364 TRACE 25502 --- [           main] o.s.b.f.s.DefaultListableBeanFactory     : Returning cached instance of singleton bean 'autoConfigurationReport'
2022-12-24 22:10:30.364 TRACE 25502 --- [           main] a.ConfigurationClassBeanDefinitionReader : Registering bean definition for @Bean method org.springframework.boot.autoconfigure.websocket.servlet.WebSocketServletAutoConfiguration$TomcatWebSocketConfiguration.websocketServletWebServerCustomizer()
2022-12-24 22:10:30.365 TRACE 25502 --- [           main] a.ConfigurationClassBeanDefinitionReader : Registered bean definition for imported class 'org.springframework.boot.autoconfigure.websocket.servlet.WebSocketServletAutoConfiguration'
2022-12-24 22:10:30.365 TRACE 25502 --- [           main] o.s.b.f.s.DefaultListableBeanFactory     : Returning cached instance of singleton bean 'autoConfigurationReport'
2022-12-24 22:10:30.365 TRACE 25502 --- [           main] o.s.b.f.s.DefaultListableBeanFactory     : Returning cached instance of singleton bean 'autoConfigurationReport'
2022-12-24 22:10:30.366 TRACE 25502 --- [           main] o.s.b.f.s.DefaultListableBeanFactory     : Returning cached instance of singleton bean 'autoConfigurationReport'
2022-12-24 22:10:30.368 TRACE 25502 --- [           main] o.s.b.f.s.DefaultListableBeanFactory     : Returning cached instance of singleton bean 'autoConfigurationReport'
2022-12-24 22:10:30.368 TRACE 25502 --- [           main] a.ConfigurationClassBeanDefinitionReader : Registered bean definition for imported class 'org.springframework.boot.autoconfigure.web.servlet.ServletWebServerFactoryConfiguration$EmbeddedTomcat'
2022-12-24 22:10:30.369 TRACE 25502 --- [           main] a.ConfigurationClassBeanDefinitionReader : Registering bean definition for @Bean method org.springframework.boot.autoconfigure.web.servlet.ServletWebServerFactoryConfiguration$EmbeddedTomcat.tomcatServletWebServerFactory()
2022-12-24 22:10:30.369 TRACE 25502 --- [           main] a.ConfigurationClassBeanDefinitionReader : Registered bean definition for imported class 'org.springframework.boot.autoconfigure.web.servlet.ServletWebServerFactoryAutoConfiguration'
2022-12-24 22:10:30.370 TRACE 25502 --- [           main] a.ConfigurationClassBeanDefinitionReader : Registering bean definition for @Bean method org.springframework.boot.autoconfigure.web.servlet.ServletWebServerFactoryAutoConfiguration.servletWebServerFactoryCustomizer()
2022-12-24 22:10:30.370 TRACE 25502 --- [           main] o.s.b.f.s.DefaultListableBeanFactory     : Returning cached instance of singleton bean 'autoConfigurationReport'
2022-12-24 22:10:30.370 TRACE 25502 --- [           main] a.ConfigurationClassBeanDefinitionReader : Registering bean definition for @Bean method org.springframework.boot.autoconfigure.web.servlet.ServletWebServerFactoryAutoConfiguration.tomcatServletWebServerFactoryCustomizer()
2022-12-24 22:10:30.370 TRACE 25502 --- [           main] o.s.b.f.s.DefaultListableBeanFactory     : Returning cached instance of singleton bean 'autoConfigurationReport'
2022-12-24 22:10:30.385 TRACE 25502 --- [           main] o.s.b.f.s.DefaultListableBeanFactory     : Returning cached instance of singleton bean 'autoConfigurationReport'
2022-12-24 22:10:30.385 TRACE 25502 --- [           main] o.s.b.f.s.DefaultListableBeanFactory     : Returning cached instance of singleton bean 'autoConfigurationReport'
2022-12-24 22:10:30.385 TRACE 25502 --- [           main] o.s.b.f.s.DefaultListableBeanFactory     : Returning cached instance of singleton bean 'autoConfigurationReport'
2022-12-24 22:10:30.385 TRACE 25502 --- [           main] o.s.b.f.s.DefaultListableBeanFactory     : Returning cached instance of singleton bean 'autoConfigurationReport'
2022-12-24 22:10:30.386 TRACE 25502 --- [           main] o.s.b.f.s.DefaultListableBeanFactory     : Returning cached instance of singleton bean 'autoConfigurationReport'
2022-12-24 22:10:30.386 TRACE 25502 --- [           main] o.s.b.f.s.DefaultListableBeanFactory     : Returning cached instance of singleton bean 'autoConfigurationReport'
2022-12-24 22:10:30.387 TRACE 25502 --- [           main] a.ConfigurationClassBeanDefinitionReader : Registered bean definition for imported class 'org.springframework.boot.autoconfigure.web.servlet.DispatcherServletAutoConfiguration$DispatcherServletConfiguration'
2022-12-24 22:10:30.387 TRACE 25502 --- [           main] a.ConfigurationClassBeanDefinitionReader : Registering bean definition for @Bean method org.springframework.boot.autoconfigure.web.servlet.DispatcherServletAutoConfiguration$DispatcherServletConfiguration.dispatcherServlet()
2022-12-24 22:10:30.388 TRACE 25502 --- [           main] o.s.b.f.s.DefaultListableBeanFactory     : Returning cached instance of singleton bean 'autoConfigurationReport'
2022-12-24 22:10:30.389 TRACE 25502 --- [           main] a.ConfigurationClassBeanDefinitionReader : Registered bean definition for imported class 'org.springframework.boot.autoconfigure.web.servlet.DispatcherServletAutoConfiguration$DispatcherServletRegistrationConfiguration'
2022-12-24 22:10:30.392 TRACE 25502 --- [           main] o.s.b.f.s.DefaultListableBeanFactory     : Returning cached instance of singleton bean 'autoConfigurationReport'
2022-12-24 22:10:30.392 TRACE 25502 --- [           main] a.ConfigurationClassBeanDefinitionReader : Registering bean definition for @Bean method org.springframework.boot.autoconfigure.web.servlet.DispatcherServletAutoConfiguration$DispatcherServletRegistrationConfiguration.dispatcherServletRegistration()
2022-12-24 22:10:30.392 TRACE 25502 --- [           main] a.ConfigurationClassBeanDefinitionReader : Registered bean definition for imported class 'org.springframework.boot.autoconfigure.web.servlet.DispatcherServletAutoConfiguration'
2022-12-24 22:10:30.393 TRACE 25502 --- [           main] o.s.b.f.s.DefaultListableBeanFactory     : Returning cached instance of singleton bean 'autoConfigurationReport'
2022-12-24 22:10:30.393 TRACE 25502 --- [           main] a.ConfigurationClassBeanDefinitionReader : Registered bean definition for imported class 'org.springframework.boot.autoconfigure.task.TaskExecutionAutoConfiguration'
2022-12-24 22:10:30.397 TRACE 25502 --- [           main] o.s.b.f.s.DefaultListableBeanFactory     : Returning cached instance of singleton bean 'autoConfigurationReport'
2022-12-24 22:10:30.398 TRACE 25502 --- [           main] a.ConfigurationClassBeanDefinitionReader : Registering bean definition for @Bean method org.springframework.boot.autoconfigure.task.TaskExecutionAutoConfiguration.taskExecutorBuilder()
2022-12-24 22:10:30.399 TRACE 25502 --- [           main] o.s.b.f.s.DefaultListableBeanFactory     : Returning cached instance of singleton bean 'autoConfigurationReport'
2022-12-24 22:10:30.399 TRACE 25502 --- [           main] o.s.b.f.s.DefaultListableBeanFactory     : Alias definition 'taskExecutor' registered for name 'applicationTaskExecutor'
2022-12-24 22:10:30.399 TRACE 25502 --- [           main] a.ConfigurationClassBeanDefinitionReader : Registering bean definition for @Bean method org.springframework.boot.autoconfigure.task.TaskExecutionAutoConfiguration.applicationTaskExecutor()
2022-12-24 22:10:30.400 TRACE 25502 --- [           main] o.s.b.f.s.DefaultListableBeanFactory     : Returning cached instance of singleton bean 'autoConfigurationReport'
2022-12-24 22:10:30.400 TRACE 25502 --- [           main] o.s.b.f.s.DefaultListableBeanFactory     : Returning cached instance of singleton bean 'autoConfigurationReport'
2022-12-24 22:10:30.400 TRACE 25502 --- [           main] o.s.b.f.s.DefaultListableBeanFactory     : Returning cached instance of singleton bean 'autoConfigurationReport'
2022-12-24 22:10:30.400 TRACE 25502 --- [           main] o.s.c.io.support.SpringFactoriesLoader   : Loaded [org.springframework.boot.autoconfigure.template.TemplateAvailabilityProvider] names: [org.springframework.boot.autoconfigure.freemarker.FreeMarkerTemplateAvailabilityProvider, org.springframework.boot.autoconfigure.mustache.MustacheTemplateAvailabilityProvider, org.springframework.boot.autoconfigure.groovy.template.GroovyTemplateAvailabilityProvider, org.springframework.boot.autoconfigure.thymeleaf.ThymeleafTemplateAvailabilityProvider, org.springframework.boot.autoconfigure.web.servlet.JspTemplateAvailabilityProvider]
2022-12-24 22:10:30.400 TRACE 25502 --- [           main] o.s.c.e.PropertySourcesPropertyResolver  : Searching for key 'spring.template.provider.cache' in PropertySource 'configurationProperties'
2022-12-24 22:10:30.400 TRACE 25502 --- [           main] o.s.c.e.PropertySourcesPropertyResolver  : Searching for key 'spring.template.provider.cache' in PropertySource 'test'
2022-12-24 22:10:30.400 TRACE 25502 --- [           main] o.s.c.e.PropertySourcesPropertyResolver  : Searching for key 'spring.template.provider.cache' in PropertySource 'Inlined Test Properties'
2022-12-24 22:10:30.400 TRACE 25502 --- [           main] o.s.c.e.PropertySourcesPropertyResolver  : Searching for key 'spring.template.provider.cache' in PropertySource 'systemProperties'
2022-12-24 22:10:30.400 TRACE 25502 --- [           main] o.s.c.e.PropertySourcesPropertyResolver  : Searching for key 'spring.template.provider.cache' in PropertySource 'systemEnvironment'
2022-12-24 22:10:30.400 TRACE 25502 --- [           main] o.s.c.e.PropertySourcesPropertyResolver  : Searching for key 'spring.template.provider.cache' in PropertySource 'random'
2022-12-24 22:10:30.400 TRACE 25502 --- [           main] o.s.c.e.PropertySourcesPropertyResolver  : Searching for key 'spring.template.provider.cache' in PropertySource 'Config resource 'class path resource [application.properties]' via location 'optional:classpath:/''
2022-12-24 22:10:30.400 TRACE 25502 --- [           main] o.s.c.e.PropertySourcesPropertyResolver  : Searching for key 'spring.template.provider.cache' in PropertySource 'class path resource [springdoc.swagger-ui.config]'
2022-12-24 22:10:30.400 TRACE 25502 --- [           main] o.s.c.e.PropertySourcesPropertyResolver  : Could not find key 'spring.template.provider.cache' in any property source
2022-12-24 22:10:30.401 TRACE 25502 --- [           main] o.s.b.f.s.DefaultListableBeanFactory     : Returning cached instance of singleton bean 'autoConfigurationReport'
2022-12-24 22:10:30.401 TRACE 25502 --- [           main] a.ConfigurationClassBeanDefinitionReader : Registered bean definition for imported class 'org.springframework.boot.autoconfigure.web.servlet.error.ErrorMvcAutoConfiguration$WhitelabelErrorViewConfiguration'
2022-12-24 22:10:30.401 TRACE 25502 --- [           main] o.s.b.f.s.DefaultListableBeanFactory     : Returning cached instance of singleton bean 'autoConfigurationReport'
2022-12-24 22:10:30.402 TRACE 25502 --- [           main] a.ConfigurationClassBeanDefinitionReader : Registering bean definition for @Bean method org.springframework.boot.autoconfigure.web.servlet.error.ErrorMvcAutoConfiguration$WhitelabelErrorViewConfiguration.error()
2022-12-24 22:10:30.405 TRACE 25502 --- [           main] o.s.b.f.s.DefaultListableBeanFactory     : Returning cached instance of singleton bean 'autoConfigurationReport'
2022-12-24 22:10:30.405 TRACE 25502 --- [           main] a.ConfigurationClassBeanDefinitionReader : Registering bean definition for @Bean method org.springframework.boot.autoconfigure.web.servlet.error.ErrorMvcAutoConfiguration$WhitelabelErrorViewConfiguration.beanNameViewResolver()
2022-12-24 22:10:30.406 TRACE 25502 --- [           main] a.ConfigurationClassBeanDefinitionReader : Registered bean definition for imported class 'org.springframework.boot.autoconfigure.web.servlet.error.ErrorMvcAutoConfiguration$DefaultErrorViewResolverConfiguration'
2022-12-24 22:10:30.408 TRACE 25502 --- [           main] o.s.b.f.s.DefaultListableBeanFactory     : Returning cached instance of singleton bean 'autoConfigurationReport'
2022-12-24 22:10:30.408 TRACE 25502 --- [           main] o.s.b.f.s.DefaultListableBeanFactory     : Returning cached instance of singleton bean 'autoConfigurationReport'
2022-12-24 22:10:30.409 TRACE 25502 --- [           main] a.ConfigurationClassBeanDefinitionReader : Registering bean definition for @Bean method org.springframework.boot.autoconfigure.web.servlet.error.ErrorMvcAutoConfiguration$DefaultErrorViewResolverConfiguration.conventionErrorViewResolver()
2022-12-24 22:10:30.410 TRACE 25502 --- [           main] a.ConfigurationClassBeanDefinitionReader : Registered bean definition for imported class 'org.springframework.boot.autoconfigure.web.servlet.error.ErrorMvcAutoConfiguration'
2022-12-24 22:10:30.412 TRACE 25502 --- [           main] o.s.b.f.s.DefaultListableBeanFactory     : Returning cached instance of singleton bean 'autoConfigurationReport'
2022-12-24 22:10:30.412 TRACE 25502 --- [           main] a.ConfigurationClassBeanDefinitionReader : Registering bean definition for @Bean method org.springframework.boot.autoconfigure.web.servlet.error.ErrorMvcAutoConfiguration.errorAttributes()
2022-12-24 22:10:30.415 TRACE 25502 --- [           main] o.s.b.f.s.DefaultListableBeanFactory     : Returning cached instance of singleton bean 'autoConfigurationReport'
2022-12-24 22:10:30.415 TRACE 25502 --- [           main] a.ConfigurationClassBeanDefinitionReader : Registering bean definition for @Bean method org.springframework.boot.autoconfigure.web.servlet.error.ErrorMvcAutoConfiguration.basicErrorController()
2022-12-24 22:10:30.415 TRACE 25502 --- [           main] a.ConfigurationClassBeanDefinitionReader : Registering bean definition for @Bean method org.springframework.boot.autoconfigure.web.servlet.error.ErrorMvcAutoConfiguration.errorPageCustomizer()
2022-12-24 22:10:30.415 TRACE 25502 --- [           main] a.ConfigurationClassBeanDefinitionReader : Registering bean definition for @Bean method org.springframework.boot.autoconfigure.web.servlet.error.ErrorMvcAutoConfiguration.preserveErrorControllerTargetClassPostProcessor()
2022-12-24 22:10:30.416 TRACE 25502 --- [           main] o.s.b.f.s.DefaultListableBeanFactory     : Returning cached instance of singleton bean 'autoConfigurationReport'
2022-12-24 22:10:30.416 TRACE 25502 --- [           main] o.s.b.f.s.DefaultListableBeanFactory     : Returning cached instance of singleton bean 'autoConfigurationReport'
2022-12-24 22:10:30.418 TRACE 25502 --- [           main] o.s.b.f.s.DefaultListableBeanFactory     : Returning cached instance of singleton bean 'autoConfigurationReport'
2022-12-24 22:10:30.418 TRACE 25502 --- [           main] a.ConfigurationClassBeanDefinitionReader : Registered bean definition for imported class 'org.springframework.boot.autoconfigure.web.servlet.WebMvcAutoConfiguration$EnableWebMvcConfiguration'
2022-12-24 22:10:30.418 TRACE 25502 --- [           main] a.ConfigurationClassBeanDefinitionReader : Registering bean definition for @Bean method org.springframework.boot.autoconfigure.web.servlet.WebMvcAutoConfiguration$EnableWebMvcConfiguration.requestMappingHandlerAdapter()
2022-12-24 22:10:30.418 TRACE 25502 --- [           main] a.ConfigurationClassBeanDefinitionReader : Registering bean definition for @Bean method org.springframework.boot.autoconfigure.web.servlet.WebMvcAutoConfiguration$EnableWebMvcConfiguration.requestMappingHandlerMapping()
2022-12-24 22:10:30.419 TRACE 25502 --- [           main] a.ConfigurationClassBeanDefinitionReader : Registering bean definition for @Bean method org.springframework.boot.autoconfigure.web.servlet.WebMvcAutoConfiguration$EnableWebMvcConfiguration.welcomePageHandlerMapping()
2022-12-24 22:10:30.419 TRACE 25502 --- [           main] o.s.b.f.s.DefaultListableBeanFactory     : Returning cached instance of singleton bean 'autoConfigurationReport'
2022-12-24 22:10:30.419 TRACE 25502 --- [           main] a.ConfigurationClassBeanDefinitionReader : Registering bean definition for @Bean method org.springframework.boot.autoconfigure.web.servlet.WebMvcAutoConfiguration$EnableWebMvcConfiguration.localeResolver()
2022-12-24 22:10:30.419 TRACE 25502 --- [           main] o.s.b.f.s.DefaultListableBeanFactory     : Returning cached instance of singleton bean 'autoConfigurationReport'
2022-12-24 22:10:30.419 TRACE 25502 --- [           main] a.ConfigurationClassBeanDefinitionReader : Registering bean definition for @Bean method org.springframework.boot.autoconfigure.web.servlet.WebMvcAutoConfiguration$EnableWebMvcConfiguration.themeResolver()
2022-12-24 22:10:30.420 TRACE 25502 --- [           main] o.s.b.f.s.DefaultListableBeanFactory     : Returning cached instance of singleton bean 'autoConfigurationReport'
2022-12-24 22:10:30.420 TRACE 25502 --- [           main] a.ConfigurationClassBeanDefinitionReader : Registering bean definition for @Bean method org.springframework.boot.autoconfigure.web.servlet.WebMvcAutoConfiguration$EnableWebMvcConfiguration.flashMapManager()
2022-12-24 22:10:30.420 TRACE 25502 --- [           main] a.ConfigurationClassBeanDefinitionReader : Registering bean definition for @Bean method org.springframework.boot.autoconfigure.web.servlet.WebMvcAutoConfiguration$EnableWebMvcConfiguration.mvcConversionService()
2022-12-24 22:10:30.420 TRACE 25502 --- [           main] a.ConfigurationClassBeanDefinitionReader : Registering bean definition for @Bean method org.springframework.boot.autoconfigure.web.servlet.WebMvcAutoConfiguration$EnableWebMvcConfiguration.mvcValidator()
2022-12-24 22:10:30.420 TRACE 25502 --- [           main] a.ConfigurationClassBeanDefinitionReader : Registering bean definition for @Bean method org.springframework.boot.autoconfigure.web.servlet.WebMvcAutoConfiguration$EnableWebMvcConfiguration.mvcContentNegotiationManager()
2022-12-24 22:10:30.420 TRACE 25502 --- [           main] a.ConfigurationClassBeanDefinitionReader : Registering bean definition for @Bean method org.springframework.boot.autoconfigure.web.servlet.WebMvcAutoConfiguration$EnableWebMvcConfiguration.mvcPatternParser()
2022-12-24 22:10:30.420 TRACE 25502 --- [           main] a.ConfigurationClassBeanDefinitionReader : Registering bean definition for @Bean method org.springframework.boot.autoconfigure.web.servlet.WebMvcAutoConfiguration$EnableWebMvcConfiguration.mvcUrlPathHelper()
2022-12-24 22:10:30.420 TRACE 25502 --- [           main] a.ConfigurationClassBeanDefinitionReader : Registering bean definition for @Bean method org.springframework.boot.autoconfigure.web.servlet.WebMvcAutoConfiguration$EnableWebMvcConfiguration.mvcPathMatcher()
2022-12-24 22:10:30.421 TRACE 25502 --- [           main] a.ConfigurationClassBeanDefinitionReader : Registering bean definition for @Bean method org.springframework.boot.autoconfigure.web.servlet.WebMvcAutoConfiguration$EnableWebMvcConfiguration.viewControllerHandlerMapping()
2022-12-24 22:10:30.421 TRACE 25502 --- [           main] a.ConfigurationClassBeanDefinitionReader : Registering bean definition for @Bean method org.springframework.boot.autoconfigure.web.servlet.WebMvcAutoConfiguration$EnableWebMvcConfiguration.beanNameHandlerMapping()
2022-12-24 22:10:30.421 TRACE 25502 --- [           main] a.ConfigurationClassBeanDefinitionReader : Registering bean definition for @Bean method org.springframework.boot.autoconfigure.web.servlet.WebMvcAutoConfiguration$EnableWebMvcConfiguration.routerFunctionMapping()
2022-12-24 22:10:30.421 TRACE 25502 --- [           main] a.ConfigurationClassBeanDefinitionReader : Registering bean definition for @Bean method org.springframework.boot.autoconfigure.web.servlet.WebMvcAutoConfiguration$EnableWebMvcConfiguration.resourceHandlerMapping()
2022-12-24 22:10:30.421 TRACE 25502 --- [           main] a.ConfigurationClassBeanDefinitionReader : Registering bean definition for @Bean method org.springframework.boot.autoconfigure.web.servlet.WebMvcAutoConfiguration$EnableWebMvcConfiguration.mvcResourceUrlProvider()
2022-12-24 22:10:30.421 TRACE 25502 --- [           main] a.ConfigurationClassBeanDefinitionReader : Registering bean definition for @Bean method org.springframework.boot.autoconfigure.web.servlet.WebMvcAutoConfiguration$EnableWebMvcConfiguration.defaultServletHandlerMapping()
2022-12-24 22:10:30.422 TRACE 25502 --- [           main] a.ConfigurationClassBeanDefinitionReader : Registering bean definition for @Bean method org.springframework.boot.autoconfigure.web.servlet.WebMvcAutoConfiguration$EnableWebMvcConfiguration.handlerFunctionAdapter()
2022-12-24 22:10:30.422 TRACE 25502 --- [           main] a.ConfigurationClassBeanDefinitionReader : Registering bean definition for @Bean method org.springframework.boot.autoconfigure.web.servlet.WebMvcAutoConfiguration$EnableWebMvcConfiguration.mvcUriComponentsContributor()
2022-12-24 22:10:30.422 TRACE 25502 --- [           main] a.ConfigurationClassBeanDefinitionReader : Registering bean definition for @Bean method org.springframework.boot.autoconfigure.web.servlet.WebMvcAutoConfiguration$EnableWebMvcConfiguration.httpRequestHandlerAdapter()
2022-12-24 22:10:30.422 TRACE 25502 --- [           main] a.ConfigurationClassBeanDefinitionReader : Registering bean definition for @Bean method org.springframework.boot.autoconfigure.web.servlet.WebMvcAutoConfiguration$EnableWebMvcConfiguration.simpleControllerHandlerAdapter()
2022-12-24 22:10:30.422 TRACE 25502 --- [           main] a.ConfigurationClassBeanDefinitionReader : Registering bean definition for @Bean method org.springframework.boot.autoconfigure.web.servlet.WebMvcAutoConfiguration$EnableWebMvcConfiguration.handlerExceptionResolver()
2022-12-24 22:10:30.422 TRACE 25502 --- [           main] a.ConfigurationClassBeanDefinitionReader : Registering bean definition for @Bean method org.springframework.boot.autoconfigure.web.servlet.WebMvcAutoConfiguration$EnableWebMvcConfiguration.mvcViewResolver()
2022-12-24 22:10:30.423 TRACE 25502 --- [           main] a.ConfigurationClassBeanDefinitionReader : Registering bean definition for @Bean method org.springframework.boot.autoconfigure.web.servlet.WebMvcAutoConfiguration$EnableWebMvcConfiguration.mvcHandlerMappingIntrospector()
2022-12-24 22:10:30.423 TRACE 25502 --- [           main] a.ConfigurationClassBeanDefinitionReader : Registering bean definition for @Bean method org.springframework.boot.autoconfigure.web.servlet.WebMvcAutoConfiguration$EnableWebMvcConfiguration.viewNameTranslator()
2022-12-24 22:10:30.424 TRACE 25502 --- [           main] a.ConfigurationClassBeanDefinitionReader : Registered bean definition for imported class 'org.springframework.boot.autoconfigure.web.servlet.WebMvcAutoConfiguration$WebMvcAutoConfigurationAdapter'
2022-12-24 22:10:30.451 TRACE 25502 --- [           main] o.s.b.f.s.DefaultListableBeanFactory     : Returning cached instance of singleton bean 'autoConfigurationReport'
2022-12-24 22:10:30.452 TRACE 25502 --- [           main] a.ConfigurationClassBeanDefinitionReader : Registering bean definition for @Bean method org.springframework.boot.autoconfigure.web.servlet.WebMvcAutoConfiguration$WebMvcAutoConfigurationAdapter.defaultViewResolver()
2022-12-24 22:10:30.456 TRACE 25502 --- [           main] o.s.b.f.s.DefaultListableBeanFactory     : Returning cached instance of singleton bean 'autoConfigurationReport'
2022-12-24 22:10:30.456 TRACE 25502 --- [           main] o.s.b.f.s.DefaultListableBeanFactory     : Returning cached instance of singleton bean 'autoConfigurationReport'
2022-12-24 22:10:30.457 TRACE 25502 --- [           main] o.s.b.f.s.DefaultListableBeanFactory     : Returning cached instance of singleton bean 'autoConfigurationReport'
2022-12-24 22:10:30.458 TRACE 25502 --- [           main] a.ConfigurationClassBeanDefinitionReader : Registering bean definition for @Bean method org.springframework.boot.autoconfigure.web.servlet.WebMvcAutoConfiguration$WebMvcAutoConfigurationAdapter.viewResolver()
2022-12-24 22:10:30.461 TRACE 25502 --- [           main] o.s.b.f.s.DefaultListableBeanFactory     : Returning cached instance of singleton bean 'autoConfigurationReport'
2022-12-24 22:10:30.462 TRACE 25502 --- [           main] o.s.b.f.s.DefaultListableBeanFactory     : Returning cached instance of singleton bean 'autoConfigurationReport'
2022-12-24 22:10:30.462 TRACE 25502 --- [           main] a.ConfigurationClassBeanDefinitionReader : Registering bean definition for @Bean method org.springframework.boot.autoconfigure.web.servlet.WebMvcAutoConfiguration$WebMvcAutoConfigurationAdapter.requestContextFilter()
2022-12-24 22:10:30.464 TRACE 25502 --- [           main] o.s.c.e.PropertySourcesPropertyResolver  : Searching for key 'spring.web.resources.chain.strategy.fixed.enabled' in PropertySource 'configurationProperties'
2022-12-24 22:10:30.464 TRACE 25502 --- [           main] o.s.c.e.PropertySourcesPropertyResolver  : Searching for key 'spring.web.resources.chain.strategy.fixed.enabled' in PropertySource 'test'
2022-12-24 22:10:30.464 TRACE 25502 --- [           main] o.s.c.e.PropertySourcesPropertyResolver  : Searching for key 'spring.web.resources.chain.strategy.fixed.enabled' in PropertySource 'Inlined Test Properties'
2022-12-24 22:10:30.464 TRACE 25502 --- [           main] o.s.c.e.PropertySourcesPropertyResolver  : Searching for key 'spring.web.resources.chain.strategy.fixed.enabled' in PropertySource 'systemProperties'
2022-12-24 22:10:30.464 TRACE 25502 --- [           main] o.s.c.e.PropertySourcesPropertyResolver  : Searching for key 'spring.web.resources.chain.strategy.fixed.enabled' in PropertySource 'systemEnvironment'
2022-12-24 22:10:30.464 TRACE 25502 --- [           main] o.s.c.e.PropertySourcesPropertyResolver  : Searching for key 'spring.web.resources.chain.strategy.fixed.enabled' in PropertySource 'random'
2022-12-24 22:10:30.464 TRACE 25502 --- [           main] o.s.c.e.PropertySourcesPropertyResolver  : Searching for key 'spring.web.resources.chain.strategy.fixed.enabled' in PropertySource 'Config resource 'class path resource [application.properties]' via location 'optional:classpath:/''
2022-12-24 22:10:30.464 TRACE 25502 --- [           main] o.s.c.e.PropertySourcesPropertyResolver  : Searching for key 'spring.web.resources.chain.strategy.fixed.enabled' in PropertySource 'class path resource [springdoc.swagger-ui.config]'
2022-12-24 22:10:30.464 TRACE 25502 --- [           main] o.s.c.e.PropertySourcesPropertyResolver  : Could not find key 'spring.web.resources.chain.strategy.fixed.enabled' in any property source
2022-12-24 22:10:30.464 TRACE 25502 --- [           main] o.s.c.e.PropertySourcesPropertyResolver  : Searching for key 'spring.web.resources.chain.strategy.content.enabled' in PropertySource 'configurationProperties'
2022-12-24 22:10:30.464 TRACE 25502 --- [           main] o.s.c.e.PropertySourcesPropertyResolver  : Searching for key 'spring.web.resources.chain.strategy.content.enabled' in PropertySource 'test'
2022-12-24 22:10:30.464 TRACE 25502 --- [           main] o.s.c.e.PropertySourcesPropertyResolver  : Searching for key 'spring.web.resources.chain.strategy.content.enabled' in PropertySource 'Inlined Test Properties'
2022-12-24 22:10:30.464 TRACE 25502 --- [           main] o.s.c.e.PropertySourcesPropertyResolver  : Searching for key 'spring.web.resources.chain.strategy.content.enabled' in PropertySource 'systemProperties'
2022-12-24 22:10:30.464 TRACE 25502 --- [           main] o.s.c.e.PropertySourcesPropertyResolver  : Searching for key 'spring.web.resources.chain.strategy.content.enabled' in PropertySource 'systemEnvironment'
2022-12-24 22:10:30.464 TRACE 25502 --- [           main] o.s.c.e.PropertySourcesPropertyResolver  : Searching for key 'spring.web.resources.chain.strategy.content.enabled' in PropertySource 'random'
2022-12-24 22:10:30.464 TRACE 25502 --- [           main] o.s.c.e.PropertySourcesPropertyResolver  : Searching for key 'spring.web.resources.chain.strategy.content.enabled' in PropertySource 'Config resource 'class path resource [application.properties]' via location 'optional:classpath:/''
2022-12-24 22:10:30.464 TRACE 25502 --- [           main] o.s.c.e.PropertySourcesPropertyResolver  : Searching for key 'spring.web.resources.chain.strategy.content.enabled' in PropertySource 'class path resource [springdoc.swagger-ui.config]'
2022-12-24 22:10:30.464 TRACE 25502 --- [           main] o.s.c.e.PropertySourcesPropertyResolver  : Could not find key 'spring.web.resources.chain.strategy.content.enabled' in any property source
2022-12-24 22:10:30.464 TRACE 25502 --- [           main] o.s.c.e.PropertySourcesPropertyResolver  : Searching for key 'spring.web.resources.chain.enabled' in PropertySource 'configurationProperties'
2022-12-24 22:10:30.464 TRACE 25502 --- [           main] o.s.c.e.PropertySourcesPropertyResolver  : Searching for key 'spring.web.resources.chain.enabled' in PropertySource 'test'
2022-12-24 22:10:30.464 TRACE 25502 --- [           main] o.s.c.e.PropertySourcesPropertyResolver  : Searching for key 'spring.web.resources.chain.enabled' in PropertySource 'Inlined Test Properties'
2022-12-24 22:10:30.465 TRACE 25502 --- [           main] o.s.c.e.PropertySourcesPropertyResolver  : Searching for key 'spring.web.resources.chain.enabled' in PropertySource 'systemProperties'
2022-12-24 22:10:30.465 TRACE 25502 --- [           main] o.s.c.e.PropertySourcesPropertyResolver  : Searching for key 'spring.web.resources.chain.enabled' in PropertySource 'systemEnvironment'
2022-12-24 22:10:30.465 TRACE 25502 --- [           main] o.s.c.e.PropertySourcesPropertyResolver  : Searching for key 'spring.web.resources.chain.enabled' in PropertySource 'random'
2022-12-24 22:10:30.465 TRACE 25502 --- [           main] o.s.c.e.PropertySourcesPropertyResolver  : Searching for key 'spring.web.resources.chain.enabled' in PropertySource 'Config resource 'class path resource [application.properties]' via location 'optional:classpath:/''
2022-12-24 22:10:30.465 TRACE 25502 --- [           main] o.s.c.e.PropertySourcesPropertyResolver  : Searching for key 'spring.web.resources.chain.enabled' in PropertySource 'class path resource [springdoc.swagger-ui.config]'
2022-12-24 22:10:30.465 TRACE 25502 --- [           main] o.s.c.e.PropertySourcesPropertyResolver  : Could not find key 'spring.web.resources.chain.enabled' in any property source
2022-12-24 22:10:30.465 TRACE 25502 --- [           main] o.s.b.f.s.DefaultListableBeanFactory     : Returning cached instance of singleton bean 'autoConfigurationReport'
2022-12-24 22:10:30.465 TRACE 25502 --- [           main] a.ConfigurationClassBeanDefinitionReader : Registered bean definition for imported class 'org.springframework.boot.autoconfigure.web.servlet.WebMvcAutoConfiguration$ResourceChainCustomizerConfiguration'
2022-12-24 22:10:30.465 TRACE 25502 --- [           main] a.ConfigurationClassBeanDefinitionReader : Registering bean definition for @Bean method org.springframework.boot.autoconfigure.web.servlet.WebMvcAutoConfiguration$ResourceChainCustomizerConfiguration.resourceHandlerRegistrationCustomizer()
2022-12-24 22:10:30.466 TRACE 25502 --- [           main] a.ConfigurationClassBeanDefinitionReader : Registered bean definition for imported class 'org.springframework.boot.autoconfigure.web.servlet.WebMvcAutoConfiguration'
2022-12-24 22:10:30.466 TRACE 25502 --- [           main] o.s.b.f.s.DefaultListableBeanFactory     : Returning cached instance of singleton bean 'autoConfigurationReport'
2022-12-24 22:10:30.466 TRACE 25502 --- [           main] o.s.b.f.s.DefaultListableBeanFactory     : Returning cached instance of singleton bean 'autoConfigurationReport'
2022-12-24 22:10:30.469 TRACE 25502 --- [           main] o.s.b.f.s.DefaultListableBeanFactory     : Returning cached instance of singleton bean 'autoConfigurationReport'
2022-12-24 22:10:30.469 TRACE 25502 --- [           main] a.ConfigurationClassBeanDefinitionReader : Registering bean definition for @Bean method org.springframework.boot.autoconfigure.web.servlet.WebMvcAutoConfiguration.formContentFilter()
2022-12-24 22:10:30.469 TRACE 25502 --- [           main] o.s.b.f.s.DefaultListableBeanFactory     : Returning cached instance of singleton bean 'autoConfigurationReport'
2022-12-24 22:10:30.469 TRACE 25502 --- [           main] a.ConfigurationClassBeanDefinitionReader : Registered bean definition for imported class 'org.springdoc.core.SpringDocConfigProperties'
2022-12-24 22:10:30.470 TRACE 25502 --- [           main] o.s.b.f.s.DefaultListableBeanFactory     : Returning cached instance of singleton bean 'autoConfigurationReport'
2022-12-24 22:10:30.470 TRACE 25502 --- [           main] o.s.b.f.s.DefaultListableBeanFactory     : Returning cached instance of singleton bean 'autoConfigurationReport'
2022-12-24 22:10:30.470 TRACE 25502 --- [           main] a.ConfigurationClassBeanDefinitionReader : Registered bean definition for imported class 'org.springdoc.core.SpringDocConfiguration$WebConversionServiceConfiguration'
2022-12-24 22:10:30.470 TRACE 25502 --- [           main] a.ConfigurationClassBeanDefinitionReader : Registering bean definition for @Bean method org.springdoc.core.SpringDocConfiguration$WebConversionServiceConfiguration.webConversionServiceProvider()
2022-12-24 22:10:30.470 TRACE 25502 --- [           main] a.ConfigurationClassBeanDefinitionReader : Registered bean definition for imported class 'org.springdoc.core.SpringDocConfiguration$OpenApiResourceAdvice'
2022-12-24 22:10:30.470 TRACE 25502 --- [           main] a.ConfigurationClassBeanDefinitionReader : Registered bean definition for imported class 'org.springdoc.core.SpringDocConfiguration'
2022-12-24 22:10:30.470 TRACE 25502 --- [           main] a.ConfigurationClassBeanDefinitionReader : Registering bean definition for @Bean method org.springdoc.core.SpringDocConfiguration.localSpringDocParameterNameDiscoverer()
2022-12-24 22:10:30.471 TRACE 25502 --- [           main] a.ConfigurationClassBeanDefinitionReader : Registering bean definition for @Bean method org.springdoc.core.SpringDocConfiguration.additionalModelsConverter()
2022-12-24 22:10:30.471 TRACE 25502 --- [           main] a.ConfigurationClassBeanDefinitionReader : Registering bean definition for @Bean method org.springdoc.core.SpringDocConfiguration.propertyCustomizingConverter()
2022-12-24 22:10:30.485 TRACE 25502 --- [           main] o.s.b.f.s.DefaultListableBeanFactory     : Returning cached instance of singleton bean 'autoConfigurationReport'
2022-12-24 22:10:30.485 TRACE 25502 --- [           main] a.ConfigurationClassBeanDefinitionReader : Registering bean definition for @Bean method org.springdoc.core.SpringDocConfiguration.fileSupportConverter()
2022-12-24 22:10:30.486 TRACE 25502 --- [           main] o.s.b.f.s.DefaultListableBeanFactory     : Returning cached instance of singleton bean 'autoConfigurationReport'
2022-12-24 22:10:30.486 TRACE 25502 --- [           main] a.ConfigurationClassBeanDefinitionReader : Registering bean definition for @Bean method org.springdoc.core.SpringDocConfiguration.responseSupportConverter()
2022-12-24 22:10:30.487 TRACE 25502 --- [           main] o.s.b.f.s.DefaultListableBeanFactory     : Returning cached instance of singleton bean 'autoConfigurationReport'
2022-12-24 22:10:30.487 TRACE 25502 --- [           main] o.s.b.f.s.DefaultListableBeanFactory     : Returning cached instance of singleton bean 'autoConfigurationReport'
2022-12-24 22:10:30.488 TRACE 25502 --- [           main] a.ConfigurationClassBeanDefinitionReader : Registering bean definition for @Bean method org.springdoc.core.SpringDocConfiguration.schemaPropertyDeprecatingConverter()
2022-12-24 22:10:30.488 TRACE 25502 --- [           main] o.s.b.f.s.DefaultListableBeanFactory     : Returning cached instance of singleton bean 'autoConfigurationReport'
2022-12-24 22:10:30.489 TRACE 25502 --- [           main] a.ConfigurationClassBeanDefinitionReader : Registering bean definition for @Bean method org.springdoc.core.SpringDocConfiguration.polymorphicModelConverter()
2022-12-24 22:10:30.489 TRACE 25502 --- [           main] o.s.b.f.s.DefaultListableBeanFactory     : Returning cached instance of singleton bean 'autoConfigurationReport'
2022-12-24 22:10:30.490 TRACE 25502 --- [           main] a.ConfigurationClassBeanDefinitionReader : Registering bean definition for @Bean method org.springdoc.core.SpringDocConfiguration.openAPIBuilder()
2022-12-24 22:10:30.490 TRACE 25502 --- [           main] a.ConfigurationClassBeanDefinitionReader : Registering bean definition for @Bean method org.springdoc.core.SpringDocConfiguration.modelConverterRegistrar()
2022-12-24 22:10:30.490 TRACE 25502 --- [           main] o.s.b.f.s.DefaultListableBeanFactory     : Returning cached instance of singleton bean 'autoConfigurationReport'
2022-12-24 22:10:30.491 TRACE 25502 --- [           main] o.s.b.f.s.DefaultListableBeanFactory     : Returning cached instance of singleton bean 'autoConfigurationReport'
2022-12-24 22:10:30.491 TRACE 25502 --- [           main] a.ConfigurationClassBeanDefinitionReader : Registering bean definition for @Bean method org.springdoc.core.SpringDocConfiguration.operationBuilder()
2022-12-24 22:10:30.491 TRACE 25502 --- [           main] a.ConfigurationClassBeanDefinitionReader : Registering bean definition for @Bean method org.springdoc.core.SpringDocConfiguration.propertyResolverUtils()
2022-12-24 22:10:30.492 TRACE 25502 --- [           main] o.s.b.f.s.DefaultListableBeanFactory     : Returning cached instance of singleton bean 'autoConfigurationReport'
2022-12-24 22:10:30.494 TRACE 25502 --- [           main] o.s.b.f.s.DefaultListableBeanFactory     : Returning cached instance of singleton bean 'autoConfigurationReport'
2022-12-24 22:10:30.494 TRACE 25502 --- [           main] a.ConfigurationClassBeanDefinitionReader : Registering bean definition for @Bean method org.springdoc.core.SpringDocConfiguration.requestBodyBuilder()
2022-12-24 22:10:30.495 TRACE 25502 --- [           main] o.s.b.f.s.DefaultListableBeanFactory     : Returning cached instance of singleton bean 'autoConfigurationReport'
2022-12-24 22:10:30.496 TRACE 25502 --- [           main] a.ConfigurationClassBeanDefinitionReader : Registering bean definition for @Bean method org.springdoc.core.SpringDocConfiguration.securityParser()
2022-12-24 22:10:30.496 TRACE 25502 --- [           main] a.ConfigurationClassBeanDefinitionReader : Registering bean definition for @Bean method org.springdoc.core.SpringDocConfiguration.genericReturnTypeParser()
2022-12-24 22:10:30.497 TRACE 25502 --- [           main] o.s.b.f.s.DefaultListableBeanFactory     : Returning cached instance of singleton bean 'autoConfigurationReport'
2022-12-24 22:10:30.497 TRACE 25502 --- [           main] a.ConfigurationClassBeanDefinitionReader : Registering bean definition for @Bean method org.springdoc.core.SpringDocConfiguration.parameterBuilder()
2022-12-24 22:10:30.498 TRACE 25502 --- [           main] o.s.b.f.s.DefaultListableBeanFactory     : Returning cached instance of singleton bean 'autoConfigurationReport'
2022-12-24 22:10:30.499 TRACE 25502 --- [           main] o.s.b.f.s.DefaultListableBeanFactory     : Returning cached instance of singleton bean 'autoConfigurationReport'
2022-12-24 22:10:30.505 TRACE 25502 --- [           main] o.s.b.f.s.DefaultListableBeanFactory     : Returning cached instance of singleton bean 'autoConfigurationReport'
2022-12-24 22:10:30.505 TRACE 25502 --- [           main] o.s.b.f.s.DefaultListableBeanFactory     : Returning cached instance of singleton bean 'autoConfigurationReport'
2022-12-24 22:10:30.505 TRACE 25502 --- [           main] o.s.b.f.s.DefaultListableBeanFactory     : Returning cached instance of singleton bean 'autoConfigurationReport'
2022-12-24 22:10:30.506 TRACE 25502 --- [           main] o.s.b.f.s.DefaultListableBeanFactory     : Returning cached instance of singleton bean 'autoConfigurationReport'
2022-12-24 22:10:30.506 TRACE 25502 --- [           main] a.ConfigurationClassBeanDefinitionReader : Registered bean definition for imported class 'org.springdoc.core.SwaggerUiConfigParameters'
2022-12-24 22:10:30.507 TRACE 25502 --- [           main] o.s.b.f.s.DefaultListableBeanFactory     : Returning cached instance of singleton bean 'autoConfigurationReport'
2022-12-24 22:10:30.509 TRACE 25502 --- [           main] o.s.b.f.s.DefaultListableBeanFactory     : Returning cached instance of singleton bean 'autoConfigurationReport'
2022-12-24 22:10:30.509 TRACE 25502 --- [           main] a.ConfigurationClassBeanDefinitionReader : Registered bean definition for imported class 'org.springdoc.core.SwaggerUiConfigProperties'
2022-12-24 22:10:30.509 TRACE 25502 --- [           main] o.s.b.f.s.DefaultListableBeanFactory     : Returning cached instance of singleton bean 'autoConfigurationReport'
2022-12-24 22:10:30.510 TRACE 25502 --- [           main] o.s.b.f.s.DefaultListableBeanFactory     : Returning cached instance of singleton bean 'autoConfigurationReport'
2022-12-24 22:10:30.511 TRACE 25502 --- [           main] a.ConfigurationClassBeanDefinitionReader : Registered bean definition for imported class 'org.springdoc.core.SwaggerUiOAuthProperties'
2022-12-24 22:10:30.511 TRACE 25502 --- [           main] o.s.b.f.s.DefaultListableBeanFactory     : Returning cached instance of singleton bean 'autoConfigurationReport'
2022-12-24 22:10:30.511 TRACE 25502 --- [           main] o.s.b.f.s.DefaultListableBeanFactory     : Returning cached instance of singleton bean 'autoConfigurationReport'
2022-12-24 22:10:30.514 TRACE 25502 --- [           main] o.s.b.f.s.DefaultListableBeanFactory     : Returning cached instance of singleton bean 'autoConfigurationReport'
2022-12-24 22:10:30.514 TRACE 25502 --- [           main] o.s.b.f.s.DefaultListableBeanFactory     : Returning cached instance of singleton bean 'autoConfigurationReport'
2022-12-24 22:10:30.515 TRACE 25502 --- [           main] o.s.b.f.s.DefaultListableBeanFactory     : Returning cached instance of singleton bean 'autoConfigurationReport'
2022-12-24 22:10:30.515 TRACE 25502 --- [           main] o.s.b.f.s.DefaultListableBeanFactory     : Returning cached instance of singleton bean 'autoConfigurationReport'
2022-12-24 22:10:30.515 TRACE 25502 --- [           main] a.ConfigurationClassBeanDefinitionReader : Registered bean definition for imported class 'org.springdoc.webmvc.core.SpringDocWebMvcConfiguration$SpringDocWebMvcRouterConfiguration'
2022-12-24 22:10:30.516 TRACE 25502 --- [           main] o.s.b.f.s.DefaultListableBeanFactory     : Returning cached instance of singleton bean 'autoConfigurationReport'
2022-12-24 22:10:30.516 TRACE 25502 --- [           main] a.ConfigurationClassBeanDefinitionReader : Registering bean definition for @Bean method org.springdoc.webmvc.core.SpringDocWebMvcConfiguration$SpringDocWebMvcRouterConfiguration.routerFunctionProvider()
2022-12-24 22:10:30.516 TRACE 25502 --- [           main] a.ConfigurationClassBeanDefinitionReader : Registered bean definition for imported class 'org.springdoc.webmvc.core.SpringDocWebMvcConfiguration'
2022-12-24 22:10:30.517 TRACE 25502 --- [           main] o.s.b.f.s.DefaultListableBeanFactory     : Returning cached instance of singleton bean 'autoConfigurationReport'
2022-12-24 22:10:30.521 TRACE 25502 --- [           main] o.s.b.f.s.DefaultListableBeanFactory     : Returning cached instance of singleton bean 'autoConfigurationReport'
2022-12-24 22:10:30.521 TRACE 25502 --- [           main] a.ConfigurationClassBeanDefinitionReader : Registering bean definition for @Bean method org.springdoc.webmvc.core.SpringDocWebMvcConfiguration.openApiResource()
2022-12-24 22:10:30.524 TRACE 25502 --- [           main] o.s.b.f.s.DefaultListableBeanFactory     : Returning cached instance of singleton bean 'autoConfigurationReport'
2022-12-24 22:10:30.525 TRACE 25502 --- [           main] a.ConfigurationClassBeanDefinitionReader : Registering bean definition for @Bean method org.springdoc.webmvc.core.SpringDocWebMvcConfiguration.requestBuilder()
2022-12-24 22:10:30.525 TRACE 25502 --- [           main] o.s.b.f.s.DefaultListableBeanFactory     : Returning cached instance of singleton bean 'autoConfigurationReport'
2022-12-24 22:10:30.526 TRACE 25502 --- [           main] a.ConfigurationClassBeanDefinitionReader : Registering bean definition for @Bean method org.springdoc.webmvc.core.SpringDocWebMvcConfiguration.responseBuilder()
2022-12-24 22:10:30.526 TRACE 25502 --- [           main] o.s.b.f.s.DefaultListableBeanFactory     : Returning cached instance of singleton bean 'autoConfigurationReport'
2022-12-24 22:10:30.527 TRACE 25502 --- [           main] o.s.b.f.s.DefaultListableBeanFactory     : Returning cached instance of singleton bean 'autoConfigurationReport'
2022-12-24 22:10:30.527 TRACE 25502 --- [           main] a.ConfigurationClassBeanDefinitionReader : Registered bean definition for imported class 'org.springdoc.webmvc.ui.SwaggerConfig'
2022-12-24 22:10:30.527 TRACE 25502 --- [           main] o.s.b.f.s.DefaultListableBeanFactory     : Returning cached instance of singleton bean 'autoConfigurationReport'
2022-12-24 22:10:30.532 TRACE 25502 --- [           main] o.s.b.f.s.DefaultListableBeanFactory     : Returning cached instance of singleton bean 'autoConfigurationReport'
2022-12-24 22:10:30.532 TRACE 25502 --- [           main] a.ConfigurationClassBeanDefinitionReader : Registering bean definition for @Bean method org.springdoc.webmvc.ui.SwaggerConfig.swaggerWelcome()
2022-12-24 22:10:30.532 TRACE 25502 --- [           main] o.s.b.f.s.DefaultListableBeanFactory     : Returning cached instance of singleton bean 'autoConfigurationReport'
2022-12-24 22:10:30.535 TRACE 25502 --- [           main] o.s.b.f.s.DefaultListableBeanFactory     : Returning cached instance of singleton bean 'autoConfigurationReport'
2022-12-24 22:10:30.535 TRACE 25502 --- [           main] a.ConfigurationClassBeanDefinitionReader : Registering bean definition for @Bean method org.springdoc.webmvc.ui.SwaggerConfig.indexPageTransformer()
2022-12-24 22:10:30.536 TRACE 25502 --- [           main] o.s.b.f.s.DefaultListableBeanFactory     : Returning cached instance of singleton bean 'autoConfigurationReport'
2022-12-24 22:10:30.536 TRACE 25502 --- [           main] a.ConfigurationClassBeanDefinitionReader : Registering bean definition for @Bean method org.springdoc.webmvc.ui.SwaggerConfig.swaggerWebMvcConfigurer()
2022-12-24 22:10:30.537 TRACE 25502 --- [           main] o.s.b.f.s.DefaultListableBeanFactory     : Returning cached instance of singleton bean 'autoConfigurationReport'
2022-12-24 22:10:30.538 TRACE 25502 --- [           main] o.s.b.f.s.DefaultListableBeanFactory     : Returning cached instance of singleton bean 'autoConfigurationReport'
2022-12-24 22:10:30.538 TRACE 25502 --- [           main] o.s.b.f.s.DefaultListableBeanFactory     : Returning cached instance of singleton bean 'autoConfigurationReport'
2022-12-24 22:10:30.538 TRACE 25502 --- [           main] o.s.b.f.s.DefaultListableBeanFactory     : Returning cached instance of singleton bean 'autoConfigurationReport'
2022-12-24 22:10:30.538 TRACE 25502 --- [           main] a.ConfigurationClassBeanDefinitionReader : Registered bean definition for imported class 'org.springframework.boot.autoconfigure.aop.AopAutoConfiguration$AspectJAutoProxyingConfiguration$CglibAutoProxyConfiguration'
2022-12-24 22:10:30.538 TRACE 25502 --- [           main] a.ConfigurationClassBeanDefinitionReader : Registered bean definition for imported class 'org.springframework.boot.autoconfigure.aop.AopAutoConfiguration$AspectJAutoProxyingConfiguration'
2022-12-24 22:10:30.539 TRACE 25502 --- [           main] a.ConfigurationClassBeanDefinitionReader : Registered bean definition for imported class 'org.springframework.boot.autoconfigure.aop.AopAutoConfiguration'
2022-12-24 22:10:30.539 TRACE 25502 --- [           main] a.ConfigurationClassBeanDefinitionReader : Registered bean definition for imported class 'org.springframework.boot.autoconfigure.availability.ApplicationAvailabilityAutoConfiguration'
2022-12-24 22:10:30.539 TRACE 25502 --- [           main] a.ConfigurationClassBeanDefinitionReader : Registering bean definition for @Bean method org.springframework.boot.autoconfigure.availability.ApplicationAvailabilityAutoConfiguration.applicationAvailability()
2022-12-24 22:10:30.539 TRACE 25502 --- [           main] o.s.b.f.s.DefaultListableBeanFactory     : Returning cached instance of singleton bean 'autoConfigurationReport'
2022-12-24 22:10:30.539 TRACE 25502 --- [           main] o.s.b.f.s.DefaultListableBeanFactory     : Returning cached instance of singleton bean 'autoConfigurationReport'
2022-12-24 22:10:30.540 TRACE 25502 --- [           main] a.ConfigurationClassBeanDefinitionReader : Registered bean definition for imported class 'org.springframework.boot.autoconfigure.jackson.JacksonAutoConfiguration$Jackson2ObjectMapperBuilderCustomizerConfiguration'
2022-12-24 22:10:30.540 TRACE 25502 --- [           main] a.ConfigurationClassBeanDefinitionReader : Registering bean definition for @Bean method org.springframework.boot.autoconfigure.jackson.JacksonAutoConfiguration$Jackson2ObjectMapperBuilderCustomizerConfiguration.standardJacksonObjectMapperBuilderCustomizer()
2022-12-24 22:10:30.541 TRACE 25502 --- [           main] o.s.b.f.s.DefaultListableBeanFactory     : Returning cached instance of singleton bean 'autoConfigurationReport'
2022-12-24 22:10:30.541 TRACE 25502 --- [           main] a.ConfigurationClassBeanDefinitionReader : Registered bean definition for imported class 'org.springframework.boot.autoconfigure.jackson.JacksonAutoConfiguration$JacksonObjectMapperBuilderConfiguration'
2022-12-24 22:10:30.544 TRACE 25502 --- [           main] o.s.b.f.s.DefaultListableBeanFactory     : Returning cached instance of singleton bean 'autoConfigurationReport'
2022-12-24 22:10:30.545 TRACE 25502 --- [           main] a.ConfigurationClassBeanDefinitionReader : Registering bean definition for @Bean method org.springframework.boot.autoconfigure.jackson.JacksonAutoConfiguration$JacksonObjectMapperBuilderConfiguration.jacksonObjectMapperBuilder()
2022-12-24 22:10:30.545 TRACE 25502 --- [           main] o.s.b.f.s.DefaultListableBeanFactory     : Returning cached instance of singleton bean 'autoConfigurationReport'
2022-12-24 22:10:30.545 TRACE 25502 --- [           main] a.ConfigurationClassBeanDefinitionReader : Registered bean definition for imported class 'org.springframework.boot.autoconfigure.jackson.JacksonAutoConfiguration$ParameterNamesModuleConfiguration'
2022-12-24 22:10:30.546 TRACE 25502 --- [           main] o.s.b.f.s.DefaultListableBeanFactory     : Returning cached instance of singleton bean 'autoConfigurationReport'
2022-12-24 22:10:30.546 TRACE 25502 --- [           main] a.ConfigurationClassBeanDefinitionReader : Registering bean definition for @Bean method org.springframework.boot.autoconfigure.jackson.JacksonAutoConfiguration$ParameterNamesModuleConfiguration.parameterNamesModule()
2022-12-24 22:10:30.547 TRACE 25502 --- [           main] o.s.b.f.s.DefaultListableBeanFactory     : Returning cached instance of singleton bean 'autoConfigurationReport'
2022-12-24 22:10:30.547 TRACE 25502 --- [           main] a.ConfigurationClassBeanDefinitionReader : Registered bean definition for imported class 'org.springframework.boot.autoconfigure.jackson.JacksonAutoConfiguration$JacksonObjectMapperConfiguration'
2022-12-24 22:10:30.548 TRACE 25502 --- [           main] o.s.b.f.s.DefaultListableBeanFactory     : Returning cached instance of singleton bean 'autoConfigurationReport'
2022-12-24 22:10:30.548 TRACE 25502 --- [           main] a.ConfigurationClassBeanDefinitionReader : Registering bean definition for @Bean method org.springframework.boot.autoconfigure.jackson.JacksonAutoConfiguration$JacksonObjectMapperConfiguration.jacksonObjectMapper()
2022-12-24 22:10:30.548 TRACE 25502 --- [           main] a.ConfigurationClassBeanDefinitionReader : Registered bean definition for imported class 'org.springframework.boot.autoconfigure.jackson.JacksonAutoConfiguration'
2022-12-24 22:10:30.548 TRACE 25502 --- [           main] a.ConfigurationClassBeanDefinitionReader : Registering bean definition for @Bean method org.springframework.boot.autoconfigure.jackson.JacksonAutoConfiguration.jsonComponentModule()
2022-12-24 22:10:30.548 TRACE 25502 --- [           main] o.s.b.f.s.DefaultListableBeanFactory     : Returning cached instance of singleton bean 'autoConfigurationReport'
2022-12-24 22:10:30.548 TRACE 25502 --- [           main] o.s.b.f.s.DefaultListableBeanFactory     : Returning cached instance of singleton bean 'autoConfigurationReport'
2022-12-24 22:10:30.551 TRACE 25502 --- [           main] a.ConfigurationClassBeanDefinitionReader : Registered bean definition for imported class 'org.springframework.boot.autoconfigure.transaction.jta.JtaAutoConfiguration'
2022-12-24 22:10:30.551 TRACE 25502 --- [           main] o.s.b.f.s.DefaultListableBeanFactory     : Returning cached instance of singleton bean 'autoConfigurationReport'
2022-12-24 22:10:30.553 TRACE 25502 --- [           main] o.s.b.f.s.DefaultListableBeanFactory     : Returning cached instance of singleton bean 'autoConfigurationReport'
2022-12-24 22:10:30.554 TRACE 25502 --- [           main] o.s.b.f.s.DefaultListableBeanFactory     : Returning cached instance of singleton bean 'autoConfigurationReport'
2022-12-24 22:10:30.554 TRACE 25502 --- [           main] o.s.b.f.s.DefaultListableBeanFactory     : Returning cached instance of singleton bean 'autoConfigurationReport'
2022-12-24 22:10:30.555 TRACE 25502 --- [           main] o.s.b.f.s.DefaultListableBeanFactory     : Returning cached instance of singleton bean 'autoConfigurationReport'
2022-12-24 22:10:30.555 TRACE 25502 --- [           main] o.s.b.f.s.DefaultListableBeanFactory     : Returning cached instance of singleton bean 'autoConfigurationReport'
2022-12-24 22:10:30.555 TRACE 25502 --- [           main] o.s.b.f.s.DefaultListableBeanFactory     : Returning cached instance of singleton bean 'autoConfigurationReport'
2022-12-24 22:10:30.556 TRACE 25502 --- [           main] o.s.b.f.s.DefaultListableBeanFactory     : Returning cached instance of singleton bean 'autoConfigurationReport'
2022-12-24 22:10:30.556 TRACE 25502 --- [           main] a.ConfigurationClassBeanDefinitionReader : Registered bean definition for imported class 'org.springframework.boot.autoconfigure.jdbc.DataSourceConfiguration$Hikari'
2022-12-24 22:10:30.556 TRACE 25502 --- [           main] a.ConfigurationClassBeanDefinitionReader : Registering bean definition for @Bean method org.springframework.boot.autoconfigure.jdbc.DataSourceConfiguration$Hikari.dataSource()
2022-12-24 22:10:30.557 TRACE 25502 --- [           main] a.ConfigurationClassBeanDefinitionReader : Registered bean definition for imported class 'org.springframework.boot.autoconfigure.jdbc.DataSourceAutoConfiguration$PooledDataSourceConfiguration'
2022-12-24 22:10:30.557 TRACE 25502 --- [           main] o.s.b.f.s.DefaultListableBeanFactory     : Returning cached instance of singleton bean 'autoConfigurationReport'
2022-12-24 22:10:30.558 TRACE 25502 --- [           main] a.ConfigurationClassBeanDefinitionReader : Registered bean definition for imported class 'org.springframework.boot.autoconfigure.jdbc.metadata.DataSourcePoolMetadataProvidersConfiguration$HikariPoolDataSourceMetadataProviderConfiguration'
2022-12-24 22:10:30.558 TRACE 25502 --- [           main] a.ConfigurationClassBeanDefinitionReader : Registering bean definition for @Bean method org.springframework.boot.autoconfigure.jdbc.metadata.DataSourcePoolMetadataProvidersConfiguration$HikariPoolDataSourceMetadataProviderConfiguration.hikariPoolDataSourceMetadataProvider()
2022-12-24 22:10:30.558 TRACE 25502 --- [           main] a.ConfigurationClassBeanDefinitionReader : Registered bean definition for imported class 'org.springframework.boot.autoconfigure.jdbc.metadata.DataSourcePoolMetadataProvidersConfiguration'
2022-12-24 22:10:30.559 TRACE 25502 --- [           main] o.s.b.f.s.DefaultListableBeanFactory     : Returning cached instance of singleton bean 'autoConfigurationReport'
2022-12-24 22:10:30.563 TRACE 25502 --- [           main] o.s.b.f.s.DefaultListableBeanFactory     : Returning cached instance of singleton bean 'autoConfigurationReport'
2022-12-24 22:10:30.564 TRACE 25502 --- [           main] o.s.b.f.s.DefaultListableBeanFactory     : Returning cached instance of singleton bean 'autoConfigurationReport'
2022-12-24 22:10:30.564 TRACE 25502 --- [           main] a.ConfigurationClassBeanDefinitionReader : Registered bean definition for imported class 'org.springframework.boot.autoconfigure.jdbc.DataSourceInitializationConfiguration$SharedCredentialsDataSourceInitializationConfiguration'
2022-12-24 22:10:30.564 TRACE 25502 --- [           main] a.ConfigurationClassBeanDefinitionReader : Registering bean definition for @Bean method org.springframework.boot.autoconfigure.jdbc.DataSourceInitializationConfiguration$SharedCredentialsDataSourceInitializationConfiguration.scriptDataSourceInitializer()
2022-12-24 22:10:30.566 TRACE 25502 --- [           main] a.ConfigurationClassBeanDefinitionReader : Registered bean definition for imported class 'org.springframework.boot.autoconfigure.jdbc.DataSourceAutoConfiguration'
2022-12-24 22:10:30.566 TRACE 25502 --- [           main] o.s.b.f.s.DefaultListableBeanFactory     : Returning cached instance of singleton bean 'autoConfigurationReport'
2022-12-24 22:10:30.567 TRACE 25502 --- [           main] o.s.b.f.s.DefaultListableBeanFactory     : Returning cached instance of singleton bean 'autoConfigurationReport'
2022-12-24 22:10:30.568 TRACE 25502 --- [           main] a.ConfigurationClassBeanDefinitionReader : Registered bean definition for imported class 'org.springframework.boot.autoconfigure.orm.jpa.HibernateJpaConfiguration'
2022-12-24 22:10:30.569 TRACE 25502 --- [           main] o.s.b.f.s.DefaultListableBeanFactory     : Returning cached instance of singleton bean 'autoConfigurationReport'
2022-12-24 22:10:30.569 TRACE 25502 --- [           main] a.ConfigurationClassBeanDefinitionReader : Registering bean definition for @Bean method org.springframework.boot.autoconfigure.orm.jpa.HibernateJpaConfiguration.transactionManager()
2022-12-24 22:10:30.575 TRACE 25502 --- [           main] o.s.b.f.s.DefaultListableBeanFactory     : Returning cached instance of singleton bean 'autoConfigurationReport'
2022-12-24 22:10:30.576 TRACE 25502 --- [           main] a.ConfigurationClassBeanDefinitionReader : Registering bean definition for @Bean method org.springframework.boot.autoconfigure.orm.jpa.HibernateJpaConfiguration.jpaVendorAdapter()
2022-12-24 22:10:30.577 TRACE 25502 --- [           main] o.s.b.f.s.DefaultListableBeanFactory     : Returning cached instance of singleton bean 'autoConfigurationReport'
2022-12-24 22:10:30.577 TRACE 25502 --- [           main] a.ConfigurationClassBeanDefinitionReader : Registering bean definition for @Bean method org.springframework.boot.autoconfigure.orm.jpa.HibernateJpaConfiguration.entityManagerFactoryBuilder()
2022-12-24 22:10:30.578 TRACE 25502 --- [           main] o.s.b.f.s.DefaultListableBeanFactory     : Returning cached instance of singleton bean 'autoConfigurationReport'
2022-12-24 22:10:30.579 TRACE 25502 --- [           main] a.ConfigurationClassBeanDefinitionReader : Registering bean definition for @Bean method org.springframework.boot.autoconfigure.orm.jpa.HibernateJpaConfiguration.entityManagerFactory()
2022-12-24 22:10:30.580 TRACE 25502 --- [           main] a.ConfigurationClassBeanDefinitionReader : Registered bean definition for imported class 'org.springframework.boot.autoconfigure.orm.jpa.HibernateJpaAutoConfiguration'
2022-12-24 22:10:30.580 TRACE 25502 --- [           main] o.s.b.f.s.DefaultListableBeanFactory     : Returning cached instance of singleton bean 'autoConfigurationReport'
2022-12-24 22:10:30.582 TRACE 25502 --- [           main] o.s.b.f.s.DefaultListableBeanFactory     : Returning cached instance of singleton bean 'autoConfigurationReport'
2022-12-24 22:10:30.582 TRACE 25502 --- [           main] a.ConfigurationClassBeanDefinitionReader : Registered bean definition for imported class 'org.springframework.boot.autoconfigure.context.ConfigurationPropertiesAutoConfiguration'
2022-12-24 22:10:30.582 TRACE 25502 --- [           main] a.ConfigurationClassBeanDefinitionReader : Registered bean definition for imported class 'org.springframework.boot.autoconfigure.context.LifecycleAutoConfiguration'
2022-12-24 22:10:30.583 TRACE 25502 --- [           main] o.s.b.f.s.DefaultListableBeanFactory     : Returning cached instance of singleton bean 'autoConfigurationReport'
2022-12-24 22:10:30.583 TRACE 25502 --- [           main] a.ConfigurationClassBeanDefinitionReader : Registering bean definition for @Bean method org.springframework.boot.autoconfigure.context.LifecycleAutoConfiguration.lifecycleProcessor()
2022-12-24 22:10:30.584 TRACE 25502 --- [           main] o.s.b.f.s.DefaultListableBeanFactory     : Returning cached instance of singleton bean 'autoConfigurationReport'
2022-12-24 22:10:30.584 TRACE 25502 --- [           main] a.ConfigurationClassBeanDefinitionReader : Registered bean definition for imported class 'org.springframework.boot.autoconfigure.dao.PersistenceExceptionTranslationAutoConfiguration'
2022-12-24 22:10:30.584 TRACE 25502 --- [           main] o.s.b.f.s.DefaultListableBeanFactory     : Returning cached instance of singleton bean 'autoConfigurationReport'
2022-12-24 22:10:30.586 TRACE 25502 --- [           main] o.s.b.f.s.DefaultListableBeanFactory     : Returning cached instance of singleton bean 'autoConfigurationReport'
2022-12-24 22:10:30.587 TRACE 25502 --- [           main] a.ConfigurationClassBeanDefinitionReader : Registering bean definition for @Bean method org.springframework.boot.autoconfigure.dao.PersistenceExceptionTranslationAutoConfiguration.persistenceExceptionTranslationPostProcessor()
2022-12-24 22:10:30.587 TRACE 25502 --- [           main] o.s.b.f.s.DefaultListableBeanFactory     : Returning cached instance of singleton bean 'autoConfigurationReport'
2022-12-24 22:10:30.587 TRACE 25502 --- [           main] o.s.b.f.s.DefaultListableBeanFactory     : Returning cached instance of singleton bean 'autoConfigurationReport'
2022-12-24 22:10:30.589 TRACE 25502 --- [           main] o.s.b.f.s.DefaultListableBeanFactory     : Returning cached instance of singleton bean 'autoConfigurationReport'
2022-12-24 22:10:30.589 TRACE 25502 --- [           main] o.s.b.f.s.DefaultListableBeanFactory     : Returning cached instance of singleton bean 'autoConfigurationReport'
2022-12-24 22:10:30.590 TRACE 25502 --- [           main] o.s.b.f.s.DefaultListableBeanFactory     : Returning cached instance of singleton bean 'autoConfigurationReport'
2022-12-24 22:10:30.590 TRACE 25502 --- [           main] a.ConfigurationClassBeanDefinitionReader : Registered bean definition for imported class 'org.springframework.boot.autoconfigure.http.HttpMessageConvertersAutoConfiguration$StringHttpMessageConverterConfiguration'
2022-12-24 22:10:30.591 TRACE 25502 --- [           main] o.s.b.f.s.DefaultListableBeanFactory     : Returning cached instance of singleton bean 'autoConfigurationReport'
2022-12-24 22:10:30.591 TRACE 25502 --- [           main] a.ConfigurationClassBeanDefinitionReader : Registering bean definition for @Bean method org.springframework.boot.autoconfigure.http.HttpMessageConvertersAutoConfiguration$StringHttpMessageConverterConfiguration.stringHttpMessageConverter()
2022-12-24 22:10:30.591 TRACE 25502 --- [           main] o.s.b.f.s.DefaultListableBeanFactory     : Returning cached instance of singleton bean 'autoConfigurationReport'
2022-12-24 22:10:30.592 TRACE 25502 --- [           main] o.s.b.f.s.DefaultListableBeanFactory     : Returning cached instance of singleton bean 'autoConfigurationReport'
2022-12-24 22:10:30.593 TRACE 25502 --- [           main] o.s.b.f.s.DefaultListableBeanFactory     : Returning cached instance of singleton bean 'autoConfigurationReport'
2022-12-24 22:10:30.594 TRACE 25502 --- [           main] a.ConfigurationClassBeanDefinitionReader : Registered bean definition for imported class 'org.springframework.boot.autoconfigure.http.JacksonHttpMessageConvertersConfiguration$MappingJackson2HttpMessageConverterConfiguration'
2022-12-24 22:10:30.595 TRACE 25502 --- [           main] o.s.b.f.s.DefaultListableBeanFactory     : Returning cached instance of singleton bean 'autoConfigurationReport'
2022-12-24 22:10:30.595 TRACE 25502 --- [           main] a.ConfigurationClassBeanDefinitionReader : Registering bean definition for @Bean method org.springframework.boot.autoconfigure.http.JacksonHttpMessageConvertersConfiguration$MappingJackson2HttpMessageConverterConfiguration.mappingJackson2HttpMessageConverter()
2022-12-24 22:10:30.595 TRACE 25502 --- [           main] a.ConfigurationClassBeanDefinitionReader : Registered bean definition for imported class 'org.springframework.boot.autoconfigure.http.JacksonHttpMessageConvertersConfiguration'
2022-12-24 22:10:30.597 TRACE 25502 --- [           main] a.ConfigurationClassBeanDefinitionReader : Registered bean definition for imported class 'org.springframework.boot.autoconfigure.http.HttpMessageConvertersAutoConfiguration'
2022-12-24 22:10:30.598 TRACE 25502 --- [           main] o.s.b.f.s.DefaultListableBeanFactory     : Returning cached instance of singleton bean 'autoConfigurationReport'
2022-12-24 22:10:30.598 TRACE 25502 --- [           main] a.ConfigurationClassBeanDefinitionReader : Registering bean definition for @Bean method org.springframework.boot.autoconfigure.http.HttpMessageConvertersAutoConfiguration.messageConverters()
2022-12-24 22:10:30.599 TRACE 25502 --- [           main] o.s.b.f.s.DefaultListableBeanFactory     : Returning cached instance of singleton bean 'autoConfigurationReport'
2022-12-24 22:10:30.599 TRACE 25502 --- [           main] o.s.b.f.s.DefaultListableBeanFactory     : Returning cached instance of singleton bean 'autoConfigurationReport'
2022-12-24 22:10:30.600 TRACE 25502 --- [           main] o.s.b.f.s.DefaultListableBeanFactory     : Returning cached instance of singleton bean 'autoConfigurationReport'
2022-12-24 22:10:30.600 TRACE 25502 --- [           main] a.ConfigurationClassBeanDefinitionReader : Registered bean definition for imported class 'org.springframework.data.web.config.ProjectingArgumentResolverRegistrar'
2022-12-24 22:10:30.600 TRACE 25502 --- [           main] a.ConfigurationClassBeanDefinitionReader : Registering bean definition for @Bean method org.springframework.data.web.config.ProjectingArgumentResolverRegistrar.projectingArgumentResolverBeanPostProcessor()
2022-12-24 22:10:30.601 TRACE 25502 --- [           main] a.ConfigurationClassBeanDefinitionReader : Registered bean definition for imported class 'org.springframework.data.web.config.SpringDataWebConfiguration'
2022-12-24 22:10:30.601 TRACE 25502 --- [           main] a.ConfigurationClassBeanDefinitionReader : Registering bean definition for @Bean method org.springframework.data.web.config.SpringDataWebConfiguration.pageableResolver()
2022-12-24 22:10:30.601 TRACE 25502 --- [           main] a.ConfigurationClassBeanDefinitionReader : Registering bean definition for @Bean method org.springframework.data.web.config.SpringDataWebConfiguration.sortResolver()
2022-12-24 22:10:30.601 TRACE 25502 --- [           main] a.ConfigurationClassBeanDefinitionReader : Registered bean definition for imported class 'org.springframework.data.web.config.SpringDataJacksonConfiguration'
2022-12-24 22:10:30.601 TRACE 25502 --- [           main] a.ConfigurationClassBeanDefinitionReader : Registering bean definition for @Bean method org.springframework.data.web.config.SpringDataJacksonConfiguration.jacksonGeoModule()
2022-12-24 22:10:30.602 TRACE 25502 --- [           main] a.ConfigurationClassBeanDefinitionReader : Registered bean definition for imported class 'org.springframework.boot.autoconfigure.data.web.SpringDataWebAutoConfiguration'
2022-12-24 22:10:30.608 TRACE 25502 --- [           main] o.s.b.f.s.DefaultListableBeanFactory     : Returning cached instance of singleton bean 'autoConfigurationReport'
2022-12-24 22:10:30.608 TRACE 25502 --- [           main] a.ConfigurationClassBeanDefinitionReader : Registering bean definition for @Bean method org.springframework.boot.autoconfigure.data.web.SpringDataWebAutoConfiguration.pageableCustomizer()
2022-12-24 22:10:30.610 TRACE 25502 --- [           main] o.s.b.f.s.DefaultListableBeanFactory     : Returning cached instance of singleton bean 'autoConfigurationReport'
2022-12-24 22:10:30.610 TRACE 25502 --- [           main] a.ConfigurationClassBeanDefinitionReader : Registering bean definition for @Bean method org.springframework.boot.autoconfigure.data.web.SpringDataWebAutoConfiguration.sortCustomizer()
2022-12-24 22:10:30.611 TRACE 25502 --- [           main] a.ConfigurationClassBeanDefinitionReader : Registered bean definition for imported class 'org.springframework.boot.autoconfigure.info.ProjectInfoAutoConfiguration'
2022-12-24 22:10:30.611 TRACE 25502 --- [           main] o.s.c.e.PropertySourcesPropertyResolver  : Searching for key 'spring.info.git.location' in PropertySource 'configurationProperties'
2022-12-24 22:10:30.612 TRACE 25502 --- [           main] o.s.c.e.PropertySourcesPropertyResolver  : Searching for key 'spring.info.git.location' in PropertySource 'test'
2022-12-24 22:10:30.612 TRACE 25502 --- [           main] o.s.c.e.PropertySourcesPropertyResolver  : Searching for key 'spring.info.git.location' in PropertySource 'Inlined Test Properties'
2022-12-24 22:10:30.612 TRACE 25502 --- [           main] o.s.c.e.PropertySourcesPropertyResolver  : Searching for key 'spring.info.git.location' in PropertySource 'systemProperties'
2022-12-24 22:10:30.612 TRACE 25502 --- [           main] o.s.c.e.PropertySourcesPropertyResolver  : Searching for key 'spring.info.git.location' in PropertySource 'systemEnvironment'
2022-12-24 22:10:30.612 TRACE 25502 --- [           main] o.s.c.e.PropertySourcesPropertyResolver  : Searching for key 'spring.info.git.location' in PropertySource 'random'
2022-12-24 22:10:30.612 TRACE 25502 --- [           main] o.s.c.e.PropertySourcesPropertyResolver  : Searching for key 'spring.info.git.location' in PropertySource 'Config resource 'class path resource [application.properties]' via location 'optional:classpath:/''
2022-12-24 22:10:30.612 TRACE 25502 --- [           main] o.s.c.e.PropertySourcesPropertyResolver  : Searching for key 'spring.info.git.location' in PropertySource 'class path resource [springdoc.swagger-ui.config]'
2022-12-24 22:10:30.612 TRACE 25502 --- [           main] o.s.c.e.PropertySourcesPropertyResolver  : Could not find key 'spring.info.git.location' in any property source
2022-12-24 22:10:30.612 TRACE 25502 --- [           main] o.s.b.f.s.DefaultListableBeanFactory     : Returning cached instance of singleton bean 'autoConfigurationReport'
2022-12-24 22:10:30.612 TRACE 25502 --- [           main] o.s.c.e.PropertySourcesPropertyResolver  : Searching for key 'spring.info.build.location:classpath:META-INF/build-info.properties' in PropertySource 'configurationProperties'
2022-12-24 22:10:30.613 TRACE 25502 --- [           main] o.s.c.e.PropertySourcesPropertyResolver  : Searching for key 'spring.info.build.location:classpath:META-INF/build-info.properties' in PropertySource 'test'
2022-12-24 22:10:30.613 TRACE 25502 --- [           main] o.s.c.e.PropertySourcesPropertyResolver  : Searching for key 'spring.info.build.location:classpath:META-INF/build-info.properties' in PropertySource 'Inlined Test Properties'
2022-12-24 22:10:30.613 TRACE 25502 --- [           main] o.s.c.e.PropertySourcesPropertyResolver  : Searching for key 'spring.info.build.location:classpath:META-INF/build-info.properties' in PropertySource 'systemProperties'
2022-12-24 22:10:30.613 TRACE 25502 --- [           main] o.s.c.e.PropertySourcesPropertyResolver  : Searching for key 'spring.info.build.location:classpath:META-INF/build-info.properties' in PropertySource 'systemEnvironment'
2022-12-24 22:10:30.613 TRACE 25502 --- [           main] o.s.c.e.PropertySourcesPropertyResolver  : Searching for key 'spring.info.build.location:classpath:META-INF/build-info.properties' in PropertySource 'random'
2022-12-24 22:10:30.613 TRACE 25502 --- [           main] o.s.c.e.PropertySourcesPropertyResolver  : Searching for key 'spring.info.build.location:classpath:META-INF/build-info.properties' in PropertySource 'Config resource 'class path resource [application.properties]' via location 'optional:classpath:/''
2022-12-24 22:10:30.613 TRACE 25502 --- [           main] o.s.c.e.PropertySourcesPropertyResolver  : Searching for key 'spring.info.build.location:classpath:META-INF/build-info.properties' in PropertySource 'class path resource [springdoc.swagger-ui.config]'
2022-12-24 22:10:30.613 TRACE 25502 --- [           main] o.s.c.e.PropertySourcesPropertyResolver  : Could not find key 'spring.info.build.location:classpath:META-INF/build-info.properties' in any property source
2022-12-24 22:10:30.613 TRACE 25502 --- [           main] o.s.c.e.PropertySourcesPropertyResolver  : Searching for key 'spring.info.build.location' in PropertySource 'configurationProperties'
2022-12-24 22:10:30.613 TRACE 25502 --- [           main] o.s.c.e.PropertySourcesPropertyResolver  : Searching for key 'spring.info.build.location' in PropertySource 'test'
2022-12-24 22:10:30.613 TRACE 25502 --- [           main] o.s.c.e.PropertySourcesPropertyResolver  : Searching for key 'spring.info.build.location' in PropertySource 'Inlined Test Properties'
2022-12-24 22:10:30.613 TRACE 25502 --- [           main] o.s.c.e.PropertySourcesPropertyResolver  : Searching for key 'spring.info.build.location' in PropertySource 'systemProperties'
2022-12-24 22:10:30.613 TRACE 25502 --- [           main] o.s.c.e.PropertySourcesPropertyResolver  : Searching for key 'spring.info.build.location' in PropertySource 'systemEnvironment'
2022-12-24 22:10:30.613 TRACE 25502 --- [           main] o.s.c.e.PropertySourcesPropertyResolver  : Searching for key 'spring.info.build.location' in PropertySource 'random'
2022-12-24 22:10:30.613 TRACE 25502 --- [           main] o.s.c.e.PropertySourcesPropertyResolver  : Searching for key 'spring.info.build.location' in PropertySource 'Config resource 'class path resource [application.properties]' via location 'optional:classpath:/''
2022-12-24 22:10:30.613 TRACE 25502 --- [           main] o.s.c.e.PropertySourcesPropertyResolver  : Searching for key 'spring.info.build.location' in PropertySource 'class path resource [springdoc.swagger-ui.config]'
2022-12-24 22:10:30.613 TRACE 25502 --- [           main] o.s.c.e.PropertySourcesPropertyResolver  : Could not find key 'spring.info.build.location' in any property source
2022-12-24 22:10:30.613 TRACE 25502 --- [           main] o.s.util.PropertyPlaceholderHelper       : Resolved placeholder 'spring.info.build.location:classpath:META-INF/build-info.properties'
2022-12-24 22:10:30.614 TRACE 25502 --- [           main] o.s.b.f.s.DefaultListableBeanFactory     : Returning cached instance of singleton bean 'autoConfigurationReport'
2022-12-24 22:10:30.615 TRACE 25502 --- [           main] o.s.b.f.s.DefaultListableBeanFactory     : Returning cached instance of singleton bean 'autoConfigurationReport'
2022-12-24 22:10:30.616 TRACE 25502 --- [           main] o.s.b.f.s.DefaultListableBeanFactory     : Returning cached instance of singleton bean 'autoConfigurationReport'
2022-12-24 22:10:30.617 TRACE 25502 --- [           main] o.s.b.f.s.DefaultListableBeanFactory     : Returning cached instance of singleton bean 'autoConfigurationReport'
2022-12-24 22:10:30.617 TRACE 25502 --- [           main] a.ConfigurationClassBeanDefinitionReader : Registered bean definition for imported class 'org.springframework.boot.autoconfigure.jdbc.JdbcTemplateConfiguration'
2022-12-24 22:10:30.617 TRACE 25502 --- [           main] a.ConfigurationClassBeanDefinitionReader : Registering bean definition for @Bean method org.springframework.boot.autoconfigure.jdbc.JdbcTemplateConfiguration.jdbcTemplate()
2022-12-24 22:10:30.619 TRACE 25502 --- [           main] o.s.b.f.s.DefaultListableBeanFactory     : Returning cached instance of singleton bean 'autoConfigurationReport'
2022-12-24 22:10:30.621 TRACE 25502 --- [           main] o.s.b.f.s.DefaultListableBeanFactory     : Returning cached instance of singleton bean 'autoConfigurationReport'
2022-12-24 22:10:30.621 TRACE 25502 --- [           main] a.ConfigurationClassBeanDefinitionReader : Registered bean definition for imported class 'org.springframework.boot.autoconfigure.jdbc.NamedParameterJdbcTemplateConfiguration'
2022-12-24 22:10:30.622 TRACE 25502 --- [           main] a.ConfigurationClassBeanDefinitionReader : Registering bean definition for @Bean method org.springframework.boot.autoconfigure.jdbc.NamedParameterJdbcTemplateConfiguration.namedParameterJdbcTemplate()
2022-12-24 22:10:30.622 TRACE 25502 --- [           main] a.ConfigurationClassBeanDefinitionReader : Registered bean definition for imported class 'org.springframework.boot.autoconfigure.jdbc.JdbcTemplateAutoConfiguration'
2022-12-24 22:10:30.622 TRACE 25502 --- [           main] o.s.b.f.s.DefaultListableBeanFactory     : Returning cached instance of singleton bean 'autoConfigurationReport'
2022-12-24 22:10:30.624 TRACE 25502 --- [           main] o.s.b.f.s.DefaultListableBeanFactory     : Returning cached instance of singleton bean 'autoConfigurationReport'
2022-12-24 22:10:30.624 TRACE 25502 --- [           main] o.s.b.f.s.DefaultListableBeanFactory     : Returning cached instance of singleton bean 'autoConfigurationReport'
2022-12-24 22:10:30.624 TRACE 25502 --- [           main] o.s.b.f.s.DefaultListableBeanFactory     : Returning cached instance of singleton bean 'autoConfigurationReport'
2022-12-24 22:10:30.628 TRACE 25502 --- [           main] o.s.b.f.s.DefaultListableBeanFactory     : Returning cached instance of singleton bean 'autoConfigurationReport'
2022-12-24 22:10:30.628 TRACE 25502 --- [           main] o.s.b.f.s.DefaultListableBeanFactory     : Returning cached instance of singleton bean 'autoConfigurationReport'
2022-12-24 22:10:30.629 TRACE 25502 --- [           main] o.s.b.f.s.DefaultListableBeanFactory     : Returning cached instance of singleton bean 'autoConfigurationReport'
2022-12-24 22:10:30.629 TRACE 25502 --- [           main] o.s.b.f.s.DefaultListableBeanFactory     : Returning cached instance of singleton bean 'autoConfigurationReport'
2022-12-24 22:10:30.630 TRACE 25502 --- [           main] a.ConfigurationClassBeanDefinitionReader : Registered bean definition for imported class 'org.springframework.boot.autoconfigure.security.servlet.SecurityAutoConfiguration'
2022-12-24 22:10:30.630 TRACE 25502 --- [           main] o.s.b.f.s.DefaultListableBeanFactory     : Returning cached instance of singleton bean 'autoConfigurationReport'
2022-12-24 22:10:30.631 TRACE 25502 --- [           main] a.ConfigurationClassBeanDefinitionReader : Registering bean definition for @Bean method org.springframework.boot.autoconfigure.security.servlet.SecurityAutoConfiguration.authenticationEventPublisher()
2022-12-24 22:10:30.631 TRACE 25502 --- [           main] o.s.b.f.s.DefaultListableBeanFactory     : Returning cached instance of singleton bean 'autoConfigurationReport'
2022-12-24 22:10:30.631 TRACE 25502 --- [           main] o.s.b.f.s.DefaultListableBeanFactory     : Returning cached instance of singleton bean 'autoConfigurationReport'
2022-12-24 22:10:30.632 TRACE 25502 --- [           main] a.ConfigurationClassBeanDefinitionReader : Registered bean definition for imported class 'org.springframework.boot.autoconfigure.security.servlet.SecurityFilterAutoConfiguration'
2022-12-24 22:10:30.632 TRACE 25502 --- [           main] o.s.b.f.s.DefaultListableBeanFactory     : Returning cached instance of singleton bean 'autoConfigurationReport'
2022-12-24 22:10:30.632 TRACE 25502 --- [           main] a.ConfigurationClassBeanDefinitionReader : Registering bean definition for @Bean method org.springframework.boot.autoconfigure.security.servlet.SecurityFilterAutoConfiguration.securityFilterChainRegistration()
2022-12-24 22:10:30.632 TRACE 25502 --- [           main] o.s.b.f.s.DefaultListableBeanFactory     : Returning cached instance of singleton bean 'autoConfigurationReport'
2022-12-24 22:10:30.636 TRACE 25502 --- [           main] o.s.b.f.s.DefaultListableBeanFactory     : Returning cached instance of singleton bean 'autoConfigurationReport'
2022-12-24 22:10:30.636 TRACE 25502 --- [           main] o.s.b.f.s.DefaultListableBeanFactory     : Returning cached instance of singleton bean 'autoConfigurationReport'
2022-12-24 22:10:30.637 TRACE 25502 --- [           main] o.s.b.f.s.DefaultListableBeanFactory     : Returning cached instance of singleton bean 'autoConfigurationReport'
2022-12-24 22:10:30.637 TRACE 25502 --- [           main] o.s.b.f.s.DefaultListableBeanFactory     : Returning cached instance of singleton bean 'autoConfigurationReport'
2022-12-24 22:10:30.638 TRACE 25502 --- [           main] a.ConfigurationClassBeanDefinitionReader : Registered bean definition for imported class 'org.springframework.boot.autoconfigure.task.TaskSchedulingAutoConfiguration'
2022-12-24 22:10:30.640 TRACE 25502 --- [           main] o.s.b.f.s.DefaultListableBeanFactory     : Returning cached instance of singleton bean 'autoConfigurationReport'
2022-12-24 22:10:30.641 TRACE 25502 --- [           main] o.s.b.f.s.DefaultListableBeanFactory     : Returning cached instance of singleton bean 'autoConfigurationReport'
2022-12-24 22:10:30.642 TRACE 25502 --- [           main] a.ConfigurationClassBeanDefinitionReader : Registering bean definition for @Bean method org.springframework.boot.autoconfigure.task.TaskSchedulingAutoConfiguration.taskScheduler()
2022-12-24 22:10:30.642 TRACE 25502 --- [           main] a.ConfigurationClassBeanDefinitionReader : Registering bean definition for @Bean method org.springframework.boot.autoconfigure.task.TaskSchedulingAutoConfiguration.scheduledBeanLazyInitializationExcludeFilter()
2022-12-24 22:10:30.643 TRACE 25502 --- [           main] o.s.b.f.s.DefaultListableBeanFactory     : Returning cached instance of singleton bean 'autoConfigurationReport'
2022-12-24 22:10:30.644 TRACE 25502 --- [           main] a.ConfigurationClassBeanDefinitionReader : Registering bean definition for @Bean method org.springframework.boot.autoconfigure.task.TaskSchedulingAutoConfiguration.taskSchedulerBuilder()
2022-12-24 22:10:30.644 TRACE 25502 --- [           main] o.s.b.f.s.DefaultListableBeanFactory     : Returning cached instance of singleton bean 'autoConfigurationReport'
2022-12-24 22:10:30.645 TRACE 25502 --- [           main] o.s.b.f.s.DefaultListableBeanFactory     : Returning cached instance of singleton bean 'autoConfigurationReport'
2022-12-24 22:10:30.645 TRACE 25502 --- [           main] a.ConfigurationClassBeanDefinitionReader : Registered bean definition for imported class 'org.springframework.boot.autoconfigure.jdbc.DataSourceTransactionManagerAutoConfiguration$JdbcTransactionManagerConfiguration'
2022-12-24 22:10:30.646 TRACE 25502 --- [           main] o.s.b.f.s.DefaultListableBeanFactory     : Returning cached instance of singleton bean 'autoConfigurationReport'
2022-12-24 22:10:30.646 TRACE 25502 --- [           main] a.ConfigurationClassBeanDefinitionReader : Registered bean definition for imported class 'org.springframework.boot.autoconfigure.jdbc.DataSourceTransactionManagerAutoConfiguration'
2022-12-24 22:10:30.647 TRACE 25502 --- [           main] o.s.b.f.s.DefaultListableBeanFactory     : Returning cached instance of singleton bean 'autoConfigurationReport'
2022-12-24 22:10:30.648 TRACE 25502 --- [           main] o.s.b.f.s.DefaultListableBeanFactory     : Returning cached instance of singleton bean 'autoConfigurationReport'
2022-12-24 22:10:30.649 TRACE 25502 --- [           main] o.s.b.f.s.DefaultListableBeanFactory     : Returning cached instance of singleton bean 'autoConfigurationReport'
2022-12-24 22:10:30.650 TRACE 25502 --- [           main] o.s.b.f.s.DefaultListableBeanFactory     : Returning cached instance of singleton bean 'autoConfigurationReport'
2022-12-24 22:10:30.650 TRACE 25502 --- [           main] a.ConfigurationClassBeanDefinitionReader : Registered bean definition for imported class 'org.springframework.transaction.annotation.ProxyTransactionManagementConfiguration'
2022-12-24 22:10:30.650 TRACE 25502 --- [           main] a.ConfigurationClassBeanDefinitionReader : Registering bean definition for @Bean method org.springframework.transaction.annotation.ProxyTransactionManagementConfiguration.org.springframework.transaction.config.internalTransactionAdvisor()
2022-12-24 22:10:30.650 TRACE 25502 --- [           main] a.ConfigurationClassBeanDefinitionReader : Registering bean definition for @Bean method org.springframework.transaction.annotation.ProxyTransactionManagementConfiguration.transactionAttributeSource()
2022-12-24 22:10:30.650 TRACE 25502 --- [           main] a.ConfigurationClassBeanDefinitionReader : Registering bean definition for @Bean method org.springframework.transaction.annotation.ProxyTransactionManagementConfiguration.transactionInterceptor()
2022-12-24 22:10:30.650 TRACE 25502 --- [           main] a.ConfigurationClassBeanDefinitionReader : Registering bean definition for @Bean method org.springframework.transaction.annotation.ProxyTransactionManagementConfiguration.org.springframework.transaction.config.internalTransactionalEventListenerFactory()
2022-12-24 22:10:30.650 TRACE 25502 --- [           main] a.ConfigurationClassBeanDefinitionReader : Registered bean definition for imported class 'org.springframework.boot.autoconfigure.transaction.TransactionAutoConfiguration$EnableTransactionManagementConfiguration$CglibAutoProxyConfiguration'
2022-12-24 22:10:30.651 TRACE 25502 --- [           main] a.ConfigurationClassBeanDefinitionReader : Registered bean definition for imported class 'org.springframework.boot.autoconfigure.transaction.TransactionAutoConfiguration$EnableTransactionManagementConfiguration'
2022-12-24 22:10:30.656 TRACE 25502 --- [           main] o.s.b.f.s.DefaultListableBeanFactory     : Returning cached instance of singleton bean 'autoConfigurationReport'
2022-12-24 22:10:30.656 TRACE 25502 --- [           main] a.ConfigurationClassBeanDefinitionReader : Registered bean definition for imported class 'org.springframework.boot.autoconfigure.transaction.TransactionAutoConfiguration$TransactionTemplateConfiguration'
2022-12-24 22:10:30.658 TRACE 25502 --- [           main] o.s.b.f.s.DefaultListableBeanFactory     : Returning cached instance of singleton bean 'autoConfigurationReport'
2022-12-24 22:10:30.658 TRACE 25502 --- [           main] a.ConfigurationClassBeanDefinitionReader : Registering bean definition for @Bean method org.springframework.boot.autoconfigure.transaction.TransactionAutoConfiguration$TransactionTemplateConfiguration.transactionTemplate()
2022-12-24 22:10:30.660 TRACE 25502 --- [           main] a.ConfigurationClassBeanDefinitionReader : Registered bean definition for imported class 'org.springframework.boot.autoconfigure.transaction.TransactionAutoConfiguration'
2022-12-24 22:10:30.662 TRACE 25502 --- [           main] o.s.b.f.s.DefaultListableBeanFactory     : Returning cached instance of singleton bean 'autoConfigurationReport'
2022-12-24 22:10:30.662 TRACE 25502 --- [           main] a.ConfigurationClassBeanDefinitionReader : Registering bean definition for @Bean method org.springframework.boot.autoconfigure.transaction.TransactionAutoConfiguration.platformTransactionManagerCustomizers()
2022-12-24 22:10:30.665 TRACE 25502 --- [           main] o.s.b.f.s.DefaultListableBeanFactory     : Returning cached instance of singleton bean 'autoConfigurationReport'
2022-12-24 22:10:30.666 TRACE 25502 --- [           main] o.s.b.f.s.DefaultListableBeanFactory     : Returning cached instance of singleton bean 'autoConfigurationReport'
2022-12-24 22:10:30.666 TRACE 25502 --- [           main] a.ConfigurationClassBeanDefinitionReader : Registered bean definition for imported class 'org.springframework.boot.autoconfigure.web.client.RestTemplateAutoConfiguration'
2022-12-24 22:10:30.668 TRACE 25502 --- [           main] o.s.b.f.s.DefaultListableBeanFactory     : Returning cached instance of singleton bean 'autoConfigurationReport'
2022-12-24 22:10:30.668 TRACE 25502 --- [           main] a.ConfigurationClassBeanDefinitionReader : Registering bean definition for @Bean method org.springframework.boot.autoconfigure.web.client.RestTemplateAutoConfiguration.restTemplateBuilderConfigurer()
2022-12-24 22:10:30.670 TRACE 25502 --- [           main] o.s.b.f.s.DefaultListableBeanFactory     : Returning cached instance of singleton bean 'autoConfigurationReport'
2022-12-24 22:10:30.670 TRACE 25502 --- [           main] a.ConfigurationClassBeanDefinitionReader : Registering bean definition for @Bean method org.springframework.boot.autoconfigure.web.client.RestTemplateAutoConfiguration.restTemplateBuilder()
2022-12-24 22:10:30.670 TRACE 25502 --- [           main] o.s.b.f.s.DefaultListableBeanFactory     : Returning cached instance of singleton bean 'autoConfigurationReport'
2022-12-24 22:10:30.671 TRACE 25502 --- [           main] o.s.b.f.s.DefaultListableBeanFactory     : Returning cached instance of singleton bean 'autoConfigurationReport'
2022-12-24 22:10:30.671 TRACE 25502 --- [           main] a.ConfigurationClassBeanDefinitionReader : Registered bean definition for imported class 'org.springframework.boot.autoconfigure.web.embedded.EmbeddedWebServerFactoryCustomizerAutoConfiguration$TomcatWebServerFactoryCustomizerConfiguration'
2022-12-24 22:10:30.671 TRACE 25502 --- [           main] a.ConfigurationClassBeanDefinitionReader : Registering bean definition for @Bean method org.springframework.boot.autoconfigure.web.embedded.EmbeddedWebServerFactoryCustomizerAutoConfiguration$TomcatWebServerFactoryCustomizerConfiguration.tomcatWebServerFactoryCustomizer()
2022-12-24 22:10:30.671 TRACE 25502 --- [           main] a.ConfigurationClassBeanDefinitionReader : Registered bean definition for imported class 'org.springframework.boot.autoconfigure.web.embedded.EmbeddedWebServerFactoryCustomizerAutoConfiguration'
2022-12-24 22:10:30.671 TRACE 25502 --- [           main] o.s.b.f.s.DefaultListableBeanFactory     : Returning cached instance of singleton bean 'autoConfigurationReport'
2022-12-24 22:10:30.672 TRACE 25502 --- [           main] o.s.b.f.s.DefaultListableBeanFactory     : Returning cached instance of singleton bean 'autoConfigurationReport'
2022-12-24 22:10:30.672 TRACE 25502 --- [           main] o.s.b.f.s.DefaultListableBeanFactory     : Returning cached instance of singleton bean 'autoConfigurationReport'
2022-12-24 22:10:30.672 TRACE 25502 --- [           main] a.ConfigurationClassBeanDefinitionReader : Registered bean definition for imported class 'org.springframework.boot.autoconfigure.web.servlet.HttpEncodingAutoConfiguration'
2022-12-24 22:10:30.679 TRACE 25502 --- [           main] o.s.b.f.s.DefaultListableBeanFactory     : Returning cached instance of singleton bean 'autoConfigurationReport'
2022-12-24 22:10:30.680 TRACE 25502 --- [           main] a.ConfigurationClassBeanDefinitionReader : Registering bean definition for @Bean method org.springframework.boot.autoconfigure.web.servlet.HttpEncodingAutoConfiguration.characterEncodingFilter()
2022-12-24 22:10:30.680 TRACE 25502 --- [           main] a.ConfigurationClassBeanDefinitionReader : Registering bean definition for @Bean method org.springframework.boot.autoconfigure.web.servlet.HttpEncodingAutoConfiguration.localeCharsetMappingsCustomizer()
2022-12-24 22:10:30.681 TRACE 25502 --- [           main] o.s.b.f.s.DefaultListableBeanFactory     : Returning cached instance of singleton bean 'autoConfigurationReport'
2022-12-24 22:10:30.681 TRACE 25502 --- [           main] o.s.b.f.s.DefaultListableBeanFactory     : Returning cached instance of singleton bean 'autoConfigurationReport'
2022-12-24 22:10:30.682 TRACE 25502 --- [           main] o.s.b.f.s.DefaultListableBeanFactory     : Returning cached instance of singleton bean 'autoConfigurationReport'
2022-12-24 22:10:30.682 TRACE 25502 --- [           main] a.ConfigurationClassBeanDefinitionReader : Registered bean definition for imported class 'org.springframework.boot.autoconfigure.web.servlet.MultipartAutoConfiguration'
2022-12-24 22:10:30.686 TRACE 25502 --- [           main] o.s.b.f.s.DefaultListableBeanFactory     : Returning cached instance of singleton bean 'autoConfigurationReport'
2022-12-24 22:10:30.686 TRACE 25502 --- [           main] a.ConfigurationClassBeanDefinitionReader : Registering bean definition for @Bean method org.springframework.boot.autoconfigure.web.servlet.MultipartAutoConfiguration.multipartConfigElement()
2022-12-24 22:10:30.687 TRACE 25502 --- [           main] o.s.b.f.s.DefaultListableBeanFactory     : Returning cached instance of singleton bean 'autoConfigurationReport'
2022-12-24 22:10:30.688 TRACE 25502 --- [           main] a.ConfigurationClassBeanDefinitionReader : Registering bean definition for @Bean method org.springframework.boot.autoconfigure.web.servlet.MultipartAutoConfiguration.multipartResolver()
2022-12-24 22:10:30.769 TRACE 25502 --- [           main] o.s.c.a.ConfigurationClassEnhancer       : Successfully enhanced com.spring.SpringbootDemoH2Application; enhanced class name is: com.spring.SpringbootDemoH2Application$$EnhancerBySpringCGLIB$$1ab97f9d
2022-12-24 22:10:30.769 TRACE 25502 --- [           main] o.s.c.a.ConfigurationClassPostProcessor  : Replacing bean definition 'springbootDemoH2Application' existing class 'com.spring.SpringbootDemoH2Application' with enhanced class 'com.spring.SpringbootDemoH2Application$$EnhancerBySpringCGLIB$$1ab97f9d'
2022-12-24 22:10:30.771 TRACE 25502 --- [           main] o.s.c.a.ConfigurationClassEnhancer       : Successfully enhanced com.spring.config.CorsConfig; enhanced class name is: com.spring.config.CorsConfig$$EnhancerBySpringCGLIB$$cb6a1df4
2022-12-24 22:10:30.771 TRACE 25502 --- [           main] o.s.c.a.ConfigurationClassPostProcessor  : Replacing bean definition 'corsConfig' existing class 'com.spring.config.CorsConfig' with enhanced class 'com.spring.config.CorsConfig$$EnhancerBySpringCGLIB$$cb6a1df4'
2022-12-24 22:10:30.773 TRACE 25502 --- [           main] o.s.c.a.ConfigurationClassEnhancer       : Successfully enhanced com.spring.config.JwtAuthenticationEntityPoint; enhanced class name is: com.spring.config.JwtAuthenticationEntityPoint$$EnhancerBySpringCGLIB$$1fa5b653
2022-12-24 22:10:30.773 TRACE 25502 --- [           main] o.s.c.a.ConfigurationClassPostProcessor  : Replacing bean definition 'jwtAuthenticationEntityPoint' existing class 'com.spring.config.JwtAuthenticationEntityPoint' with enhanced class 'com.spring.config.JwtAuthenticationEntityPoint$$EnhancerBySpringCGLIB$$1fa5b653'
2022-12-24 22:10:30.794 TRACE 25502 --- [           main] o.s.c.a.ConfigurationClassEnhancer       : Successfully enhanced com.spring.config.WebSecurityConfiguration; enhanced class name is: com.spring.config.WebSecurityConfiguration$$EnhancerBySpringCGLIB$$76e1dca7
2022-12-24 22:10:30.794 TRACE 25502 --- [           main] o.s.c.a.ConfigurationClassPostProcessor  : Replacing bean definition 'webSecurityConfiguration' existing class 'com.spring.config.WebSecurityConfiguration' with enhanced class 'com.spring.config.WebSecurityConfiguration$$EnhancerBySpringCGLIB$$76e1dca7'
2022-12-24 22:10:30.796 DEBUG 25502 --- [           main] o.s.b.f.s.DefaultListableBeanFactory     : Creating shared instance of singleton bean 'propertySourcesPlaceholderConfigurer'
2022-12-24 22:10:30.797 TRACE 25502 --- [           main] o.s.b.f.s.DefaultListableBeanFactory     : Creating instance of bean 'propertySourcesPlaceholderConfigurer'
2022-12-24 22:10:30.799 TRACE 25502 --- [           main] o.s.b.f.s.DefaultListableBeanFactory     : Eagerly caching bean 'propertySourcesPlaceholderConfigurer' to allow for resolving potential circular references
2022-12-24 22:10:30.801 TRACE 25502 --- [           main] o.s.b.f.s.DefaultListableBeanFactory     : Finished creating instance of bean 'propertySourcesPlaceholderConfigurer'
2022-12-24 22:10:30.814 DEBUG 25502 --- [           main] o.s.b.f.s.DefaultListableBeanFactory     : Creating shared instance of singleton bean 'org.springframework.boot.test.mock.mockito.MockitoPostProcessor'
2022-12-24 22:10:30.815 TRACE 25502 --- [           main] o.s.b.f.s.DefaultListableBeanFactory     : Creating instance of bean 'org.springframework.boot.test.mock.mockito.MockitoPostProcessor'
2022-12-24 22:10:30.824 TRACE 25502 --- [           main] o.s.b.f.s.DefaultListableBeanFactory     : Eagerly caching bean 'org.springframework.boot.test.mock.mockito.MockitoPostProcessor' to allow for resolving potential circular references
2022-12-24 22:10:30.824 TRACE 25502 --- [           main] o.s.b.f.s.DefaultListableBeanFactory     : Finished creating instance of bean 'org.springframework.boot.test.mock.mockito.MockitoPostProcessor'
2022-12-24 22:10:30.824 DEBUG 25502 --- [           main] o.s.b.f.s.DefaultListableBeanFactory     : Creating shared instance of singleton bean 'emBeanDefinitionRegistrarPostProcessor'
2022-12-24 22:10:30.824 TRACE 25502 --- [           main] o.s.b.f.s.DefaultListableBeanFactory     : Creating instance of bean 'emBeanDefinitionRegistrarPostProcessor'
2022-12-24 22:10:30.824 TRACE 25502 --- [           main] o.s.b.f.s.DefaultListableBeanFactory     : Eagerly caching bean 'emBeanDefinitionRegistrarPostProcessor' to allow for resolving potential circular references
2022-12-24 22:10:30.824 TRACE 25502 --- [           main] o.s.b.f.s.DefaultListableBeanFactory     : Finished creating instance of bean 'emBeanDefinitionRegistrarPostProcessor'
2022-12-24 22:10:30.824 DEBUG 25502 --- [           main] o.s.b.f.s.DefaultListableBeanFactory     : Creating shared instance of singleton bean 'org.springframework.boot.sql.init.dependency.DatabaseInitializationDependencyConfigurer$DependsOnDatabaseInitializationPostProcessor'
2022-12-24 22:10:30.824 TRACE 25502 --- [           main] o.s.b.f.s.DefaultListableBeanFactory     : Creating instance of bean 'org.springframework.boot.sql.init.dependency.DatabaseInitializationDependencyConfigurer$DependsOnDatabaseInitializationPostProcessor'
2022-12-24 22:10:30.824 TRACE 25502 --- [           main] o.s.b.f.s.DefaultListableBeanFactory     : Eagerly caching bean 'org.springframework.boot.sql.init.dependency.DatabaseInitializationDependencyConfigurer$DependsOnDatabaseInitializationPostProcessor' to allow for resolving potential circular references
2022-12-24 22:10:30.825 TRACE 25502 --- [           main] o.s.b.f.s.DefaultListableBeanFactory     : Finished creating instance of bean 'org.springframework.boot.sql.init.dependency.DatabaseInitializationDependencyConfigurer$DependsOnDatabaseInitializationPostProcessor'
2022-12-24 22:10:30.838 TRACE 25502 --- [           main] o.s.c.e.PropertySourcesPropertyResolver  : Searching for key 'spring.jpa.defer-datasource-initialization' in PropertySource 'configurationProperties'
2022-12-24 22:10:30.838 TRACE 25502 --- [           main] o.s.c.e.PropertySourcesPropertyResolver  : Searching for key 'spring.jpa.defer-datasource-initialization' in PropertySource 'test'
2022-12-24 22:10:30.838 TRACE 25502 --- [           main] o.s.c.e.PropertySourcesPropertyResolver  : Searching for key 'spring.jpa.defer-datasource-initialization' in PropertySource 'Inlined Test Properties'
2022-12-24 22:10:30.838 TRACE 25502 --- [           main] o.s.c.e.PropertySourcesPropertyResolver  : Searching for key 'spring.jpa.defer-datasource-initialization' in PropertySource 'systemProperties'
2022-12-24 22:10:30.838 TRACE 25502 --- [           main] o.s.c.e.PropertySourcesPropertyResolver  : Searching for key 'spring.jpa.defer-datasource-initialization' in PropertySource 'systemEnvironment'
2022-12-24 22:10:30.838 TRACE 25502 --- [           main] o.s.c.e.PropertySourcesPropertyResolver  : Searching for key 'spring.jpa.defer-datasource-initialization' in PropertySource 'random'
2022-12-24 22:10:30.838 TRACE 25502 --- [           main] o.s.c.e.PropertySourcesPropertyResolver  : Searching for key 'spring.jpa.defer-datasource-initialization' in PropertySource 'Config resource 'class path resource [application.properties]' via location 'optional:classpath:/''
2022-12-24 22:10:30.838 TRACE 25502 --- [           main] o.s.c.e.PropertySourcesPropertyResolver  : Searching for key 'spring.jpa.defer-datasource-initialization' in PropertySource 'class path resource [springdoc.swagger-ui.config]'
2022-12-24 22:10:30.838 TRACE 25502 --- [           main] o.s.c.e.PropertySourcesPropertyResolver  : Could not find key 'spring.jpa.defer-datasource-initialization' in any property source
2022-12-24 22:10:30.856 TRACE 25502 --- [           main] o.s.beans.TypeConverterDelegate          : Converting String to [class java.lang.Class] using property editor [org.springframework.beans.propertyeditors.ClassEditor@1442f788]
2022-12-24 22:10:30.858 TRACE 25502 --- [           main] o.s.beans.TypeConverterDelegate          : Converting String to [class java.lang.Class] using property editor [org.springframework.beans.propertyeditors.ClassEditor@7b6e5c12]
2022-12-24 22:10:30.879 TRACE 25502 --- [           main] o.s.c.e.PropertySourcesPropertyResolver  : Searching for key 'spring.jpa.defer-datasource-initialization' in PropertySource 'configurationProperties'
2022-12-24 22:10:30.880 TRACE 25502 --- [           main] o.s.c.e.PropertySourcesPropertyResolver  : Searching for key 'spring.jpa.defer-datasource-initialization' in PropertySource 'test'
2022-12-24 22:10:30.880 TRACE 25502 --- [           main] o.s.c.e.PropertySourcesPropertyResolver  : Searching for key 'spring.jpa.defer-datasource-initialization' in PropertySource 'Inlined Test Properties'
2022-12-24 22:10:30.880 TRACE 25502 --- [           main] o.s.c.e.PropertySourcesPropertyResolver  : Searching for key 'spring.jpa.defer-datasource-initialization' in PropertySource 'systemProperties'
2022-12-24 22:10:30.880 TRACE 25502 --- [           main] o.s.c.e.PropertySourcesPropertyResolver  : Searching for key 'spring.jpa.defer-datasource-initialization' in PropertySource 'systemEnvironment'
2022-12-24 22:10:30.880 TRACE 25502 --- [           main] o.s.c.e.PropertySourcesPropertyResolver  : Searching for key 'spring.jpa.defer-datasource-initialization' in PropertySource 'random'
2022-12-24 22:10:30.880 TRACE 25502 --- [           main] o.s.c.e.PropertySourcesPropertyResolver  : Searching for key 'spring.jpa.defer-datasource-initialization' in PropertySource 'Config resource 'class path resource [application.properties]' via location 'optional:classpath:/''
2022-12-24 22:10:30.880 TRACE 25502 --- [           main] o.s.c.e.PropertySourcesPropertyResolver  : Searching for key 'spring.jpa.defer-datasource-initialization' in PropertySource 'class path resource [springdoc.swagger-ui.config]'
2022-12-24 22:10:30.880 TRACE 25502 --- [           main] o.s.c.e.PropertySourcesPropertyResolver  : Could not find key 'spring.jpa.defer-datasource-initialization' in any property source
2022-12-24 22:10:30.902 DEBUG 25502 --- [           main] o.s.b.f.s.DefaultListableBeanFactory     : Creating shared instance of singleton bean 'org.springframework.context.event.internalEventListenerProcessor'
2022-12-24 22:10:30.902 TRACE 25502 --- [           main] o.s.b.f.s.DefaultListableBeanFactory     : Creating instance of bean 'org.springframework.context.event.internalEventListenerProcessor'
2022-12-24 22:10:30.903 TRACE 25502 --- [           main] o.s.b.f.s.DefaultListableBeanFactory     : Eagerly caching bean 'org.springframework.context.event.internalEventListenerProcessor' to allow for resolving potential circular references
2022-12-24 22:10:30.904 TRACE 25502 --- [           main] o.s.b.f.s.DefaultListableBeanFactory     : Finished creating instance of bean 'org.springframework.context.event.internalEventListenerProcessor'
2022-12-24 22:10:30.904 DEBUG 25502 --- [           main] o.s.b.f.s.DefaultListableBeanFactory     : Creating shared instance of singleton bean 'conversionServicePostProcessor'
2022-12-24 22:10:30.904 TRACE 25502 --- [           main] o.s.b.f.s.DefaultListableBeanFactory     : Creating instance of bean 'conversionServicePostProcessor'
2022-12-24 22:10:30.919 TRACE 25502 --- [           main] o.s.b.f.s.DefaultListableBeanFactory     : Eagerly caching bean 'conversionServicePostProcessor' to allow for resolving potential circular references
2022-12-24 22:10:30.919 TRACE 25502 --- [           main] o.s.b.f.s.DefaultListableBeanFactory     : Finished creating instance of bean 'conversionServicePostProcessor'
2022-12-24 22:10:30.919 DEBUG 25502 --- [           main] o.s.b.f.s.DefaultListableBeanFactory     : Creating shared instance of singleton bean 'preserveErrorControllerTargetClassPostProcessor'
2022-12-24 22:10:30.919 TRACE 25502 --- [           main] o.s.b.f.s.DefaultListableBeanFactory     : Creating instance of bean 'preserveErrorControllerTargetClassPostProcessor'
2022-12-24 22:10:30.919 TRACE 25502 --- [           main] o.s.b.f.s.DefaultListableBeanFactory     : Eagerly caching bean 'preserveErrorControllerTargetClassPostProcessor' to allow for resolving potential circular references
2022-12-24 22:10:30.919 TRACE 25502 --- [           main] o.s.b.f.s.DefaultListableBeanFactory     : Finished creating instance of bean 'preserveErrorControllerTargetClassPostProcessor'
2022-12-24 22:10:30.920 DEBUG 25502 --- [           main] o.s.b.f.s.DefaultListableBeanFactory     : Creating shared instance of singleton bean 'org.springframework.context.event.internalEventListenerFactory'
2022-12-24 22:10:30.920 TRACE 25502 --- [           main] o.s.b.f.s.DefaultListableBeanFactory     : Creating instance of bean 'org.springframework.context.event.internalEventListenerFactory'
2022-12-24 22:10:30.920 TRACE 25502 --- [           main] o.s.b.f.s.DefaultListableBeanFactory     : Eagerly caching bean 'org.springframework.context.event.internalEventListenerFactory' to allow for resolving potential circular references
2022-12-24 22:10:30.920 TRACE 25502 --- [           main] o.s.b.f.s.DefaultListableBeanFactory     : Finished creating instance of bean 'org.springframework.context.event.internalEventListenerFactory'
2022-12-24 22:10:30.920 DEBUG 25502 --- [           main] o.s.b.f.s.DefaultListableBeanFactory     : Creating shared instance of singleton bean 'org.springframework.transaction.config.internalTransactionalEventListenerFactory'
2022-12-24 22:10:30.920 TRACE 25502 --- [           main] o.s.b.f.s.DefaultListableBeanFactory     : Creating instance of bean 'org.springframework.transaction.config.internalTransactionalEventListenerFactory'
2022-12-24 22:10:30.920 TRACE 25502 --- [           main] o.s.b.f.s.DefaultListableBeanFactory     : Eagerly caching bean 'org.springframework.transaction.config.internalTransactionalEventListenerFactory' to allow for resolving potential circular references
2022-12-24 22:10:30.920 TRACE 25502 --- [           main] o.s.b.f.s.DefaultListableBeanFactory     : Finished creating instance of bean 'org.springframework.transaction.config.internalTransactionalEventListenerFactory'
2022-12-24 22:10:30.923 DEBUG 25502 --- [           main] o.s.b.f.s.DefaultListableBeanFactory     : Creating shared instance of singleton bean 'org.springframework.boot.test.mock.mockito.MockitoPostProcessor$SpyPostProcessor'
2022-12-24 22:10:30.923 TRACE 25502 --- [           main] o.s.b.f.s.DefaultListableBeanFactory     : Creating instance of bean 'org.springframework.boot.test.mock.mockito.MockitoPostProcessor$SpyPostProcessor'
2022-12-24 22:10:30.923 TRACE 25502 --- [           main] o.s.b.f.s.DefaultListableBeanFactory     : Returning cached instance of singleton bean 'org.springframework.boot.test.mock.mockito.MockitoPostProcessor'
2022-12-24 22:10:30.924 TRACE 25502 --- [           main] o.s.b.f.s.DefaultListableBeanFactory     : Eagerly caching bean 'org.springframework.boot.test.mock.mockito.MockitoPostProcessor$SpyPostProcessor' to allow for resolving potential circular references
2022-12-24 22:10:30.924 TRACE 25502 --- [           main] o.s.b.f.s.DefaultListableBeanFactory     : Finished creating instance of bean 'org.springframework.boot.test.mock.mockito.MockitoPostProcessor$SpyPostProcessor'
2022-12-24 22:10:30.924 DEBUG 25502 --- [           main] o.s.b.f.s.DefaultListableBeanFactory     : Creating shared instance of singleton bean 'org.springframework.context.annotation.internalAutowiredAnnotationProcessor'
2022-12-24 22:10:30.924 TRACE 25502 --- [           main] o.s.b.f.s.DefaultListableBeanFactory     : Creating instance of bean 'org.springframework.context.annotation.internalAutowiredAnnotationProcessor'
2022-12-24 22:10:30.926 TRACE 25502 --- [           main] o.s.b.f.s.DefaultListableBeanFactory     : Eagerly caching bean 'org.springframework.context.annotation.internalAutowiredAnnotationProcessor' to allow for resolving potential circular references
2022-12-24 22:10:30.926 TRACE 25502 --- [           main] o.s.b.f.s.DefaultListableBeanFactory     : Finished creating instance of bean 'org.springframework.context.annotation.internalAutowiredAnnotationProcessor'
2022-12-24 22:10:30.926 DEBUG 25502 --- [           main] o.s.b.f.s.DefaultListableBeanFactory     : Creating shared instance of singleton bean 'org.springframework.context.annotation.internalCommonAnnotationProcessor'
2022-12-24 22:10:30.926 TRACE 25502 --- [           main] o.s.b.f.s.DefaultListableBeanFactory     : Creating instance of bean 'org.springframework.context.annotation.internalCommonAnnotationProcessor'
2022-12-24 22:10:30.929 TRACE 25502 --- [           main] o.s.b.f.s.DefaultListableBeanFactory     : Eagerly caching bean 'org.springframework.context.annotation.internalCommonAnnotationProcessor' to allow for resolving potential circular references
2022-12-24 22:10:30.929 TRACE 25502 --- [           main] o.s.b.f.s.DefaultListableBeanFactory     : Finished creating instance of bean 'org.springframework.context.annotation.internalCommonAnnotationProcessor'
2022-12-24 22:10:30.930 DEBUG 25502 --- [           main] o.s.b.f.s.DefaultListableBeanFactory     : Creating shared instance of singleton bean 'org.springframework.context.annotation.internalPersistenceAnnotationProcessor'
2022-12-24 22:10:30.930 TRACE 25502 --- [           main] o.s.b.f.s.DefaultListableBeanFactory     : Creating instance of bean 'org.springframework.context.annotation.internalPersistenceAnnotationProcessor'
2022-12-24 22:10:30.930 TRACE 25502 --- [           main] o.s.b.f.s.DefaultListableBeanFactory     : Eagerly caching bean 'org.springframework.context.annotation.internalPersistenceAnnotationProcessor' to allow for resolving potential circular references
2022-12-24 22:10:30.930 TRACE 25502 --- [           main] o.s.b.f.s.DefaultListableBeanFactory     : Finished creating instance of bean 'org.springframework.context.annotation.internalPersistenceAnnotationProcessor'
2022-12-24 22:10:30.930 DEBUG 25502 --- [           main] o.s.b.f.s.DefaultListableBeanFactory     : Creating shared instance of singleton bean 'org.springframework.boot.context.properties.ConfigurationPropertiesBindingPostProcessor'
2022-12-24 22:10:30.930 TRACE 25502 --- [           main] o.s.b.f.s.DefaultListableBeanFactory     : Creating instance of bean 'org.springframework.boot.context.properties.ConfigurationPropertiesBindingPostProcessor'
2022-12-24 22:10:30.930 TRACE 25502 --- [           main] o.s.b.f.s.DefaultListableBeanFactory     : Eagerly caching bean 'org.springframework.boot.context.properties.ConfigurationPropertiesBindingPostProcessor' to allow for resolving potential circular references
2022-12-24 22:10:30.930 TRACE 25502 --- [           main] o.s.b.f.s.DefaultListableBeanFactory     : Invoking afterPropertiesSet() on bean with name 'org.springframework.boot.context.properties.ConfigurationPropertiesBindingPostProcessor'
2022-12-24 22:10:30.930 DEBUG 25502 --- [           main] o.s.b.f.s.DefaultListableBeanFactory     : Creating shared instance of singleton bean 'org.springframework.boot.context.internalConfigurationPropertiesBinder'
2022-12-24 22:10:30.930 TRACE 25502 --- [           main] o.s.b.f.s.DefaultListableBeanFactory     : Creating instance of bean 'org.springframework.boot.context.internalConfigurationPropertiesBinder'
2022-12-24 22:10:30.930 DEBUG 25502 --- [           main] o.s.b.f.s.DefaultListableBeanFactory     : Creating shared instance of singleton bean 'org.springframework.boot.context.internalConfigurationPropertiesBinderFactory'
2022-12-24 22:10:30.930 TRACE 25502 --- [           main] o.s.b.f.s.DefaultListableBeanFactory     : Creating instance of bean 'org.springframework.boot.context.internalConfigurationPropertiesBinderFactory'
2022-12-24 22:10:30.930 TRACE 25502 --- [           main] o.s.b.f.s.DefaultListableBeanFactory     : Eagerly caching bean 'org.springframework.boot.context.internalConfigurationPropertiesBinderFactory' to allow for resolving potential circular references
2022-12-24 22:10:30.930 TRACE 25502 --- [           main] o.s.b.f.s.DefaultListableBeanFactory     : Finished creating instance of bean 'org.springframework.boot.context.internalConfigurationPropertiesBinderFactory'
2022-12-24 22:10:30.931 TRACE 25502 --- [           main] o.s.b.f.s.DefaultListableBeanFactory     : Returning cached instance of singleton bean 'propertySourcesPlaceholderConfigurer'
2022-12-24 22:10:30.933 TRACE 25502 --- [           main] o.s.b.f.s.DefaultListableBeanFactory     : Eagerly caching bean 'org.springframework.boot.context.internalConfigurationPropertiesBinder' to allow for resolving potential circular references
2022-12-24 22:10:30.933 TRACE 25502 --- [           main] o.s.b.f.s.DefaultListableBeanFactory     : Finished creating instance of bean 'org.springframework.boot.context.internalConfigurationPropertiesBinder'
2022-12-24 22:10:30.933 TRACE 25502 --- [           main] o.s.b.f.s.DefaultListableBeanFactory     : Finished creating instance of bean 'org.springframework.boot.context.properties.ConfigurationPropertiesBindingPostProcessor'
2022-12-24 22:10:30.934 TRACE 25502 --- [           main] o.s.b.f.s.DefaultListableBeanFactory     : Returning cached instance of singleton bean 'org.springframework.boot.test.mock.mockito.MockitoPostProcessor'
2022-12-24 22:10:30.934 DEBUG 25502 --- [           main] o.s.b.f.s.DefaultListableBeanFactory     : Creating shared instance of singleton bean 'org.springframework.context.annotation.internalScheduledAnnotationProcessor'
2022-12-24 22:10:30.934 TRACE 25502 --- [           main] o.s.b.f.s.DefaultListableBeanFactory     : Creating instance of bean 'org.springframework.context.annotation.internalScheduledAnnotationProcessor'
2022-12-24 22:10:30.934 DEBUG 25502 --- [           main] o.s.b.f.s.DefaultListableBeanFactory     : Creating shared instance of singleton bean 'org.springframework.scheduling.annotation.SchedulingConfiguration'
2022-12-24 22:10:30.934 TRACE 25502 --- [           main] o.s.b.f.s.DefaultListableBeanFactory     : Creating instance of bean 'org.springframework.scheduling.annotation.SchedulingConfiguration'
2022-12-24 22:10:30.939 TRACE 25502 --- [           main] o.s.b.f.s.DefaultListableBeanFactory     : Eagerly caching bean 'org.springframework.scheduling.annotation.SchedulingConfiguration' to allow for resolving potential circular references
2022-12-24 22:10:30.939 TRACE 25502 --- [           main] o.s.beans.CachedIntrospectionResults     : Getting BeanInfo for class [org.springframework.scheduling.annotation.SchedulingConfiguration]
2022-12-24 22:10:30.940 TRACE 25502 --- [           main] o.s.beans.CachedIntrospectionResults     : Caching PropertyDescriptors for class [org.springframework.scheduling.annotation.SchedulingConfiguration]
2022-12-24 22:10:30.940 TRACE 25502 --- [           main] o.s.beans.CachedIntrospectionResults     : Found bean property 'class' of type [java.lang.Class]
2022-12-24 22:10:30.941 TRACE 25502 --- [           main] o.s.b.f.s.DefaultListableBeanFactory     : Finished creating instance of bean 'org.springframework.scheduling.annotation.SchedulingConfiguration'
2022-12-24 22:10:30.945 TRACE 25502 --- [           main] o.s.b.f.s.DefaultListableBeanFactory     : Eagerly caching bean 'org.springframework.context.annotation.internalScheduledAnnotationProcessor' to allow for resolving potential circular references
2022-12-24 22:10:30.945 TRACE 25502 --- [           main] o.s.beans.CachedIntrospectionResults     : Getting BeanInfo for class [org.springframework.scheduling.annotation.ScheduledAnnotationBeanPostProcessor]
2022-12-24 22:10:30.949 TRACE 25502 --- [           main] o.s.beans.CachedIntrospectionResults     : Caching PropertyDescriptors for class [org.springframework.scheduling.annotation.ScheduledAnnotationBeanPostProcessor]
2022-12-24 22:10:30.949 TRACE 25502 --- [           main] o.s.beans.CachedIntrospectionResults     : Found bean property 'applicationContext' of type [org.springframework.context.ApplicationContext]
2022-12-24 22:10:30.949 TRACE 25502 --- [           main] o.s.beans.CachedIntrospectionResults     : Found bean property 'beanFactory' of type [org.springframework.beans.factory.BeanFactory]
2022-12-24 22:10:30.949 TRACE 25502 --- [           main] o.s.beans.CachedIntrospectionResults     : Found bean property 'beanName' of type [java.lang.String]
2022-12-24 22:10:30.949 TRACE 25502 --- [           main] o.s.beans.CachedIntrospectionResults     : Found bean property 'class' of type [java.lang.Class]
2022-12-24 22:10:30.949 TRACE 25502 --- [           main] o.s.beans.CachedIntrospectionResults     : Found bean property 'embeddedValueResolver' of type [org.springframework.util.StringValueResolver]
2022-12-24 22:10:30.949 TRACE 25502 --- [           main] o.s.beans.CachedIntrospectionResults     : Found bean property 'order' of type [int]
2022-12-24 22:10:30.950 TRACE 25502 --- [           main] o.s.beans.CachedIntrospectionResults     : Found bean property 'scheduledTasks' of type [java.util.Set]
2022-12-24 22:10:30.950 TRACE 25502 --- [           main] o.s.beans.CachedIntrospectionResults     : Found bean property 'scheduler' of type [java.lang.Object]
2022-12-24 22:10:30.959 TRACE 25502 --- [           main] o.s.b.f.s.DefaultListableBeanFactory     : Finished creating instance of bean 'org.springframework.context.annotation.internalScheduledAnnotationProcessor'
2022-12-24 22:10:30.960 DEBUG 25502 --- [           main] o.s.b.f.s.DefaultListableBeanFactory     : Creating shared instance of singleton bean 'org.springframework.aop.config.internalAutoProxyCreator'
2022-12-24 22:10:30.960 TRACE 25502 --- [           main] o.s.b.f.s.DefaultListableBeanFactory     : Creating instance of bean 'org.springframework.aop.config.internalAutoProxyCreator'
2022-12-24 22:10:30.971 TRACE 25502 --- [           main] o.s.b.f.s.DefaultListableBeanFactory     : Eagerly caching bean 'org.springframework.aop.config.internalAutoProxyCreator' to allow for resolving potential circular references
2022-12-24 22:10:30.972 TRACE 25502 --- [           main] o.s.beans.CachedIntrospectionResults     : Getting BeanInfo for class [org.springframework.aop.aspectj.annotation.AnnotationAwareAspectJAutoProxyCreator]
2022-12-24 22:10:30.980 TRACE 25502 --- [           main] o.s.beans.CachedIntrospectionResults     : Caching PropertyDescriptors for class [org.springframework.aop.aspectj.annotation.AnnotationAwareAspectJAutoProxyCreator]
2022-12-24 22:10:30.981 TRACE 25502 --- [           main] o.s.beans.CachedIntrospectionResults     : Found bean property 'advisorAdapterRegistry' of type [org.springframework.aop.framework.adapter.AdvisorAdapterRegistry]
2022-12-24 22:10:30.981 TRACE 25502 --- [           main] o.s.beans.CachedIntrospectionResults     : Found bean property 'applyCommonInterceptorsFirst' of type [boolean]
2022-12-24 22:10:30.981 TRACE 25502 --- [           main] o.s.beans.CachedIntrospectionResults     : Found bean property 'aspectJAdvisorFactory' of type [org.springframework.aop.aspectj.annotation.AspectJAdvisorFactory]
2022-12-24 22:10:30.981 TRACE 25502 --- [           main] o.s.beans.CachedIntrospectionResults     : Found bean property 'beanClassLoader' of type [java.lang.ClassLoader]
2022-12-24 22:10:30.981 TRACE 25502 --- [           main] o.s.beans.CachedIntrospectionResults     : Found bean property 'beanFactory' of type [org.springframework.beans.factory.BeanFactory]
2022-12-24 22:10:30.981 TRACE 25502 --- [           main] o.s.beans.CachedIntrospectionResults     : Found bean property 'class' of type [java.lang.Class]
2022-12-24 22:10:30.981 TRACE 25502 --- [           main] o.s.beans.CachedIntrospectionResults     : Found bean property 'customTargetSourceCreators' of type [[Lorg.springframework.aop.framework.autoproxy.TargetSourceCreator;]
2022-12-24 22:10:30.981 TRACE 25502 --- [           main] o.s.beans.CachedIntrospectionResults     : Found bean property 'exposeProxy' of type [boolean]
2022-12-24 22:10:30.981 TRACE 25502 --- [           main] o.s.beans.CachedIntrospectionResults     : Found bean property 'frozen' of type [boolean]
2022-12-24 22:10:30.982 TRACE 25502 --- [           main] o.s.beans.CachedIntrospectionResults     : Found bean property 'includePatterns' of type [java.util.List]
2022-12-24 22:10:30.982 TRACE 25502 --- [           main] o.s.beans.CachedIntrospectionResults     : Found bean property 'interceptorNames' of type [[Ljava.lang.String;]
2022-12-24 22:10:30.982 TRACE 25502 --- [           main] o.s.beans.CachedIntrospectionResults     : Found bean property 'opaque' of type [boolean]
2022-12-24 22:10:30.982 TRACE 25502 --- [           main] o.s.beans.CachedIntrospectionResults     : Found bean property 'optimize' of type [boolean]
2022-12-24 22:10:30.982 TRACE 25502 --- [           main] o.s.beans.CachedIntrospectionResults     : Found bean property 'order' of type [int]
2022-12-24 22:10:30.982 TRACE 25502 --- [           main] o.s.beans.CachedIntrospectionResults     : Found bean property 'proxyClassLoader' of type [java.lang.ClassLoader]
2022-12-24 22:10:30.982 TRACE 25502 --- [           main] o.s.beans.CachedIntrospectionResults     : Found bean property 'proxyTargetClass' of type [boolean]
2022-12-24 22:10:31.006 TRACE 25502 --- [           main] o.s.b.f.s.DefaultListableBeanFactory     : Finished creating instance of bean 'org.springframework.aop.config.internalAutoProxyCreator'
2022-12-24 22:10:31.006 DEBUG 25502 --- [           main] o.s.b.f.s.DefaultListableBeanFactory     : Creating shared instance of singleton bean 'persistenceExceptionTranslationPostProcessor'
2022-12-24 22:10:31.006 TRACE 25502 --- [           main] o.s.b.f.s.DefaultListableBeanFactory     : Creating instance of bean 'persistenceExceptionTranslationPostProcessor'
2022-12-24 22:10:31.009 TRACE 25502 --- [           main] o.s.b.f.s.DefaultListableBeanFactory     : Returning cached instance of singleton bean 'environment'
2022-12-24 22:10:31.009 DEBUG 25502 --- [           main] o.s.b.f.s.DefaultListableBeanFactory     : Autowiring by type from bean name 'persistenceExceptionTranslationPostProcessor' via factory method to bean named 'environment'
2022-12-24 22:10:31.010 TRACE 25502 --- [           main] o.s.c.e.PropertySourcesPropertyResolver  : Searching for key 'spring.aop.proxy-target-class' in PropertySource 'configurationProperties'
2022-12-24 22:10:31.010 TRACE 25502 --- [           main] o.s.c.e.PropertySourcesPropertyResolver  : Searching for key 'spring.aop.proxy-target-class' in PropertySource 'test'
2022-12-24 22:10:31.010 TRACE 25502 --- [           main] o.s.c.e.PropertySourcesPropertyResolver  : Searching for key 'spring.aop.proxy-target-class' in PropertySource 'Inlined Test Properties'
2022-12-24 22:10:31.010 TRACE 25502 --- [           main] o.s.c.e.PropertySourcesPropertyResolver  : Searching for key 'spring.aop.proxy-target-class' in PropertySource 'systemProperties'
2022-12-24 22:10:31.010 TRACE 25502 --- [           main] o.s.c.e.PropertySourcesPropertyResolver  : Searching for key 'spring.aop.proxy-target-class' in PropertySource 'systemEnvironment'
2022-12-24 22:10:31.010 TRACE 25502 --- [           main] o.s.c.e.PropertySourcesPropertyResolver  : Searching for key 'spring.aop.proxy-target-class' in PropertySource 'random'
2022-12-24 22:10:31.010 TRACE 25502 --- [           main] o.s.c.e.PropertySourcesPropertyResolver  : Searching for key 'spring.aop.proxy-target-class' in PropertySource 'Config resource 'class path resource [application.properties]' via location 'optional:classpath:/''
2022-12-24 22:10:31.010 TRACE 25502 --- [           main] o.s.c.e.PropertySourcesPropertyResolver  : Searching for key 'spring.aop.proxy-target-class' in PropertySource 'class path resource [springdoc.swagger-ui.config]'
2022-12-24 22:10:31.010 TRACE 25502 --- [           main] o.s.c.e.PropertySourcesPropertyResolver  : Could not find key 'spring.aop.proxy-target-class' in any property source
2022-12-24 22:10:31.010 TRACE 25502 --- [           main] o.s.b.f.s.DefaultListableBeanFactory     : Eagerly caching bean 'persistenceExceptionTranslationPostProcessor' to allow for resolving potential circular references
2022-12-24 22:10:31.010 TRACE 25502 --- [           main] o.s.beans.CachedIntrospectionResults     : Getting BeanInfo for class [org.springframework.dao.annotation.PersistenceExceptionTranslationPostProcessor]
2022-12-24 22:10:31.014 TRACE 25502 --- [           main] o.s.beans.CachedIntrospectionResults     : Caching PropertyDescriptors for class [org.springframework.dao.annotation.PersistenceExceptionTranslationPostProcessor]
2022-12-24 22:10:31.014 TRACE 25502 --- [           main] o.s.beans.CachedIntrospectionResults     : Found bean property 'beanClassLoader' of type [java.lang.ClassLoader]
2022-12-24 22:10:31.014 TRACE 25502 --- [           main] o.s.beans.CachedIntrospectionResults     : Found bean property 'beanFactory' of type [org.springframework.beans.factory.BeanFactory]
2022-12-24 22:10:31.014 TRACE 25502 --- [           main] o.s.beans.CachedIntrospectionResults     : Found bean property 'beforeExistingAdvisors' of type [boolean]
2022-12-24 22:10:31.014 TRACE 25502 --- [           main] o.s.beans.CachedIntrospectionResults     : Found bean property 'class' of type [java.lang.Class]
2022-12-24 22:10:31.014 TRACE 25502 --- [           main] o.s.beans.CachedIntrospectionResults     : Found bean property 'exposeProxy' of type [boolean]
2022-12-24 22:10:31.014 TRACE 25502 --- [           main] o.s.beans.CachedIntrospectionResults     : Found bean property 'frozen' of type [boolean]
2022-12-24 22:10:31.014 TRACE 25502 --- [           main] o.s.beans.CachedIntrospectionResults     : Found bean property 'opaque' of type [boolean]
2022-12-24 22:10:31.014 TRACE 25502 --- [           main] o.s.beans.CachedIntrospectionResults     : Found bean property 'optimize' of type [boolean]
2022-12-24 22:10:31.014 TRACE 25502 --- [           main] o.s.beans.CachedIntrospectionResults     : Found bean property 'order' of type [int]
2022-12-24 22:10:31.014 TRACE 25502 --- [           main] o.s.beans.CachedIntrospectionResults     : Found bean property 'proxyClassLoader' of type [java.lang.ClassLoader]
2022-12-24 22:10:31.014 TRACE 25502 --- [           main] o.s.beans.CachedIntrospectionResults     : Found bean property 'proxyTargetClass' of type [boolean]
2022-12-24 22:10:31.014 TRACE 25502 --- [           main] o.s.beans.CachedIntrospectionResults     : Found bean property 'repositoryAnnotationType' of type [java.lang.Class]
2022-12-24 22:10:31.020 TRACE 25502 --- [           main] o.s.b.f.s.DefaultListableBeanFactory     : Finished creating instance of bean 'persistenceExceptionTranslationPostProcessor'
2022-12-24 22:10:31.020 DEBUG 25502 --- [           main] o.s.b.f.s.DefaultListableBeanFactory     : Creating shared instance of singleton bean 'webServerFactoryCustomizerBeanPostProcessor'
2022-12-24 22:10:31.020 TRACE 25502 --- [           main] o.s.b.f.s.DefaultListableBeanFactory     : Creating instance of bean 'webServerFactoryCustomizerBeanPostProcessor'
2022-12-24 22:10:31.020 TRACE 25502 --- [           main] o.s.b.f.s.DefaultListableBeanFactory     : Eagerly caching bean 'webServerFactoryCustomizerBeanPostProcessor' to allow for resolving potential circular references
2022-12-24 22:10:31.020 TRACE 25502 --- [           main] o.s.beans.CachedIntrospectionResults     : Getting BeanInfo for class [org.springframework.boot.web.server.WebServerFactoryCustomizerBeanPostProcessor]
2022-12-24 22:10:31.021 TRACE 25502 --- [           main] o.s.beans.CachedIntrospectionResults     : Caching PropertyDescriptors for class [org.springframework.boot.web.server.WebServerFactoryCustomizerBeanPostProcessor]
2022-12-24 22:10:31.021 TRACE 25502 --- [           main] o.s.beans.CachedIntrospectionResults     : Found bean property 'beanFactory' of type [org.springframework.beans.factory.BeanFactory]
2022-12-24 22:10:31.021 TRACE 25502 --- [           main] o.s.beans.CachedIntrospectionResults     : Found bean property 'class' of type [java.lang.Class]
2022-12-24 22:10:31.023 TRACE 25502 --- [           main] o.s.b.f.s.DefaultListableBeanFactory     : Finished creating instance of bean 'webServerFactoryCustomizerBeanPostProcessor'
2022-12-24 22:10:31.023 DEBUG 25502 --- [           main] o.s.b.f.s.DefaultListableBeanFactory     : Creating shared instance of singleton bean 'errorPageRegistrarBeanPostProcessor'
2022-12-24 22:10:31.023 TRACE 25502 --- [           main] o.s.b.f.s.DefaultListableBeanFactory     : Creating instance of bean 'errorPageRegistrarBeanPostProcessor'
2022-12-24 22:10:31.024 TRACE 25502 --- [           main] o.s.b.f.s.DefaultListableBeanFactory     : Eagerly caching bean 'errorPageRegistrarBeanPostProcessor' to allow for resolving potential circular references
2022-12-24 22:10:31.024 TRACE 25502 --- [           main] o.s.beans.CachedIntrospectionResults     : Getting BeanInfo for class [org.springframework.boot.web.server.ErrorPageRegistrarBeanPostProcessor]
2022-12-24 22:10:31.025 TRACE 25502 --- [           main] o.s.beans.CachedIntrospectionResults     : Caching PropertyDescriptors for class [org.springframework.boot.web.server.ErrorPageRegistrarBeanPostProcessor]
2022-12-24 22:10:31.025 TRACE 25502 --- [           main] o.s.beans.CachedIntrospectionResults     : Found bean property 'beanFactory' of type [org.springframework.beans.factory.BeanFactory]
2022-12-24 22:10:31.025 TRACE 25502 --- [           main] o.s.beans.CachedIntrospectionResults     : Found bean property 'class' of type [java.lang.Class]
2022-12-24 22:10:31.027 TRACE 25502 --- [           main] o.s.b.f.s.DefaultListableBeanFactory     : Finished creating instance of bean 'errorPageRegistrarBeanPostProcessor'
2022-12-24 22:10:31.027 DEBUG 25502 --- [           main] o.s.b.f.s.DefaultListableBeanFactory     : Creating shared instance of singleton bean 'projectingArgumentResolverBeanPostProcessor'
2022-12-24 22:10:31.027 TRACE 25502 --- [           main] o.s.b.f.s.DefaultListableBeanFactory     : Creating instance of bean 'projectingArgumentResolverBeanPostProcessor'
2022-12-24 22:10:31.028 DEBUG 25502 --- [           main] o.s.b.f.s.DefaultListableBeanFactory     : Creating shared instance of singleton bean 'metaDataSourceAdvisor'
2022-12-24 22:10:31.028 TRACE 25502 --- [           main] o.s.b.f.s.DefaultListableBeanFactory     : Creating instance of bean 'metaDataSourceAdvisor'
2022-12-24 22:10:31.029 TRACE 25502 --- [           main] a.AnnotationAwareAspectJAutoProxyCreator : Did not attempt to auto-proxy infrastructure class [org.springframework.security.access.intercept.aopalliance.MethodSecurityMetadataSourceAdvisor]
2022-12-24 22:10:31.029 DEBUG 25502 --- [           main] o.s.b.f.s.DefaultListableBeanFactory     : Creating shared instance of singleton bean 'methodSecurityMetadataSource'
2022-12-24 22:10:31.029 TRACE 25502 --- [           main] o.s.b.f.s.DefaultListableBeanFactory     : Creating instance of bean 'methodSecurityMetadataSource'
2022-12-24 22:10:31.029 TRACE 25502 --- [           main] a.AnnotationAwareAspectJAutoProxyCreator : Did not attempt to auto-proxy infrastructure class [org.springframework.security.access.method.MethodSecurityMetadataSource]
2022-12-24 22:10:31.029 DEBUG 25502 --- [           main] o.s.b.f.s.DefaultListableBeanFactory     : Creating shared instance of singleton bean 'org.springframework.security.config.annotation.method.configuration.GlobalMethodSecurityConfiguration'
2022-12-24 22:10:31.029 TRACE 25502 --- [           main] o.s.b.f.s.DefaultListableBeanFactory     : Creating instance of bean 'org.springframework.security.config.annotation.method.configuration.GlobalMethodSecurityConfiguration'
2022-12-24 22:10:31.029 TRACE 25502 --- [           main] .a.f.a.BeanFactoryAdvisorRetrievalHelper : Skipping currently created advisor 'metaDataSourceAdvisor'
2022-12-24 22:10:31.029 DEBUG 25502 --- [           main] o.s.b.f.s.DefaultListableBeanFactory     : Creating shared instance of singleton bean 'org.springframework.transaction.config.internalTransactionAdvisor'
2022-12-24 22:10:31.029 TRACE 25502 --- [           main] o.s.b.f.s.DefaultListableBeanFactory     : Creating instance of bean 'org.springframework.transaction.config.internalTransactionAdvisor'
2022-12-24 22:10:31.029 TRACE 25502 --- [           main] a.AnnotationAwareAspectJAutoProxyCreator : Did not attempt to auto-proxy infrastructure class [org.springframework.transaction.interceptor.BeanFactoryTransactionAttributeSourceAdvisor]
2022-12-24 22:10:31.029 DEBUG 25502 --- [           main] o.s.b.f.s.DefaultListableBeanFactory     : Creating shared instance of singleton bean 'org.springframework.transaction.annotation.ProxyTransactionManagementConfiguration'
2022-12-24 22:10:31.029 TRACE 25502 --- [           main] o.s.b.f.s.DefaultListableBeanFactory     : Creating instance of bean 'org.springframework.transaction.annotation.ProxyTransactionManagementConfiguration'
2022-12-24 22:10:31.030 TRACE 25502 --- [           main] .a.f.a.BeanFactoryAdvisorRetrievalHelper : Skipping currently created advisor 'metaDataSourceAdvisor'
2022-12-24 22:10:31.030 TRACE 25502 --- [           main] .a.f.a.BeanFactoryAdvisorRetrievalHelper : Skipping currently created advisor 'org.springframework.transaction.config.internalTransactionAdvisor'
2022-12-24 22:10:31.034 TRACE 25502 --- [           main] o.s.beans.CachedIntrospectionResults     : Getting BeanInfo for class [org.springframework.transaction.annotation.ProxyTransactionManagementConfiguration]
2022-12-24 22:10:31.036 TRACE 25502 --- [           main] o.s.beans.CachedIntrospectionResults     : Caching PropertyDescriptors for class [org.springframework.transaction.annotation.ProxyTransactionManagementConfiguration]
2022-12-24 22:10:31.036 TRACE 25502 --- [           main] o.s.beans.CachedIntrospectionResults     : Found bean property 'class' of type [java.lang.Class]
2022-12-24 22:10:31.036 TRACE 25502 --- [           main] o.s.beans.CachedIntrospectionResults     : Found bean property 'importMetadata' of type [org.springframework.core.type.AnnotationMetadata]
2022-12-24 22:10:31.037 TRACE 25502 --- [           main] o.s.b.f.s.DefaultListableBeanFactory     : Eagerly caching bean 'org.springframework.transaction.annotation.ProxyTransactionManagementConfiguration' to allow for resolving potential circular references
2022-12-24 22:10:31.040 TRACE 25502 --- [           main] o.s.b.f.s.DefaultListableBeanFactory     : Returning cached instance of singleton bean 'org.springframework.context.annotation.ConfigurationClassPostProcessor.importRegistry'
2022-12-24 22:10:31.040 TRACE 25502 --- [           main] .a.f.a.BeanFactoryAdvisorRetrievalHelper : Skipping currently created advisor 'metaDataSourceAdvisor'
2022-12-24 22:10:31.040 TRACE 25502 --- [           main] .a.f.a.BeanFactoryAdvisorRetrievalHelper : Skipping currently created advisor 'org.springframework.transaction.config.internalTransactionAdvisor'
2022-12-24 22:10:31.040 TRACE 25502 --- [           main] .a.f.a.BeanFactoryAdvisorRetrievalHelper : Skipping currently created advisor 'metaDataSourceAdvisor'
2022-12-24 22:10:31.040 TRACE 25502 --- [           main] .a.f.a.BeanFactoryAdvisorRetrievalHelper : Skipping currently created advisor 'org.springframework.transaction.config.internalTransactionAdvisor'
2022-12-24 22:10:31.042 TRACE 25502 --- [           main] s.a.ScheduledAnnotationBeanPostProcessor : No @Scheduled annotations found on bean class: class org.springframework.transaction.annotation.ProxyTransactionManagementConfiguration
2022-12-24 22:10:31.043 TRACE 25502 --- [           main] o.s.b.f.s.DefaultListableBeanFactory     : Finished creating instance of bean 'org.springframework.transaction.annotation.ProxyTransactionManagementConfiguration'
2022-12-24 22:10:31.044 DEBUG 25502 --- [           main] o.s.b.f.s.DefaultListableBeanFactory     : Creating shared instance of singleton bean 'transactionAttributeSource'
2022-12-24 22:10:31.044 TRACE 25502 --- [           main] o.s.b.f.s.DefaultListableBeanFactory     : Creating instance of bean 'transactionAttributeSource'
2022-12-24 22:10:31.044 TRACE 25502 --- [           main] .a.f.a.BeanFactoryAdvisorRetrievalHelper : Skipping currently created advisor 'metaDataSourceAdvisor'
2022-12-24 22:10:31.044 TRACE 25502 --- [           main] .a.f.a.BeanFactoryAdvisorRetrievalHelper : Skipping currently created advisor 'org.springframework.transaction.config.internalTransactionAdvisor'
2022-12-24 22:10:31.044 TRACE 25502 --- [           main] o.s.b.f.s.DefaultListableBeanFactory     : Returning cached instance of singleton bean 'org.springframework.transaction.annotation.ProxyTransactionManagementConfiguration'
2022-12-24 22:10:31.045 TRACE 25502 --- [           main] o.s.b.f.s.DefaultListableBeanFactory     : Eagerly caching bean 'transactionAttributeSource' to allow for resolving potential circular references
2022-12-24 22:10:31.045 TRACE 25502 --- [           main] o.s.beans.CachedIntrospectionResults     : Getting BeanInfo for class [org.springframework.transaction.annotation.AnnotationTransactionAttributeSource]
2022-12-24 22:10:31.047 TRACE 25502 --- [           main] o.s.beans.CachedIntrospectionResults     : Caching PropertyDescriptors for class [org.springframework.transaction.annotation.AnnotationTransactionAttributeSource]
2022-12-24 22:10:31.047 TRACE 25502 --- [           main] o.s.beans.CachedIntrospectionResults     : Found bean property 'class' of type [java.lang.Class]
2022-12-24 22:10:31.047 TRACE 25502 --- [           main] o.s.beans.CachedIntrospectionResults     : Found bean property 'embeddedValueResolver' of type [org.springframework.util.StringValueResolver]
2022-12-24 22:10:31.049 TRACE 25502 --- [           main] .a.f.a.BeanFactoryAdvisorRetrievalHelper : Skipping currently created advisor 'metaDataSourceAdvisor'
2022-12-24 22:10:31.049 TRACE 25502 --- [           main] .a.f.a.BeanFactoryAdvisorRetrievalHelper : Skipping currently created advisor 'org.springframework.transaction.config.internalTransactionAdvisor'
2022-12-24 22:10:31.049 TRACE 25502 --- [           main] .a.f.a.BeanFactoryAdvisorRetrievalHelper : Skipping currently created advisor 'metaDataSourceAdvisor'
2022-12-24 22:10:31.049 TRACE 25502 --- [           main] .a.f.a.BeanFactoryAdvisorRetrievalHelper : Skipping currently created advisor 'org.springframework.transaction.config.internalTransactionAdvisor'
2022-12-24 22:10:31.049 TRACE 25502 --- [           main] s.a.ScheduledAnnotationBeanPostProcessor : No @Scheduled annotations found on bean class: class org.springframework.transaction.annotation.AnnotationTransactionAttributeSource
2022-12-24 22:10:31.049 TRACE 25502 --- [           main] o.s.b.f.s.DefaultListableBeanFactory     : Finished creating instance of bean 'transactionAttributeSource'
2022-12-24 22:10:31.050 DEBUG 25502 --- [           main] o.s.b.f.s.DefaultListableBeanFactory     : Creating shared instance of singleton bean 'transactionInterceptor'
2022-12-24 22:10:31.050 TRACE 25502 --- [           main] o.s.b.f.s.DefaultListableBeanFactory     : Creating instance of bean 'transactionInterceptor'
2022-12-24 22:10:31.050 TRACE 25502 --- [           main] a.AnnotationAwareAspectJAutoProxyCreator : Did not attempt to auto-proxy infrastructure class [org.springframework.transaction.interceptor.TransactionInterceptor]
2022-12-24 22:10:31.050 TRACE 25502 --- [           main] o.s.b.f.s.DefaultListableBeanFactory     : Returning cached instance of singleton bean 'org.springframework.transaction.annotation.ProxyTransactionManagementConfiguration'
2022-12-24 22:10:31.051 TRACE 25502 --- [           main] o.s.b.f.s.DefaultListableBeanFactory     : Returning cached instance of singleton bean 'transactionAttributeSource'
2022-12-24 22:10:31.051 DEBUG 25502 --- [           main] o.s.b.f.s.DefaultListableBeanFactory     : Autowiring by type from bean name 'transactionInterceptor' via factory method to bean named 'transactionAttributeSource'
2022-12-24 22:10:31.058 TRACE 25502 --- [           main] o.s.b.f.s.DefaultListableBeanFactory     : Eagerly caching bean 'transactionInterceptor' to allow for resolving potential circular references
2022-12-24 22:10:31.058 TRACE 25502 --- [           main] o.s.beans.CachedIntrospectionResults     : Getting BeanInfo for class [org.springframework.transaction.interceptor.TransactionInterceptor]
2022-12-24 22:10:31.060 TRACE 25502 --- [           main] o.s.beans.CachedIntrospectionResults     : Caching PropertyDescriptors for class [org.springframework.transaction.interceptor.TransactionInterceptor]
2022-12-24 22:10:31.060 TRACE 25502 --- [           main] o.s.beans.CachedIntrospectionResults     : Found bean property 'beanFactory' of type [org.springframework.beans.factory.BeanFactory]
2022-12-24 22:10:31.060 TRACE 25502 --- [           main] o.s.beans.CachedIntrospectionResults     : Found bean property 'class' of type [java.lang.Class]
2022-12-24 22:10:31.061 TRACE 25502 --- [           main] o.s.beans.CachedIntrospectionResults     : Found bean property 'transactionAttributeSource' of type [org.springframework.transaction.interceptor.TransactionAttributeSource]
2022-12-24 22:10:31.061 TRACE 25502 --- [           main] o.s.beans.CachedIntrospectionResults     : Found bean property 'transactionAttributeSources' of type [[Lorg.springframework.transaction.interceptor.TransactionAttributeSource;]
2022-12-24 22:10:31.061 TRACE 25502 --- [           main] o.s.beans.CachedIntrospectionResults     : Found bean property 'transactionAttributes' of type [java.util.Properties]
2022-12-24 22:10:31.061 TRACE 25502 --- [           main] o.s.beans.CachedIntrospectionResults     : Found bean property 'transactionManager' of type [org.springframework.transaction.TransactionManager]
2022-12-24 22:10:31.061 TRACE 25502 --- [           main] o.s.beans.CachedIntrospectionResults     : Found bean property 'transactionManagerBeanName' of type [java.lang.String]
2022-12-24 22:10:31.065 TRACE 25502 --- [           main] o.s.b.f.s.DefaultListableBeanFactory     : Invoking afterPropertiesSet() on bean with name 'transactionInterceptor'
2022-12-24 22:10:31.065 TRACE 25502 --- [           main] s.a.ScheduledAnnotationBeanPostProcessor : No @Scheduled annotations found on bean class: class org.springframework.transaction.interceptor.TransactionInterceptor
2022-12-24 22:10:31.065 TRACE 25502 --- [           main] o.s.b.f.s.DefaultListableBeanFactory     : Finished creating instance of bean 'transactionInterceptor'
2022-12-24 22:10:31.065 DEBUG 25502 --- [           main] o.s.b.f.s.DefaultListableBeanFactory     : Autowiring by type from bean name 'org.springframework.transaction.config.internalTransactionAdvisor' via factory method to bean named 'transactionAttributeSource'
2022-12-24 22:10:31.065 DEBUG 25502 --- [           main] o.s.b.f.s.DefaultListableBeanFactory     : Autowiring by type from bean name 'org.springframework.transaction.config.internalTransactionAdvisor' via factory method to bean named 'transactionInterceptor'
2022-12-24 22:10:31.069 TRACE 25502 --- [           main] o.s.b.f.s.DefaultListableBeanFactory     : Eagerly caching bean 'org.springframework.transaction.config.internalTransactionAdvisor' to allow for resolving potential circular references
2022-12-24 22:10:31.069 TRACE 25502 --- [           main] o.s.beans.CachedIntrospectionResults     : Getting BeanInfo for class [org.springframework.transaction.interceptor.BeanFactoryTransactionAttributeSourceAdvisor]
2022-12-24 22:10:31.071 TRACE 25502 --- [           main] o.s.beans.CachedIntrospectionResults     : Caching PropertyDescriptors for class [org.springframework.transaction.interceptor.BeanFactoryTransactionAttributeSourceAdvisor]
2022-12-24 22:10:31.071 TRACE 25502 --- [           main] o.s.beans.CachedIntrospectionResults     : Found bean property 'advice' of type [org.aopalliance.aop.Advice]
2022-12-24 22:10:31.071 TRACE 25502 --- [           main] o.s.beans.CachedIntrospectionResults     : Found bean property 'adviceBeanName' of type [java.lang.String]
2022-12-24 22:10:31.071 TRACE 25502 --- [           main] o.s.beans.CachedIntrospectionResults     : Found bean property 'beanFactory' of type [org.springframework.beans.factory.BeanFactory]
2022-12-24 22:10:31.071 TRACE 25502 --- [           main] o.s.beans.CachedIntrospectionResults     : Found bean property 'class' of type [java.lang.Class]
2022-12-24 22:10:31.071 TRACE 25502 --- [           main] o.s.beans.CachedIntrospectionResults     : Found bean property 'classFilter' of type [org.springframework.aop.ClassFilter]
2022-12-24 22:10:31.071 TRACE 25502 --- [           main] o.s.beans.CachedIntrospectionResults     : Found bean property 'order' of type [int]
2022-12-24 22:10:31.072 TRACE 25502 --- [           main] o.s.beans.CachedIntrospectionResults     : Found bean property 'perInstance' of type [boolean]
2022-12-24 22:10:31.072 TRACE 25502 --- [           main] o.s.beans.CachedIntrospectionResults     : Found bean property 'pointcut' of type [org.springframework.aop.Pointcut]
2022-12-24 22:10:31.072 TRACE 25502 --- [           main] o.s.beans.CachedIntrospectionResults     : Found bean property 'transactionAttributeSource' of type [org.springframework.transaction.interceptor.TransactionAttributeSource]
2022-12-24 22:10:31.075 TRACE 25502 --- [           main] s.a.ScheduledAnnotationBeanPostProcessor : No @Scheduled annotations found on bean class: class org.springframework.transaction.interceptor.BeanFactoryTransactionAttributeSourceAdvisor
2022-12-24 22:10:31.076 TRACE 25502 --- [           main] o.s.b.f.s.DefaultListableBeanFactory     : Finished creating instance of bean 'org.springframework.transaction.config.internalTransactionAdvisor'
2022-12-24 22:10:31.082 TRACE 25502 --- [           main] o.s.beans.CachedIntrospectionResults     : Getting BeanInfo for class [org.springframework.security.config.annotation.method.configuration.GlobalMethodSecurityConfiguration]
2022-12-24 22:10:31.084 TRACE 25502 --- [           main] o.s.beans.CachedIntrospectionResults     : Caching PropertyDescriptors for class [org.springframework.security.config.annotation.method.configuration.GlobalMethodSecurityConfiguration]
2022-12-24 22:10:31.084 TRACE 25502 --- [           main] o.s.beans.CachedIntrospectionResults     : Found bean property 'beanFactory' of type [org.springframework.beans.factory.BeanFactory]
2022-12-24 22:10:31.084 TRACE 25502 --- [           main] o.s.beans.CachedIntrospectionResults     : Found bean property 'class' of type [java.lang.Class]
2022-12-24 22:10:31.084 TRACE 25502 --- [           main] o.s.beans.CachedIntrospectionResults     : Found bean property 'importMetadata' of type [org.springframework.core.type.AnnotationMetadata]
2022-12-24 22:10:31.084 TRACE 25502 --- [           main] o.s.beans.CachedIntrospectionResults     : Found bean property 'methodSecurityExpressionHandler' of type [java.util.List]
2022-12-24 22:10:31.084 TRACE 25502 --- [           main] o.s.beans.CachedIntrospectionResults     : Found bean property 'objectPostProcessor' of type [org.springframework.security.config.annotation.ObjectPostProcessor]
2022-12-24 22:10:31.086 TRACE 25502 --- [           main] o.s.b.f.s.DefaultListableBeanFactory     : Eagerly caching bean 'org.springframework.security.config.annotation.method.configuration.GlobalMethodSecurityConfiguration' to allow for resolving potential circular references
2022-12-24 22:10:31.088 DEBUG 25502 --- [           main] o.s.b.f.s.DefaultListableBeanFactory     : Creating shared instance of singleton bean 'objectPostProcessor'
2022-12-24 22:10:31.088 TRACE 25502 --- [           main] o.s.b.f.s.DefaultListableBeanFactory     : Creating instance of bean 'objectPostProcessor'
2022-12-24 22:10:31.088 TRACE 25502 --- [           main] .a.f.a.BeanFactoryAdvisorRetrievalHelper : Skipping currently created advisor 'metaDataSourceAdvisor'
2022-12-24 22:10:31.088 TRACE 25502 --- [           main] o.s.b.f.s.DefaultListableBeanFactory     : Returning cached instance of singleton bean 'org.springframework.transaction.config.internalTransactionAdvisor'
2022-12-24 22:10:31.088 DEBUG 25502 --- [           main] o.s.b.f.s.DefaultListableBeanFactory     : Creating shared instance of singleton bean 'org.springframework.security.config.annotation.configuration.ObjectPostProcessorConfiguration'
2022-12-24 22:10:31.088 TRACE 25502 --- [           main] o.s.b.f.s.DefaultListableBeanFactory     : Creating instance of bean 'org.springframework.security.config.annotation.configuration.ObjectPostProcessorConfiguration'
2022-12-24 22:10:31.089 TRACE 25502 --- [           main] .a.f.a.BeanFactoryAdvisorRetrievalHelper : Skipping currently created advisor 'metaDataSourceAdvisor'
2022-12-24 22:10:31.089 TRACE 25502 --- [           main] o.s.b.f.s.DefaultListableBeanFactory     : Returning cached instance of singleton bean 'org.springframework.transaction.config.internalTransactionAdvisor'
2022-12-24 22:10:31.089 TRACE 25502 --- [           main] o.s.b.f.s.DefaultListableBeanFactory     : Eagerly caching bean 'org.springframework.security.config.annotation.configuration.ObjectPostProcessorConfiguration' to allow for resolving potential circular references
2022-12-24 22:10:31.089 TRACE 25502 --- [           main] o.s.beans.CachedIntrospectionResults     : Getting BeanInfo for class [org.springframework.security.config.annotation.configuration.ObjectPostProcessorConfiguration]
2022-12-24 22:10:31.090 TRACE 25502 --- [           main] o.s.beans.CachedIntrospectionResults     : Caching PropertyDescriptors for class [org.springframework.security.config.annotation.configuration.ObjectPostProcessorConfiguration]
2022-12-24 22:10:31.090 TRACE 25502 --- [           main] o.s.beans.CachedIntrospectionResults     : Found bean property 'class' of type [java.lang.Class]
2022-12-24 22:10:31.091 TRACE 25502 --- [           main] .a.f.a.BeanFactoryAdvisorRetrievalHelper : Skipping currently created advisor 'metaDataSourceAdvisor'
2022-12-24 22:10:31.091 TRACE 25502 --- [           main] o.s.b.f.s.DefaultListableBeanFactory     : Returning cached instance of singleton bean 'org.springframework.transaction.config.internalTransactionAdvisor'
2022-12-24 22:10:31.091 TRACE 25502 --- [           main] .a.f.a.BeanFactoryAdvisorRetrievalHelper : Skipping currently created advisor 'metaDataSourceAdvisor'
2022-12-24 22:10:31.091 TRACE 25502 --- [           main] o.s.b.f.s.DefaultListableBeanFactory     : Returning cached instance of singleton bean 'org.springframework.transaction.config.internalTransactionAdvisor'
2022-12-24 22:10:31.092 TRACE 25502 --- [           main] s.a.ScheduledAnnotationBeanPostProcessor : No @Scheduled annotations found on bean class: class org.springframework.security.config.annotation.configuration.ObjectPostProcessorConfiguration
2022-12-24 22:10:31.093 TRACE 25502 --- [           main] o.s.b.f.s.DefaultListableBeanFactory     : Finished creating instance of bean 'org.springframework.security.config.annotation.configuration.ObjectPostProcessorConfiguration'
2022-12-24 22:10:31.093 DEBUG 25502 --- [           main] o.s.b.f.s.DefaultListableBeanFactory     : Autowiring by type from bean name 'objectPostProcessor' via factory method to bean named 'org.springframework.beans.factory.support.DefaultListableBeanFactory@3dd69f5a'
2022-12-24 22:10:31.094 TRACE 25502 --- [           main] o.s.b.f.s.DefaultListableBeanFactory     : Eagerly caching bean 'objectPostProcessor' to allow for resolving potential circular references
2022-12-24 22:10:31.094 TRACE 25502 --- [           main] o.s.beans.CachedIntrospectionResults     : Getting BeanInfo for class [org.springframework.security.config.annotation.configuration.AutowireBeanFactoryObjectPostProcessor]
2022-12-24 22:10:31.100 TRACE 25502 --- [           main] o.s.beans.CachedIntrospectionResults     : Caching PropertyDescriptors for class [org.springframework.security.config.annotation.configuration.AutowireBeanFactoryObjectPostProcessor]
2022-12-24 22:10:31.100 TRACE 25502 --- [           main] o.s.beans.CachedIntrospectionResults     : Found bean property 'class' of type [java.lang.Class]
2022-12-24 22:10:31.102 TRACE 25502 --- [           main] .a.f.a.BeanFactoryAdvisorRetrievalHelper : Skipping currently created advisor 'metaDataSourceAdvisor'
2022-12-24 22:10:31.102 TRACE 25502 --- [           main] o.s.b.f.s.DefaultListableBeanFactory     : Returning cached instance of singleton bean 'org.springframework.transaction.config.internalTransactionAdvisor'
2022-12-24 22:10:31.102 TRACE 25502 --- [           main] .a.f.a.BeanFactoryAdvisorRetrievalHelper : Skipping currently created advisor 'metaDataSourceAdvisor'
2022-12-24 22:10:31.102 TRACE 25502 --- [           main] o.s.b.f.s.DefaultListableBeanFactory     : Returning cached instance of singleton bean 'org.springframework.transaction.config.internalTransactionAdvisor'
2022-12-24 22:10:31.102 TRACE 25502 --- [           main] s.a.ScheduledAnnotationBeanPostProcessor : No @Scheduled annotations found on bean class: class org.springframework.security.config.annotation.configuration.AutowireBeanFactoryObjectPostProcessor
2022-12-24 22:10:31.102 TRACE 25502 --- [           main] o.s.b.f.s.DefaultListableBeanFactory     : Finished creating instance of bean 'objectPostProcessor'
2022-12-24 22:10:31.102 TRACE 25502 --- [           main] f.a.AutowiredAnnotationBeanPostProcessor : Autowiring by type from bean name 'org.springframework.security.config.annotation.method.configuration.GlobalMethodSecurityConfiguration' to bean named 'objectPostProcessor'
2022-12-24 22:10:31.105  INFO 25502 --- [           main] trationDelegate$BeanPostProcessorChecker : Bean 'org.springframework.security.access.expression.method.DefaultMethodSecurityExpressionHandler@52ff99cd' of type [org.springframework.security.access.expression.method.DefaultMethodSecurityExpressionHandler] is not eligible for getting processed by all BeanPostProcessors (for example: not eligible for auto-proxying)
2022-12-24 22:10:31.105 TRACE 25502 --- [           main] a.AnnotationAwareAspectJAutoProxyCreator : Did not attempt to auto-proxy infrastructure class [org.springframework.security.access.expression.method.DefaultMethodSecurityExpressionHandler]
2022-12-24 22:10:31.105 TRACE 25502 --- [           main] o.s.beans.CachedIntrospectionResults     : Getting BeanInfo for class [org.springframework.security.access.expression.method.DefaultMethodSecurityExpressionHandler]
2022-12-24 22:10:31.108 TRACE 25502 --- [           main] o.s.beans.CachedIntrospectionResults     : Caching PropertyDescriptors for class [org.springframework.security.access.expression.method.DefaultMethodSecurityExpressionHandler]
2022-12-24 22:10:31.108 TRACE 25502 --- [           main] o.s.beans.CachedIntrospectionResults     : Found bean property 'applicationContext' of type [org.springframework.context.ApplicationContext]
2022-12-24 22:10:31.108 TRACE 25502 --- [           main] o.s.beans.CachedIntrospectionResults     : Found bean property 'class' of type [java.lang.Class]
2022-12-24 22:10:31.108 TRACE 25502 --- [           main] o.s.beans.CachedIntrospectionResults     : Found bean property 'defaultRolePrefix' of type [java.lang.String]
2022-12-24 22:10:31.108 TRACE 25502 --- [           main] o.s.beans.CachedIntrospectionResults     : Found bean property 'expressionParser' of type [org.springframework.expression.ExpressionParser]
2022-12-24 22:10:31.108 TRACE 25502 --- [           main] o.s.beans.CachedIntrospectionResults     : Found bean property 'parameterNameDiscoverer' of type [org.springframework.core.ParameterNameDiscoverer]
2022-12-24 22:10:31.108 TRACE 25502 --- [           main] o.s.beans.CachedIntrospectionResults     : Found bean property 'permissionCacheOptimizer' of type [org.springframework.security.access.PermissionCacheOptimizer]
2022-12-24 22:10:31.108 TRACE 25502 --- [           main] o.s.beans.CachedIntrospectionResults     : Found bean property 'permissionEvaluator' of type [org.springframework.security.access.PermissionEvaluator]
2022-12-24 22:10:31.109 TRACE 25502 --- [           main] o.s.beans.CachedIntrospectionResults     : Found bean property 'roleHierarchy' of type [org.springframework.security.access.hierarchicalroles.RoleHierarchy]
2022-12-24 22:10:31.109 TRACE 25502 --- [           main] o.s.beans.CachedIntrospectionResults     : Found bean property 'trustResolver' of type [org.springframework.security.authentication.AuthenticationTrustResolver]
2022-12-24 22:10:31.113 TRACE 25502 --- [           main] o.s.b.f.s.DefaultListableBeanFactory     : Returning cached instance of singleton bean 'org.springframework.context.annotation.ConfigurationClassPostProcessor.importRegistry'
2022-12-24 22:10:31.113 TRACE 25502 --- [           main] .a.f.a.BeanFactoryAdvisorRetrievalHelper : Skipping currently created advisor 'metaDataSourceAdvisor'
2022-12-24 22:10:31.113 TRACE 25502 --- [           main] o.s.b.f.s.DefaultListableBeanFactory     : Returning cached instance of singleton bean 'org.springframework.transaction.config.internalTransactionAdvisor'
2022-12-24 22:10:31.113 TRACE 25502 --- [           main] .a.f.a.BeanFactoryAdvisorRetrievalHelper : Skipping currently created advisor 'metaDataSourceAdvisor'
2022-12-24 22:10:31.113 TRACE 25502 --- [           main] o.s.b.f.s.DefaultListableBeanFactory     : Returning cached instance of singleton bean 'org.springframework.transaction.config.internalTransactionAdvisor'
2022-12-24 22:10:31.115 TRACE 25502 --- [           main] s.a.ScheduledAnnotationBeanPostProcessor : No @Scheduled annotations found on bean class: class org.springframework.security.config.annotation.method.configuration.GlobalMethodSecurityConfiguration
2022-12-24 22:10:31.115 TRACE 25502 --- [           main] o.s.b.f.s.DefaultListableBeanFactory     : Finished creating instance of bean 'org.springframework.security.config.annotation.method.configuration.GlobalMethodSecurityConfiguration'
2022-12-24 22:10:31.117 TRACE 25502 --- [           main] o.s.b.f.s.DefaultListableBeanFactory     : Eagerly caching bean 'methodSecurityMetadataSource' to allow for resolving potential circular references
2022-12-24 22:10:31.117 TRACE 25502 --- [           main] o.s.beans.CachedIntrospectionResults     : Getting BeanInfo for class [org.springframework.security.access.method.DelegatingMethodSecurityMetadataSource]
2022-12-24 22:10:31.119 TRACE 25502 --- [           main] o.s.beans.CachedIntrospectionResults     : Caching PropertyDescriptors for class [org.springframework.security.access.method.DelegatingMethodSecurityMetadataSource]
2022-12-24 22:10:31.119 TRACE 25502 --- [           main] o.s.beans.CachedIntrospectionResults     : Found bean property 'allConfigAttributes' of type [java.util.Collection]
2022-12-24 22:10:31.119 TRACE 25502 --- [           main] o.s.beans.CachedIntrospectionResults     : Found bean property 'class' of type [java.lang.Class]
2022-12-24 22:10:31.119 TRACE 25502 --- [           main] o.s.beans.CachedIntrospectionResults     : Found bean property 'methodSecurityMetadataSources' of type [java.util.List]
2022-12-24 22:10:31.121  INFO 25502 --- [           main] trationDelegate$BeanPostProcessorChecker : Bean 'methodSecurityMetadataSource' of type [org.springframework.security.access.method.DelegatingMethodSecurityMetadataSource] is not eligible for getting processed by all BeanPostProcessors (for example: not eligible for auto-proxying)
2022-12-24 22:10:31.121 TRACE 25502 --- [           main] o.s.b.f.s.DefaultListableBeanFactory     : Finished creating instance of bean 'methodSecurityMetadataSource'
2022-12-24 22:10:31.124 TRACE 25502 --- [           main] o.s.b.f.s.DefaultListableBeanFactory     : Eagerly caching bean 'metaDataSourceAdvisor' to allow for resolving potential circular references
2022-12-24 22:10:31.124 TRACE 25502 --- [           main] o.s.beans.CachedIntrospectionResults     : Getting BeanInfo for class [org.springframework.security.access.intercept.aopalliance.MethodSecurityMetadataSourceAdvisor]
2022-12-24 22:10:31.125 TRACE 25502 --- [           main] o.s.beans.CachedIntrospectionResults     : Caching PropertyDescriptors for class [org.springframework.security.access.intercept.aopalliance.MethodSecurityMetadataSourceAdvisor]
2022-12-24 22:10:31.126 TRACE 25502 --- [           main] o.s.beans.CachedIntrospectionResults     : Found bean property 'advice' of type [org.aopalliance.aop.Advice]
2022-12-24 22:10:31.126 TRACE 25502 --- [           main] o.s.beans.CachedIntrospectionResults     : Found bean property 'beanFactory' of type [org.springframework.beans.factory.BeanFactory]
2022-12-24 22:10:31.126 TRACE 25502 --- [           main] o.s.beans.CachedIntrospectionResults     : Found bean property 'class' of type [java.lang.Class]
2022-12-24 22:10:31.126 TRACE 25502 --- [           main] o.s.beans.CachedIntrospectionResults     : Found bean property 'order' of type [int]
2022-12-24 22:10:31.126 TRACE 25502 --- [           main] o.s.beans.CachedIntrospectionResults     : Found bean property 'perInstance' of type [boolean]
2022-12-24 22:10:31.126 TRACE 25502 --- [           main] o.s.beans.CachedIntrospectionResults     : Found bean property 'pointcut' of type [org.springframework.aop.Pointcut]
2022-12-24 22:10:31.128 TRACE 25502 --- [           main] s.a.ScheduledAnnotationBeanPostProcessor : No @Scheduled annotations found on bean class: class org.springframework.security.access.intercept.aopalliance.MethodSecurityMetadataSourceAdvisor
2022-12-24 22:10:31.128 TRACE 25502 --- [           main] o.s.b.f.s.DefaultListableBeanFactory     : Finished creating instance of bean 'metaDataSourceAdvisor'
2022-12-24 22:10:31.128 TRACE 25502 --- [           main] o.s.b.f.s.DefaultListableBeanFactory     : Returning cached instance of singleton bean 'org.springframework.transaction.config.internalTransactionAdvisor'
2022-12-24 22:10:31.151 TRACE 25502 --- [           main] o.s.b.f.s.DefaultListableBeanFactory     : Eagerly caching bean 'projectingArgumentResolverBeanPostProcessor' to allow for resolving potential circular references
2022-12-24 22:10:31.151 TRACE 25502 --- [           main] o.s.beans.CachedIntrospectionResults     : Getting BeanInfo for class [org.springframework.data.web.config.ProjectingArgumentResolverRegistrar$ProjectingArgumentResolverBeanPostProcessor]
2022-12-24 22:10:31.152 TRACE 25502 --- [           main] o.s.beans.CachedIntrospectionResults     : Caching PropertyDescriptors for class [org.springframework.data.web.config.ProjectingArgumentResolverRegistrar$ProjectingArgumentResolverBeanPostProcessor]
2022-12-24 22:10:31.152 TRACE 25502 --- [           main] o.s.beans.CachedIntrospectionResults     : Found bean property 'beanClassLoader' of type [java.lang.ClassLoader]
2022-12-24 22:10:31.152 TRACE 25502 --- [           main] o.s.beans.CachedIntrospectionResults     : Found bean property 'beanFactory' of type [org.springframework.beans.factory.BeanFactory]
2022-12-24 22:10:31.152 TRACE 25502 --- [           main] o.s.beans.CachedIntrospectionResults     : Found bean property 'class' of type [java.lang.Class]
2022-12-24 22:10:31.155 TRACE 25502 --- [           main] o.s.b.f.s.DefaultListableBeanFactory     : Returning cached instance of singleton bean 'metaDataSourceAdvisor'
2022-12-24 22:10:31.155 TRACE 25502 --- [           main] o.s.b.f.s.DefaultListableBeanFactory     : Returning cached instance of singleton bean 'org.springframework.transaction.config.internalTransactionAdvisor'
2022-12-24 22:10:31.155 TRACE 25502 --- [           main] o.s.b.f.s.DefaultListableBeanFactory     : Returning cached instance of singleton bean 'metaDataSourceAdvisor'
2022-12-24 22:10:31.155 TRACE 25502 --- [           main] o.s.b.f.s.DefaultListableBeanFactory     : Returning cached instance of singleton bean 'org.springframework.transaction.config.internalTransactionAdvisor'
2022-12-24 22:10:31.156 TRACE 25502 --- [           main] .PrePostAnnotationSecurityMetadataSource : Looking for Pre/Post annotations for method 'postProcessBeforeInitialization' on target class 'class org.springframework.data.web.config.ProjectingArgumentResolverRegistrar$ProjectingArgumentResolverBeanPostProcessor'
2022-12-24 22:10:31.157 TRACE 25502 --- [           main] .PrePostAnnotationSecurityMetadataSource : No expression annotations found
2022-12-24 22:10:31.157 TRACE 25502 --- [           main] .PrePostAnnotationSecurityMetadataSource : Looking for Pre/Post annotations for method 'postProcessAfterInitialization' on target class 'class org.springframework.data.web.config.ProjectingArgumentResolverRegistrar$ProjectingArgumentResolverBeanPostProcessor'
2022-12-24 22:10:31.157 TRACE 25502 --- [           main] .PrePostAnnotationSecurityMetadataSource : No expression annotations found
2022-12-24 22:10:31.157 TRACE 25502 --- [           main] .PrePostAnnotationSecurityMetadataSource : Looking for Pre/Post annotations for method 'setBeanFactory' on target class 'class org.springframework.data.web.config.ProjectingArgumentResolverRegistrar$ProjectingArgumentResolverBeanPostProcessor'
2022-12-24 22:10:31.157 TRACE 25502 --- [           main] .PrePostAnnotationSecurityMetadataSource : No expression annotations found
2022-12-24 22:10:31.157 TRACE 25502 --- [           main] .PrePostAnnotationSecurityMetadataSource : Looking for Pre/Post annotations for method 'setBeanClassLoader' on target class 'class org.springframework.data.web.config.ProjectingArgumentResolverRegistrar$ProjectingArgumentResolverBeanPostProcessor'
2022-12-24 22:10:31.157 TRACE 25502 --- [           main] .PrePostAnnotationSecurityMetadataSource : No expression annotations found
2022-12-24 22:10:31.157 TRACE 25502 --- [           main] .PrePostAnnotationSecurityMetadataSource : Looking for Pre/Post annotations for method 'postProcessBeforeInitialization' on target class 'class org.springframework.data.web.config.ProjectingArgumentResolverRegistrar$ProjectingArgumentResolverBeanPostProcessor'
2022-12-24 22:10:31.158 TRACE 25502 --- [           main] .PrePostAnnotationSecurityMetadataSource : No expression annotations found
2022-12-24 22:10:31.158 TRACE 25502 --- [           main] .PrePostAnnotationSecurityMetadataSource : Looking for Pre/Post annotations for method 'postProcessAfterInitialization' on target class 'class org.springframework.data.web.config.ProjectingArgumentResolverRegistrar$ProjectingArgumentResolverBeanPostProcessor'
2022-12-24 22:10:31.158 TRACE 25502 --- [           main] .PrePostAnnotationSecurityMetadataSource : No expression annotations found
2022-12-24 22:10:31.158 TRACE 25502 --- [           main] .PrePostAnnotationSecurityMetadataSource : Looking for Pre/Post annotations for method 'setBeanFactory' on target class 'class org.springframework.data.web.config.ProjectingArgumentResolverRegistrar$ProjectingArgumentResolverBeanPostProcessor'
2022-12-24 22:10:31.158 TRACE 25502 --- [           main] .PrePostAnnotationSecurityMetadataSource : No expression annotations found
2022-12-24 22:10:31.158 TRACE 25502 --- [           main] .PrePostAnnotationSecurityMetadataSource : Looking for Pre/Post annotations for method 'setBeanClassLoader' on target class 'class org.springframework.data.web.config.ProjectingArgumentResolverRegistrar$ProjectingArgumentResolverBeanPostProcessor'
2022-12-24 22:10:31.159 TRACE 25502 --- [           main] .PrePostAnnotationSecurityMetadataSource : No expression annotations found
2022-12-24 22:10:31.159 TRACE 25502 --- [           main] s.a.ScheduledAnnotationBeanPostProcessor : No @Scheduled annotations found on bean class: class org.springframework.data.web.config.ProjectingArgumentResolverRegistrar$ProjectingArgumentResolverBeanPostProcessor
2022-12-24 22:10:31.159 TRACE 25502 --- [           main] o.s.b.f.s.DefaultListableBeanFactory     : Finished creating instance of bean 'projectingArgumentResolverBeanPostProcessor'
2022-12-24 22:10:31.160 TRACE 25502 --- [           main] o.s.b.f.s.DefaultListableBeanFactory     : Returning cached instance of singleton bean 'org.springframework.boot.test.autoconfigure.properties.PropertyMappingContextCustomizer$PropertyMappingCheckBeanPostProcessor'
2022-12-24 22:10:31.164 DEBUG 25502 --- [           main] o.s.u.c.s.UiApplicationContextUtils      : Unable to locate ThemeSource with name 'themeSource': using default [org.springframework.ui.context.support.ResourceBundleThemeSource@12fe1f28]
2022-12-24 22:10:31.165 DEBUG 25502 --- [           main] o.s.b.f.s.DefaultListableBeanFactory     : Creating shared instance of singleton bean 'scriptDataSourceInitializer'
2022-12-24 22:10:31.165 TRACE 25502 --- [           main] o.s.b.f.s.DefaultListableBeanFactory     : Creating instance of bean 'scriptDataSourceInitializer'
2022-12-24 22:10:31.165 TRACE 25502 --- [           main] o.s.b.f.s.DefaultListableBeanFactory     : Returning cached instance of singleton bean 'metaDataSourceAdvisor'
2022-12-24 22:10:31.165 TRACE 25502 --- [           main] o.s.b.f.s.DefaultListableBeanFactory     : Returning cached instance of singleton bean 'org.springframework.transaction.config.internalTransactionAdvisor'
2022-12-24 22:10:31.165 DEBUG 25502 --- [           main] o.s.b.f.s.DefaultListableBeanFactory     : Creating shared instance of singleton bean 'org.springframework.boot.autoconfigure.jdbc.DataSourceInitializationConfiguration$SharedCredentialsDataSourceInitializationConfiguration'
2022-12-24 22:10:31.165 TRACE 25502 --- [           main] o.s.b.f.s.DefaultListableBeanFactory     : Creating instance of bean 'org.springframework.boot.autoconfigure.jdbc.DataSourceInitializationConfiguration$SharedCredentialsDataSourceInitializationConfiguration'
2022-12-24 22:10:31.165 TRACE 25502 --- [           main] o.s.b.f.s.DefaultListableBeanFactory     : Returning cached instance of singleton bean 'metaDataSourceAdvisor'
2022-12-24 22:10:31.166 TRACE 25502 --- [           main] o.s.b.f.s.DefaultListableBeanFactory     : Returning cached instance of singleton bean 'org.springframework.transaction.config.internalTransactionAdvisor'
2022-12-24 22:10:31.166 TRACE 25502 --- [           main] o.s.b.f.s.DefaultListableBeanFactory     : Eagerly caching bean 'org.springframework.boot.autoconfigure.jdbc.DataSourceInitializationConfiguration$SharedCredentialsDataSourceInitializationConfiguration' to allow for resolving potential circular references
2022-12-24 22:10:31.166 TRACE 25502 --- [           main] o.s.beans.CachedIntrospectionResults     : Getting BeanInfo for class [org.springframework.boot.autoconfigure.jdbc.DataSourceInitializationConfiguration$SharedCredentialsDataSourceInitializationConfiguration]
2022-12-24 22:10:31.167 TRACE 25502 --- [           main] o.s.beans.CachedIntrospectionResults     : Caching PropertyDescriptors for class [org.springframework.boot.autoconfigure.jdbc.DataSourceInitializationConfiguration$SharedCredentialsDataSourceInitializationConfiguration]
2022-12-24 22:10:31.167 TRACE 25502 --- [           main] o.s.beans.CachedIntrospectionResults     : Found bean property 'class' of type [java.lang.Class]
2022-12-24 22:10:31.168 TRACE 25502 --- [           main] o.s.b.f.s.DefaultListableBeanFactory     : Returning cached instance of singleton bean 'metaDataSourceAdvisor'
2022-12-24 22:10:31.168 TRACE 25502 --- [           main] o.s.b.f.s.DefaultListableBeanFactory     : Returning cached instance of singleton bean 'org.springframework.transaction.config.internalTransactionAdvisor'
2022-12-24 22:10:31.168 TRACE 25502 --- [           main] o.s.b.f.s.DefaultListableBeanFactory     : Returning cached instance of singleton bean 'metaDataSourceAdvisor'
2022-12-24 22:10:31.168 TRACE 25502 --- [           main] o.s.b.f.s.DefaultListableBeanFactory     : Returning cached instance of singleton bean 'org.springframework.transaction.config.internalTransactionAdvisor'
2022-12-24 22:10:31.168 TRACE 25502 --- [           main] .PrePostAnnotationSecurityMetadataSource : Looking for Pre/Post annotations for method 'scriptDataSourceInitializer' on target class 'class org.springframework.boot.autoconfigure.jdbc.DataSourceInitializationConfiguration$SharedCredentialsDataSourceInitializationConfiguration'
2022-12-24 22:10:31.168 TRACE 25502 --- [           main] .PrePostAnnotationSecurityMetadataSource : No expression annotations found
2022-12-24 22:10:31.169 TRACE 25502 --- [           main] s.a.ScheduledAnnotationBeanPostProcessor : No @Scheduled annotations found on bean class: class org.springframework.boot.autoconfigure.jdbc.DataSourceInitializationConfiguration$SharedCredentialsDataSourceInitializationConfiguration
2022-12-24 22:10:31.169 TRACE 25502 --- [           main] o.s.b.f.s.DefaultListableBeanFactory     : Finished creating instance of bean 'org.springframework.boot.autoconfigure.jdbc.DataSourceInitializationConfiguration$SharedCredentialsDataSourceInitializationConfiguration'
2022-12-24 22:10:31.169 DEBUG 25502 --- [           main] o.s.b.f.s.DefaultListableBeanFactory     : Creating shared instance of singleton bean 'dataSource'
2022-12-24 22:10:31.169 TRACE 25502 --- [           main] o.s.b.f.s.DefaultListableBeanFactory     : Creating instance of bean 'dataSource'
2022-12-24 22:10:31.170 TRACE 25502 --- [           main] o.s.b.f.s.DefaultListableBeanFactory     : Returning cached instance of singleton bean 'metaDataSourceAdvisor'
2022-12-24 22:10:31.170 TRACE 25502 --- [           main] o.s.b.f.s.DefaultListableBeanFactory     : Returning cached instance of singleton bean 'org.springframework.transaction.config.internalTransactionAdvisor'
2022-12-24 22:10:31.170 DEBUG 25502 --- [           main] o.s.b.f.s.DefaultListableBeanFactory     : Creating shared instance of singleton bean 'org.springframework.boot.autoconfigure.jdbc.DataSourceConfiguration$Hikari'
2022-12-24 22:10:31.170 TRACE 25502 --- [           main] o.s.b.f.s.DefaultListableBeanFactory     : Creating instance of bean 'org.springframework.boot.autoconfigure.jdbc.DataSourceConfiguration$Hikari'
2022-12-24 22:10:31.170 TRACE 25502 --- [           main] o.s.b.f.s.DefaultListableBeanFactory     : Returning cached instance of singleton bean 'metaDataSourceAdvisor'
2022-12-24 22:10:31.170 TRACE 25502 --- [           main] o.s.b.f.s.DefaultListableBeanFactory     : Returning cached instance of singleton bean 'org.springframework.transaction.config.internalTransactionAdvisor'
2022-12-24 22:10:31.170 TRACE 25502 --- [           main] o.s.b.f.s.DefaultListableBeanFactory     : Eagerly caching bean 'org.springframework.boot.autoconfigure.jdbc.DataSourceConfiguration$Hikari' to allow for resolving potential circular references
2022-12-24 22:10:31.170 TRACE 25502 --- [           main] o.s.beans.CachedIntrospectionResults     : Getting BeanInfo for class [org.springframework.boot.autoconfigure.jdbc.DataSourceConfiguration$Hikari]
2022-12-24 22:10:31.171 TRACE 25502 --- [           main] o.s.beans.CachedIntrospectionResults     : Caching PropertyDescriptors for class [org.springframework.boot.autoconfigure.jdbc.DataSourceConfiguration$Hikari]
2022-12-24 22:10:31.171 TRACE 25502 --- [           main] o.s.beans.CachedIntrospectionResults     : Found bean property 'class' of type [java.lang.Class]
2022-12-24 22:10:31.171 TRACE 25502 --- [           main] o.s.b.f.s.DefaultListableBeanFactory     : Returning cached instance of singleton bean 'metaDataSourceAdvisor'
2022-12-24 22:10:31.171 TRACE 25502 --- [           main] o.s.b.f.s.DefaultListableBeanFactory     : Returning cached instance of singleton bean 'org.springframework.transaction.config.internalTransactionAdvisor'
2022-12-24 22:10:31.171 TRACE 25502 --- [           main] o.s.b.f.s.DefaultListableBeanFactory     : Returning cached instance of singleton bean 'metaDataSourceAdvisor'
2022-12-24 22:10:31.171 TRACE 25502 --- [           main] o.s.b.f.s.DefaultListableBeanFactory     : Returning cached instance of singleton bean 'org.springframework.transaction.config.internalTransactionAdvisor'
2022-12-24 22:10:31.171 TRACE 25502 --- [           main] .PrePostAnnotationSecurityMetadataSource : Looking for Pre/Post annotations for method 'dataSource' on target class 'class org.springframework.boot.autoconfigure.jdbc.DataSourceConfiguration$Hikari'
2022-12-24 22:10:31.171 TRACE 25502 --- [           main] .PrePostAnnotationSecurityMetadataSource : No expression annotations found
2022-12-24 22:10:31.172 TRACE 25502 --- [           main] s.a.ScheduledAnnotationBeanPostProcessor : No @Scheduled annotations found on bean class: class org.springframework.boot.autoconfigure.jdbc.DataSourceConfiguration$Hikari
2022-12-24 22:10:31.172 TRACE 25502 --- [           main] o.s.b.f.s.DefaultListableBeanFactory     : Finished creating instance of bean 'org.springframework.boot.autoconfigure.jdbc.DataSourceConfiguration$Hikari'
2022-12-24 22:10:31.172 DEBUG 25502 --- [           main] o.s.b.f.s.DefaultListableBeanFactory     : Creating shared instance of singleton bean 'spring.datasource-org.springframework.boot.autoconfigure.jdbc.DataSourceProperties'
2022-12-24 22:10:31.172 TRACE 25502 --- [           main] o.s.b.f.s.DefaultListableBeanFactory     : Creating instance of bean 'spring.datasource-org.springframework.boot.autoconfigure.jdbc.DataSourceProperties'
2022-12-24 22:10:31.173 TRACE 25502 --- [           main] o.s.b.f.s.DefaultListableBeanFactory     : Returning cached instance of singleton bean 'metaDataSourceAdvisor'
2022-12-24 22:10:31.173 TRACE 25502 --- [           main] o.s.b.f.s.DefaultListableBeanFactory     : Returning cached instance of singleton bean 'org.springframework.transaction.config.internalTransactionAdvisor'
2022-12-24 22:10:31.173 TRACE 25502 --- [           main] o.s.b.f.s.DefaultListableBeanFactory     : Eagerly caching bean 'spring.datasource-org.springframework.boot.autoconfigure.jdbc.DataSourceProperties' to allow for resolving potential circular references
2022-12-24 22:10:31.174 TRACE 25502 --- [           main] o.s.beans.CachedIntrospectionResults     : Getting BeanInfo for class [org.springframework.boot.autoconfigure.jdbc.DataSourceProperties]
2022-12-24 22:10:31.177 TRACE 25502 --- [           main] o.s.beans.CachedIntrospectionResults     : Caching PropertyDescriptors for class [org.springframework.boot.autoconfigure.jdbc.DataSourceProperties]
2022-12-24 22:10:31.177 TRACE 25502 --- [           main] o.s.beans.CachedIntrospectionResults     : Found bean property 'beanClassLoader' of type [java.lang.ClassLoader]
2022-12-24 22:10:31.177 TRACE 25502 --- [           main] o.s.beans.CachedIntrospectionResults     : Found bean property 'class' of type [java.lang.Class]
2022-12-24 22:10:31.177 TRACE 25502 --- [           main] o.s.beans.CachedIntrospectionResults     : Found bean property 'classLoader' of type [java.lang.ClassLoader]
2022-12-24 22:10:31.177 TRACE 25502 --- [           main] o.s.beans.CachedIntrospectionResults     : Found bean property 'continueOnError' of type [boolean]
2022-12-24 22:10:31.177 TRACE 25502 --- [           main] o.s.beans.CachedIntrospectionResults     : Found bean property 'data' of type [java.util.List]
2022-12-24 22:10:31.177 TRACE 25502 --- [           main] o.s.beans.CachedIntrospectionResults     : Found bean property 'dataPassword' of type [java.lang.String]
2022-12-24 22:10:31.177 TRACE 25502 --- [           main] o.s.beans.CachedIntrospectionResults     : Found bean property 'dataUsername' of type [java.lang.String]
2022-12-24 22:10:31.177 TRACE 25502 --- [           main] o.s.beans.CachedIntrospectionResults     : Found bean property 'driverClassName' of type [java.lang.String]
2022-12-24 22:10:31.177 TRACE 25502 --- [           main] o.s.beans.CachedIntrospectionResults     : Found bean property 'embeddedDatabaseConnection' of type [org.springframework.boot.jdbc.EmbeddedDatabaseConnection]
2022-12-24 22:10:31.178 TRACE 25502 --- [           main] o.s.beans.CachedIntrospectionResults     : Found bean property 'generateUniqueName' of type [boolean]
2022-12-24 22:10:31.178 TRACE 25502 --- [           main] o.s.beans.CachedIntrospectionResults     : Found bean property 'initializationMode' of type [org.springframework.boot.jdbc.DataSourceInitializationMode]
2022-12-24 22:10:31.178 TRACE 25502 --- [           main] o.s.beans.CachedIntrospectionResults     : Found bean property 'jndiName' of type [java.lang.String]
2022-12-24 22:10:31.178 TRACE 25502 --- [           main] o.s.beans.CachedIntrospectionResults     : Found bean property 'name' of type [java.lang.String]
2022-12-24 22:10:31.178 TRACE 25502 --- [           main] o.s.beans.CachedIntrospectionResults     : Found bean property 'password' of type [java.lang.String]
2022-12-24 22:10:31.178 TRACE 25502 --- [           main] o.s.beans.CachedIntrospectionResults     : Found bean property 'platform' of type [java.lang.String]
2022-12-24 22:10:31.178 TRACE 25502 --- [           main] o.s.beans.CachedIntrospectionResults     : Found bean property 'schema' of type [java.util.List]
2022-12-24 22:10:31.179 TRACE 25502 --- [           main] o.s.beans.CachedIntrospectionResults     : Found bean property 'schemaPassword' of type [java.lang.String]
2022-12-24 22:10:31.179 TRACE 25502 --- [           main] o.s.beans.CachedIntrospectionResults     : Found bean property 'schemaUsername' of type [java.lang.String]
2022-12-24 22:10:31.179 TRACE 25502 --- [           main] o.s.beans.CachedIntrospectionResults     : Found bean property 'separator' of type [java.lang.String]
2022-12-24 22:10:31.179 TRACE 25502 --- [           main] o.s.beans.CachedIntrospectionResults     : Found bean property 'sqlScriptEncoding' of type [java.nio.charset.Charset]
2022-12-24 22:10:31.179 TRACE 25502 --- [           main] o.s.beans.CachedIntrospectionResults     : Found bean property 'type' of type [java.lang.Class]
2022-12-24 22:10:31.179 TRACE 25502 --- [           main] o.s.beans.CachedIntrospectionResults     : Found bean property 'url' of type [java.lang.String]
2022-12-24 22:10:31.179 TRACE 25502 --- [           main] o.s.beans.CachedIntrospectionResults     : Found bean property 'username' of type [java.lang.String]
2022-12-24 22:10:31.179 TRACE 25502 --- [           main] o.s.beans.CachedIntrospectionResults     : Found bean property 'xa' of type [org.springframework.boot.autoconfigure.jdbc.DataSourceProperties$Xa]
2022-12-24 22:10:31.185 DEBUG 25502 --- [           main] o.s.b.f.s.DefaultListableBeanFactory     : Creating shared instance of singleton bean 'org.springframework.boot.context.properties.BoundConfigurationProperties'
2022-12-24 22:10:31.185 TRACE 25502 --- [           main] o.s.b.f.s.DefaultListableBeanFactory     : Creating instance of bean 'org.springframework.boot.context.properties.BoundConfigurationProperties'
2022-12-24 22:10:31.185 TRACE 25502 --- [           main] o.s.b.f.s.DefaultListableBeanFactory     : Returning cached instance of singleton bean 'metaDataSourceAdvisor'
2022-12-24 22:10:31.185 TRACE 25502 --- [           main] o.s.b.f.s.DefaultListableBeanFactory     : Returning cached instance of singleton bean 'org.springframework.transaction.config.internalTransactionAdvisor'
2022-12-24 22:10:31.185 TRACE 25502 --- [           main] o.s.b.f.s.DefaultListableBeanFactory     : Eagerly caching bean 'org.springframework.boot.context.properties.BoundConfigurationProperties' to allow for resolving potential circular references
2022-12-24 22:10:31.185 TRACE 25502 --- [           main] o.s.beans.CachedIntrospectionResults     : Getting BeanInfo for class [org.springframework.boot.context.properties.BoundConfigurationProperties]
2022-12-24 22:10:31.186 TRACE 25502 --- [           main] o.s.beans.CachedIntrospectionResults     : Caching PropertyDescriptors for class [org.springframework.boot.context.properties.BoundConfigurationProperties]
2022-12-24 22:10:31.186 TRACE 25502 --- [           main] o.s.beans.CachedIntrospectionResults     : Found bean property 'all' of type [java.util.Map]
2022-12-24 22:10:31.187 TRACE 25502 --- [           main] o.s.beans.CachedIntrospectionResults     : Found bean property 'class' of type [java.lang.Class]
2022-12-24 22:10:31.187 TRACE 25502 --- [           main] o.s.b.f.s.DefaultListableBeanFactory     : Returning cached instance of singleton bean 'metaDataSourceAdvisor'
2022-12-24 22:10:31.187 TRACE 25502 --- [           main] o.s.b.f.s.DefaultListableBeanFactory     : Returning cached instance of singleton bean 'org.springframework.transaction.config.internalTransactionAdvisor'
2022-12-24 22:10:31.187 TRACE 25502 --- [           main] o.s.b.f.s.DefaultListableBeanFactory     : Returning cached instance of singleton bean 'metaDataSourceAdvisor'
2022-12-24 22:10:31.187 TRACE 25502 --- [           main] o.s.b.f.s.DefaultListableBeanFactory     : Returning cached instance of singleton bean 'org.springframework.transaction.config.internalTransactionAdvisor'
2022-12-24 22:10:31.187 TRACE 25502 --- [           main] .PrePostAnnotationSecurityMetadataSource : Looking for Pre/Post annotations for method 'get' on target class 'class org.springframework.boot.context.properties.BoundConfigurationProperties'
2022-12-24 22:10:31.188 TRACE 25502 --- [           main] .PrePostAnnotationSecurityMetadataSource : No expression annotations found
2022-12-24 22:10:31.188 TRACE 25502 --- [           main] .PrePostAnnotationSecurityMetadataSource : Looking for Pre/Post annotations for method 'get' on target class 'class org.springframework.boot.context.properties.BoundConfigurationProperties'
2022-12-24 22:10:31.188 TRACE 25502 --- [           main] .PrePostAnnotationSecurityMetadataSource : No expression annotations found
2022-12-24 22:10:31.188 TRACE 25502 --- [           main] .PrePostAnnotationSecurityMetadataSource : Looking for Pre/Post annotations for method 'add' on target class 'class org.springframework.boot.context.properties.BoundConfigurationProperties'
2022-12-24 22:10:31.188 TRACE 25502 --- [           main] .PrePostAnnotationSecurityMetadataSource : No expression annotations found
2022-12-24 22:10:31.188 TRACE 25502 --- [           main] .PrePostAnnotationSecurityMetadataSource : Looking for Pre/Post annotations for method 'register' on target class 'class org.springframework.boot.context.properties.BoundConfigurationProperties'
2022-12-24 22:10:31.188 TRACE 25502 --- [           main] .PrePostAnnotationSecurityMetadataSource : No expression annotations found
2022-12-24 22:10:31.188 TRACE 25502 --- [           main] .PrePostAnnotationSecurityMetadataSource : Looking for Pre/Post annotations for method 'getAll' on target class 'class org.springframework.boot.context.properties.BoundConfigurationProperties'
2022-12-24 22:10:31.188 TRACE 25502 --- [           main] .PrePostAnnotationSecurityMetadataSource : No expression annotations found
2022-12-24 22:10:31.189 TRACE 25502 --- [           main] s.a.ScheduledAnnotationBeanPostProcessor : No @Scheduled annotations found on bean class: class org.springframework.boot.context.properties.BoundConfigurationProperties
2022-12-24 22:10:31.189 TRACE 25502 --- [           main] o.s.b.f.s.DefaultListableBeanFactory     : Finished creating instance of bean 'org.springframework.boot.context.properties.BoundConfigurationProperties'
2022-12-24 22:10:31.209 TRACE 25502 --- [           main] o.s.b.f.s.DefaultListableBeanFactory     : Invoking afterPropertiesSet() on bean with name 'spring.datasource-org.springframework.boot.autoconfigure.jdbc.DataSourceProperties'
2022-12-24 22:10:31.217 TRACE 25502 --- [           main] o.s.b.f.s.DefaultListableBeanFactory     : Returning cached instance of singleton bean 'metaDataSourceAdvisor'
2022-12-24 22:10:31.217 TRACE 25502 --- [           main] o.s.b.f.s.DefaultListableBeanFactory     : Returning cached instance of singleton bean 'org.springframework.transaction.config.internalTransactionAdvisor'
2022-12-24 22:10:31.217 TRACE 25502 --- [           main] o.s.b.f.s.DefaultListableBeanFactory     : Returning cached instance of singleton bean 'metaDataSourceAdvisor'
2022-12-24 22:10:31.217 TRACE 25502 --- [           main] o.s.b.f.s.DefaultListableBeanFactory     : Returning cached instance of singleton bean 'org.springframework.transaction.config.internalTransactionAdvisor'
2022-12-24 22:10:31.217 TRACE 25502 --- [           main] .PrePostAnnotationSecurityMetadataSource : Looking for Pre/Post annotations for method 'getName' on target class 'class org.springframework.boot.autoconfigure.jdbc.DataSourceProperties'
2022-12-24 22:10:31.217 TRACE 25502 --- [           main] .PrePostAnnotationSecurityMetadataSource : No expression annotations found
2022-12-24 22:10:31.218 TRACE 25502 --- [           main] .PrePostAnnotationSecurityMetadataSource : Looking for Pre/Post annotations for method 'getClassLoader' on target class 'class org.springframework.boot.autoconfigure.jdbc.DataSourceProperties'
2022-12-24 22:10:31.218 TRACE 25502 --- [           main] .PrePostAnnotationSecurityMetadataSource : No expression annotations found
2022-12-24 22:10:31.218 TRACE 25502 --- [           main] .PrePostAnnotationSecurityMetadataSource : Looking for Pre/Post annotations for method 'setName' on target class 'class org.springframework.boot.autoconfigure.jdbc.DataSourceProperties'
2022-12-24 22:10:31.218 TRACE 25502 --- [           main] .PrePostAnnotationSecurityMetadataSource : No expression annotations found
2022-12-24 22:10:31.218 TRACE 25502 --- [           main] .PrePostAnnotationSecurityMetadataSource : Looking for Pre/Post annotations for method 'getType' on target class 'class org.springframework.boot.autoconfigure.jdbc.DataSourceProperties'
2022-12-24 22:10:31.218 TRACE 25502 --- [           main] .PrePostAnnotationSecurityMetadataSource : No expression annotations found
2022-12-24 22:10:31.218 TRACE 25502 --- [           main] .PrePostAnnotationSecurityMetadataSource : Looking for Pre/Post annotations for method 'getSeparator' on target class 'class org.springframework.boot.autoconfigure.jdbc.DataSourceProperties'
2022-12-24 22:10:31.218 TRACE 25502 --- [           main] .PrePostAnnotationSecurityMetadataSource : No expression annotations found
2022-12-24 22:10:31.218 TRACE 25502 --- [           main] .PrePostAnnotationSecurityMetadataSource : Looking for Pre/Post annotations for method 'initializeDataSourceBuilder' on target class 'class org.springframework.boot.autoconfigure.jdbc.DataSourceProperties'
2022-12-24 22:10:31.218 TRACE 25502 --- [           main] .PrePostAnnotationSecurityMetadataSource : No expression annotations found
2022-12-24 22:10:31.218 TRACE 25502 --- [           main] .PrePostAnnotationSecurityMetadataSource : Looking for Pre/Post annotations for method 'getEmbeddedDatabaseConnection' on target class 'class org.springframework.boot.autoconfigure.jdbc.DataSourceProperties'
2022-12-24 22:10:31.218 TRACE 25502 --- [           main] .PrePostAnnotationSecurityMetadataSource : No expression annotations found
2022-12-24 22:10:31.218 TRACE 25502 --- [           main] .PrePostAnnotationSecurityMetadataSource : Looking for Pre/Post annotations for method 'setEmbeddedDatabaseConnection' on target class 'class org.springframework.boot.autoconfigure.jdbc.DataSourceProperties'
2022-12-24 22:10:31.219 TRACE 25502 --- [           main] .PrePostAnnotationSecurityMetadataSource : No expression annotations found
2022-12-24 22:10:31.219 TRACE 25502 --- [           main] .PrePostAnnotationSecurityMetadataSource : Looking for Pre/Post annotations for method 'lambda$determineDriverClassName$0' on target class 'class org.springframework.boot.autoconfigure.jdbc.DataSourceProperties'
2022-12-24 22:10:31.219 TRACE 25502 --- [           main] .PrePostAnnotationSecurityMetadataSource : No expression annotations found
2022-12-24 22:10:31.219 TRACE 25502 --- [           main] .PrePostAnnotationSecurityMetadataSource : Looking for Pre/Post annotations for method 'getData' on target class 'class org.springframework.boot.autoconfigure.jdbc.DataSourceProperties'
2022-12-24 22:10:31.219 TRACE 25502 --- [           main] .PrePostAnnotationSecurityMetadataSource : No expression annotations found
2022-12-24 22:10:31.219 TRACE 25502 --- [           main] .PrePostAnnotationSecurityMetadataSource : Looking for Pre/Post annotations for method 'getUrl' on target class 'class org.springframework.boot.autoconfigure.jdbc.DataSourceProperties'
2022-12-24 22:10:31.219 TRACE 25502 --- [           main] .PrePostAnnotationSecurityMetadataSource : No expression annotations found
2022-12-24 22:10:31.219 TRACE 25502 --- [           main] .PrePostAnnotationSecurityMetadataSource : Looking for Pre/Post annotations for method 'setSchema' on target class 'class org.springframework.boot.autoconfigure.jdbc.DataSourceProperties'
2022-12-24 22:10:31.219 TRACE 25502 --- [           main] .PrePostAnnotationSecurityMetadataSource : No expression annotations found
2022-12-24 22:10:31.219 TRACE 25502 --- [           main] .PrePostAnnotationSecurityMetadataSource : Looking for Pre/Post annotations for method 'getSchema' on target class 'class org.springframework.boot.autoconfigure.jdbc.DataSourceProperties'
2022-12-24 22:10:31.219 TRACE 25502 --- [           main] .PrePostAnnotationSecurityMetadataSource : No expression annotations found
2022-12-24 22:10:31.219 TRACE 25502 --- [           main] .PrePostAnnotationSecurityMetadataSource : Looking for Pre/Post annotations for method 'setUrl' on target class 'class org.springframework.boot.autoconfigure.jdbc.DataSourceProperties'
2022-12-24 22:10:31.219 TRACE 25502 --- [           main] .PrePostAnnotationSecurityMetadataSource : No expression annotations found
2022-12-24 22:10:31.219 TRACE 25502 --- [           main] .PrePostAnnotationSecurityMetadataSource : Looking for Pre/Post annotations for method 'getXa' on target class 'class org.springframework.boot.autoconfigure.jdbc.DataSourceProperties'
2022-12-24 22:10:31.219 TRACE 25502 --- [           main] .PrePostAnnotationSecurityMetadataSource : No expression annotations found
2022-12-24 22:10:31.219 TRACE 25502 --- [           main] .PrePostAnnotationSecurityMetadataSource : Looking for Pre/Post annotations for method 'setData' on target class 'class org.springframework.boot.autoconfigure.jdbc.DataSourceProperties'
2022-12-24 22:10:31.220 TRACE 25502 --- [           main] .PrePostAnnotationSecurityMetadataSource : No expression annotations found
2022-12-24 22:10:31.220 TRACE 25502 --- [           main] .PrePostAnnotationSecurityMetadataSource : Looking for Pre/Post annotations for method 'setXa' on target class 'class org.springframework.boot.autoconfigure.jdbc.DataSourceProperties'
2022-12-24 22:10:31.220 TRACE 25502 --- [           main] .PrePostAnnotationSecurityMetadataSource : No expression annotations found
2022-12-24 22:10:31.220 TRACE 25502 --- [           main] .PrePostAnnotationSecurityMetadataSource : Looking for Pre/Post annotations for method 'setBeanClassLoader' on target class 'class org.springframework.boot.autoconfigure.jdbc.DataSourceProperties'
2022-12-24 22:10:31.220 TRACE 25502 --- [           main] .PrePostAnnotationSecurityMetadataSource : No expression annotations found
2022-12-24 22:10:31.220 TRACE 25502 --- [           main] .PrePostAnnotationSecurityMetadataSource : Looking for Pre/Post annotations for method 'afterPropertiesSet' on target class 'class org.springframework.boot.autoconfigure.jdbc.DataSourceProperties'
2022-12-24 22:10:31.220 TRACE 25502 --- [           main] .PrePostAnnotationSecurityMetadataSource : No expression annotations found
2022-12-24 22:10:31.220 TRACE 25502 --- [           main] .PrePostAnnotationSecurityMetadataSource : Looking for Pre/Post annotations for method 'setSqlScriptEncoding' on target class 'class org.springframework.boot.autoconfigure.jdbc.DataSourceProperties'
2022-12-24 22:10:31.220 TRACE 25502 --- [           main] .PrePostAnnotationSecurityMetadataSource : No expression annotations found
2022-12-24 22:10:31.220 TRACE 25502 --- [           main] .PrePostAnnotationSecurityMetadataSource : Looking for Pre/Post annotations for method 'setSeparator' on target class 'class org.springframework.boot.autoconfigure.jdbc.DataSourceProperties'
2022-12-24 22:10:31.220 TRACE 25502 --- [           main] .PrePostAnnotationSecurityMetadataSource : No expression annotations found
2022-12-24 22:10:31.220 TRACE 25502 --- [           main] .PrePostAnnotationSecurityMetadataSource : Looking for Pre/Post annotations for method 'setContinueOnError' on target class 'class org.springframework.boot.autoconfigure.jdbc.DataSourceProperties'
2022-12-24 22:10:31.220 TRACE 25502 --- [           main] .PrePostAnnotationSecurityMetadataSource : No expression annotations found
2022-12-24 22:10:31.220 TRACE 25502 --- [           main] .PrePostAnnotationSecurityMetadataSource : Looking for Pre/Post annotations for method 'getUsername' on target class 'class org.springframework.boot.autoconfigure.jdbc.DataSourceProperties'
2022-12-24 22:10:31.220 TRACE 25502 --- [           main] .PrePostAnnotationSecurityMetadataSource : No expression annotations found
2022-12-24 22:10:31.220 TRACE 25502 --- [           main] .PrePostAnnotationSecurityMetadataSource : Looking for Pre/Post annotations for method 'setDriverClassName' on target class 'class org.springframework.boot.autoconfigure.jdbc.DataSourceProperties'
2022-12-24 22:10:31.221 TRACE 25502 --- [           main] .PrePostAnnotationSecurityMetadataSource : No expression annotations found
2022-12-24 22:10:31.221 TRACE 25502 --- [           main] .PrePostAnnotationSecurityMetadataSource : Looking for Pre/Post annotations for method 'getDriverClassName' on target class 'class org.springframework.boot.autoconfigure.jdbc.DataSourceProperties'
2022-12-24 22:10:31.221 TRACE 25502 --- [           main] .PrePostAnnotationSecurityMetadataSource : No expression annotations found
2022-12-24 22:10:31.221 TRACE 25502 --- [           main] .PrePostAnnotationSecurityMetadataSource : Looking for Pre/Post annotations for method 'setUsername' on target class 'class org.springframework.boot.autoconfigure.jdbc.DataSourceProperties'
2022-12-24 22:10:31.221 TRACE 25502 --- [           main] .PrePostAnnotationSecurityMetadataSource : No expression annotations found
2022-12-24 22:10:31.221 TRACE 25502 --- [           main] .PrePostAnnotationSecurityMetadataSource : Looking for Pre/Post annotations for method 'getPassword' on target class 'class org.springframework.boot.autoconfigure.jdbc.DataSourceProperties'
2022-12-24 22:10:31.221 TRACE 25502 --- [           main] .PrePostAnnotationSecurityMetadataSource : No expression annotations found
2022-12-24 22:10:31.221 TRACE 25502 --- [           main] .PrePostAnnotationSecurityMetadataSource : Looking for Pre/Post annotations for method 'setPassword' on target class 'class org.springframework.boot.autoconfigure.jdbc.DataSourceProperties'
2022-12-24 22:10:31.221 TRACE 25502 --- [           main] .PrePostAnnotationSecurityMetadataSource : No expression annotations found
2022-12-24 22:10:31.221 TRACE 25502 --- [           main] .PrePostAnnotationSecurityMetadataSource : Looking for Pre/Post annotations for method 'isGenerateUniqueName' on target class 'class org.springframework.boot.autoconfigure.jdbc.DataSourceProperties'
2022-12-24 22:10:31.221 TRACE 25502 --- [           main] .PrePostAnnotationSecurityMetadataSource : No expression annotations found
2022-12-24 22:10:31.221 TRACE 25502 --- [           main] .PrePostAnnotationSecurityMetadataSource : Looking for Pre/Post annotations for method 'setGenerateUniqueName' on target class 'class org.springframework.boot.autoconfigure.jdbc.DataSourceProperties'
2022-12-24 22:10:31.221 TRACE 25502 --- [           main] .PrePostAnnotationSecurityMetadataSource : No expression annotations found
2022-12-24 22:10:31.221 TRACE 25502 --- [           main] .PrePostAnnotationSecurityMetadataSource : Looking for Pre/Post annotations for method 'determineDriverClassName' on target class 'class org.springframework.boot.autoconfigure.jdbc.DataSourceProperties'
2022-12-24 22:10:31.222 TRACE 25502 --- [           main] .PrePostAnnotationSecurityMetadataSource : No expression annotations found
2022-12-24 22:10:31.222 TRACE 25502 --- [           main] .PrePostAnnotationSecurityMetadataSource : Looking for Pre/Post annotations for method 'driverClassIsLoadable' on target class 'class org.springframework.boot.autoconfigure.jdbc.DataSourceProperties'
2022-12-24 22:10:31.222 TRACE 25502 --- [           main] .PrePostAnnotationSecurityMetadataSource : No expression annotations found
2022-12-24 22:10:31.222 TRACE 25502 --- [           main] .PrePostAnnotationSecurityMetadataSource : Looking for Pre/Post annotations for method 'determineDatabaseName' on target class 'class org.springframework.boot.autoconfigure.jdbc.DataSourceProperties'
2022-12-24 22:10:31.222 TRACE 25502 --- [           main] .PrePostAnnotationSecurityMetadataSource : No expression annotations found
2022-12-24 22:10:31.222 TRACE 25502 --- [           main] .PrePostAnnotationSecurityMetadataSource : Looking for Pre/Post annotations for method 'getJndiName' on target class 'class org.springframework.boot.autoconfigure.jdbc.DataSourceProperties'
2022-12-24 22:10:31.222 TRACE 25502 --- [           main] .PrePostAnnotationSecurityMetadataSource : No expression annotations found
2022-12-24 22:10:31.223 TRACE 25502 --- [           main] .PrePostAnnotationSecurityMetadataSource : Looking for Pre/Post annotations for method 'setJndiName' on target class 'class org.springframework.boot.autoconfigure.jdbc.DataSourceProperties'
2022-12-24 22:10:31.223 TRACE 25502 --- [           main] .PrePostAnnotationSecurityMetadataSource : No expression annotations found
2022-12-24 22:10:31.223 TRACE 25502 --- [           main] .PrePostAnnotationSecurityMetadataSource : Looking for Pre/Post annotations for method 'getInitializationMode' on target class 'class org.springframework.boot.autoconfigure.jdbc.DataSourceProperties'
2022-12-24 22:10:31.223 TRACE 25502 --- [           main] .PrePostAnnotationSecurityMetadataSource : No expression annotations found
2022-12-24 22:10:31.223 TRACE 25502 --- [           main] .PrePostAnnotationSecurityMetadataSource : Looking for Pre/Post annotations for method 'setInitializationMode' on target class 'class org.springframework.boot.autoconfigure.jdbc.DataSourceProperties'
2022-12-24 22:10:31.223 TRACE 25502 --- [           main] .PrePostAnnotationSecurityMetadataSource : No expression annotations found
2022-12-24 22:10:31.223 TRACE 25502 --- [           main] .PrePostAnnotationSecurityMetadataSource : Looking for Pre/Post annotations for method 'getPlatform' on target class 'class org.springframework.boot.autoconfigure.jdbc.DataSourceProperties'
2022-12-24 22:10:31.223 TRACE 25502 --- [           main] .PrePostAnnotationSecurityMetadataSource : No expression annotations found
2022-12-24 22:10:31.223 TRACE 25502 --- [           main] .PrePostAnnotationSecurityMetadataSource : Looking for Pre/Post annotations for method 'setPlatform' on target class 'class org.springframework.boot.autoconfigure.jdbc.DataSourceProperties'
2022-12-24 22:10:31.223 TRACE 25502 --- [           main] .PrePostAnnotationSecurityMetadataSource : No expression annotations found
2022-12-24 22:10:31.223 TRACE 25502 --- [           main] .PrePostAnnotationSecurityMetadataSource : Looking for Pre/Post annotations for method 'getSchemaUsername' on target class 'class org.springframework.boot.autoconfigure.jdbc.DataSourceProperties'
2022-12-24 22:10:31.223 TRACE 25502 --- [           main] .PrePostAnnotationSecurityMetadataSource : No expression annotations found
2022-12-24 22:10:31.223 TRACE 25502 --- [           main] .PrePostAnnotationSecurityMetadataSource : Looking for Pre/Post annotations for method 'setSchemaUsername' on target class 'class org.springframework.boot.autoconfigure.jdbc.DataSourceProperties'
2022-12-24 22:10:31.223 TRACE 25502 --- [           main] .PrePostAnnotationSecurityMetadataSource : No expression annotations found
2022-12-24 22:10:31.223 TRACE 25502 --- [           main] .PrePostAnnotationSecurityMetadataSource : Looking for Pre/Post annotations for method 'getSchemaPassword' on target class 'class org.springframework.boot.autoconfigure.jdbc.DataSourceProperties'
2022-12-24 22:10:31.223 TRACE 25502 --- [           main] .PrePostAnnotationSecurityMetadataSource : No expression annotations found
2022-12-24 22:10:31.223 TRACE 25502 --- [           main] .PrePostAnnotationSecurityMetadataSource : Looking for Pre/Post annotations for method 'setSchemaPassword' on target class 'class org.springframework.boot.autoconfigure.jdbc.DataSourceProperties'
2022-12-24 22:10:31.223 TRACE 25502 --- [           main] .PrePostAnnotationSecurityMetadataSource : No expression annotations found
2022-12-24 22:10:31.223 TRACE 25502 --- [           main] .PrePostAnnotationSecurityMetadataSource : Looking for Pre/Post annotations for method 'getDataUsername' on target class 'class org.springframework.boot.autoconfigure.jdbc.DataSourceProperties'
2022-12-24 22:10:31.223 TRACE 25502 --- [           main] .PrePostAnnotationSecurityMetadataSource : No expression annotations found
2022-12-24 22:10:31.224 TRACE 25502 --- [           main] .PrePostAnnotationSecurityMetadataSource : Looking for Pre/Post annotations for method 'setDataUsername' on target class 'class org.springframework.boot.autoconfigure.jdbc.DataSourceProperties'
2022-12-24 22:10:31.224 TRACE 25502 --- [           main] .PrePostAnnotationSecurityMetadataSource : No expression annotations found
2022-12-24 22:10:31.224 TRACE 25502 --- [           main] .PrePostAnnotationSecurityMetadataSource : Looking for Pre/Post annotations for method 'getDataPassword' on target class 'class org.springframework.boot.autoconfigure.jdbc.DataSourceProperties'
2022-12-24 22:10:31.224 TRACE 25502 --- [           main] .PrePostAnnotationSecurityMetadataSource : No expression annotations found
2022-12-24 22:10:31.224 TRACE 25502 --- [           main] .PrePostAnnotationSecurityMetadataSource : Looking for Pre/Post annotations for method 'setDataPassword' on target class 'class org.springframework.boot.autoconfigure.jdbc.DataSourceProperties'
2022-12-24 22:10:31.224 TRACE 25502 --- [           main] .PrePostAnnotationSecurityMetadataSource : No expression annotations found
2022-12-24 22:10:31.224 TRACE 25502 --- [           main] .PrePostAnnotationSecurityMetadataSource : Looking for Pre/Post annotations for method 'isContinueOnError' on target class 'class org.springframework.boot.autoconfigure.jdbc.DataSourceProperties'
2022-12-24 22:10:31.224 TRACE 25502 --- [           main] .PrePostAnnotationSecurityMetadataSource : No expression annotations found
2022-12-24 22:10:31.224 TRACE 25502 --- [           main] .PrePostAnnotationSecurityMetadataSource : Looking for Pre/Post annotations for method 'getSqlScriptEncoding' on target class 'class org.springframework.boot.autoconfigure.jdbc.DataSourceProperties'
2022-12-24 22:10:31.224 TRACE 25502 --- [           main] .PrePostAnnotationSecurityMetadataSource : No expression annotations found
2022-12-24 22:10:31.224 TRACE 25502 --- [           main] .PrePostAnnotationSecurityMetadataSource : Looking for Pre/Post annotations for method 'determineUrl' on target class 'class org.springframework.boot.autoconfigure.jdbc.DataSourceProperties'
2022-12-24 22:10:31.224 TRACE 25502 --- [           main] .PrePostAnnotationSecurityMetadataSource : No expression annotations found
2022-12-24 22:10:31.224 TRACE 25502 --- [           main] .PrePostAnnotationSecurityMetadataSource : Looking for Pre/Post annotations for method 'determinePassword' on target class 'class org.springframework.boot.autoconfigure.jdbc.DataSourceProperties'
2022-12-24 22:10:31.224 TRACE 25502 --- [           main] .PrePostAnnotationSecurityMetadataSource : No expression annotations found
2022-12-24 22:10:31.224 TRACE 25502 --- [           main] .PrePostAnnotationSecurityMetadataSource : Looking for Pre/Post annotations for method 'determineUsername' on target class 'class org.springframework.boot.autoconfigure.jdbc.DataSourceProperties'
2022-12-24 22:10:31.225 TRACE 25502 --- [           main] .PrePostAnnotationSecurityMetadataSource : No expression annotations found
2022-12-24 22:10:31.225 TRACE 25502 --- [           main] .PrePostAnnotationSecurityMetadataSource : Looking for Pre/Post annotations for method 'setType' on target class 'class org.springframework.boot.autoconfigure.jdbc.DataSourceProperties'
2022-12-24 22:10:31.225 TRACE 25502 --- [           main] .PrePostAnnotationSecurityMetadataSource : No expression annotations found
2022-12-24 22:10:31.225 TRACE 25502 --- [           main] .PrePostAnnotationSecurityMetadataSource : Looking for Pre/Post annotations for method 'setBeanClassLoader' on target class 'class org.springframework.boot.autoconfigure.jdbc.DataSourceProperties'
2022-12-24 22:10:31.225 TRACE 25502 --- [           main] .PrePostAnnotationSecurityMetadataSource : No expression annotations found
2022-12-24 22:10:31.225 TRACE 25502 --- [           main] .PrePostAnnotationSecurityMetadataSource : Looking for Pre/Post annotations for method 'afterPropertiesSet' on target class 'class org.springframework.boot.autoconfigure.jdbc.DataSourceProperties'
2022-12-24 22:10:31.225 TRACE 25502 --- [           main] .PrePostAnnotationSecurityMetadataSource : No expression annotations found
2022-12-24 22:10:31.226 TRACE 25502 --- [           main] s.a.ScheduledAnnotationBeanPostProcessor : No @Scheduled annotations found on bean class: class org.springframework.boot.autoconfigure.jdbc.DataSourceProperties
2022-12-24 22:10:31.227 TRACE 25502 --- [           main] o.s.b.f.s.DefaultListableBeanFactory     : Finished creating instance of bean 'spring.datasource-org.springframework.boot.autoconfigure.jdbc.DataSourceProperties'
2022-12-24 22:10:31.227 DEBUG 25502 --- [           main] o.s.b.f.s.DefaultListableBeanFactory     : Autowiring by type from bean name 'dataSource' via factory method to bean named 'spring.datasource-org.springframework.boot.autoconfigure.jdbc.DataSourceProperties'
2022-12-24 22:10:31.231 DEBUG 25502 --- [           main] com.zaxxer.hikari.HikariConfig           : Driver class com.mysql.cj.jdbc.Driver found in Thread context class loader jdk.internal.loader.ClassLoaders$AppClassLoader@5b37e0d2
2022-12-24 22:10:31.242 TRACE 25502 --- [           main] o.s.b.f.s.DefaultListableBeanFactory     : Eagerly caching bean 'dataSource' to allow for resolving potential circular references
2022-12-24 22:10:31.242 TRACE 25502 --- [           main] o.s.beans.CachedIntrospectionResults     : Getting BeanInfo for class [com.zaxxer.hikari.HikariDataSource]
2022-12-24 22:10:31.244 TRACE 25502 --- [           main] o.s.beans.CachedIntrospectionResults     : Caching PropertyDescriptors for class [com.zaxxer.hikari.HikariDataSource]
2022-12-24 22:10:31.245 TRACE 25502 --- [           main] o.s.beans.CachedIntrospectionResults     : Found bean property 'allowPoolSuspension' of type [boolean]
2022-12-24 22:10:31.245 TRACE 25502 --- [           main] o.s.beans.CachedIntrospectionResults     : Found bean property 'autoCommit' of type [boolean]
2022-12-24 22:10:31.245 TRACE 25502 --- [           main] o.s.beans.CachedIntrospectionResults     : Found bean property 'catalog' of type [java.lang.String]
2022-12-24 22:10:31.245 TRACE 25502 --- [           main] o.s.beans.CachedIntrospectionResults     : Found bean property 'class' of type [java.lang.Class]
2022-12-24 22:10:31.245 TRACE 25502 --- [           main] o.s.beans.CachedIntrospectionResults     : Found bean property 'closed' of type [boolean]
2022-12-24 22:10:31.245 TRACE 25502 --- [           main] o.s.beans.CachedIntrospectionResults     : Found bean property 'connection' of type [java.sql.Connection]
2022-12-24 22:10:31.245 TRACE 25502 --- [           main] o.s.beans.CachedIntrospectionResults     : Found bean property 'connectionInitSql' of type [java.lang.String]
2022-12-24 22:10:31.245 TRACE 25502 --- [           main] o.s.beans.CachedIntrospectionResults     : Found bean property 'connectionTestQuery' of type [java.lang.String]
2022-12-24 22:10:31.245 TRACE 25502 --- [           main] o.s.beans.CachedIntrospectionResults     : Found bean property 'connectionTimeout' of type [long]
2022-12-24 22:10:31.245 TRACE 25502 --- [           main] o.s.beans.CachedIntrospectionResults     : Found bean property 'dataSource' of type [javax.sql.DataSource]
2022-12-24 22:10:31.245 TRACE 25502 --- [           main] o.s.beans.CachedIntrospectionResults     : Found bean property 'dataSourceClassName' of type [java.lang.String]
2022-12-24 22:10:31.245 TRACE 25502 --- [           main] o.s.beans.CachedIntrospectionResults     : Found bean property 'dataSourceJNDI' of type [java.lang.String]
2022-12-24 22:10:31.245 TRACE 25502 --- [           main] o.s.beans.CachedIntrospectionResults     : Found bean property 'dataSourceProperties' of type [java.util.Properties]
2022-12-24 22:10:31.245 TRACE 25502 --- [           main] o.s.beans.CachedIntrospectionResults     : Found bean property 'driverClassName' of type [java.lang.String]
2022-12-24 22:10:31.245 TRACE 25502 --- [           main] o.s.beans.CachedIntrospectionResults     : Found bean property 'exceptionOverrideClassName' of type [java.lang.String]
2022-12-24 22:10:31.245 TRACE 25502 --- [           main] o.s.beans.CachedIntrospectionResults     : Found bean property 'healthCheckProperties' of type [java.util.Properties]
2022-12-24 22:10:31.245 TRACE 25502 --- [           main] o.s.beans.CachedIntrospectionResults     : Found bean property 'healthCheckRegistry' of type [java.lang.Object]
2022-12-24 22:10:31.245 TRACE 25502 --- [           main] o.s.beans.CachedIntrospectionResults     : Found bean property 'hikariConfigMXBean' of type [com.zaxxer.hikari.HikariConfigMXBean]
2022-12-24 22:10:31.245 TRACE 25502 --- [           main] o.s.beans.CachedIntrospectionResults     : Found bean property 'hikariPoolMXBean' of type [com.zaxxer.hikari.HikariPoolMXBean]
2022-12-24 22:10:31.246 TRACE 25502 --- [           main] o.s.beans.CachedIntrospectionResults     : Found bean property 'idleTimeout' of type [long]
2022-12-24 22:10:31.246 TRACE 25502 --- [           main] o.s.beans.CachedIntrospectionResults     : Found bean property 'initializationFailTimeout' of type [long]
2022-12-24 22:10:31.247 TRACE 25502 --- [           main] o.s.beans.CachedIntrospectionResults     : Found bean property 'isolateInternalQueries' of type [boolean]
2022-12-24 22:10:31.247 TRACE 25502 --- [           main] o.s.beans.CachedIntrospectionResults     : Found bean property 'jdbcUrl' of type [java.lang.String]
2022-12-24 22:10:31.247 TRACE 25502 --- [           main] o.s.beans.CachedIntrospectionResults     : Found bean property 'keepaliveTime' of type [long]
2022-12-24 22:10:31.247 TRACE 25502 --- [           main] o.s.beans.CachedIntrospectionResults     : Found bean property 'leakDetectionThreshold' of type [long]
2022-12-24 22:10:31.247 TRACE 25502 --- [           main] o.s.beans.CachedIntrospectionResults     : Found bean property 'logWriter' of type [java.io.PrintWriter]
2022-12-24 22:10:31.247 TRACE 25502 --- [           main] o.s.beans.CachedIntrospectionResults     : Found bean property 'loginTimeout' of type [int]
2022-12-24 22:10:31.247 TRACE 25502 --- [           main] o.s.beans.CachedIntrospectionResults     : Found bean property 'maxLifetime' of type [long]
2022-12-24 22:10:31.247 TRACE 25502 --- [           main] o.s.beans.CachedIntrospectionResults     : Found bean property 'maximumPoolSize' of type [int]
2022-12-24 22:10:31.247 TRACE 25502 --- [           main] o.s.beans.CachedIntrospectionResults     : Found bean property 'metricRegistry' of type [java.lang.Object]
2022-12-24 22:10:31.247 TRACE 25502 --- [           main] o.s.beans.CachedIntrospectionResults     : Found bean property 'metricsTrackerFactory' of type [com.zaxxer.hikari.metrics.MetricsTrackerFactory]
2022-12-24 22:10:31.248 TRACE 25502 --- [           main] o.s.beans.CachedIntrospectionResults     : Found bean property 'minimumIdle' of type [int]
2022-12-24 22:10:31.248 TRACE 25502 --- [           main] o.s.beans.CachedIntrospectionResults     : Found bean property 'parentLogger' of type [java.util.logging.Logger]
2022-12-24 22:10:31.248 TRACE 25502 --- [           main] o.s.beans.CachedIntrospectionResults     : Found bean property 'password' of type [java.lang.String]
2022-12-24 22:10:31.248 TRACE 25502 --- [           main] o.s.beans.CachedIntrospectionResults     : Found bean property 'poolName' of type [java.lang.String]
2022-12-24 22:10:31.248 TRACE 25502 --- [           main] o.s.beans.CachedIntrospectionResults     : Found bean property 'readOnly' of type [boolean]
2022-12-24 22:10:31.248 TRACE 25502 --- [           main] o.s.beans.CachedIntrospectionResults     : Found bean property 'registerMbeans' of type [boolean]
2022-12-24 22:10:31.248 TRACE 25502 --- [           main] o.s.beans.CachedIntrospectionResults     : Found bean property 'running' of type [boolean]
2022-12-24 22:10:31.248 TRACE 25502 --- [           main] o.s.beans.CachedIntrospectionResults     : Found bean property 'scheduledExecutor' of type [java.util.concurrent.ScheduledExecutorService]
2022-12-24 22:10:31.248 TRACE 25502 --- [           main] o.s.beans.CachedIntrospectionResults     : Found bean property 'schema' of type [java.lang.String]
2022-12-24 22:10:31.248 TRACE 25502 --- [           main] o.s.beans.CachedIntrospectionResults     : Found bean property 'threadFactory' of type [java.util.concurrent.ThreadFactory]
2022-12-24 22:10:31.248 TRACE 25502 --- [           main] o.s.beans.CachedIntrospectionResults     : Found bean property 'transactionIsolation' of type [java.lang.String]
2022-12-24 22:10:31.248 TRACE 25502 --- [           main] o.s.beans.CachedIntrospectionResults     : Found bean property 'username' of type [java.lang.String]
2022-12-24 22:10:31.248 TRACE 25502 --- [           main] o.s.beans.CachedIntrospectionResults     : Found bean property 'validationTimeout' of type [long]
2022-12-24 22:10:31.250 TRACE 25502 --- [           main] o.s.b.f.s.DefaultListableBeanFactory     : Returning cached instance of singleton bean 'org.springframework.boot.context.properties.BoundConfigurationProperties'
2022-12-24 22:10:31.261 TRACE 25502 --- [           main] o.s.b.f.s.DefaultListableBeanFactory     : Returning cached instance of singleton bean 'metaDataSourceAdvisor'
2022-12-24 22:10:31.261 TRACE 25502 --- [           main] o.s.b.f.s.DefaultListableBeanFactory     : Returning cached instance of singleton bean 'org.springframework.transaction.config.internalTransactionAdvisor'
2022-12-24 22:10:31.262 TRACE 25502 --- [           main] o.s.b.f.s.DefaultListableBeanFactory     : Returning cached instance of singleton bean 'metaDataSourceAdvisor'
2022-12-24 22:10:31.262 TRACE 25502 --- [           main] o.s.b.f.s.DefaultListableBeanFactory     : Returning cached instance of singleton bean 'org.springframework.transaction.config.internalTransactionAdvisor'
2022-12-24 22:10:31.262 TRACE 25502 --- [           main] .PrePostAnnotationSecurityMetadataSource : Looking for Pre/Post annotations for method 'toString' on target class 'class com.zaxxer.hikari.HikariDataSource'
2022-12-24 22:10:31.262 TRACE 25502 --- [           main] .PrePostAnnotationSecurityMetadataSource : No expression annotations found
2022-12-24 22:10:31.262 TRACE 25502 --- [           main] .PrePostAnnotationSecurityMetadataSource : Looking for Pre/Post annotations for method 'close' on target class 'class com.zaxxer.hikari.HikariDataSource'
2022-12-24 22:10:31.262 TRACE 25502 --- [           main] .PrePostAnnotationSecurityMetadataSource : No expression annotations found
2022-12-24 22:10:31.262 TRACE 25502 --- [           main] .PrePostAnnotationSecurityMetadataSource : Looking for Pre/Post annotations for method 'unwrap' on target class 'class com.zaxxer.hikari.HikariDataSource'
2022-12-24 22:10:31.262 TRACE 25502 --- [           main] .PrePostAnnotationSecurityMetadataSource : No expression annotations found
2022-12-24 22:10:31.262 TRACE 25502 --- [           main] .PrePostAnnotationSecurityMetadataSource : Looking for Pre/Post annotations for method 'isClosed' on target class 'class com.zaxxer.hikari.HikariDataSource'
2022-12-24 22:10:31.262 TRACE 25502 --- [           main] .PrePostAnnotationSecurityMetadataSource : No expression annotations found
2022-12-24 22:10:31.262 TRACE 25502 --- [           main] .PrePostAnnotationSecurityMetadataSource : Looking for Pre/Post annotations for method 'getLogWriter' on target class 'class com.zaxxer.hikari.HikariDataSource'
2022-12-24 22:10:31.262 TRACE 25502 --- [           main] .PrePostAnnotationSecurityMetadataSource : No expression annotations found
2022-12-24 22:10:31.262 TRACE 25502 --- [           main] .PrePostAnnotationSecurityMetadataSource : Looking for Pre/Post annotations for method 'setLogWriter' on target class 'class com.zaxxer.hikari.HikariDataSource'
2022-12-24 22:10:31.262 TRACE 25502 --- [           main] .PrePostAnnotationSecurityMetadataSource : No expression annotations found
2022-12-24 22:10:31.263 TRACE 25502 --- [           main] .PrePostAnnotationSecurityMetadataSource : Looking for Pre/Post annotations for method 'setLoginTimeout' on target class 'class com.zaxxer.hikari.HikariDataSource'
2022-12-24 22:10:31.263 TRACE 25502 --- [           main] .PrePostAnnotationSecurityMetadataSource : No expression annotations found
2022-12-24 22:10:31.263 TRACE 25502 --- [           main] .PrePostAnnotationSecurityMetadataSource : Looking for Pre/Post annotations for method 'getLoginTimeout' on target class 'class com.zaxxer.hikari.HikariDataSource'
2022-12-24 22:10:31.263 TRACE 25502 --- [           main] .PrePostAnnotationSecurityMetadataSource : No expression annotations found
2022-12-24 22:10:31.263 TRACE 25502 --- [           main] .PrePostAnnotationSecurityMetadataSource : Looking for Pre/Post annotations for method 'getParentLogger' on target class 'class com.zaxxer.hikari.HikariDataSource'
2022-12-24 22:10:31.263 TRACE 25502 --- [           main] .PrePostAnnotationSecurityMetadataSource : No expression annotations found
2022-12-24 22:10:31.263 TRACE 25502 --- [           main] .PrePostAnnotationSecurityMetadataSource : Looking for Pre/Post annotations for method 'isWrapperFor' on target class 'class com.zaxxer.hikari.HikariDataSource'
2022-12-24 22:10:31.263 TRACE 25502 --- [           main] .PrePostAnnotationSecurityMetadataSource : No expression annotations found
2022-12-24 22:10:31.263 TRACE 25502 --- [           main] .PrePostAnnotationSecurityMetadataSource : Looking for Pre/Post annotations for method 'setMetricRegistry' on target class 'class com.zaxxer.hikari.HikariDataSource'
2022-12-24 22:10:31.263 TRACE 25502 --- [           main] .PrePostAnnotationSecurityMetadataSource : No expression annotations found
2022-12-24 22:10:31.263 TRACE 25502 --- [           main] .PrePostAnnotationSecurityMetadataSource : Looking for Pre/Post annotations for method 'setMetricsTrackerFactory' on target class 'class com.zaxxer.hikari.HikariDataSource'
2022-12-24 22:10:31.263 TRACE 25502 --- [           main] .PrePostAnnotationSecurityMetadataSource : No expression annotations found
2022-12-24 22:10:31.263 TRACE 25502 --- [           main] .PrePostAnnotationSecurityMetadataSource : Looking for Pre/Post annotations for method 'setHealthCheckRegistry' on target class 'class com.zaxxer.hikari.HikariDataSource'
2022-12-24 22:10:31.263 TRACE 25502 --- [           main] .PrePostAnnotationSecurityMetadataSource : No expression annotations found
2022-12-24 22:10:31.263 TRACE 25502 --- [           main] .PrePostAnnotationSecurityMetadataSource : Looking for Pre/Post annotations for method 'getHikariPoolMXBean' on target class 'class com.zaxxer.hikari.HikariDataSource'
2022-12-24 22:10:31.263 TRACE 25502 --- [           main] .PrePostAnnotationSecurityMetadataSource : No expression annotations found
2022-12-24 22:10:31.263 TRACE 25502 --- [           main] .PrePostAnnotationSecurityMetadataSource : Looking for Pre/Post annotations for method 'getHikariConfigMXBean' on target class 'class com.zaxxer.hikari.HikariDataSource'
2022-12-24 22:10:31.263 TRACE 25502 --- [           main] .PrePostAnnotationSecurityMetadataSource : No expression annotations found
2022-12-24 22:10:31.263 TRACE 25502 --- [           main] .PrePostAnnotationSecurityMetadataSource : Looking for Pre/Post annotations for method 'evictConnection' on target class 'class com.zaxxer.hikari.HikariDataSource'
2022-12-24 22:10:31.264 TRACE 25502 --- [           main] .PrePostAnnotationSecurityMetadataSource : No expression annotations found
2022-12-24 22:10:31.264 TRACE 25502 --- [           main] .PrePostAnnotationSecurityMetadataSource : Looking for Pre/Post annotations for method 'isRunning' on target class 'class com.zaxxer.hikari.HikariDataSource'
2022-12-24 22:10:31.264 TRACE 25502 --- [           main] .PrePostAnnotationSecurityMetadataSource : No expression annotations found
2022-12-24 22:10:31.264 TRACE 25502 --- [           main] .PrePostAnnotationSecurityMetadataSource : Looking for Pre/Post annotations for method 'getConnection' on target class 'class com.zaxxer.hikari.HikariDataSource'
2022-12-24 22:10:31.264 TRACE 25502 --- [           main] .PrePostAnnotationSecurityMetadataSource : No expression annotations found
2022-12-24 22:10:31.264 TRACE 25502 --- [           main] .PrePostAnnotationSecurityMetadataSource : Looking for Pre/Post annotations for method 'getConnection' on target class 'class com.zaxxer.hikari.HikariDataSource'
2022-12-24 22:10:31.264 TRACE 25502 --- [           main] .PrePostAnnotationSecurityMetadataSource : No expression annotations found
2022-12-24 22:10:31.264 TRACE 25502 --- [           main] .PrePostAnnotationSecurityMetadataSource : Looking for Pre/Post annotations for method 'createConnectionBuilder' on target class 'class com.zaxxer.hikari.HikariDataSource'
2022-12-24 22:10:31.264 TRACE 25502 --- [           main] .PrePostAnnotationSecurityMetadataSource : No expression annotations found
2022-12-24 22:10:31.264 TRACE 25502 --- [           main] .PrePostAnnotationSecurityMetadataSource : Looking for Pre/Post annotations for method 'createShardingKeyBuilder' on target class 'class com.zaxxer.hikari.HikariDataSource'
2022-12-24 22:10:31.264 TRACE 25502 --- [           main] .PrePostAnnotationSecurityMetadataSource : No expression annotations found
2022-12-24 22:10:31.264 TRACE 25502 --- [           main] .PrePostAnnotationSecurityMetadataSource : Looking for Pre/Post annotations for method 'validate' on target class 'class com.zaxxer.hikari.HikariDataSource'
2022-12-24 22:10:31.264 TRACE 25502 --- [           main] .PrePostAnnotationSecurityMetadataSource : No expression annotations found
2022-12-24 22:10:31.264 TRACE 25502 --- [           main] .PrePostAnnotationSecurityMetadataSource : Looking for Pre/Post annotations for method 'setReadOnly' on target class 'class com.zaxxer.hikari.HikariDataSource'
2022-12-24 22:10:31.264 TRACE 25502 --- [           main] .PrePostAnnotationSecurityMetadataSource : No expression annotations found
2022-12-24 22:10:31.265 TRACE 25502 --- [           main] .PrePostAnnotationSecurityMetadataSource : Looking for Pre/Post annotations for method 'isReadOnly' on target class 'class com.zaxxer.hikari.HikariDataSource'
2022-12-24 22:10:31.265 TRACE 25502 --- [           main] .PrePostAnnotationSecurityMetadataSource : No expression annotations found
2022-12-24 22:10:31.265 TRACE 25502 --- [           main] .PrePostAnnotationSecurityMetadataSource : Looking for Pre/Post annotations for method 'getInitializationFailTimeout' on target class 'class com.zaxxer.hikari.HikariDataSource'
2022-12-24 22:10:31.265 TRACE 25502 --- [           main] .PrePostAnnotationSecurityMetadataSource : No expression annotations found
2022-12-24 22:10:31.265 TRACE 25502 --- [           main] .PrePostAnnotationSecurityMetadataSource : Looking for Pre/Post annotations for method 'setInitializationFailTimeout' on target class 'class com.zaxxer.hikari.HikariDataSource'
2022-12-24 22:10:31.265 TRACE 25502 --- [           main] .PrePostAnnotationSecurityMetadataSource : No expression annotations found
2022-12-24 22:10:31.265 TRACE 25502 --- [           main] .PrePostAnnotationSecurityMetadataSource : Looking for Pre/Post annotations for method 'getExceptionOverrideClassName' on target class 'class com.zaxxer.hikari.HikariDataSource'
2022-12-24 22:10:31.265 TRACE 25502 --- [           main] .PrePostAnnotationSecurityMetadataSource : No expression annotations found
2022-12-24 22:10:31.265 TRACE 25502 --- [           main] .PrePostAnnotationSecurityMetadataSource : Looking for Pre/Post annotations for method 'setExceptionOverrideClassName' on target class 'class com.zaxxer.hikari.HikariDataSource'
2022-12-24 22:10:31.265 TRACE 25502 --- [           main] .PrePostAnnotationSecurityMetadataSource : No expression annotations found
2022-12-24 22:10:31.265 TRACE 25502 --- [           main] .PrePostAnnotationSecurityMetadataSource : Looking for Pre/Post annotations for method 'getObjectOrPerformJndiLookup' on target class 'class com.zaxxer.hikari.HikariDataSource'
2022-12-24 22:10:31.265 TRACE 25502 --- [           main] .PrePostAnnotationSecurityMetadataSource : No expression annotations found
2022-12-24 22:10:31.265 TRACE 25502 --- [           main] .PrePostAnnotationSecurityMetadataSource : Looking for Pre/Post annotations for method 'setSchema' on target class 'class com.zaxxer.hikari.HikariDataSource'
2022-12-24 22:10:31.265 TRACE 25502 --- [           main] .PrePostAnnotationSecurityMetadataSource : No expression annotations found
2022-12-24 22:10:31.265 TRACE 25502 --- [           main] .PrePostAnnotationSecurityMetadataSource : Looking for Pre/Post annotations for method 'getSchema' on target class 'class com.zaxxer.hikari.HikariDataSource'
2022-12-24 22:10:31.266 TRACE 25502 --- [           main] .PrePostAnnotationSecurityMetadataSource : No expression annotations found
2022-12-24 22:10:31.266 TRACE 25502 --- [           main] .PrePostAnnotationSecurityMetadataSource : Looking for Pre/Post annotations for method 'getJdbcUrl' on target class 'class com.zaxxer.hikari.HikariDataSource'
2022-12-24 22:10:31.266 TRACE 25502 --- [           main] .PrePostAnnotationSecurityMetadataSource : No expression annotations found
2022-12-24 22:10:31.266 TRACE 25502 --- [           main] .PrePostAnnotationSecurityMetadataSource : Looking for Pre/Post annotations for method 'setJdbcUrl' on target class 'class com.zaxxer.hikari.HikariDataSource'
2022-12-24 22:10:31.266 TRACE 25502 --- [           main] .PrePostAnnotationSecurityMetadataSource : No expression annotations found
2022-12-24 22:10:31.266 TRACE 25502 --- [           main] .PrePostAnnotationSecurityMetadataSource : Looking for Pre/Post annotations for method 'seal' on target class 'class com.zaxxer.hikari.HikariDataSource'
2022-12-24 22:10:31.266 TRACE 25502 --- [           main] .PrePostAnnotationSecurityMetadataSource : No expression annotations found
2022-12-24 22:10:31.266 TRACE 25502 --- [           main] .PrePostAnnotationSecurityMetadataSource : Looking for Pre/Post annotations for method 'getCatalog' on target class 'class com.zaxxer.hikari.HikariDataSource'
2022-12-24 22:10:31.266 TRACE 25502 --- [           main] .PrePostAnnotationSecurityMetadataSource : No expression annotations found
2022-12-24 22:10:31.266 TRACE 25502 --- [           main] .PrePostAnnotationSecurityMetadataSource : Looking for Pre/Post annotations for method 'setCatalog' on target class 'class com.zaxxer.hikari.HikariDataSource'
2022-12-24 22:10:31.266 TRACE 25502 --- [           main] .PrePostAnnotationSecurityMetadataSource : No expression annotations found
2022-12-24 22:10:31.266 TRACE 25502 --- [           main] .PrePostAnnotationSecurityMetadataSource : Looking for Pre/Post annotations for method 'setMaximumPoolSize' on target class 'class com.zaxxer.hikari.HikariDataSource'
2022-12-24 22:10:31.266 TRACE 25502 --- [           main] .PrePostAnnotationSecurityMetadataSource : No expression annotations found
2022-12-24 22:10:31.266 TRACE 25502 --- [           main] .PrePostAnnotationSecurityMetadataSource : Looking for Pre/Post annotations for method 'loadProperties' on target class 'class com.zaxxer.hikari.HikariDataSource'
2022-12-24 22:10:31.266 TRACE 25502 --- [           main] .PrePostAnnotationSecurityMetadataSource : No expression annotations found
2022-12-24 22:10:31.266 TRACE 25502 --- [           main] .PrePostAnnotationSecurityMetadataSource : Looking for Pre/Post annotations for method 'getDataSource' on target class 'class com.zaxxer.hikari.HikariDataSource'
2022-12-24 22:10:31.266 TRACE 25502 --- [           main] .PrePostAnnotationSecurityMetadataSource : No expression annotations found
2022-12-24 22:10:31.266 TRACE 25502 --- [           main] .PrePostAnnotationSecurityMetadataSource : Looking for Pre/Post annotations for method 'isRegisterMbeans' on target class 'class com.zaxxer.hikari.HikariDataSource'
2022-12-24 22:10:31.266 TRACE 25502 --- [           main] .PrePostAnnotationSecurityMetadataSource : No expression annotations found
2022-12-24 22:10:31.267 TRACE 25502 --- [           main] .PrePostAnnotationSecurityMetadataSource : Looking for Pre/Post annotations for method 'isAllowPoolSuspension' on target class 'class com.zaxxer.hikari.HikariDataSource'
2022-12-24 22:10:31.267 TRACE 25502 --- [           main] .PrePostAnnotationSecurityMetadataSource : No expression annotations found
2022-12-24 22:10:31.267 TRACE 25502 --- [           main] .PrePostAnnotationSecurityMetadataSource : Looking for Pre/Post annotations for method 'setDataSource' on target class 'class com.zaxxer.hikari.HikariDataSource'
2022-12-24 22:10:31.267 TRACE 25502 --- [           main] .PrePostAnnotationSecurityMetadataSource : No expression annotations found
2022-12-24 22:10:31.267 TRACE 25502 --- [           main] .PrePostAnnotationSecurityMetadataSource : Looking for Pre/Post annotations for method 'getScheduledExecutor' on target class 'class com.zaxxer.hikari.HikariDataSource'
2022-12-24 22:10:31.267 TRACE 25502 --- [           main] .PrePostAnnotationSecurityMetadataSource : No expression annotations found
2022-12-24 22:10:31.267 TRACE 25502 --- [           main] .PrePostAnnotationSecurityMetadataSource : Looking for Pre/Post annotations for method 'getUsername' on target class 'class com.zaxxer.hikari.HikariDataSource'
2022-12-24 22:10:31.267 TRACE 25502 --- [           main] .PrePostAnnotationSecurityMetadataSource : No expression annotations found
2022-12-24 22:10:31.267 TRACE 25502 --- [           main] .PrePostAnnotationSecurityMetadataSource : Looking for Pre/Post annotations for method 'setDriverClassName' on target class 'class com.zaxxer.hikari.HikariDataSource'
2022-12-24 22:10:31.267 TRACE 25502 --- [           main] .PrePostAnnotationSecurityMetadataSource : No expression annotations found
2022-12-24 22:10:31.267 TRACE 25502 --- [           main] .PrePostAnnotationSecurityMetadataSource : Looking for Pre/Post annotations for method 'setMetricRegistry' on target class 'class com.zaxxer.hikari.HikariDataSource'
2022-12-24 22:10:31.267 TRACE 25502 --- [           main] .PrePostAnnotationSecurityMetadataSource : No expression annotations found
2022-12-24 22:10:31.267 TRACE 25502 --- [           main] .PrePostAnnotationSecurityMetadataSource : Looking for Pre/Post annotations for method 'setMetricsTrackerFactory' on target class 'class com.zaxxer.hikari.HikariDataSource'
2022-12-24 22:10:31.267 TRACE 25502 --- [           main] .PrePostAnnotationSecurityMetadataSource : No expression annotations found
2022-12-24 22:10:31.267 TRACE 25502 --- [           main] .PrePostAnnotationSecurityMetadataSource : Looking for Pre/Post annotations for method 'setHealthCheckRegistry' on target class 'class com.zaxxer.hikari.HikariDataSource'
2022-12-24 22:10:31.267 TRACE 25502 --- [           main] .PrePostAnnotationSecurityMetadataSource : No expression annotations found
2022-12-24 22:10:31.267 TRACE 25502 --- [           main] .PrePostAnnotationSecurityMetadataSource : Looking for Pre/Post annotations for method 'copyStateTo' on target class 'class com.zaxxer.hikari.HikariDataSource'
2022-12-24 22:10:31.267 TRACE 25502 --- [           main] .PrePostAnnotationSecurityMetadataSource : No expression annotations found
2022-12-24 22:10:31.267 TRACE 25502 --- [           main] .PrePostAnnotationSecurityMetadataSource : Looking for Pre/Post annotations for method 'getPoolName' on target class 'class com.zaxxer.hikari.HikariDataSource'
2022-12-24 22:10:31.267 TRACE 25502 --- [           main] .PrePostAnnotationSecurityMetadataSource : No expression annotations found
2022-12-24 22:10:31.267 TRACE 25502 --- [           main] .PrePostAnnotationSecurityMetadataSource : Looking for Pre/Post annotations for method 'getMetricRegistry' on target class 'class com.zaxxer.hikari.HikariDataSource'
2022-12-24 22:10:31.267 TRACE 25502 --- [           main] .PrePostAnnotationSecurityMetadataSource : No expression annotations found
2022-12-24 22:10:31.267 TRACE 25502 --- [           main] .PrePostAnnotationSecurityMetadataSource : Looking for Pre/Post annotations for method 'getMetricsTrackerFactory' on target class 'class com.zaxxer.hikari.HikariDataSource'
2022-12-24 22:10:31.268 TRACE 25502 --- [           main] .PrePostAnnotationSecurityMetadataSource : No expression annotations found
2022-12-24 22:10:31.268 TRACE 25502 --- [           main] .PrePostAnnotationSecurityMetadataSource : Looking for Pre/Post annotations for method 'getHealthCheckRegistry' on target class 'class com.zaxxer.hikari.HikariDataSource'
2022-12-24 22:10:31.268 TRACE 25502 --- [           main] .PrePostAnnotationSecurityMetadataSource : No expression annotations found
2022-12-24 22:10:31.268 TRACE 25502 --- [           main] .PrePostAnnotationSecurityMetadataSource : Looking for Pre/Post annotations for method 'getDriverClassName' on target class 'class com.zaxxer.hikari.HikariDataSource'
2022-12-24 22:10:31.268 TRACE 25502 --- [           main] .PrePostAnnotationSecurityMetadataSource : No expression annotations found
2022-12-24 22:10:31.268 TRACE 25502 --- [           main] .PrePostAnnotationSecurityMetadataSource : Looking for Pre/Post annotations for method 'setUsername' on target class 'class com.zaxxer.hikari.HikariDataSource'
2022-12-24 22:10:31.268 TRACE 25502 --- [           main] .PrePostAnnotationSecurityMetadataSource : No expression annotations found
2022-12-24 22:10:31.268 TRACE 25502 --- [           main] .PrePostAnnotationSecurityMetadataSource : Looking for Pre/Post annotations for method 'getPassword' on target class 'class com.zaxxer.hikari.HikariDataSource'
2022-12-24 22:10:31.268 TRACE 25502 --- [           main] .PrePostAnnotationSecurityMetadataSource : No expression annotations found
2022-12-24 22:10:31.268 TRACE 25502 --- [           main] .PrePostAnnotationSecurityMetadataSource : Looking for Pre/Post annotations for method 'setPassword' on target class 'class com.zaxxer.hikari.HikariDataSource'
2022-12-24 22:10:31.268 TRACE 25502 --- [           main] .PrePostAnnotationSecurityMetadataSource : No expression annotations found
2022-12-24 22:10:31.268 TRACE 25502 --- [           main] .PrePostAnnotationSecurityMetadataSource : Looking for Pre/Post annotations for method 'isAutoCommit' on target class 'class com.zaxxer.hikari.HikariDataSource'
2022-12-24 22:10:31.268 TRACE 25502 --- [           main] .PrePostAnnotationSecurityMetadataSource : No expression annotations found
2022-12-24 22:10:31.268 TRACE 25502 --- [           main] .PrePostAnnotationSecurityMetadataSource : Looking for Pre/Post annotations for method 'isIsolateInternalQueries' on target class 'class com.zaxxer.hikari.HikariDataSource'
2022-12-24 22:10:31.268 TRACE 25502 --- [           main] .PrePostAnnotationSecurityMetadataSource : No expression annotations found
2022-12-24 22:10:31.268 TRACE 25502 --- [           main] .PrePostAnnotationSecurityMetadataSource : Looking for Pre/Post annotations for method 'getConnectionTimeout' on target class 'class com.zaxxer.hikari.HikariDataSource'
2022-12-24 22:10:31.268 TRACE 25502 --- [           main] .PrePostAnnotationSecurityMetadataSource : No expression annotations found
2022-12-24 22:10:31.268 TRACE 25502 --- [           main] .PrePostAnnotationSecurityMetadataSource : Looking for Pre/Post annotations for method 'setConnectionTimeout' on target class 'class com.zaxxer.hikari.HikariDataSource'
2022-12-24 22:10:31.268 TRACE 25502 --- [           main] .PrePostAnnotationSecurityMetadataSource : No expression annotations found
2022-12-24 22:10:31.268 TRACE 25502 --- [           main] .PrePostAnnotationSecurityMetadataSource : Looking for Pre/Post annotations for method 'getIdleTimeout' on target class 'class com.zaxxer.hikari.HikariDataSource'
2022-12-24 22:10:31.268 TRACE 25502 --- [           main] .PrePostAnnotationSecurityMetadataSource : No expression annotations found
2022-12-24 22:10:31.268 TRACE 25502 --- [           main] .PrePostAnnotationSecurityMetadataSource : Looking for Pre/Post annotations for method 'setIdleTimeout' on target class 'class com.zaxxer.hikari.HikariDataSource'
2022-12-24 22:10:31.268 TRACE 25502 --- [           main] .PrePostAnnotationSecurityMetadataSource : No expression annotations found
2022-12-24 22:10:31.268 TRACE 25502 --- [           main] .PrePostAnnotationSecurityMetadataSource : Looking for Pre/Post annotations for method 'getLeakDetectionThreshold' on target class 'class com.zaxxer.hikari.HikariDataSource'
2022-12-24 22:10:31.268 TRACE 25502 --- [           main] .PrePostAnnotationSecurityMetadataSource : No expression annotations found
2022-12-24 22:10:31.268 TRACE 25502 --- [           main] .PrePostAnnotationSecurityMetadataSource : Looking for Pre/Post annotations for method 'setLeakDetectionThreshold' on target class 'class com.zaxxer.hikari.HikariDataSource'
2022-12-24 22:10:31.268 TRACE 25502 --- [           main] .PrePostAnnotationSecurityMetadataSource : No expression annotations found
2022-12-24 22:10:31.268 TRACE 25502 --- [           main] .PrePostAnnotationSecurityMetadataSource : Looking for Pre/Post annotations for method 'getMaxLifetime' on target class 'class com.zaxxer.hikari.HikariDataSource'
2022-12-24 22:10:31.269 TRACE 25502 --- [           main] .PrePostAnnotationSecurityMetadataSource : No expression annotations found
2022-12-24 22:10:31.269 TRACE 25502 --- [           main] .PrePostAnnotationSecurityMetadataSource : Looking for Pre/Post annotations for method 'setMaxLifetime' on target class 'class com.zaxxer.hikari.HikariDataSource'
2022-12-24 22:10:31.269 TRACE 25502 --- [           main] .PrePostAnnotationSecurityMetadataSource : No expression annotations found
2022-12-24 22:10:31.269 TRACE 25502 --- [           main] .PrePostAnnotationSecurityMetadataSource : Looking for Pre/Post annotations for method 'getMinimumIdle' on target class 'class com.zaxxer.hikari.HikariDataSource'
2022-12-24 22:10:31.269 TRACE 25502 --- [           main] .PrePostAnnotationSecurityMetadataSource : No expression annotations found
2022-12-24 22:10:31.269 TRACE 25502 --- [           main] .PrePostAnnotationSecurityMetadataSource : Looking for Pre/Post annotations for method 'setMinimumIdle' on target class 'class com.zaxxer.hikari.HikariDataSource'
2022-12-24 22:10:31.269 TRACE 25502 --- [           main] .PrePostAnnotationSecurityMetadataSource : No expression annotations found
2022-12-24 22:10:31.269 TRACE 25502 --- [           main] .PrePostAnnotationSecurityMetadataSource : Looking for Pre/Post annotations for method 'getValidationTimeout' on target class 'class com.zaxxer.hikari.HikariDataSource'
2022-12-24 22:10:31.269 TRACE 25502 --- [           main] .PrePostAnnotationSecurityMetadataSource : No expression annotations found
2022-12-24 22:10:31.269 TRACE 25502 --- [           main] .PrePostAnnotationSecurityMetadataSource : Looking for Pre/Post annotations for method 'setValidationTimeout' on target class 'class com.zaxxer.hikari.HikariDataSource'
2022-12-24 22:10:31.269 TRACE 25502 --- [           main] .PrePostAnnotationSecurityMetadataSource : No expression annotations found
2022-12-24 22:10:31.269 TRACE 25502 --- [           main] .PrePostAnnotationSecurityMetadataSource : Looking for Pre/Post annotations for method 'getConnectionTestQuery' on target class 'class com.zaxxer.hikari.HikariDataSource'
2022-12-24 22:10:31.269 TRACE 25502 --- [           main] .PrePostAnnotationSecurityMetadataSource : No expression annotations found
2022-12-24 22:10:31.269 TRACE 25502 --- [           main] .PrePostAnnotationSecurityMetadataSource : Looking for Pre/Post annotations for method 'setConnectionTestQuery' on target class 'class com.zaxxer.hikari.HikariDataSource'
2022-12-24 22:10:31.269 TRACE 25502 --- [           main] .PrePostAnnotationSecurityMetadataSource : No expression annotations found
2022-12-24 22:10:31.269 TRACE 25502 --- [           main] .PrePostAnnotationSecurityMetadataSource : Looking for Pre/Post annotations for method 'getConnectionInitSql' on target class 'class com.zaxxer.hikari.HikariDataSource'
2022-12-24 22:10:31.269 TRACE 25502 --- [           main] .PrePostAnnotationSecurityMetadataSource : No expression annotations found
2022-12-24 22:10:31.269 TRACE 25502 --- [           main] .PrePostAnnotationSecurityMetadataSource : Looking for Pre/Post annotations for method 'setConnectionInitSql' on target class 'class com.zaxxer.hikari.HikariDataSource'
2022-12-24 22:10:31.269 TRACE 25502 --- [           main] .PrePostAnnotationSecurityMetadataSource : No expression annotations found
2022-12-24 22:10:31.269 TRACE 25502 --- [           main] .PrePostAnnotationSecurityMetadataSource : Looking for Pre/Post annotations for method 'getDataSourceClassName' on target class 'class com.zaxxer.hikari.HikariDataSource'
2022-12-24 22:10:31.269 TRACE 25502 --- [           main] .PrePostAnnotationSecurityMetadataSource : No expression annotations found
2022-12-24 22:10:31.269 TRACE 25502 --- [           main] .PrePostAnnotationSecurityMetadataSource : Looking for Pre/Post annotations for method 'setDataSourceClassName' on target class 'class com.zaxxer.hikari.HikariDataSource'
2022-12-24 22:10:31.269 TRACE 25502 --- [           main] .PrePostAnnotationSecurityMetadataSource : No expression annotations found
2022-12-24 22:10:31.269 TRACE 25502 --- [           main] .PrePostAnnotationSecurityMetadataSource : Looking for Pre/Post annotations for method 'addDataSourceProperty' on target class 'class com.zaxxer.hikari.HikariDataSource'
2022-12-24 22:10:31.269 TRACE 25502 --- [           main] .PrePostAnnotationSecurityMetadataSource : No expression annotations found
2022-12-24 22:10:31.270 TRACE 25502 --- [           main] .PrePostAnnotationSecurityMetadataSource : Looking for Pre/Post annotations for method 'getDataSourceJNDI' on target class 'class com.zaxxer.hikari.HikariDataSource'
2022-12-24 22:10:31.270 TRACE 25502 --- [           main] .PrePostAnnotationSecurityMetadataSource : No expression annotations found
2022-12-24 22:10:31.270 TRACE 25502 --- [           main] .PrePostAnnotationSecurityMetadataSource : Looking for Pre/Post annotations for method 'setDataSourceJNDI' on target class 'class com.zaxxer.hikari.HikariDataSource'
2022-12-24 22:10:31.270 TRACE 25502 --- [           main] .PrePostAnnotationSecurityMetadataSource : No expression annotations found
2022-12-24 22:10:31.270 TRACE 25502 --- [           main] .PrePostAnnotationSecurityMetadataSource : Looking for Pre/Post annotations for method 'getDataSourceProperties' on target class 'class com.zaxxer.hikari.HikariDataSource'
2022-12-24 22:10:31.270 TRACE 25502 --- [           main] .PrePostAnnotationSecurityMetadataSource : No expression annotations found
2022-12-24 22:10:31.270 TRACE 25502 --- [           main] .PrePostAnnotationSecurityMetadataSource : Looking for Pre/Post annotations for method 'setDataSourceProperties' on target class 'class com.zaxxer.hikari.HikariDataSource'
2022-12-24 22:10:31.270 TRACE 25502 --- [           main] .PrePostAnnotationSecurityMetadataSource : No expression annotations found
2022-12-24 22:10:31.270 TRACE 25502 --- [           main] .PrePostAnnotationSecurityMetadataSource : Looking for Pre/Post annotations for method 'setAutoCommit' on target class 'class com.zaxxer.hikari.HikariDataSource'
2022-12-24 22:10:31.270 TRACE 25502 --- [           main] .PrePostAnnotationSecurityMetadataSource : No expression annotations found
2022-12-24 22:10:31.270 TRACE 25502 --- [           main] .PrePostAnnotationSecurityMetadataSource : Looking for Pre/Post annotations for method 'setAllowPoolSuspension' on target class 'class com.zaxxer.hikari.HikariDataSource'
2022-12-24 22:10:31.270 TRACE 25502 --- [           main] .PrePostAnnotationSecurityMetadataSource : No expression annotations found
2022-12-24 22:10:31.270 TRACE 25502 --- [           main] .PrePostAnnotationSecurityMetadataSource : Looking for Pre/Post annotations for method 'setIsolateInternalQueries' on target class 'class com.zaxxer.hikari.HikariDataSource'
2022-12-24 22:10:31.270 TRACE 25502 --- [           main] .PrePostAnnotationSecurityMetadataSource : No expression annotations found
2022-12-24 22:10:31.270 TRACE 25502 --- [           main] .PrePostAnnotationSecurityMetadataSource : Looking for Pre/Post annotations for method 'getHealthCheckProperties' on target class 'class com.zaxxer.hikari.HikariDataSource'
2022-12-24 22:10:31.271 TRACE 25502 --- [           main] .PrePostAnnotationSecurityMetadataSource : No expression annotations found
2022-12-24 22:10:31.271 TRACE 25502 --- [           main] .PrePostAnnotationSecurityMetadataSource : Looking for Pre/Post annotations for method 'setHealthCheckProperties' on target class 'class com.zaxxer.hikari.HikariDataSource'
2022-12-24 22:10:31.271 TRACE 25502 --- [           main] .PrePostAnnotationSecurityMetadataSource : No expression annotations found
2022-12-24 22:10:31.271 TRACE 25502 --- [           main] .PrePostAnnotationSecurityMetadataSource : Looking for Pre/Post annotations for method 'addHealthCheckProperty' on target class 'class com.zaxxer.hikari.HikariDataSource'
2022-12-24 22:10:31.271 TRACE 25502 --- [           main] .PrePostAnnotationSecurityMetadataSource : No expression annotations found
2022-12-24 22:10:31.271 TRACE 25502 --- [           main] .PrePostAnnotationSecurityMetadataSource : Looking for Pre/Post annotations for method 'getKeepaliveTime' on target class 'class com.zaxxer.hikari.HikariDataSource'
2022-12-24 22:10:31.271 TRACE 25502 --- [           main] .PrePostAnnotationSecurityMetadataSource : No expression annotations found
2022-12-24 22:10:31.271 TRACE 25502 --- [           main] .PrePostAnnotationSecurityMetadataSource : Looking for Pre/Post annotations for method 'setKeepaliveTime' on target class 'class com.zaxxer.hikari.HikariDataSource'
2022-12-24 22:10:31.271 TRACE 25502 --- [           main] .PrePostAnnotationSecurityMetadataSource : No expression annotations found
2022-12-24 22:10:31.271 TRACE 25502 --- [           main] .PrePostAnnotationSecurityMetadataSource : Looking for Pre/Post annotations for method 'setRegisterMbeans' on target class 'class com.zaxxer.hikari.HikariDataSource'
2022-12-24 22:10:31.271 TRACE 25502 --- [           main] .PrePostAnnotationSecurityMetadataSource : No expression annotations found
2022-12-24 22:10:31.271 TRACE 25502 --- [           main] .PrePostAnnotationSecurityMetadataSource : Looking for Pre/Post annotations for method 'setPoolName' on target class 'class com.zaxxer.hikari.HikariDataSource'
2022-12-24 22:10:31.271 TRACE 25502 --- [           main] .PrePostAnnotationSecurityMetadataSource : No expression annotations found
2022-12-24 22:10:31.271 TRACE 25502 --- [           main] .PrePostAnnotationSecurityMetadataSource : Looking for Pre/Post annotations for method 'setScheduledExecutor' on target class 'class com.zaxxer.hikari.HikariDataSource'
2022-12-24 22:10:31.271 TRACE 25502 --- [           main] .PrePostAnnotationSecurityMetadataSource : No expression annotations found
2022-12-24 22:10:31.271 TRACE 25502 --- [           main] .PrePostAnnotationSecurityMetadataSource : Looking for Pre/Post annotations for method 'getTransactionIsolation' on target class 'class com.zaxxer.hikari.HikariDataSource'
2022-12-24 22:10:31.271 TRACE 25502 --- [           main] .PrePostAnnotationSecurityMetadataSource : No expression annotations found
2022-12-24 22:10:31.271 TRACE 25502 --- [           main] .PrePostAnnotationSecurityMetadataSource : Looking for Pre/Post annotations for method 'setTransactionIsolation' on target class 'class com.zaxxer.hikari.HikariDataSource'
2022-12-24 22:10:31.271 TRACE 25502 --- [           main] .PrePostAnnotationSecurityMetadataSource : No expression annotations found
2022-12-24 22:10:31.271 TRACE 25502 --- [           main] .PrePostAnnotationSecurityMetadataSource : Looking for Pre/Post annotations for method 'attemptFromContextLoader' on target class 'class com.zaxxer.hikari.HikariDataSource'
2022-12-24 22:10:31.272 TRACE 25502 --- [           main] .PrePostAnnotationSecurityMetadataSource : No expression annotations found
2022-12-24 22:10:31.272 TRACE 25502 --- [           main] .PrePostAnnotationSecurityMetadataSource : Looking for Pre/Post annotations for method 'validateNumerics' on target class 'class com.zaxxer.hikari.HikariDataSource'
2022-12-24 22:10:31.272 TRACE 25502 --- [           main] .PrePostAnnotationSecurityMetadataSource : No expression annotations found
2022-12-24 22:10:31.272 TRACE 25502 --- [           main] .PrePostAnnotationSecurityMetadataSource : Looking for Pre/Post annotations for method 'checkIfSealed' on target class 'class com.zaxxer.hikari.HikariDataSource'
2022-12-24 22:10:31.272 TRACE 25502 --- [           main] .PrePostAnnotationSecurityMetadataSource : No expression annotations found
2022-12-24 22:10:31.272 TRACE 25502 --- [           main] .PrePostAnnotationSecurityMetadataSource : Looking for Pre/Post annotations for method 'logConfiguration' on target class 'class com.zaxxer.hikari.HikariDataSource'
2022-12-24 22:10:31.272 TRACE 25502 --- [           main] .PrePostAnnotationSecurityMetadataSource : No expression annotations found
2022-12-24 22:10:31.272 TRACE 25502 --- [           main] .PrePostAnnotationSecurityMetadataSource : Looking for Pre/Post annotations for method 'generatePoolName' on target class 'class com.zaxxer.hikari.HikariDataSource'
2022-12-24 22:10:31.272 TRACE 25502 --- [           main] .PrePostAnnotationSecurityMetadataSource : No expression annotations found
2022-12-24 22:10:31.272 TRACE 25502 --- [           main] .PrePostAnnotationSecurityMetadataSource : Looking for Pre/Post annotations for method 'setThreadFactory' on target class 'class com.zaxxer.hikari.HikariDataSource'
2022-12-24 22:10:31.272 TRACE 25502 --- [           main] .PrePostAnnotationSecurityMetadataSource : No expression annotations found
2022-12-24 22:10:31.272 TRACE 25502 --- [           main] .PrePostAnnotationSecurityMetadataSource : Looking for Pre/Post annotations for method 'getThreadFactory' on target class 'class com.zaxxer.hikari.HikariDataSource'
2022-12-24 22:10:31.272 TRACE 25502 --- [           main] .PrePostAnnotationSecurityMetadataSource : No expression annotations found
2022-12-24 22:10:31.272 TRACE 25502 --- [           main] .PrePostAnnotationSecurityMetadataSource : Looking for Pre/Post annotations for method 'getMaximumPoolSize' on target class 'class com.zaxxer.hikari.HikariDataSource'
2022-12-24 22:10:31.273 TRACE 25502 --- [           main] .PrePostAnnotationSecurityMetadataSource : No expression annotations found
2022-12-24 22:10:31.273 TRACE 25502 --- [           main] .PrePostAnnotationSecurityMetadataSource : Looking for Pre/Post annotations for method 'getLogWriter' on target class 'class com.zaxxer.hikari.HikariDataSource'
2022-12-24 22:10:31.273 TRACE 25502 --- [           main] .PrePostAnnotationSecurityMetadataSource : No expression annotations found
2022-12-24 22:10:31.273 TRACE 25502 --- [           main] .PrePostAnnotationSecurityMetadataSource : Looking for Pre/Post annotations for method 'setLogWriter' on target class 'class com.zaxxer.hikari.HikariDataSource'
2022-12-24 22:10:31.273 TRACE 25502 --- [           main] .PrePostAnnotationSecurityMetadataSource : No expression annotations found
2022-12-24 22:10:31.273 TRACE 25502 --- [           main] .PrePostAnnotationSecurityMetadataSource : Looking for Pre/Post annotations for method 'setLoginTimeout' on target class 'class com.zaxxer.hikari.HikariDataSource'
2022-12-24 22:10:31.273 TRACE 25502 --- [           main] .PrePostAnnotationSecurityMetadataSource : No expression annotations found
2022-12-24 22:10:31.273 TRACE 25502 --- [           main] .PrePostAnnotationSecurityMetadataSource : Looking for Pre/Post annotations for method 'getLoginTimeout' on target class 'class com.zaxxer.hikari.HikariDataSource'
2022-12-24 22:10:31.273 TRACE 25502 --- [           main] .PrePostAnnotationSecurityMetadataSource : No expression annotations found
2022-12-24 22:10:31.274 TRACE 25502 --- [           main] .PrePostAnnotationSecurityMetadataSource : Looking for Pre/Post annotations for method 'getConnection' on target class 'class com.zaxxer.hikari.HikariDataSource'
2022-12-24 22:10:31.274 TRACE 25502 --- [           main] .PrePostAnnotationSecurityMetadataSource : No expression annotations found
2022-12-24 22:10:31.274 TRACE 25502 --- [           main] .PrePostAnnotationSecurityMetadataSource : Looking for Pre/Post annotations for method 'getConnection' on target class 'class com.zaxxer.hikari.HikariDataSource'
2022-12-24 22:10:31.274 TRACE 25502 --- [           main] .PrePostAnnotationSecurityMetadataSource : No expression annotations found
2022-12-24 22:10:31.274 TRACE 25502 --- [           main] .PrePostAnnotationSecurityMetadataSource : Looking for Pre/Post annotations for method 'getLogWriter' on target class 'class com.zaxxer.hikari.HikariDataSource'
2022-12-24 22:10:31.274 TRACE 25502 --- [           main] .PrePostAnnotationSecurityMetadataSource : No expression annotations found
2022-12-24 22:10:31.274 TRACE 25502 --- [           main] .PrePostAnnotationSecurityMetadataSource : Looking for Pre/Post annotations for method 'setLogWriter' on target class 'class com.zaxxer.hikari.HikariDataSource'
2022-12-24 22:10:31.274 TRACE 25502 --- [           main] .PrePostAnnotationSecurityMetadataSource : No expression annotations found
2022-12-24 22:10:31.274 TRACE 25502 --- [           main] .PrePostAnnotationSecurityMetadataSource : Looking for Pre/Post annotations for method 'setLoginTimeout' on target class 'class com.zaxxer.hikari.HikariDataSource'
2022-12-24 22:10:31.274 TRACE 25502 --- [           main] .PrePostAnnotationSecurityMetadataSource : No expression annotations found
2022-12-24 22:10:31.274 TRACE 25502 --- [           main] .PrePostAnnotationSecurityMetadataSource : Looking for Pre/Post annotations for method 'getLoginTimeout' on target class 'class com.zaxxer.hikari.HikariDataSource'
2022-12-24 22:10:31.274 TRACE 25502 --- [           main] .PrePostAnnotationSecurityMetadataSource : No expression annotations found
2022-12-24 22:10:31.275 TRACE 25502 --- [           main] .PrePostAnnotationSecurityMetadataSource : Looking for Pre/Post annotations for method 'getParentLogger' on target class 'class com.zaxxer.hikari.HikariDataSource'
2022-12-24 22:10:31.275 TRACE 25502 --- [           main] .PrePostAnnotationSecurityMetadataSource : No expression annotations found
2022-12-24 22:10:31.275 TRACE 25502 --- [           main] .PrePostAnnotationSecurityMetadataSource : Looking for Pre/Post annotations for method 'unwrap' on target class 'class com.zaxxer.hikari.HikariDataSource'
2022-12-24 22:10:31.275 TRACE 25502 --- [           main] .PrePostAnnotationSecurityMetadataSource : No expression annotations found
2022-12-24 22:10:31.275 TRACE 25502 --- [           main] .PrePostAnnotationSecurityMetadataSource : Looking for Pre/Post annotations for method 'isWrapperFor' on target class 'class com.zaxxer.hikari.HikariDataSource'
2022-12-24 22:10:31.275 TRACE 25502 --- [           main] .PrePostAnnotationSecurityMetadataSource : No expression annotations found
2022-12-24 22:10:31.275 TRACE 25502 --- [           main] .PrePostAnnotationSecurityMetadataSource : Looking for Pre/Post annotations for method 'close' on target class 'class com.zaxxer.hikari.HikariDataSource'
2022-12-24 22:10:31.275 TRACE 25502 --- [           main] .PrePostAnnotationSecurityMetadataSource : No expression annotations found
2022-12-24 22:10:31.276 TRACE 25502 --- [           main] .PrePostAnnotationSecurityMetadataSource : Looking for Pre/Post annotations for method 'close' on target class 'class com.zaxxer.hikari.HikariDataSource'
2022-12-24 22:10:31.276 TRACE 25502 --- [           main] .PrePostAnnotationSecurityMetadataSource : No expression annotations found
2022-12-24 22:10:31.276 TRACE 25502 --- [           main] .PrePostAnnotationSecurityMetadataSource : Looking for Pre/Post annotations for method 'getCatalog' on target class 'class com.zaxxer.hikari.HikariDataSource'
2022-12-24 22:10:31.276 TRACE 25502 --- [           main] .PrePostAnnotationSecurityMetadataSource : No expression annotations found
2022-12-24 22:10:31.276 TRACE 25502 --- [           main] .PrePostAnnotationSecurityMetadataSource : Looking for Pre/Post annotations for method 'setCatalog' on target class 'class com.zaxxer.hikari.HikariDataSource'
2022-12-24 22:10:31.276 TRACE 25502 --- [           main] .PrePostAnnotationSecurityMetadataSource : No expression annotations found
2022-12-24 22:10:31.276 TRACE 25502 --- [           main] .PrePostAnnotationSecurityMetadataSource : Looking for Pre/Post annotations for method 'setMaximumPoolSize' on target class 'class com.zaxxer.hikari.HikariDataSource'
2022-12-24 22:10:31.277 TRACE 25502 --- [           main] .PrePostAnnotationSecurityMetadataSource : No expression annotations found
2022-12-24 22:10:31.277 TRACE 25502 --- [           main] .PrePostAnnotationSecurityMetadataSource : Looking for Pre/Post annotations for method 'getPoolName' on target class 'class com.zaxxer.hikari.HikariDataSource'
2022-12-24 22:10:31.277 TRACE 25502 --- [           main] .PrePostAnnotationSecurityMetadataSource : No expression annotations found
2022-12-24 22:10:31.277 TRACE 25502 --- [           main] .PrePostAnnotationSecurityMetadataSource : Looking for Pre/Post annotations for method 'setUsername' on target class 'class com.zaxxer.hikari.HikariDataSource'
2022-12-24 22:10:31.277 TRACE 25502 --- [           main] .PrePostAnnotationSecurityMetadataSource : No expression annotations found
2022-12-24 22:10:31.277 TRACE 25502 --- [           main] .PrePostAnnotationSecurityMetadataSource : Looking for Pre/Post annotations for method 'setPassword' on target class 'class com.zaxxer.hikari.HikariDataSource'
2022-12-24 22:10:31.277 TRACE 25502 --- [           main] .PrePostAnnotationSecurityMetadataSource : No expression annotations found
2022-12-24 22:10:31.277 TRACE 25502 --- [           main] .PrePostAnnotationSecurityMetadataSource : Looking for Pre/Post annotations for method 'getConnectionTimeout' on target class 'class com.zaxxer.hikari.HikariDataSource'
2022-12-24 22:10:31.277 TRACE 25502 --- [           main] .PrePostAnnotationSecurityMetadataSource : No expression annotations found
2022-12-24 22:10:31.278 TRACE 25502 --- [           main] .PrePostAnnotationSecurityMetadataSource : Looking for Pre/Post annotations for method 'setConnectionTimeout' on target class 'class com.zaxxer.hikari.HikariDataSource'
2022-12-24 22:10:31.278 TRACE 25502 --- [           main] .PrePostAnnotationSecurityMetadataSource : No expression annotations found
2022-12-24 22:10:31.278 TRACE 25502 --- [           main] .PrePostAnnotationSecurityMetadataSource : Looking for Pre/Post annotations for method 'getIdleTimeout' on target class 'class com.zaxxer.hikari.HikariDataSource'
2022-12-24 22:10:31.278 TRACE 25502 --- [           main] .PrePostAnnotationSecurityMetadataSource : No expression annotations found
2022-12-24 22:10:31.278 TRACE 25502 --- [           main] .PrePostAnnotationSecurityMetadataSource : Looking for Pre/Post annotations for method 'setIdleTimeout' on target class 'class com.zaxxer.hikari.HikariDataSource'
2022-12-24 22:10:31.278 TRACE 25502 --- [           main] .PrePostAnnotationSecurityMetadataSource : No expression annotations found
2022-12-24 22:10:31.278 TRACE 25502 --- [           main] .PrePostAnnotationSecurityMetadataSource : Looking for Pre/Post annotations for method 'getLeakDetectionThreshold' on target class 'class com.zaxxer.hikari.HikariDataSource'
2022-12-24 22:10:31.279 TRACE 25502 --- [           main] .PrePostAnnotationSecurityMetadataSource : No expression annotations found
2022-12-24 22:10:31.279 TRACE 25502 --- [           main] .PrePostAnnotationSecurityMetadataSource : Looking for Pre/Post annotations for method 'setLeakDetectionThreshold' on target class 'class com.zaxxer.hikari.HikariDataSource'
2022-12-24 22:10:31.279 TRACE 25502 --- [           main] .PrePostAnnotationSecurityMetadataSource : No expression annotations found
2022-12-24 22:10:31.279 TRACE 25502 --- [           main] .PrePostAnnotationSecurityMetadataSource : Looking for Pre/Post annotations for method 'getMaxLifetime' on target class 'class com.zaxxer.hikari.HikariDataSource'
2022-12-24 22:10:31.279 TRACE 25502 --- [           main] .PrePostAnnotationSecurityMetadataSource : No expression annotations found
2022-12-24 22:10:31.279 TRACE 25502 --- [           main] .PrePostAnnotationSecurityMetadataSource : Looking for Pre/Post annotations for method 'setMaxLifetime' on target class 'class com.zaxxer.hikari.HikariDataSource'
2022-12-24 22:10:31.279 TRACE 25502 --- [           main] .PrePostAnnotationSecurityMetadataSource : No expression annotations found
2022-12-24 22:10:31.279 TRACE 25502 --- [           main] .PrePostAnnotationSecurityMetadataSource : Looking for Pre/Post annotations for method 'getMinimumIdle' on target class 'class com.zaxxer.hikari.HikariDataSource'
2022-12-24 22:10:31.279 TRACE 25502 --- [           main] .PrePostAnnotationSecurityMetadataSource : No expression annotations found
2022-12-24 22:10:31.279 TRACE 25502 --- [           main] .PrePostAnnotationSecurityMetadataSource : Looking for Pre/Post annotations for method 'setMinimumIdle' on target class 'class com.zaxxer.hikari.HikariDataSource'
2022-12-24 22:10:31.279 TRACE 25502 --- [           main] .PrePostAnnotationSecurityMetadataSource : No expression annotations found
2022-12-24 22:10:31.279 TRACE 25502 --- [           main] .PrePostAnnotationSecurityMetadataSource : Looking for Pre/Post annotations for method 'getValidationTimeout' on target class 'class com.zaxxer.hikari.HikariDataSource'
2022-12-24 22:10:31.279 TRACE 25502 --- [           main] .PrePostAnnotationSecurityMetadataSource : No expression annotations found
2022-12-24 22:10:31.279 TRACE 25502 --- [           main] .PrePostAnnotationSecurityMetadataSource : Looking for Pre/Post annotations for method 'setValidationTimeout' on target class 'class com.zaxxer.hikari.HikariDataSource'
2022-12-24 22:10:31.279 TRACE 25502 --- [           main] .PrePostAnnotationSecurityMetadataSource : No expression annotations found
2022-12-24 22:10:31.279 TRACE 25502 --- [           main] .PrePostAnnotationSecurityMetadataSource : Looking for Pre/Post annotations for method 'getMaximumPoolSize' on target class 'class com.zaxxer.hikari.HikariDataSource'
2022-12-24 22:10:31.280 TRACE 25502 --- [           main] .PrePostAnnotationSecurityMetadataSource : No expression annotations found
2022-12-24 22:10:31.286 TRACE 25502 --- [           main] s.a.ScheduledAnnotationBeanPostProcessor : No @Scheduled annotations found on bean class: class com.zaxxer.hikari.HikariDataSource
2022-12-24 22:10:31.286 TRACE 25502 --- [           main] o.s.b.f.s.DefaultListableBeanFactory     : Finished creating instance of bean 'dataSource'
2022-12-24 22:10:31.287 TRACE 25502 --- [           main] o.s.b.f.s.DefaultListableBeanFactory     : Returning cached instance of singleton bean 'spring.datasource-org.springframework.boot.autoconfigure.jdbc.DataSourceProperties'
2022-12-24 22:10:31.288 DEBUG 25502 --- [           main] o.s.b.f.s.DefaultListableBeanFactory     : Autowiring by type from bean name 'scriptDataSourceInitializer' via factory method to bean named 'dataSource'
2022-12-24 22:10:31.288 DEBUG 25502 --- [           main] o.s.b.f.s.DefaultListableBeanFactory     : Autowiring by type from bean name 'scriptDataSourceInitializer' via factory method to bean named 'spring.datasource-org.springframework.boot.autoconfigure.jdbc.DataSourceProperties'
2022-12-24 22:10:31.291 TRACE 25502 --- [           main] o.s.b.f.s.DefaultListableBeanFactory     : Eagerly caching bean 'scriptDataSourceInitializer' to allow for resolving potential circular references
2022-12-24 22:10:31.291 TRACE 25502 --- [           main] o.s.beans.CachedIntrospectionResults     : Getting BeanInfo for class [org.springframework.boot.jdbc.init.DataSourceScriptDatabaseInitializer]
2022-12-24 22:10:31.292 TRACE 25502 --- [           main] o.s.beans.CachedIntrospectionResults     : Caching PropertyDescriptors for class [org.springframework.boot.jdbc.init.DataSourceScriptDatabaseInitializer]
2022-12-24 22:10:31.292 TRACE 25502 --- [           main] o.s.beans.CachedIntrospectionResults     : Found bean property 'class' of type [java.lang.Class]
2022-12-24 22:10:31.292 TRACE 25502 --- [           main] o.s.beans.CachedIntrospectionResults     : Found bean property 'resourceLoader' of type [org.springframework.core.io.ResourceLoader]
2022-12-24 22:10:31.294 TRACE 25502 --- [           main] o.s.b.f.s.DefaultListableBeanFactory     : Invoking afterPropertiesSet() on bean with name 'scriptDataSourceInitializer'
2022-12-24 22:10:31.294 TRACE 25502 --- [           main] .i.s.PathMatchingResourcePatternResolver : Resolved classpath location [schema-all.sql] to resources []
2022-12-24 22:10:31.295 TRACE 25502 --- [           main] .i.s.PathMatchingResourcePatternResolver : Resolved classpath location [schema.sql] to resources []
2022-12-24 22:10:31.295 TRACE 25502 --- [           main] .i.s.PathMatchingResourcePatternResolver : Resolved classpath location [data-all.sql] to resources []
2022-12-24 22:10:31.295 TRACE 25502 --- [           main] .i.s.PathMatchingResourcePatternResolver : Resolved classpath location [data.sql] to resources []
2022-12-24 22:10:31.295 TRACE 25502 --- [           main] o.s.b.f.s.DefaultListableBeanFactory     : Returning cached instance of singleton bean 'metaDataSourceAdvisor'
2022-12-24 22:10:31.295 TRACE 25502 --- [           main] o.s.b.f.s.DefaultListableBeanFactory     : Returning cached instance of singleton bean 'org.springframework.transaction.config.internalTransactionAdvisor'
2022-12-24 22:10:31.295 TRACE 25502 --- [           main] o.s.b.f.s.DefaultListableBeanFactory     : Returning cached instance of singleton bean 'metaDataSourceAdvisor'
2022-12-24 22:10:31.296 TRACE 25502 --- [           main] o.s.b.f.s.DefaultListableBeanFactory     : Returning cached instance of singleton bean 'org.springframework.transaction.config.internalTransactionAdvisor'
2022-12-24 22:10:31.296 TRACE 25502 --- [           main] .PrePostAnnotationSecurityMetadataSource : Looking for Pre/Post annotations for method 'runScripts' on target class 'class org.springframework.boot.jdbc.init.DataSourceScriptDatabaseInitializer'
2022-12-24 22:10:31.296 TRACE 25502 --- [           main] .PrePostAnnotationSecurityMetadataSource : No expression annotations found
2022-12-24 22:10:31.296 TRACE 25502 --- [           main] .PrePostAnnotationSecurityMetadataSource : Looking for Pre/Post annotations for method 'getDataSource' on target class 'class org.springframework.boot.jdbc.init.DataSourceScriptDatabaseInitializer'
2022-12-24 22:10:31.296 TRACE 25502 --- [           main] .PrePostAnnotationSecurityMetadataSource : No expression annotations found
2022-12-24 22:10:31.296 TRACE 25502 --- [           main] .PrePostAnnotationSecurityMetadataSource : Looking for Pre/Post annotations for method 'isEmbeddedDatabase' on target class 'class org.springframework.boot.jdbc.init.DataSourceScriptDatabaseInitializer'
2022-12-24 22:10:31.296 TRACE 25502 --- [           main] .PrePostAnnotationSecurityMetadataSource : No expression annotations found
2022-12-24 22:10:31.296 TRACE 25502 --- [           main] .PrePostAnnotationSecurityMetadataSource : Looking for Pre/Post annotations for method 'isEnabled' on target class 'class org.springframework.boot.jdbc.init.DataSourceScriptDatabaseInitializer'
2022-12-24 22:10:31.296 TRACE 25502 --- [           main] .PrePostAnnotationSecurityMetadataSource : No expression annotations found
2022-12-24 22:10:31.296 TRACE 25502 --- [           main] .PrePostAnnotationSecurityMetadataSource : Looking for Pre/Post annotations for method 'getScripts' on target class 'class org.springframework.boot.jdbc.init.DataSourceScriptDatabaseInitializer'
2022-12-24 22:10:31.296 TRACE 25502 --- [           main] .PrePostAnnotationSecurityMetadataSource : No expression annotations found
2022-12-24 22:10:31.296 TRACE 25502 --- [           main] .PrePostAnnotationSecurityMetadataSource : Looking for Pre/Post annotations for method 'runScripts' on target class 'class org.springframework.boot.jdbc.init.DataSourceScriptDatabaseInitializer'
2022-12-24 22:10:31.296 TRACE 25502 --- [           main] .PrePostAnnotationSecurityMetadataSource : No expression annotations found
2022-12-24 22:10:31.296 TRACE 25502 --- [           main] .PrePostAnnotationSecurityMetadataSource : Looking for Pre/Post annotations for method 'runScripts' on target class 'class org.springframework.boot.jdbc.init.DataSourceScriptDatabaseInitializer'
2022-12-24 22:10:31.296 TRACE 25502 --- [           main] .PrePostAnnotationSecurityMetadataSource : No expression annotations found
2022-12-24 22:10:31.296 TRACE 25502 --- [           main] .PrePostAnnotationSecurityMetadataSource : Looking for Pre/Post annotations for method 'setResourceLoader' on target class 'class org.springframework.boot.jdbc.init.DataSourceScriptDatabaseInitializer'
2022-12-24 22:10:31.296 TRACE 25502 --- [           main] .PrePostAnnotationSecurityMetadataSource : No expression annotations found
2022-12-24 22:10:31.296 TRACE 25502 --- [           main] .PrePostAnnotationSecurityMetadataSource : Looking for Pre/Post annotations for method 'afterPropertiesSet' on target class 'class org.springframework.boot.jdbc.init.DataSourceScriptDatabaseInitializer'
2022-12-24 22:10:31.296 TRACE 25502 --- [           main] .PrePostAnnotationSecurityMetadataSource : No expression annotations found
2022-12-24 22:10:31.296 TRACE 25502 --- [           main] .PrePostAnnotationSecurityMetadataSource : Looking for Pre/Post annotations for method 'isEmbeddedDatabase' on target class 'class org.springframework.boot.jdbc.init.DataSourceScriptDatabaseInitializer'
2022-12-24 22:10:31.296 TRACE 25502 --- [           main] .PrePostAnnotationSecurityMetadataSource : No expression annotations found
2022-12-24 22:10:31.296 TRACE 25502 --- [           main] .PrePostAnnotationSecurityMetadataSource : Looking for Pre/Post annotations for method 'initializeDatabase' on target class 'class org.springframework.boot.jdbc.init.DataSourceScriptDatabaseInitializer'
2022-12-24 22:10:31.297 TRACE 25502 --- [           main] .PrePostAnnotationSecurityMetadataSource : No expression annotations found
2022-12-24 22:10:31.297 TRACE 25502 --- [           main] .PrePostAnnotationSecurityMetadataSource : Looking for Pre/Post annotations for method 'applySchemaScripts' on target class 'class org.springframework.boot.jdbc.init.DataSourceScriptDatabaseInitializer'
2022-12-24 22:10:31.297 TRACE 25502 --- [           main] .PrePostAnnotationSecurityMetadataSource : No expression annotations found
2022-12-24 22:10:31.297 TRACE 25502 --- [           main] .PrePostAnnotationSecurityMetadataSource : Looking for Pre/Post annotations for method 'applyDataScripts' on target class 'class org.springframework.boot.jdbc.init.DataSourceScriptDatabaseInitializer'
2022-12-24 22:10:31.297 TRACE 25502 --- [           main] .PrePostAnnotationSecurityMetadataSource : No expression annotations found
2022-12-24 22:10:31.297 TRACE 25502 --- [           main] .PrePostAnnotationSecurityMetadataSource : Looking for Pre/Post annotations for method 'applyScripts' on target class 'class org.springframework.boot.jdbc.init.DataSourceScriptDatabaseInitializer'
2022-12-24 22:10:31.297 TRACE 25502 --- [           main] .PrePostAnnotationSecurityMetadataSource : No expression annotations found
2022-12-24 22:10:31.297 TRACE 25502 --- [           main] .PrePostAnnotationSecurityMetadataSource : Looking for Pre/Post annotations for method 'doGetResources' on target class 'class org.springframework.boot.jdbc.init.DataSourceScriptDatabaseInitializer'
2022-12-24 22:10:31.297 TRACE 25502 --- [           main] .PrePostAnnotationSecurityMetadataSource : No expression annotations found
2022-12-24 22:10:31.297 TRACE 25502 --- [           main] .PrePostAnnotationSecurityMetadataSource : Looking for Pre/Post annotations for method 'setResourceLoader' on target class 'class org.springframework.boot.jdbc.init.DataSourceScriptDatabaseInitializer'
2022-12-24 22:10:31.297 TRACE 25502 --- [           main] .PrePostAnnotationSecurityMetadataSource : No expression annotations found
2022-12-24 22:10:31.297 TRACE 25502 --- [           main] .PrePostAnnotationSecurityMetadataSource : Looking for Pre/Post annotations for method 'afterPropertiesSet' on target class 'class org.springframework.boot.jdbc.init.DataSourceScriptDatabaseInitializer'
2022-12-24 22:10:31.297 TRACE 25502 --- [           main] .PrePostAnnotationSecurityMetadataSource : No expression annotations found
2022-12-24 22:10:31.297 TRACE 25502 --- [           main] s.a.ScheduledAnnotationBeanPostProcessor : No @Scheduled annotations found on bean class: class org.springframework.boot.jdbc.init.DataSourceScriptDatabaseInitializer
2022-12-24 22:10:31.297 TRACE 25502 --- [           main] o.s.b.f.s.DefaultListableBeanFactory     : Finished creating instance of bean 'scriptDataSourceInitializer'
2022-12-24 22:10:31.297 DEBUG 25502 --- [           main] o.s.b.f.s.DefaultListableBeanFactory     : Creating shared instance of singleton bean 'entityManagerFactory'
2022-12-24 22:10:31.297 TRACE 25502 --- [           main] o.s.b.f.s.DefaultListableBeanFactory     : Creating instance of bean 'entityManagerFactory'
2022-12-24 22:10:31.297 TRACE 25502 --- [           main] o.s.b.f.s.DefaultListableBeanFactory     : Returning cached instance of singleton bean 'metaDataSourceAdvisor'
2022-12-24 22:10:31.297 TRACE 25502 --- [           main] o.s.b.f.s.DefaultListableBeanFactory     : Returning cached instance of singleton bean 'org.springframework.transaction.config.internalTransactionAdvisor'
2022-12-24 22:10:31.297 DEBUG 25502 --- [           main] o.s.b.f.s.DefaultListableBeanFactory     : Creating shared instance of singleton bean 'org.springframework.boot.autoconfigure.orm.jpa.HibernateJpaConfiguration'
2022-12-24 22:10:31.298 TRACE 25502 --- [           main] o.s.b.f.s.DefaultListableBeanFactory     : Creating instance of bean 'org.springframework.boot.autoconfigure.orm.jpa.HibernateJpaConfiguration'
2022-12-24 22:10:31.298 TRACE 25502 --- [           main] o.s.b.f.s.DefaultListableBeanFactory     : Returning cached instance of singleton bean 'metaDataSourceAdvisor'
2022-12-24 22:10:31.298 TRACE 25502 --- [           main] o.s.b.f.s.DefaultListableBeanFactory     : Returning cached instance of singleton bean 'org.springframework.transaction.config.internalTransactionAdvisor'
2022-12-24 22:10:31.298 TRACE 25502 --- [           main] o.s.b.f.s.DefaultListableBeanFactory     : Returning cached instance of singleton bean 'dataSource'
2022-12-24 22:10:31.299 DEBUG 25502 --- [           main] o.s.b.f.s.DefaultListableBeanFactory     : Creating shared instance of singleton bean 'spring.jpa-org.springframework.boot.autoconfigure.orm.jpa.JpaProperties'
2022-12-24 22:10:31.299 TRACE 25502 --- [           main] o.s.b.f.s.DefaultListableBeanFactory     : Creating instance of bean 'spring.jpa-org.springframework.boot.autoconfigure.orm.jpa.JpaProperties'
2022-12-24 22:10:31.299 TRACE 25502 --- [           main] o.s.b.f.s.DefaultListableBeanFactory     : Returning cached instance of singleton bean 'metaDataSourceAdvisor'
2022-12-24 22:10:31.299 TRACE 25502 --- [           main] o.s.b.f.s.DefaultListableBeanFactory     : Returning cached instance of singleton bean 'org.springframework.transaction.config.internalTransactionAdvisor'
2022-12-24 22:10:31.299 TRACE 25502 --- [           main] o.s.b.f.s.DefaultListableBeanFactory     : Eagerly caching bean 'spring.jpa-org.springframework.boot.autoconfigure.orm.jpa.JpaProperties' to allow for resolving potential circular references
2022-12-24 22:10:31.299 TRACE 25502 --- [           main] o.s.beans.CachedIntrospectionResults     : Getting BeanInfo for class [org.springframework.boot.autoconfigure.orm.jpa.JpaProperties]
2022-12-24 22:10:31.300 TRACE 25502 --- [           main] o.s.beans.CachedIntrospectionResults     : Caching PropertyDescriptors for class [org.springframework.boot.autoconfigure.orm.jpa.JpaProperties]
2022-12-24 22:10:31.300 TRACE 25502 --- [           main] o.s.beans.CachedIntrospectionResults     : Found bean property 'class' of type [java.lang.Class]
2022-12-24 22:10:31.301 TRACE 25502 --- [           main] o.s.beans.CachedIntrospectionResults     : Found bean property 'database' of type [org.springframework.orm.jpa.vendor.Database]
2022-12-24 22:10:31.301 TRACE 25502 --- [           main] o.s.beans.CachedIntrospectionResults     : Found bean property 'databasePlatform' of type [java.lang.String]
2022-12-24 22:10:31.301 TRACE 25502 --- [           main] o.s.beans.CachedIntrospectionResults     : Found bean property 'generateDdl' of type [boolean]
2022-12-24 22:10:31.301 TRACE 25502 --- [           main] o.s.beans.CachedIntrospectionResults     : Found bean property 'mappingResources' of type [java.util.List]
2022-12-24 22:10:31.301 TRACE 25502 --- [           main] o.s.beans.CachedIntrospectionResults     : Found bean property 'openInView' of type [java.lang.Boolean]
2022-12-24 22:10:31.301 TRACE 25502 --- [           main] o.s.beans.CachedIntrospectionResults     : Found bean property 'properties' of type [java.util.Map]
2022-12-24 22:10:31.301 TRACE 25502 --- [           main] o.s.beans.CachedIntrospectionResults     : Found bean property 'showSql' of type [boolean]
2022-12-24 22:10:31.301 TRACE 25502 --- [           main] o.s.b.f.s.DefaultListableBeanFactory     : Returning cached instance of singleton bean 'org.springframework.boot.context.properties.BoundConfigurationProperties'
2022-12-24 22:10:31.302 TRACE 25502 --- [           main] o.s.beans.TypeConverterDelegate          : Converting String to [boolean] using property editor [org.springframework.beans.propertyeditors.CustomBooleanEditor@696b4a95]
2022-12-24 22:10:31.303 TRACE 25502 --- [           main] o.s.beans.TypeConverterDelegate          : Converting String to [boolean] using property editor [org.springframework.beans.propertyeditors.CustomBooleanEditor@696b4a95]
2022-12-24 22:10:31.303 TRACE 25502 --- [           main] o.s.beans.TypeConverterDelegate          : Converting String to [class java.lang.Boolean] using property editor [org.springframework.beans.propertyeditors.CustomBooleanEditor@61bcbcce]
2022-12-24 22:10:31.311 TRACE 25502 --- [           main] o.s.b.f.s.DefaultListableBeanFactory     : Returning cached instance of singleton bean 'metaDataSourceAdvisor'
2022-12-24 22:10:31.311 TRACE 25502 --- [           main] o.s.b.f.s.DefaultListableBeanFactory     : Returning cached instance of singleton bean 'org.springframework.transaction.config.internalTransactionAdvisor'
2022-12-24 22:10:31.311 TRACE 25502 --- [           main] o.s.b.f.s.DefaultListableBeanFactory     : Returning cached instance of singleton bean 'metaDataSourceAdvisor'
2022-12-24 22:10:31.311 TRACE 25502 --- [           main] o.s.b.f.s.DefaultListableBeanFactory     : Returning cached instance of singleton bean 'org.springframework.transaction.config.internalTransactionAdvisor'
2022-12-24 22:10:31.312 TRACE 25502 --- [           main] .PrePostAnnotationSecurityMetadataSource : Looking for Pre/Post annotations for method 'getProperties' on target class 'class org.springframework.boot.autoconfigure.orm.jpa.JpaProperties'
2022-12-24 22:10:31.312 TRACE 25502 --- [           main] .PrePostAnnotationSecurityMetadataSource : No expression annotations found
2022-12-24 22:10:31.312 TRACE 25502 --- [           main] .PrePostAnnotationSecurityMetadataSource : Looking for Pre/Post annotations for method 'setProperties' on target class 'class org.springframework.boot.autoconfigure.orm.jpa.JpaProperties'
2022-12-24 22:10:31.312 TRACE 25502 --- [           main] .PrePostAnnotationSecurityMetadataSource : No expression annotations found
2022-12-24 22:10:31.312 TRACE 25502 --- [           main] .PrePostAnnotationSecurityMetadataSource : Looking for Pre/Post annotations for method 'isShowSql' on target class 'class org.springframework.boot.autoconfigure.orm.jpa.JpaProperties'
2022-12-24 22:10:31.312 TRACE 25502 --- [           main] .PrePostAnnotationSecurityMetadataSource : No expression annotations found
2022-12-24 22:10:31.312 TRACE 25502 --- [           main] .PrePostAnnotationSecurityMetadataSource : Looking for Pre/Post annotations for method 'setShowSql' on target class 'class org.springframework.boot.autoconfigure.orm.jpa.JpaProperties'
2022-12-24 22:10:31.312 TRACE 25502 --- [           main] .PrePostAnnotationSecurityMetadataSource : No expression annotations found
2022-12-24 22:10:31.312 TRACE 25502 --- [           main] .PrePostAnnotationSecurityMetadataSource : Looking for Pre/Post annotations for method 'getOpenInView' on target class 'class org.springframework.boot.autoconfigure.orm.jpa.JpaProperties'
2022-12-24 22:10:31.312 TRACE 25502 --- [           main] .PrePostAnnotationSecurityMetadataSource : No expression annotations found
2022-12-24 22:10:31.312 TRACE 25502 --- [           main] .PrePostAnnotationSecurityMetadataSource : Looking for Pre/Post annotations for method 'setOpenInView' on target class 'class org.springframework.boot.autoconfigure.orm.jpa.JpaProperties'
2022-12-24 22:10:31.312 TRACE 25502 --- [           main] .PrePostAnnotationSecurityMetadataSource : No expression annotations found
2022-12-24 22:10:31.312 TRACE 25502 --- [           main] .PrePostAnnotationSecurityMetadataSource : Looking for Pre/Post annotations for method 'getMappingResources' on target class 'class org.springframework.boot.autoconfigure.orm.jpa.JpaProperties'
2022-12-24 22:10:31.312 TRACE 25502 --- [           main] .PrePostAnnotationSecurityMetadataSource : No expression annotations found
2022-12-24 22:10:31.312 TRACE 25502 --- [           main] .PrePostAnnotationSecurityMetadataSource : Looking for Pre/Post annotations for method 'getDatabase' on target class 'class org.springframework.boot.autoconfigure.orm.jpa.JpaProperties'
2022-12-24 22:10:31.312 TRACE 25502 --- [           main] .PrePostAnnotationSecurityMetadataSource : No expression annotations found
2022-12-24 22:10:31.312 TRACE 25502 --- [           main] .PrePostAnnotationSecurityMetadataSource : Looking for Pre/Post annotations for method 'setDatabase' on target class 'class org.springframework.boot.autoconfigure.orm.jpa.JpaProperties'
2022-12-24 22:10:31.312 TRACE 25502 --- [           main] .PrePostAnnotationSecurityMetadataSource : No expression annotations found
2022-12-24 22:10:31.312 TRACE 25502 --- [           main] .PrePostAnnotationSecurityMetadataSource : Looking for Pre/Post annotations for method 'getDatabasePlatform' on target class 'class org.springframework.boot.autoconfigure.orm.jpa.JpaProperties'
2022-12-24 22:10:31.312 TRACE 25502 --- [           main] .PrePostAnnotationSecurityMetadataSource : No expression annotations found
2022-12-24 22:10:31.312 TRACE 25502 --- [           main] .PrePostAnnotationSecurityMetadataSource : Looking for Pre/Post annotations for method 'setDatabasePlatform' on target class 'class org.springframework.boot.autoconfigure.orm.jpa.JpaProperties'
2022-12-24 22:10:31.312 TRACE 25502 --- [           main] .PrePostAnnotationSecurityMetadataSource : No expression annotations found
2022-12-24 22:10:31.312 TRACE 25502 --- [           main] .PrePostAnnotationSecurityMetadataSource : Looking for Pre/Post annotations for method 'isGenerateDdl' on target class 'class org.springframework.boot.autoconfigure.orm.jpa.JpaProperties'
2022-12-24 22:10:31.312 TRACE 25502 --- [           main] .PrePostAnnotationSecurityMetadataSource : No expression annotations found
2022-12-24 22:10:31.312 TRACE 25502 --- [           main] .PrePostAnnotationSecurityMetadataSource : Looking for Pre/Post annotations for method 'setGenerateDdl' on target class 'class org.springframework.boot.autoconfigure.orm.jpa.JpaProperties'
2022-12-24 22:10:31.312 TRACE 25502 --- [           main] .PrePostAnnotationSecurityMetadataSource : No expression annotations found
2022-12-24 22:10:31.313 TRACE 25502 --- [           main] s.a.ScheduledAnnotationBeanPostProcessor : No @Scheduled annotations found on bean class: class org.springframework.boot.autoconfigure.orm.jpa.JpaProperties
2022-12-24 22:10:31.313 TRACE 25502 --- [           main] o.s.b.f.s.DefaultListableBeanFactory     : Finished creating instance of bean 'spring.jpa-org.springframework.boot.autoconfigure.orm.jpa.JpaProperties'
2022-12-24 22:10:31.314 DEBUG 25502 --- [           main] o.s.b.f.s.DefaultListableBeanFactory     : Creating shared instance of singleton bean 'spring.jpa.hibernate-org.springframework.boot.autoconfigure.orm.jpa.HibernateProperties'
2022-12-24 22:10:31.314 TRACE 25502 --- [           main] o.s.b.f.s.DefaultListableBeanFactory     : Creating instance of bean 'spring.jpa.hibernate-org.springframework.boot.autoconfigure.orm.jpa.HibernateProperties'
2022-12-24 22:10:31.314 TRACE 25502 --- [           main] o.s.b.f.s.DefaultListableBeanFactory     : Returning cached instance of singleton bean 'metaDataSourceAdvisor'
2022-12-24 22:10:31.314 TRACE 25502 --- [           main] o.s.b.f.s.DefaultListableBeanFactory     : Returning cached instance of singleton bean 'org.springframework.transaction.config.internalTransactionAdvisor'
2022-12-24 22:10:31.314 TRACE 25502 --- [           main] o.s.b.f.s.DefaultListableBeanFactory     : Eagerly caching bean 'spring.jpa.hibernate-org.springframework.boot.autoconfigure.orm.jpa.HibernateProperties' to allow for resolving potential circular references
2022-12-24 22:10:31.315 TRACE 25502 --- [           main] o.s.beans.CachedIntrospectionResults     : Getting BeanInfo for class [org.springframework.boot.autoconfigure.orm.jpa.HibernateProperties]
2022-12-24 22:10:31.318 TRACE 25502 --- [           main] o.s.beans.CachedIntrospectionResults     : Caching PropertyDescriptors for class [org.springframework.boot.autoconfigure.orm.jpa.HibernateProperties]
2022-12-24 22:10:31.318 TRACE 25502 --- [           main] o.s.beans.CachedIntrospectionResults     : Found bean property 'class' of type [java.lang.Class]
2022-12-24 22:10:31.318 TRACE 25502 --- [           main] o.s.beans.CachedIntrospectionResults     : Found bean property 'ddlAuto' of type [java.lang.String]
2022-12-24 22:10:31.318 TRACE 25502 --- [           main] o.s.beans.CachedIntrospectionResults     : Found bean property 'naming' of type [org.springframework.boot.autoconfigure.orm.jpa.HibernateProperties$Naming]
2022-12-24 22:10:31.318 TRACE 25502 --- [           main] o.s.beans.CachedIntrospectionResults     : Found bean property 'useNewIdGeneratorMappings' of type [java.lang.Boolean]
2022-12-24 22:10:31.318 TRACE 25502 --- [           main] o.s.b.f.s.DefaultListableBeanFactory     : Returning cached instance of singleton bean 'org.springframework.boot.context.properties.BoundConfigurationProperties'
2022-12-24 22:10:31.320 TRACE 25502 --- [           main] o.s.b.f.s.DefaultListableBeanFactory     : Returning cached instance of singleton bean 'metaDataSourceAdvisor'
2022-12-24 22:10:31.320 TRACE 25502 --- [           main] o.s.b.f.s.DefaultListableBeanFactory     : Returning cached instance of singleton bean 'org.springframework.transaction.config.internalTransactionAdvisor'
2022-12-24 22:10:31.320 TRACE 25502 --- [           main] o.s.b.f.s.DefaultListableBeanFactory     : Returning cached instance of singleton bean 'metaDataSourceAdvisor'
2022-12-24 22:10:31.320 TRACE 25502 --- [           main] o.s.b.f.s.DefaultListableBeanFactory     : Returning cached instance of singleton bean 'org.springframework.transaction.config.internalTransactionAdvisor'
2022-12-24 22:10:31.320 TRACE 25502 --- [           main] .PrePostAnnotationSecurityMetadataSource : Looking for Pre/Post annotations for method 'isUseNewIdGeneratorMappings' on target class 'class org.springframework.boot.autoconfigure.orm.jpa.HibernateProperties'
2022-12-24 22:10:31.320 TRACE 25502 --- [           main] .PrePostAnnotationSecurityMetadataSource : No expression annotations found
2022-12-24 22:10:31.320 TRACE 25502 --- [           main] .PrePostAnnotationSecurityMetadataSource : Looking for Pre/Post annotations for method 'setUseNewIdGeneratorMappings' on target class 'class org.springframework.boot.autoconfigure.orm.jpa.HibernateProperties'
2022-12-24 22:10:31.321 TRACE 25502 --- [           main] .PrePostAnnotationSecurityMetadataSource : No expression annotations found
2022-12-24 22:10:31.321 TRACE 25502 --- [           main] .PrePostAnnotationSecurityMetadataSource : Looking for Pre/Post annotations for method 'determineHibernateProperties' on target class 'class org.springframework.boot.autoconfigure.orm.jpa.HibernateProperties'
2022-12-24 22:10:31.321 TRACE 25502 --- [           main] .PrePostAnnotationSecurityMetadataSource : No expression annotations found
2022-12-24 22:10:31.321 TRACE 25502 --- [           main] .PrePostAnnotationSecurityMetadataSource : Looking for Pre/Post annotations for method 'applyNewIdGeneratorMappings' on target class 'class org.springframework.boot.autoconfigure.orm.jpa.HibernateProperties'
2022-12-24 22:10:31.321 TRACE 25502 --- [           main] .PrePostAnnotationSecurityMetadataSource : No expression annotations found
2022-12-24 22:10:31.321 TRACE 25502 --- [           main] .PrePostAnnotationSecurityMetadataSource : Looking for Pre/Post annotations for method 'lambda$getAdditionalProperties$0' on target class 'class org.springframework.boot.autoconfigure.orm.jpa.HibernateProperties'
2022-12-24 22:10:31.321 TRACE 25502 --- [           main] .PrePostAnnotationSecurityMetadataSource : No expression annotations found
2022-12-24 22:10:31.321 TRACE 25502 --- [           main] .PrePostAnnotationSecurityMetadataSource : Looking for Pre/Post annotations for method 'getDdlAuto' on target class 'class org.springframework.boot.autoconfigure.orm.jpa.HibernateProperties'
2022-12-24 22:10:31.321 TRACE 25502 --- [           main] .PrePostAnnotationSecurityMetadataSource : No expression annotations found
2022-12-24 22:10:31.321 TRACE 25502 --- [           main] .PrePostAnnotationSecurityMetadataSource : Looking for Pre/Post annotations for method 'setDdlAuto' on target class 'class org.springframework.boot.autoconfigure.orm.jpa.HibernateProperties'
2022-12-24 22:10:31.321 TRACE 25502 --- [           main] .PrePostAnnotationSecurityMetadataSource : No expression annotations found
2022-12-24 22:10:31.321 TRACE 25502 --- [           main] .PrePostAnnotationSecurityMetadataSource : Looking for Pre/Post annotations for method 'getNaming' on target class 'class org.springframework.boot.autoconfigure.orm.jpa.HibernateProperties'
2022-12-24 22:10:31.321 TRACE 25502 --- [           main] .PrePostAnnotationSecurityMetadataSource : No expression annotations found
2022-12-24 22:10:31.321 TRACE 25502 --- [           main] .PrePostAnnotationSecurityMetadataSource : Looking for Pre/Post annotations for method 'getAdditionalProperties' on target class 'class org.springframework.boot.autoconfigure.orm.jpa.HibernateProperties'
2022-12-24 22:10:31.321 TRACE 25502 --- [           main] .PrePostAnnotationSecurityMetadataSource : No expression annotations found
2022-12-24 22:10:31.321 TRACE 25502 --- [           main] .PrePostAnnotationSecurityMetadataSource : Looking for Pre/Post annotations for method 'applyScanner' on target class 'class org.springframework.boot.autoconfigure.orm.jpa.HibernateProperties'
2022-12-24 22:10:31.321 TRACE 25502 --- [           main] .PrePostAnnotationSecurityMetadataSource : No expression annotations found
2022-12-24 22:10:31.321 TRACE 25502 --- [           main] .PrePostAnnotationSecurityMetadataSource : Looking for Pre/Post annotations for method 'determineDdlAuto' on target class 'class org.springframework.boot.autoconfigure.orm.jpa.HibernateProperties'
2022-12-24 22:10:31.321 TRACE 25502 --- [           main] .PrePostAnnotationSecurityMetadataSource : No expression annotations found
2022-12-24 22:10:31.322 TRACE 25502 --- [           main] s.a.ScheduledAnnotationBeanPostProcessor : No @Scheduled annotations found on bean class: class org.springframework.boot.autoconfigure.orm.jpa.HibernateProperties
2022-12-24 22:10:31.322 TRACE 25502 --- [           main] o.s.b.f.s.DefaultListableBeanFactory     : Finished creating instance of bean 'spring.jpa.hibernate-org.springframework.boot.autoconfigure.orm.jpa.HibernateProperties'
2022-12-24 22:10:31.322 DEBUG 25502 --- [           main] o.s.b.f.s.DefaultListableBeanFactory     : Autowiring by type from bean name 'org.springframework.boot.autoconfigure.orm.jpa.HibernateJpaConfiguration' via constructor to bean named 'dataSource'
2022-12-24 22:10:31.322 DEBUG 25502 --- [           main] o.s.b.f.s.DefaultListableBeanFactory     : Autowiring by type from bean name 'org.springframework.boot.autoconfigure.orm.jpa.HibernateJpaConfiguration' via constructor to bean named 'spring.jpa-org.springframework.boot.autoconfigure.orm.jpa.JpaProperties'
2022-12-24 22:10:31.322 DEBUG 25502 --- [           main] o.s.b.f.s.DefaultListableBeanFactory     : Autowiring by type from bean name 'org.springframework.boot.autoconfigure.orm.jpa.HibernateJpaConfiguration' via constructor to bean named 'org.springframework.beans.factory.support.DefaultListableBeanFactory@3dd69f5a'
2022-12-24 22:10:31.322 DEBUG 25502 --- [           main] o.s.b.f.s.DefaultListableBeanFactory     : Autowiring by type from bean name 'org.springframework.boot.autoconfigure.orm.jpa.HibernateJpaConfiguration' via constructor to bean named 'spring.jpa.hibernate-org.springframework.boot.autoconfigure.orm.jpa.HibernateProperties'
2022-12-24 22:10:31.327 DEBUG 25502 --- [           main] o.s.b.f.s.DefaultListableBeanFactory     : Creating shared instance of singleton bean 'hikariPoolDataSourceMetadataProvider'
2022-12-24 22:10:31.327 TRACE 25502 --- [           main] o.s.b.f.s.DefaultListableBeanFactory     : Creating instance of bean 'hikariPoolDataSourceMetadataProvider'
2022-12-24 22:10:31.327 TRACE 25502 --- [           main] o.s.b.f.s.DefaultListableBeanFactory     : Returning cached instance of singleton bean 'metaDataSourceAdvisor'
2022-12-24 22:10:31.327 TRACE 25502 --- [           main] o.s.b.f.s.DefaultListableBeanFactory     : Returning cached instance of singleton bean 'org.springframework.transaction.config.internalTransactionAdvisor'
2022-12-24 22:10:31.327 DEBUG 25502 --- [           main] o.s.b.f.s.DefaultListableBeanFactory     : Creating shared instance of singleton bean 'org.springframework.boot.autoconfigure.jdbc.metadata.DataSourcePoolMetadataProvidersConfiguration$HikariPoolDataSourceMetadataProviderConfiguration'
2022-12-24 22:10:31.327 TRACE 25502 --- [           main] o.s.b.f.s.DefaultListableBeanFactory     : Creating instance of bean 'org.springframework.boot.autoconfigure.jdbc.metadata.DataSourcePoolMetadataProvidersConfiguration$HikariPoolDataSourceMetadataProviderConfiguration'
2022-12-24 22:10:31.327 TRACE 25502 --- [           main] o.s.b.f.s.DefaultListableBeanFactory     : Returning cached instance of singleton bean 'metaDataSourceAdvisor'
2022-12-24 22:10:31.327 TRACE 25502 --- [           main] o.s.b.f.s.DefaultListableBeanFactory     : Returning cached instance of singleton bean 'org.springframework.transaction.config.internalTransactionAdvisor'
2022-12-24 22:10:31.328 TRACE 25502 --- [           main] o.s.b.f.s.DefaultListableBeanFactory     : Eagerly caching bean 'org.springframework.boot.autoconfigure.jdbc.metadata.DataSourcePoolMetadataProvidersConfiguration$HikariPoolDataSourceMetadataProviderConfiguration' to allow for resolving potential circular references
2022-12-24 22:10:31.328 TRACE 25502 --- [           main] o.s.beans.CachedIntrospectionResults     : Getting BeanInfo for class [org.springframework.boot.autoconfigure.jdbc.metadata.DataSourcePoolMetadataProvidersConfiguration$HikariPoolDataSourceMetadataProviderConfiguration]
2022-12-24 22:10:31.329 TRACE 25502 --- [           main] o.s.beans.CachedIntrospectionResults     : Caching PropertyDescriptors for class [org.springframework.boot.autoconfigure.jdbc.metadata.DataSourcePoolMetadataProvidersConfiguration$HikariPoolDataSourceMetadataProviderConfiguration]
2022-12-24 22:10:31.329 TRACE 25502 --- [           main] o.s.beans.CachedIntrospectionResults     : Found bean property 'class' of type [java.lang.Class]
2022-12-24 22:10:31.329 TRACE 25502 --- [           main] o.s.b.f.s.DefaultListableBeanFactory     : Returning cached instance of singleton bean 'metaDataSourceAdvisor'
2022-12-24 22:10:31.329 TRACE 25502 --- [           main] o.s.b.f.s.DefaultListableBeanFactory     : Returning cached instance of singleton bean 'org.springframework.transaction.config.internalTransactionAdvisor'
2022-12-24 22:10:31.329 TRACE 25502 --- [           main] o.s.b.f.s.DefaultListableBeanFactory     : Returning cached instance of singleton bean 'metaDataSourceAdvisor'
2022-12-24 22:10:31.329 TRACE 25502 --- [           main] o.s.b.f.s.DefaultListableBeanFactory     : Returning cached instance of singleton bean 'org.springframework.transaction.config.internalTransactionAdvisor'
2022-12-24 22:10:31.329 TRACE 25502 --- [           main] .PrePostAnnotationSecurityMetadataSource : Looking for Pre/Post annotations for method 'hikariPoolDataSourceMetadataProvider' on target class 'class org.springframework.boot.autoconfigure.jdbc.metadata.DataSourcePoolMetadataProvidersConfiguration$HikariPoolDataSourceMetadataProviderConfiguration'
2022-12-24 22:10:31.329 TRACE 25502 --- [           main] .PrePostAnnotationSecurityMetadataSource : No expression annotations found
2022-12-24 22:10:31.329 TRACE 25502 --- [           main] .PrePostAnnotationSecurityMetadataSource : Looking for Pre/Post annotations for method 'lambda$hikariPoolDataSourceMetadataProvider$0' on target class 'class org.springframework.boot.autoconfigure.jdbc.metadata.DataSourcePoolMetadataProvidersConfiguration$HikariPoolDataSourceMetadataProviderConfiguration'
2022-12-24 22:10:31.329 TRACE 25502 --- [           main] .PrePostAnnotationSecurityMetadataSource : No expression annotations found
2022-12-24 22:10:31.330 TRACE 25502 --- [           main] s.a.ScheduledAnnotationBeanPostProcessor : No @Scheduled annotations found on bean class: class org.springframework.boot.autoconfigure.jdbc.metadata.DataSourcePoolMetadataProvidersConfiguration$HikariPoolDataSourceMetadataProviderConfiguration
2022-12-24 22:10:31.330 TRACE 25502 --- [           main] o.s.b.f.s.DefaultListableBeanFactory     : Finished creating instance of bean 'org.springframework.boot.autoconfigure.jdbc.metadata.DataSourcePoolMetadataProvidersConfiguration$HikariPoolDataSourceMetadataProviderConfiguration'
2022-12-24 22:10:31.330 TRACE 25502 --- [           main] o.s.b.f.s.DefaultListableBeanFactory     : Eagerly caching bean 'hikariPoolDataSourceMetadataProvider' to allow for resolving potential circular references
2022-12-24 22:10:31.330 TRACE 25502 --- [           main] o.s.beans.CachedIntrospectionResults     : Getting BeanInfo for class [org.springframework.boot.autoconfigure.jdbc.metadata.DataSourcePoolMetadataProvidersConfiguration$HikariPoolDataSourceMetadataProviderConfiguration$$Lambda$786/0x00000008013a4218]
2022-12-24 22:10:31.331 TRACE 25502 --- [           main] o.s.beans.CachedIntrospectionResults     : Caching PropertyDescriptors for class [org.springframework.boot.autoconfigure.jdbc.metadata.DataSourcePoolMetadataProvidersConfiguration$HikariPoolDataSourceMetadataProviderConfiguration$$Lambda$786/0x00000008013a4218]
2022-12-24 22:10:31.331 TRACE 25502 --- [           main] o.s.beans.CachedIntrospectionResults     : Found bean property 'class' of type [java.lang.Class]
2022-12-24 22:10:31.332 TRACE 25502 --- [           main] o.s.b.f.s.DefaultListableBeanFactory     : Returning cached instance of singleton bean 'metaDataSourceAdvisor'
2022-12-24 22:10:31.332 TRACE 25502 --- [           main] o.s.b.f.s.DefaultListableBeanFactory     : Returning cached instance of singleton bean 'org.springframework.transaction.config.internalTransactionAdvisor'
2022-12-24 22:10:31.332 TRACE 25502 --- [           main] o.s.b.f.s.DefaultListableBeanFactory     : Returning cached instance of singleton bean 'metaDataSourceAdvisor'
2022-12-24 22:10:31.332 TRACE 25502 --- [           main] o.s.b.f.s.DefaultListableBeanFactory     : Returning cached instance of singleton bean 'org.springframework.transaction.config.internalTransactionAdvisor'
2022-12-24 22:10:31.333 TRACE 25502 --- [           main] .PrePostAnnotationSecurityMetadataSource : Looking for Pre/Post annotations for method 'getDataSourcePoolMetadata' on target class 'class org.springframework.boot.autoconfigure.jdbc.metadata.DataSourcePoolMetadataProvidersConfiguration$HikariPoolDataSourceMetadataProviderConfiguration$$Lambda$786/0x00000008013a4218'
2022-12-24 22:10:31.333 TRACE 25502 --- [           main] .PrePostAnnotationSecurityMetadataSource : No expression annotations found
2022-12-24 22:10:31.333 TRACE 25502 --- [           main] .PrePostAnnotationSecurityMetadataSource : Looking for Pre/Post annotations for method 'getDataSourcePoolMetadata' on target class 'class org.springframework.boot.autoconfigure.jdbc.metadata.DataSourcePoolMetadataProvidersConfiguration$HikariPoolDataSourceMetadataProviderConfiguration$$Lambda$786/0x00000008013a4218'
2022-12-24 22:10:31.333 TRACE 25502 --- [           main] .PrePostAnnotationSecurityMetadataSource : No expression annotations found
2022-12-24 22:10:31.333 TRACE 25502 --- [           main] s.a.ScheduledAnnotationBeanPostProcessor : No @Scheduled annotations found on bean class: class org.springframework.boot.autoconfigure.jdbc.metadata.DataSourcePoolMetadataProvidersConfiguration$HikariPoolDataSourceMetadataProviderConfiguration$$Lambda$786/0x00000008013a4218
2022-12-24 22:10:31.333 TRACE 25502 --- [           main] o.s.b.f.s.DefaultListableBeanFactory     : Finished creating instance of bean 'hikariPoolDataSourceMetadataProvider'
2022-12-24 22:10:31.337 TRACE 25502 --- [           main] o.s.b.f.s.DefaultListableBeanFactory     : Eagerly caching bean 'org.springframework.boot.autoconfigure.orm.jpa.HibernateJpaConfiguration' to allow for resolving potential circular references
2022-12-24 22:10:31.337 TRACE 25502 --- [           main] o.s.beans.CachedIntrospectionResults     : Getting BeanInfo for class [org.springframework.boot.autoconfigure.orm.jpa.HibernateJpaConfiguration]
2022-12-24 22:10:31.339 TRACE 25502 --- [           main] o.s.beans.CachedIntrospectionResults     : Caching PropertyDescriptors for class [org.springframework.boot.autoconfigure.orm.jpa.HibernateJpaConfiguration]
2022-12-24 22:10:31.339 TRACE 25502 --- [           main] o.s.beans.CachedIntrospectionResults     : Found bean property 'beanFactory' of type [org.springframework.beans.factory.BeanFactory]
2022-12-24 22:10:31.339 TRACE 25502 --- [           main] o.s.beans.CachedIntrospectionResults     : Found bean property 'class' of type [java.lang.Class]
2022-12-24 22:10:31.340 TRACE 25502 --- [           main] o.s.b.f.s.DefaultListableBeanFactory     : Returning cached instance of singleton bean 'metaDataSourceAdvisor'
2022-12-24 22:10:31.340 TRACE 25502 --- [           main] o.s.b.f.s.DefaultListableBeanFactory     : Returning cached instance of singleton bean 'org.springframework.transaction.config.internalTransactionAdvisor'
2022-12-24 22:10:31.340 TRACE 25502 --- [           main] o.s.b.f.s.DefaultListableBeanFactory     : Returning cached instance of singleton bean 'metaDataSourceAdvisor'
2022-12-24 22:10:31.340 TRACE 25502 --- [           main] o.s.b.f.s.DefaultListableBeanFactory     : Returning cached instance of singleton bean 'org.springframework.transaction.config.internalTransactionAdvisor'
2022-12-24 22:10:31.340 TRACE 25502 --- [           main] .PrePostAnnotationSecurityMetadataSource : Looking for Pre/Post annotations for method 'determineHibernatePropertiesCustomizers' on target class 'class org.springframework.boot.autoconfigure.orm.jpa.HibernateJpaConfiguration'
2022-12-24 22:10:31.340 TRACE 25502 --- [           main] .PrePostAnnotationSecurityMetadataSource : No expression annotations found
2022-12-24 22:10:31.340 TRACE 25502 --- [           main] .PrePostAnnotationSecurityMetadataSource : Looking for Pre/Post annotations for method 'configureProviderDisablesAutocommit' on target class 'class org.springframework.boot.autoconfigure.orm.jpa.HibernateJpaConfiguration'
2022-12-24 22:10:31.340 TRACE 25502 --- [           main] .PrePostAnnotationSecurityMetadataSource : No expression annotations found
2022-12-24 22:10:31.341 TRACE 25502 --- [           main] .PrePostAnnotationSecurityMetadataSource : Looking for Pre/Post annotations for method 'isDataSourceAutoCommitDisabled' on target class 'class org.springframework.boot.autoconfigure.orm.jpa.HibernateJpaConfiguration'
2022-12-24 22:10:31.341 TRACE 25502 --- [           main] .PrePostAnnotationSecurityMetadataSource : No expression annotations found
2022-12-24 22:10:31.341 TRACE 25502 --- [           main] .PrePostAnnotationSecurityMetadataSource : Looking for Pre/Post annotations for method 'lambda$getVendorProperties$1' on target class 'class org.springframework.boot.autoconfigure.orm.jpa.HibernateJpaConfiguration'
2022-12-24 22:10:31.341 TRACE 25502 --- [           main] .PrePostAnnotationSecurityMetadataSource : No expression annotations found
2022-12-24 22:10:31.341 TRACE 25502 --- [           main] .PrePostAnnotationSecurityMetadataSource : Looking for Pre/Post annotations for method 'createJpaVendorAdapter' on target class 'class org.springframework.boot.autoconfigure.orm.jpa.HibernateJpaConfiguration'
2022-12-24 22:10:31.341 TRACE 25502 --- [           main] .PrePostAnnotationSecurityMetadataSource : No expression annotations found
2022-12-24 22:10:31.341 TRACE 25502 --- [           main] .PrePostAnnotationSecurityMetadataSource : Looking for Pre/Post annotations for method 'getVendorProperties' on target class 'class org.springframework.boot.autoconfigure.orm.jpa.HibernateJpaConfiguration'
2022-12-24 22:10:31.341 TRACE 25502 --- [           main] .PrePostAnnotationSecurityMetadataSource : No expression annotations found
2022-12-24 22:10:31.341 TRACE 25502 --- [           main] .PrePostAnnotationSecurityMetadataSource : Looking for Pre/Post annotations for method 'customizeVendorProperties' on target class 'class org.springframework.boot.autoconfigure.orm.jpa.HibernateJpaConfiguration'
2022-12-24 22:10:31.341 TRACE 25502 --- [           main] .PrePostAnnotationSecurityMetadataSource : No expression annotations found
2022-12-24 22:10:31.341 TRACE 25502 --- [           main] .PrePostAnnotationSecurityMetadataSource : Looking for Pre/Post annotations for method 'configureJtaPlatform' on target class 'class org.springframework.boot.autoconfigure.orm.jpa.HibernateJpaConfiguration'
2022-12-24 22:10:31.341 TRACE 25502 --- [           main] .PrePostAnnotationSecurityMetadataSource : No expression annotations found
2022-12-24 22:10:31.341 TRACE 25502 --- [           main] .PrePostAnnotationSecurityMetadataSource : Looking for Pre/Post annotations for method 'runningOnWebSphere' on target class 'class org.springframework.boot.autoconfigure.orm.jpa.HibernateJpaConfiguration'
2022-12-24 22:10:31.342 TRACE 25502 --- [           main] .PrePostAnnotationSecurityMetadataSource : No expression annotations found
2022-12-24 22:10:31.342 TRACE 25502 --- [           main] .PrePostAnnotationSecurityMetadataSource : Looking for Pre/Post annotations for method 'configureSpringJtaPlatform' on target class 'class org.springframework.boot.autoconfigure.orm.jpa.HibernateJpaConfiguration'
2022-12-24 22:10:31.342 TRACE 25502 --- [           main] .PrePostAnnotationSecurityMetadataSource : No expression annotations found
2022-12-24 22:10:31.342 TRACE 25502 --- [           main] .PrePostAnnotationSecurityMetadataSource : Looking for Pre/Post annotations for method 'isUsingJndi' on target class 'class org.springframework.boot.autoconfigure.orm.jpa.HibernateJpaConfiguration'
2022-12-24 22:10:31.342 TRACE 25502 --- [           main] .PrePostAnnotationSecurityMetadataSource : No expression annotations found
2022-12-24 22:10:31.342 TRACE 25502 --- [           main] .PrePostAnnotationSecurityMetadataSource : Looking for Pre/Post annotations for method 'getNoJtaPlatformManager' on target class 'class org.springframework.boot.autoconfigure.orm.jpa.HibernateJpaConfiguration'
2022-12-24 22:10:31.342 TRACE 25502 --- [           main] .PrePostAnnotationSecurityMetadataSource : No expression annotations found
2022-12-24 22:10:31.342 TRACE 25502 --- [           main] .PrePostAnnotationSecurityMetadataSource : Looking for Pre/Post annotations for method 'lambda$determineHibernatePropertiesCustomizers$0' on target class 'class org.springframework.boot.autoconfigure.orm.jpa.HibernateJpaConfiguration'
2022-12-24 22:10:31.342 TRACE 25502 --- [           main] .PrePostAnnotationSecurityMetadataSource : No expression annotations found
2022-12-24 22:10:31.342 TRACE 25502 --- [           main] .PrePostAnnotationSecurityMetadataSource : Looking for Pre/Post annotations for method 'getProperties' on target class 'class org.springframework.boot.autoconfigure.orm.jpa.HibernateJpaConfiguration'
2022-12-24 22:10:31.342 TRACE 25502 --- [           main] .PrePostAnnotationSecurityMetadataSource : No expression annotations found
2022-12-24 22:10:31.342 TRACE 25502 --- [           main] .PrePostAnnotationSecurityMetadataSource : Looking for Pre/Post annotations for method 'lambda$transactionManager$0' on target class 'class org.springframework.boot.autoconfigure.orm.jpa.HibernateJpaConfiguration'
2022-12-24 22:10:31.342 TRACE 25502 --- [           main] .PrePostAnnotationSecurityMetadataSource : No expression annotations found
2022-12-24 22:10:31.342 TRACE 25502 --- [           main] .PrePostAnnotationSecurityMetadataSource : Looking for Pre/Post annotations for method 'entityManagerFactoryBuilder' on target class 'class org.springframework.boot.autoconfigure.orm.jpa.HibernateJpaConfiguration'
2022-12-24 22:10:31.343 TRACE 25502 --- [           main] .PrePostAnnotationSecurityMetadataSource : No expression annotations found
2022-12-24 22:10:31.343 TRACE 25502 --- [           main] .PrePostAnnotationSecurityMetadataSource : Looking for Pre/Post annotations for method 'lambda$entityManagerFactoryBuilder$1' on target class 'class org.springframework.boot.autoconfigure.orm.jpa.HibernateJpaConfiguration'
2022-12-24 22:10:31.343 TRACE 25502 --- [           main] .PrePostAnnotationSecurityMetadataSource : No expression annotations found
2022-12-24 22:10:31.343 TRACE 25502 --- [           main] .PrePostAnnotationSecurityMetadataSource : Looking for Pre/Post annotations for method 'isJta' on target class 'class org.springframework.boot.autoconfigure.orm.jpa.HibernateJpaConfiguration'
2022-12-24 22:10:31.343 TRACE 25502 --- [           main] .PrePostAnnotationSecurityMetadataSource : No expression annotations found
2022-12-24 22:10:31.343 TRACE 25502 --- [           main] .PrePostAnnotationSecurityMetadataSource : Looking for Pre/Post annotations for method 'setBeanFactory' on target class 'class org.springframework.boot.autoconfigure.orm.jpa.HibernateJpaConfiguration'
2022-12-24 22:10:31.343 TRACE 25502 --- [           main] .PrePostAnnotationSecurityMetadataSource : No expression annotations found
2022-12-24 22:10:31.343 TRACE 25502 --- [           main] .PrePostAnnotationSecurityMetadataSource : Looking for Pre/Post annotations for method 'entityManagerFactory' on target class 'class org.springframework.boot.autoconfigure.orm.jpa.HibernateJpaConfiguration'
2022-12-24 22:10:31.343 TRACE 25502 --- [           main] .PrePostAnnotationSecurityMetadataSource : No expression annotations found
2022-12-24 22:10:31.343 TRACE 25502 --- [           main] .PrePostAnnotationSecurityMetadataSource : Looking for Pre/Post annotations for method 'transactionManager' on target class 'class org.springframework.boot.autoconfigure.orm.jpa.HibernateJpaConfiguration'
2022-12-24 22:10:31.343 TRACE 25502 --- [           main] .PrePostAnnotationSecurityMetadataSource : No expression annotations found
2022-12-24 22:10:31.343 TRACE 25502 --- [           main] .PrePostAnnotationSecurityMetadataSource : Looking for Pre/Post annotations for method 'getDataSource' on target class 'class org.springframework.boot.autoconfigure.orm.jpa.HibernateJpaConfiguration'
2022-12-24 22:10:31.344 TRACE 25502 --- [           main] .PrePostAnnotationSecurityMetadataSource : No expression annotations found
2022-12-24 22:10:31.344 TRACE 25502 --- [           main] .PrePostAnnotationSecurityMetadataSource : Looking for Pre/Post annotations for method 'jpaVendorAdapter' on target class 'class org.springframework.boot.autoconfigure.orm.jpa.HibernateJpaConfiguration'
2022-12-24 22:10:31.344 TRACE 25502 --- [           main] .PrePostAnnotationSecurityMetadataSource : No expression annotations found
2022-12-24 22:10:31.344 TRACE 25502 --- [           main] .PrePostAnnotationSecurityMetadataSource : Looking for Pre/Post annotations for method 'getPackagesToScan' on target class 'class org.springframework.boot.autoconfigure.orm.jpa.HibernateJpaConfiguration'
2022-12-24 22:10:31.344 TRACE 25502 --- [           main] .PrePostAnnotationSecurityMetadataSource : No expression annotations found
2022-12-24 22:10:31.344 TRACE 25502 --- [           main] .PrePostAnnotationSecurityMetadataSource : Looking for Pre/Post annotations for method 'createJpaVendorAdapter' on target class 'class org.springframework.boot.autoconfigure.orm.jpa.HibernateJpaConfiguration'
2022-12-24 22:10:31.344 TRACE 25502 --- [           main] .PrePostAnnotationSecurityMetadataSource : No expression annotations found
2022-12-24 22:10:31.344 TRACE 25502 --- [           main] .PrePostAnnotationSecurityMetadataSource : Looking for Pre/Post annotations for method 'getVendorProperties' on target class 'class org.springframework.boot.autoconfigure.orm.jpa.HibernateJpaConfiguration'
2022-12-24 22:10:31.344 TRACE 25502 --- [           main] .PrePostAnnotationSecurityMetadataSource : No expression annotations found
2022-12-24 22:10:31.344 TRACE 25502 --- [           main] .PrePostAnnotationSecurityMetadataSource : Looking for Pre/Post annotations for method 'customizeVendorProperties' on target class 'class org.springframework.boot.autoconfigure.orm.jpa.HibernateJpaConfiguration'
2022-12-24 22:10:31.344 TRACE 25502 --- [           main] .PrePostAnnotationSecurityMetadataSource : No expression annotations found
2022-12-24 22:10:31.344 TRACE 25502 --- [           main] .PrePostAnnotationSecurityMetadataSource : Looking for Pre/Post annotations for method 'getJtaTransactionManager' on target class 'class org.springframework.boot.autoconfigure.orm.jpa.HibernateJpaConfiguration'
2022-12-24 22:10:31.344 TRACE 25502 --- [           main] .PrePostAnnotationSecurityMetadataSource : No expression annotations found
2022-12-24 22:10:31.344 TRACE 25502 --- [           main] .PrePostAnnotationSecurityMetadataSource : Looking for Pre/Post annotations for method 'getMappingResources' on target class 'class org.springframework.boot.autoconfigure.orm.jpa.HibernateJpaConfiguration'
2022-12-24 22:10:31.344 TRACE 25502 --- [           main] .PrePostAnnotationSecurityMetadataSource : No expression annotations found
2022-12-24 22:10:31.344 TRACE 25502 --- [           main] .PrePostAnnotationSecurityMetadataSource : Looking for Pre/Post annotations for method 'setBeanFactory' on target class 'class org.springframework.boot.autoconfigure.orm.jpa.HibernateJpaConfiguration'
2022-12-24 22:10:31.344 TRACE 25502 --- [           main] .PrePostAnnotationSecurityMetadataSource : No expression annotations found
2022-12-24 22:10:31.345 TRACE 25502 --- [           main] s.a.ScheduledAnnotationBeanPostProcessor : No @Scheduled annotations found on bean class: class org.springframework.boot.autoconfigure.orm.jpa.HibernateJpaConfiguration
2022-12-24 22:10:31.345 TRACE 25502 --- [           main] o.s.b.f.s.DefaultListableBeanFactory     : Finished creating instance of bean 'org.springframework.boot.autoconfigure.orm.jpa.HibernateJpaConfiguration'
2022-12-24 22:10:31.346 DEBUG 25502 --- [           main] o.s.b.f.s.DefaultListableBeanFactory     : Creating shared instance of singleton bean 'entityManagerFactoryBuilder'
2022-12-24 22:10:31.346 TRACE 25502 --- [           main] o.s.b.f.s.DefaultListableBeanFactory     : Creating instance of bean 'entityManagerFactoryBuilder'
2022-12-24 22:10:31.346 TRACE 25502 --- [           main] o.s.b.f.s.DefaultListableBeanFactory     : Returning cached instance of singleton bean 'metaDataSourceAdvisor'
2022-12-24 22:10:31.346 TRACE 25502 --- [           main] o.s.b.f.s.DefaultListableBeanFactory     : Returning cached instance of singleton bean 'org.springframework.transaction.config.internalTransactionAdvisor'
2022-12-24 22:10:31.346 TRACE 25502 --- [           main] o.s.b.f.s.DefaultListableBeanFactory     : Returning cached instance of singleton bean 'org.springframework.boot.autoconfigure.orm.jpa.HibernateJpaConfiguration'
2022-12-24 22:10:31.347 DEBUG 25502 --- [           main] o.s.b.f.s.DefaultListableBeanFactory     : Creating shared instance of singleton bean 'jpaVendorAdapter'
2022-12-24 22:10:31.347 TRACE 25502 --- [           main] o.s.b.f.s.DefaultListableBeanFactory     : Creating instance of bean 'jpaVendorAdapter'
2022-12-24 22:10:31.347 TRACE 25502 --- [           main] o.s.b.f.s.DefaultListableBeanFactory     : Returning cached instance of singleton bean 'metaDataSourceAdvisor'
2022-12-24 22:10:31.347 TRACE 25502 --- [           main] o.s.b.f.s.DefaultListableBeanFactory     : Returning cached instance of singleton bean 'org.springframework.transaction.config.internalTransactionAdvisor'
2022-12-24 22:10:31.347 TRACE 25502 --- [           main] o.s.b.f.s.DefaultListableBeanFactory     : Returning cached instance of singleton bean 'org.springframework.boot.autoconfigure.orm.jpa.HibernateJpaConfiguration'
2022-12-24 22:10:31.405 DEBUG 25502 --- [           main] org.jboss.logging                        : Logging Provider: org.jboss.logging.Log4j2LoggerProvider
2022-12-24 22:10:31.411 TRACE 25502 --- [           main] o.s.b.f.s.DefaultListableBeanFactory     : Eagerly caching bean 'jpaVendorAdapter' to allow for resolving potential circular references
2022-12-24 22:10:31.411 TRACE 25502 --- [           main] o.s.beans.CachedIntrospectionResults     : Getting BeanInfo for class [org.springframework.orm.jpa.vendor.HibernateJpaVendorAdapter]
2022-12-24 22:10:31.414 TRACE 25502 --- [           main] o.s.beans.CachedIntrospectionResults     : Caching PropertyDescriptors for class [org.springframework.orm.jpa.vendor.HibernateJpaVendorAdapter]
2022-12-24 22:10:31.414 TRACE 25502 --- [           main] o.s.beans.CachedIntrospectionResults     : Found bean property 'class' of type [java.lang.Class]
2022-12-24 22:10:31.414 TRACE 25502 --- [           main] o.s.beans.CachedIntrospectionResults     : Found bean property 'database' of type [org.springframework.orm.jpa.vendor.Database]
2022-12-24 22:10:31.414 TRACE 25502 --- [           main] o.s.beans.CachedIntrospectionResults     : Found bean property 'databasePlatform' of type [java.lang.String]
2022-12-24 22:10:31.414 TRACE 25502 --- [           main] o.s.beans.CachedIntrospectionResults     : Found bean property 'entityManagerFactoryInterface' of type [java.lang.Class]
2022-12-24 22:10:31.414 TRACE 25502 --- [           main] o.s.beans.CachedIntrospectionResults     : Found bean property 'entityManagerInterface' of type [java.lang.Class]
2022-12-24 22:10:31.415 TRACE 25502 --- [           main] o.s.beans.CachedIntrospectionResults     : Found bean property 'generateDdl' of type [boolean]
2022-12-24 22:10:31.415 TRACE 25502 --- [           main] o.s.beans.CachedIntrospectionResults     : Found bean property 'jpaDialect' of type [org.springframework.orm.jpa.vendor.HibernateJpaDialect]
2022-12-24 22:10:31.415 TRACE 25502 --- [           main] o.s.beans.CachedIntrospectionResults     : Found bean property 'jpaPropertyMap' of type [java.util.Map]
2022-12-24 22:10:31.415 TRACE 25502 --- [           main] o.s.beans.CachedIntrospectionResults     : Found bean property 'persistenceProvider' of type [javax.persistence.spi.PersistenceProvider]
2022-12-24 22:10:31.415 TRACE 25502 --- [           main] o.s.beans.CachedIntrospectionResults     : Found bean property 'persistenceProviderRootPackage' of type [java.lang.String]
2022-12-24 22:10:31.415 TRACE 25502 --- [           main] o.s.beans.CachedIntrospectionResults     : Found bean property 'prepareConnection' of type [boolean]
2022-12-24 22:10:31.415 TRACE 25502 --- [           main] o.s.beans.CachedIntrospectionResults     : Found bean property 'showSql' of type [boolean]
2022-12-24 22:10:31.416 TRACE 25502 --- [           main] o.s.b.f.s.DefaultListableBeanFactory     : Returning cached instance of singleton bean 'metaDataSourceAdvisor'
2022-12-24 22:10:31.416 TRACE 25502 --- [           main] o.s.b.f.s.DefaultListableBeanFactory     : Returning cached instance of singleton bean 'org.springframework.transaction.config.internalTransactionAdvisor'
2022-12-24 22:10:31.416 TRACE 25502 --- [           main] o.s.b.f.s.DefaultListableBeanFactory     : Returning cached instance of singleton bean 'metaDataSourceAdvisor'
2022-12-24 22:10:31.416 TRACE 25502 --- [           main] o.s.b.f.s.DefaultListableBeanFactory     : Returning cached instance of singleton bean 'org.springframework.transaction.config.internalTransactionAdvisor'
2022-12-24 22:10:31.416 TRACE 25502 --- [           main] .PrePostAnnotationSecurityMetadataSource : Looking for Pre/Post annotations for method 'getPersistenceProviderRootPackage' on target class 'class org.springframework.orm.jpa.vendor.HibernateJpaVendorAdapter'
2022-12-24 22:10:31.416 TRACE 25502 --- [           main] .PrePostAnnotationSecurityMetadataSource : No expression annotations found
2022-12-24 22:10:31.416 TRACE 25502 --- [           main] .PrePostAnnotationSecurityMetadataSource : Looking for Pre/Post annotations for method 'getEntityManagerFactoryInterface' on target class 'class org.springframework.orm.jpa.vendor.HibernateJpaVendorAdapter'
2022-12-24 22:10:31.416 TRACE 25502 --- [           main] .PrePostAnnotationSecurityMetadataSource : No expression annotations found
2022-12-24 22:10:31.416 TRACE 25502 --- [           main] .PrePostAnnotationSecurityMetadataSource : Looking for Pre/Post annotations for method 'determineDatabaseDialectClass' on target class 'class org.springframework.orm.jpa.vendor.HibernateJpaVendorAdapter'
2022-12-24 22:10:31.417 TRACE 25502 --- [           main] .PrePostAnnotationSecurityMetadataSource : No expression annotations found
2022-12-24 22:10:31.417 TRACE 25502 --- [           main] .PrePostAnnotationSecurityMetadataSource : Looking for Pre/Post annotations for method 'getPersistenceProvider' on target class 'class org.springframework.orm.jpa.vendor.HibernateJpaVendorAdapter'
2022-12-24 22:10:31.417 TRACE 25502 --- [           main] .PrePostAnnotationSecurityMetadataSource : No expression annotations found
2022-12-24 22:10:31.417 TRACE 25502 --- [           main] .PrePostAnnotationSecurityMetadataSource : Looking for Pre/Post annotations for method 'getJpaPropertyMap' on target class 'class org.springframework.orm.jpa.vendor.HibernateJpaVendorAdapter'
2022-12-24 22:10:31.417 TRACE 25502 --- [           main] .PrePostAnnotationSecurityMetadataSource : No expression annotations found
2022-12-24 22:10:31.417 TRACE 25502 --- [           main] .PrePostAnnotationSecurityMetadataSource : Looking for Pre/Post annotations for method 'getJpaPropertyMap' on target class 'class org.springframework.orm.jpa.vendor.HibernateJpaVendorAdapter'
2022-12-24 22:10:31.417 TRACE 25502 --- [           main] .PrePostAnnotationSecurityMetadataSource : No expression annotations found
2022-12-24 22:10:31.417 TRACE 25502 --- [           main] .PrePostAnnotationSecurityMetadataSource : Looking for Pre/Post annotations for method 'getEntityManagerInterface' on target class 'class org.springframework.orm.jpa.vendor.HibernateJpaVendorAdapter'
2022-12-24 22:10:31.417 TRACE 25502 --- [           main] .PrePostAnnotationSecurityMetadataSource : No expression annotations found
2022-12-24 22:10:31.417 TRACE 25502 --- [           main] .PrePostAnnotationSecurityMetadataSource : Looking for Pre/Post annotations for method 'getJpaDialect' on target class 'class org.springframework.orm.jpa.vendor.HibernateJpaVendorAdapter'
2022-12-24 22:10:31.417 TRACE 25502 --- [           main] .PrePostAnnotationSecurityMetadataSource : No expression annotations found
2022-12-24 22:10:31.417 TRACE 25502 --- [           main] .PrePostAnnotationSecurityMetadataSource : Looking for Pre/Post annotations for method 'getJpaDialect' on target class 'class org.springframework.orm.jpa.vendor.HibernateJpaVendorAdapter'
2022-12-24 22:10:31.417 TRACE 25502 --- [           main] .PrePostAnnotationSecurityMetadataSource : No expression annotations found
2022-12-24 22:10:31.417 TRACE 25502 --- [           main] .PrePostAnnotationSecurityMetadataSource : Looking for Pre/Post annotations for method 'setPrepareConnection' on target class 'class org.springframework.orm.jpa.vendor.HibernateJpaVendorAdapter'
2022-12-24 22:10:31.417 TRACE 25502 --- [           main] .PrePostAnnotationSecurityMetadataSource : No expression annotations found
2022-12-24 22:10:31.417 TRACE 25502 --- [           main] .PrePostAnnotationSecurityMetadataSource : Looking for Pre/Post annotations for method 'buildJpaPropertyMap' on target class 'class org.springframework.orm.jpa.vendor.HibernateJpaVendorAdapter'
2022-12-24 22:10:31.417 TRACE 25502 --- [           main] .PrePostAnnotationSecurityMetadataSource : No expression annotations found
2022-12-24 22:10:31.417 TRACE 25502 --- [           main] .PrePostAnnotationSecurityMetadataSource : Looking for Pre/Post annotations for method 'postProcessEntityManagerFactory' on target class 'class org.springframework.orm.jpa.vendor.HibernateJpaVendorAdapter'
2022-12-24 22:10:31.417 TRACE 25502 --- [           main] .PrePostAnnotationSecurityMetadataSource : No expression annotations found
2022-12-24 22:10:31.417 TRACE 25502 --- [           main] .PrePostAnnotationSecurityMetadataSource : Looking for Pre/Post annotations for method 'getPersistenceProviderRootPackage' on target class 'class org.springframework.orm.jpa.vendor.HibernateJpaVendorAdapter'
2022-12-24 22:10:31.418 TRACE 25502 --- [           main] .PrePostAnnotationSecurityMetadataSource : No expression annotations found
2022-12-24 22:10:31.418 TRACE 25502 --- [           main] .PrePostAnnotationSecurityMetadataSource : Looking for Pre/Post annotations for method 'getEntityManagerFactoryInterface' on target class 'class org.springframework.orm.jpa.vendor.HibernateJpaVendorAdapter'
2022-12-24 22:10:31.418 TRACE 25502 --- [           main] .PrePostAnnotationSecurityMetadataSource : No expression annotations found
2022-12-24 22:10:31.418 TRACE 25502 --- [           main] .PrePostAnnotationSecurityMetadataSource : Looking for Pre/Post annotations for method 'isShowSql' on target class 'class org.springframework.orm.jpa.vendor.HibernateJpaVendorAdapter'
2022-12-24 22:10:31.418 TRACE 25502 --- [           main] .PrePostAnnotationSecurityMetadataSource : No expression annotations found
2022-12-24 22:10:31.418 TRACE 25502 --- [           main] .PrePostAnnotationSecurityMetadataSource : Looking for Pre/Post annotations for method 'setShowSql' on target class 'class org.springframework.orm.jpa.vendor.HibernateJpaVendorAdapter'
2022-12-24 22:10:31.418 TRACE 25502 --- [           main] .PrePostAnnotationSecurityMetadataSource : No expression annotations found
2022-12-24 22:10:31.418 TRACE 25502 --- [           main] .PrePostAnnotationSecurityMetadataSource : Looking for Pre/Post annotations for method 'postProcessEntityManager' on target class 'class org.springframework.orm.jpa.vendor.HibernateJpaVendorAdapter'
2022-12-24 22:10:31.418 TRACE 25502 --- [           main] .PrePostAnnotationSecurityMetadataSource : No expression annotations found
2022-12-24 22:10:31.418 TRACE 25502 --- [           main] .PrePostAnnotationSecurityMetadataSource : Looking for Pre/Post annotations for method 'getJpaPropertyMap' on target class 'class org.springframework.orm.jpa.vendor.HibernateJpaVendorAdapter'
2022-12-24 22:10:31.418 TRACE 25502 --- [           main] .PrePostAnnotationSecurityMetadataSource : No expression annotations found
2022-12-24 22:10:31.418 TRACE 25502 --- [           main] .PrePostAnnotationSecurityMetadataSource : Looking for Pre/Post annotations for method 'getJpaPropertyMap' on target class 'class org.springframework.orm.jpa.vendor.HibernateJpaVendorAdapter'
2022-12-24 22:10:31.418 TRACE 25502 --- [           main] .PrePostAnnotationSecurityMetadataSource : No expression annotations found
2022-12-24 22:10:31.418 TRACE 25502 --- [           main] .PrePostAnnotationSecurityMetadataSource : Looking for Pre/Post annotations for method 'getEntityManagerInterface' on target class 'class org.springframework.orm.jpa.vendor.HibernateJpaVendorAdapter'
2022-12-24 22:10:31.418 TRACE 25502 --- [           main] .PrePostAnnotationSecurityMetadataSource : No expression annotations found
2022-12-24 22:10:31.418 TRACE 25502 --- [           main] .PrePostAnnotationSecurityMetadataSource : Looking for Pre/Post annotations for method 'getJpaDialect' on target class 'class org.springframework.orm.jpa.vendor.HibernateJpaVendorAdapter'
2022-12-24 22:10:31.418 TRACE 25502 --- [           main] .PrePostAnnotationSecurityMetadataSource : No expression annotations found
2022-12-24 22:10:31.418 TRACE 25502 --- [           main] .PrePostAnnotationSecurityMetadataSource : Looking for Pre/Post annotations for method 'getDatabase' on target class 'class org.springframework.orm.jpa.vendor.HibernateJpaVendorAdapter'
2022-12-24 22:10:31.418 TRACE 25502 --- [           main] .PrePostAnnotationSecurityMetadataSource : No expression annotations found
2022-12-24 22:10:31.418 TRACE 25502 --- [           main] .PrePostAnnotationSecurityMetadataSource : Looking for Pre/Post annotations for method 'setDatabase' on target class 'class org.springframework.orm.jpa.vendor.HibernateJpaVendorAdapter'
2022-12-24 22:10:31.419 TRACE 25502 --- [           main] .PrePostAnnotationSecurityMetadataSource : No expression annotations found
2022-12-24 22:10:31.419 TRACE 25502 --- [           main] .PrePostAnnotationSecurityMetadataSource : Looking for Pre/Post annotations for method 'getDatabasePlatform' on target class 'class org.springframework.orm.jpa.vendor.HibernateJpaVendorAdapter'
2022-12-24 22:10:31.419 TRACE 25502 --- [           main] .PrePostAnnotationSecurityMetadataSource : No expression annotations found
2022-12-24 22:10:31.419 TRACE 25502 --- [           main] .PrePostAnnotationSecurityMetadataSource : Looking for Pre/Post annotations for method 'setDatabasePlatform' on target class 'class org.springframework.orm.jpa.vendor.HibernateJpaVendorAdapter'
2022-12-24 22:10:31.419 TRACE 25502 --- [           main] .PrePostAnnotationSecurityMetadataSource : No expression annotations found
2022-12-24 22:10:31.419 TRACE 25502 --- [           main] .PrePostAnnotationSecurityMetadataSource : Looking for Pre/Post annotations for method 'isGenerateDdl' on target class 'class org.springframework.orm.jpa.vendor.HibernateJpaVendorAdapter'
2022-12-24 22:10:31.419 TRACE 25502 --- [           main] .PrePostAnnotationSecurityMetadataSource : No expression annotations found
2022-12-24 22:10:31.419 TRACE 25502 --- [           main] .PrePostAnnotationSecurityMetadataSource : Looking for Pre/Post annotations for method 'setGenerateDdl' on target class 'class org.springframework.orm.jpa.vendor.HibernateJpaVendorAdapter'
2022-12-24 22:10:31.419 TRACE 25502 --- [           main] .PrePostAnnotationSecurityMetadataSource : No expression annotations found
2022-12-24 22:10:31.419 TRACE 25502 --- [           main] .PrePostAnnotationSecurityMetadataSource : Looking for Pre/Post annotations for method 'postProcessEntityManagerFactory' on target class 'class org.springframework.orm.jpa.vendor.HibernateJpaVendorAdapter'
2022-12-24 22:10:31.419 TRACE 25502 --- [           main] .PrePostAnnotationSecurityMetadataSource : No expression annotations found
2022-12-24 22:10:31.419 TRACE 25502 --- [           main] .PrePostAnnotationSecurityMetadataSource : Looking for Pre/Post annotations for method 'getPersistenceProviderRootPackage' on target class 'class org.springframework.orm.jpa.vendor.HibernateJpaVendorAdapter'
2022-12-24 22:10:31.419 TRACE 25502 --- [           main] .PrePostAnnotationSecurityMetadataSource : No expression annotations found
2022-12-24 22:10:31.419 TRACE 25502 --- [           main] .PrePostAnnotationSecurityMetadataSource : Looking for Pre/Post annotations for method 'getEntityManagerFactoryInterface' on target class 'class org.springframework.orm.jpa.vendor.HibernateJpaVendorAdapter'
2022-12-24 22:10:31.419 TRACE 25502 --- [           main] .PrePostAnnotationSecurityMetadataSource : No expression annotations found
2022-12-24 22:10:31.419 TRACE 25502 --- [           main] .PrePostAnnotationSecurityMetadataSource : Looking for Pre/Post annotations for method 'postProcessEntityManager' on target class 'class org.springframework.orm.jpa.vendor.HibernateJpaVendorAdapter'
2022-12-24 22:10:31.419 TRACE 25502 --- [           main] .PrePostAnnotationSecurityMetadataSource : No expression annotations found
2022-12-24 22:10:31.419 TRACE 25502 --- [           main] .PrePostAnnotationSecurityMetadataSource : Looking for Pre/Post annotations for method 'getJpaPropertyMap' on target class 'class org.springframework.orm.jpa.vendor.HibernateJpaVendorAdapter'
2022-12-24 22:10:31.419 TRACE 25502 --- [           main] .PrePostAnnotationSecurityMetadataSource : No expression annotations found
2022-12-24 22:10:31.419 TRACE 25502 --- [           main] .PrePostAnnotationSecurityMetadataSource : Looking for Pre/Post annotations for method 'getJpaPropertyMap' on target class 'class org.springframework.orm.jpa.vendor.HibernateJpaVendorAdapter'
2022-12-24 22:10:31.420 TRACE 25502 --- [           main] .PrePostAnnotationSecurityMetadataSource : No expression annotations found
2022-12-24 22:10:31.420 TRACE 25502 --- [           main] .PrePostAnnotationSecurityMetadataSource : Looking for Pre/Post annotations for method 'getEntityManagerInterface' on target class 'class org.springframework.orm.jpa.vendor.HibernateJpaVendorAdapter'
2022-12-24 22:10:31.420 TRACE 25502 --- [           main] .PrePostAnnotationSecurityMetadataSource : No expression annotations found
2022-12-24 22:10:31.420 TRACE 25502 --- [           main] .PrePostAnnotationSecurityMetadataSource : Looking for Pre/Post annotations for method 'getJpaDialect' on target class 'class org.springframework.orm.jpa.vendor.HibernateJpaVendorAdapter'
2022-12-24 22:10:31.420 TRACE 25502 --- [           main] .PrePostAnnotationSecurityMetadataSource : No expression annotations found
2022-12-24 22:10:31.420 TRACE 25502 --- [           main] .PrePostAnnotationSecurityMetadataSource : Looking for Pre/Post annotations for method 'getPersistenceProvider' on target class 'class org.springframework.orm.jpa.vendor.HibernateJpaVendorAdapter'
2022-12-24 22:10:31.420 TRACE 25502 --- [           main] .PrePostAnnotationSecurityMetadataSource : No expression annotations found
2022-12-24 22:10:31.421 TRACE 25502 --- [           main] s.a.ScheduledAnnotationBeanPostProcessor : No @Scheduled annotations found on bean class: class org.springframework.orm.jpa.vendor.HibernateJpaVendorAdapter
2022-12-24 22:10:31.421 TRACE 25502 --- [           main] o.s.b.f.s.DefaultListableBeanFactory     : Finished creating instance of bean 'jpaVendorAdapter'
2022-12-24 22:10:31.421 DEBUG 25502 --- [           main] o.s.b.f.s.DefaultListableBeanFactory     : Autowiring by type from bean name 'entityManagerFactoryBuilder' via factory method to bean named 'jpaVendorAdapter'
2022-12-24 22:10:31.425 TRACE 25502 --- [           main] o.s.b.f.s.DefaultListableBeanFactory     : Eagerly caching bean 'entityManagerFactoryBuilder' to allow for resolving potential circular references
2022-12-24 22:10:31.425 TRACE 25502 --- [           main] o.s.beans.CachedIntrospectionResults     : Getting BeanInfo for class [org.springframework.boot.orm.jpa.EntityManagerFactoryBuilder]
2022-12-24 22:10:31.426 TRACE 25502 --- [           main] o.s.beans.CachedIntrospectionResults     : Caching PropertyDescriptors for class [org.springframework.boot.orm.jpa.EntityManagerFactoryBuilder]
2022-12-24 22:10:31.426 TRACE 25502 --- [           main] o.s.beans.CachedIntrospectionResults     : Found bean property 'bootstrapExecutor' of type [org.springframework.core.task.AsyncTaskExecutor]
2022-12-24 22:10:31.426 TRACE 25502 --- [           main] o.s.beans.CachedIntrospectionResults     : Found bean property 'class' of type [java.lang.Class]
2022-12-24 22:10:31.426 TRACE 25502 --- [           main] o.s.beans.CachedIntrospectionResults     : Found bean property 'persistenceUnitPostProcessors' of type [[Lorg.springframework.orm.jpa.persistenceunit.PersistenceUnitPostProcessor;]
2022-12-24 22:10:31.427 TRACE 25502 --- [           main] o.s.b.f.s.DefaultListableBeanFactory     : Returning cached instance of singleton bean 'metaDataSourceAdvisor'
2022-12-24 22:10:31.427 TRACE 25502 --- [           main] o.s.b.f.s.DefaultListableBeanFactory     : Returning cached instance of singleton bean 'org.springframework.transaction.config.internalTransactionAdvisor'
2022-12-24 22:10:31.427 TRACE 25502 --- [           main] o.s.b.f.s.DefaultListableBeanFactory     : Returning cached instance of singleton bean 'metaDataSourceAdvisor'
2022-12-24 22:10:31.427 TRACE 25502 --- [           main] o.s.b.f.s.DefaultListableBeanFactory     : Returning cached instance of singleton bean 'org.springframework.transaction.config.internalTransactionAdvisor'
2022-12-24 22:10:31.427 TRACE 25502 --- [           main] .PrePostAnnotationSecurityMetadataSource : Looking for Pre/Post annotations for method 'setPersistenceUnitPostProcessors' on target class 'class org.springframework.boot.orm.jpa.EntityManagerFactoryBuilder'
2022-12-24 22:10:31.427 TRACE 25502 --- [           main] .PrePostAnnotationSecurityMetadataSource : No expression annotations found
2022-12-24 22:10:31.427 TRACE 25502 --- [           main] .PrePostAnnotationSecurityMetadataSource : Looking for Pre/Post annotations for method 'access$100' on target class 'class org.springframework.boot.orm.jpa.EntityManagerFactoryBuilder'
2022-12-24 22:10:31.427 TRACE 25502 --- [           main] .PrePostAnnotationSecurityMetadataSource : No expression annotations found
2022-12-24 22:10:31.427 TRACE 25502 --- [           main] .PrePostAnnotationSecurityMetadataSource : Looking for Pre/Post annotations for method 'access$200' on target class 'class org.springframework.boot.orm.jpa.EntityManagerFactoryBuilder'
2022-12-24 22:10:31.427 TRACE 25502 --- [           main] .PrePostAnnotationSecurityMetadataSource : No expression annotations found
2022-12-24 22:10:31.427 TRACE 25502 --- [           main] .PrePostAnnotationSecurityMetadataSource : Looking for Pre/Post annotations for method 'access$300' on target class 'class org.springframework.boot.orm.jpa.EntityManagerFactoryBuilder'
2022-12-24 22:10:31.427 TRACE 25502 --- [           main] .PrePostAnnotationSecurityMetadataSource : No expression annotations found
2022-12-24 22:10:31.427 TRACE 25502 --- [           main] .PrePostAnnotationSecurityMetadataSource : Looking for Pre/Post annotations for method 'access$400' on target class 'class org.springframework.boot.orm.jpa.EntityManagerFactoryBuilder'
2022-12-24 22:10:31.427 TRACE 25502 --- [           main] .PrePostAnnotationSecurityMetadataSource : No expression annotations found
2022-12-24 22:10:31.427 TRACE 25502 --- [           main] .PrePostAnnotationSecurityMetadataSource : Looking for Pre/Post annotations for method 'access$500' on target class 'class org.springframework.boot.orm.jpa.EntityManagerFactoryBuilder'
2022-12-24 22:10:31.427 TRACE 25502 --- [           main] .PrePostAnnotationSecurityMetadataSource : No expression annotations found
2022-12-24 22:10:31.427 TRACE 25502 --- [           main] .PrePostAnnotationSecurityMetadataSource : Looking for Pre/Post annotations for method 'access$600' on target class 'class org.springframework.boot.orm.jpa.EntityManagerFactoryBuilder'
2022-12-24 22:10:31.427 TRACE 25502 --- [           main] .PrePostAnnotationSecurityMetadataSource : No expression annotations found
2022-12-24 22:10:31.427 TRACE 25502 --- [           main] .PrePostAnnotationSecurityMetadataSource : Looking for Pre/Post annotations for method 'dataSource' on target class 'class org.springframework.boot.orm.jpa.EntityManagerFactoryBuilder'
2022-12-24 22:10:31.428 TRACE 25502 --- [           main] .PrePostAnnotationSecurityMetadataSource : No expression annotations found
2022-12-24 22:10:31.428 TRACE 25502 --- [           main] .PrePostAnnotationSecurityMetadataSource : Looking for Pre/Post annotations for method 'setBootstrapExecutor' on target class 'class org.springframework.boot.orm.jpa.EntityManagerFactoryBuilder'
2022-12-24 22:10:31.428 TRACE 25502 --- [           main] .PrePostAnnotationSecurityMetadataSource : No expression annotations found
2022-12-24 22:10:31.428 TRACE 25502 --- [           main] s.a.ScheduledAnnotationBeanPostProcessor : No @Scheduled annotations found on bean class: class org.springframework.boot.orm.jpa.EntityManagerFactoryBuilder
2022-12-24 22:10:31.428 TRACE 25502 --- [           main] o.s.b.f.s.DefaultListableBeanFactory     : Finished creating instance of bean 'entityManagerFactoryBuilder'
2022-12-24 22:10:31.428 DEBUG 25502 --- [           main] o.s.b.f.s.DefaultListableBeanFactory     : Autowiring by type from bean name 'entityManagerFactory' via factory method to bean named 'entityManagerFactoryBuilder'
2022-12-24 22:10:31.436 TRACE 25502 --- [           main] o.s.b.f.s.DefaultListableBeanFactory     : No bean named 'org.springframework.boot.autoconfigure.domain.EntityScanPackages' found in org.springframework.beans.factory.support.DefaultListableBeanFactory@3dd69f5a: defining beans [org.springframework.boot.test.mock.mockito.MockitoPostProcessor$SpyPostProcessor,org.springframework.boot.test.mock.mockito.MockitoPostProcessor,org.springframework.context.annotation.internalConfigurationAnnotationProcessor,org.springframework.context.annotation.internalAutowiredAnnotationProcessor,org.springframework.context.annotation.internalCommonAnnotationProcessor,org.springframework.context.annotation.internalPersistenceAnnotationProcessor,org.springframework.context.event.internalEventListenerProcessor,org.springframework.context.event.internalEventListenerFactory,springbootDemoH2Application,org.springframework.boot.autoconfigure.internalCachingMetadataReaderFactory,scheduledLog,corsConfig,jwtAuthenticationEntityPoint,jwtRequestFilter,webSecurityConfiguration,authController,userController,roleSeeder,userSeeder,jwtService,roleService,userService,jwtUtil,org.springframework.scheduling.annotation.SchedulingConfiguration,org.springframework.context.annotation.internalScheduledAnnotationProcessor,org.springframework.security.config.annotation.configuration.ObjectPostProcessorConfiguration,objectPostProcessor,org.springframework.security.config.annotation.authentication.configuration.AuthenticationConfiguration,authenticationManagerBuilder,enableGlobalAuthenticationAutowiredConfigurer,initializeUserDetailsBeanManagerConfigurer,initializeAuthenticationProviderBeanManagerConfigurer,org.springframework.security.config.annotation.web.configuration.WebSecurityConfiguration,delegatingApplicationListener,webSecurityExpressionHandler,springSecurityFilterChain,privilegeEvaluator,conversionServicePostProcessor,autowiredWebSecurityConfigurersIgnoreParents,org.springframework.security.config.annotation.web.configuration.WebMvcSecurityConfiguration,requestDataValueProcessor,org.springframework.security.config.annotation.web.configuration.HttpSecurityConfiguration,org.springframework.security.config.annotation.web.configuration.HttpSecurityConfiguration.httpSecurity,org.springframework.security.config.annotation.method.configuration.GlobalMethodSecurityConfiguration,methodSecurityInterceptor,methodSecurityMetadataSource,preInvocationAuthorizationAdvice,metaDataSourceAdvisor,org.springframework.aop.config.internalAutoProxyCreator,authenticationManagerBean,passwordEncoder,org.springframework.boot.autoconfigure.AutoConfigurationPackages,org.springframework.data.jpa.repository.config.JpaRepositoryConfigExtension#0,emBeanDefinitionRegistrarPostProcessor,jpaMappingContext,jpaContext,org.springframework.data.jpa.util.JpaMetamodelCacheCleanup,org.springframework.data.jpa.repository.support.JpaEvaluationContextExtension,roleRepository,userRepository,org.springframework.boot.autoconfigure.context.PropertyPlaceholderAutoConfiguration,propertySourcesPlaceholderConfigurer,org.springframework.boot.autoconfigure.websocket.servlet.WebSocketServletAutoConfiguration$TomcatWebSocketConfiguration,websocketServletWebServerCustomizer,org.springframework.boot.autoconfigure.websocket.servlet.WebSocketServletAutoConfiguration,org.springframework.boot.autoconfigure.web.servlet.ServletWebServerFactoryConfiguration$EmbeddedTomcat,tomcatServletWebServerFactory,org.springframework.boot.autoconfigure.web.servlet.ServletWebServerFactoryAutoConfiguration,servletWebServerFactoryCustomizer,tomcatServletWebServerFactoryCustomizer,org.springframework.boot.context.properties.ConfigurationPropertiesBindingPostProcessor,org.springframework.boot.context.internalConfigurationPropertiesBinderFactory,org.springframework.boot.context.internalConfigurationPropertiesBinder,org.springframework.boot.context.properties.BoundConfigurationProperties,org.springframework.boot.context.properties.EnableConfigurationPropertiesRegistrar.methodValidationExcludeFilter,server-org.springframework.boot.autoconfigure.web.ServerProperties,webServerFactoryCustomizerBeanPostProcessor,errorPageRegistrarBeanPostProcessor,org.springframework.boot.autoconfigure.web.servlet.DispatcherServletAutoConfiguration$DispatcherServletConfiguration,dispatcherServlet,spring.mvc-org.springframework.boot.autoconfigure.web.servlet.WebMvcProperties,org.springframework.boot.autoconfigure.web.servlet.DispatcherServletAutoConfiguration$DispatcherServletRegistrationConfiguration,dispatcherServletRegistration,org.springframework.boot.autoconfigure.web.servlet.DispatcherServletAutoConfiguration,org.springframework.boot.autoconfigure.task.TaskExecutionAutoConfiguration,taskExecutorBuilder,applicationTaskExecutor,spring.task.execution-org.springframework.boot.autoconfigure.task.TaskExecutionProperties,org.springframework.boot.autoconfigure.web.servlet.error.ErrorMvcAutoConfiguration$WhitelabelErrorViewConfiguration,error,beanNameViewResolver,org.springframework.boot.autoconfigure.web.servlet.error.ErrorMvcAutoConfiguration$DefaultErrorViewResolverConfiguration,conventionErrorViewResolver,spring.resources-org.springframework.boot.autoconfigure.web.ResourceProperties,spring.web-org.springframework.boot.autoconfigure.web.WebProperties,org.springframework.boot.autoconfigure.web.servlet.error.ErrorMvcAutoConfiguration,errorAttributes,basicErrorController,errorPageCustomizer,preserveErrorControllerTargetClassPostProcessor,org.springframework.boot.autoconfigure.web.servlet.WebMvcAutoConfiguration$EnableWebMvcConfiguration,requestMappingHandlerAdapter,requestMappingHandlerMapping,welcomePageHandlerMapping,localeResolver,themeResolver,flashMapManager,mvcConversionService,mvcValidator,mvcContentNegotiationManager,mvcPatternParser,mvcUrlPathHelper,mvcPathMatcher,viewControllerHandlerMapping,beanNameHandlerMapping,routerFunctionMapping,resourceHandlerMapping,mvcResourceUrlProvider,defaultServletHandlerMapping,handlerFunctionAdapter,mvcUriComponentsContributor,httpRequestHandlerAdapter,simpleControllerHandlerAdapter,handlerExceptionResolver,mvcViewResolver,mvcHandlerMappingIntrospector,viewNameTranslator,org.springframework.boot.autoconfigure.web.servlet.WebMvcAutoConfiguration$WebMvcAutoConfigurationAdapter,defaultViewResolver,viewResolver,requestContextFilter,org.springframework.boot.autoconfigure.web.servlet.WebMvcAutoConfiguration$ResourceChainCustomizerConfiguration,resourceHandlerRegistrationCustomizer,org.springframework.boot.autoconfigure.web.servlet.WebMvcAutoConfiguration,formContentFilter,org.springdoc.core.SpringDocConfigProperties,org.springdoc.core.SpringDocConfiguration$WebConversionServiceConfiguration,webConversionServiceProvider,org.springdoc.core.SpringDocConfiguration$OpenApiResourceAdvice,org.springdoc.core.SpringDocConfiguration,localSpringDocParameterNameDiscoverer,additionalModelsConverter,propertyCustomizingConverter,fileSupportConverter,responseSupportConverter,schemaPropertyDeprecatingConverter,polymorphicModelConverter,openAPIBuilder,modelConverterRegistrar,operationBuilder,propertyResolverUtils,requestBodyBuilder,securityParser,genericReturnTypeParser,parameterBuilder,org.springdoc.core.SwaggerUiConfigParameters,org.springdoc.core.SwaggerUiConfigProperties,org.springdoc.core.SwaggerUiOAuthProperties,org.springdoc.webmvc.core.SpringDocWebMvcConfiguration$SpringDocWebMvcRouterConfiguration,routerFunctionProvider,org.springdoc.webmvc.core.SpringDocWebMvcConfiguration,openApiResource,requestBuilder,responseBuilder,org.springdoc.webmvc.ui.SwaggerConfig,swaggerWelcome,indexPageTransformer,swaggerWebMvcConfigurer,org.springframework.boot.autoconfigure.aop.AopAutoConfiguration$AspectJAutoProxyingConfiguration$CglibAutoProxyConfiguration,org.springframework.boot.autoconfigure.aop.AopAutoConfiguration$AspectJAutoProxyingConfiguration,org.springframework.boot.autoconfigure.aop.AopAutoConfiguration,org.springframework.boot.autoconfigure.availability.ApplicationAvailabilityAutoConfiguration,applicationAvailability,org.springframework.boot.autoconfigure.jackson.JacksonAutoConfiguration$Jackson2ObjectMapperBuilderCustomizerConfiguration,standardJacksonObjectMapperBuilderCustomizer,spring.jackson-org.springframework.boot.autoconfigure.jackson.JacksonProperties,org.springframework.boot.autoconfigure.jackson.JacksonAutoConfiguration$JacksonObjectMapperBuilderConfiguration,jacksonObjectMapperBuilder,org.springframework.boot.autoconfigure.jackson.JacksonAutoConfiguration$ParameterNamesModuleConfiguration,parameterNamesModule,org.springframework.boot.autoconfigure.jackson.JacksonAutoConfiguration$JacksonObjectMapperConfiguration,jacksonObjectMapper,org.springframework.boot.autoconfigure.jackson.JacksonAutoConfiguration,jsonComponentModule,org.springframework.boot.autoconfigure.transaction.jta.JtaAutoConfiguration,org.springframework.boot.autoconfigure.jdbc.DataSourceConfiguration$Hikari,dataSource,org.springframework.boot.autoconfigure.jdbc.DataSourceAutoConfiguration$PooledDataSourceConfiguration,org.springframework.boot.autoconfigure.jdbc.metadata.DataSourcePoolMetadataProvidersConfiguration$HikariPoolDataSourceMetadataProviderConfiguration,hikariPoolDataSourceMetadataProvider,org.springframework.boot.autoconfigure.jdbc.metadata.DataSourcePoolMetadataProvidersConfiguration,org.springframework.boot.autoconfigure.jdbc.DataSourceInitializationConfiguration$SharedCredentialsDataSourceInitializationConfiguration,scriptDataSourceInitializer,org.springframework.boot.sql.init.dependency.DatabaseInitializationDependencyConfigurer$DependsOnDatabaseInitializationPostProcessor,org.springframework.boot.autoconfigure.jdbc.DataSourceAutoConfiguration,spring.datasource-org.springframework.boot.autoconfigure.jdbc.DataSourceProperties,org.springframework.boot.autoconfigure.orm.jpa.HibernateJpaConfiguration,transactionManager,jpaVendorAdapter,entityManagerFactoryBuilder,entityManagerFactory,spring.jpa.hibernate-org.springframework.boot.autoconfigure.orm.jpa.HibernateProperties,spring.jpa-org.springframework.boot.autoconfigure.orm.jpa.JpaProperties,org.springframework.boot.autoconfigure.orm.jpa.HibernateJpaAutoConfiguration,org.springframework.boot.autoconfigure.context.ConfigurationPropertiesAutoConfiguration,org.springframework.boot.autoconfigure.context.LifecycleAutoConfiguration,lifecycleProcessor,spring.lifecycle-org.springframework.boot.autoconfigure.context.LifecycleProperties,org.springframework.boot.autoconfigure.dao.PersistenceExceptionTranslationAutoConfiguration,persistenceExceptionTranslationPostProcessor,org.springframework.boot.autoconfigure.http.HttpMessageConvertersAutoConfiguration$StringHttpMessageConverterConfiguration,stringHttpMessageConverter,org.springframework.boot.autoconfigure.http.JacksonHttpMessageConvertersConfiguration$MappingJackson2HttpMessageConverterConfiguration,mappingJackson2HttpMessageConverter,org.springframework.boot.autoconfigure.http.JacksonHttpMessageConvertersConfiguration,org.springframework.boot.autoconfigure.http.HttpMessageConvertersAutoConfiguration,messageConverters,org.springframework.data.web.config.ProjectingArgumentResolverRegistrar,projectingArgumentResolverBeanPostProcessor,org.springframework.data.web.config.SpringDataWebConfiguration,pageableResolver,sortResolver,org.springframework.data.web.config.SpringDataJacksonConfiguration,jacksonGeoModule,org.springframework.boot.autoconfigure.data.web.SpringDataWebAutoConfiguration,pageableCustomizer,sortCustomizer,spring.data.web-org.springframework.boot.autoconfigure.data.web.SpringDataWebProperties,org.springframework.boot.autoconfigure.info.ProjectInfoAutoConfiguration,spring.info-org.springframework.boot.autoconfigure.info.ProjectInfoProperties,org.springframework.boot.autoconfigure.jdbc.JdbcTemplateConfiguration,jdbcTemplate,org.springframework.boot.autoconfigure.jdbc.NamedParameterJdbcTemplateConfiguration,namedParameterJdbcTemplate,org.springframework.boot.autoconfigure.jdbc.JdbcTemplateAutoConfiguration,spring.jdbc-org.springframework.boot.autoconfigure.jdbc.JdbcProperties,org.springframework.boot.autoconfigure.security.servlet.SecurityAutoConfiguration,authenticationEventPublisher,spring.security-org.springframework.boot.autoconfigure.security.SecurityProperties,org.springframework.boot.autoconfigure.security.servlet.SecurityFilterAutoConfiguration,securityFilterChainRegistration,org.springframework.boot.autoconfigure.task.TaskSchedulingAutoConfiguration,taskScheduler,scheduledBeanLazyInitializationExcludeFilter,taskSchedulerBuilder,spring.task.scheduling-org.springframework.boot.autoconfigure.task.TaskSchedulingProperties,org.springframework.boot.autoconfigure.jdbc.DataSourceTransactionManagerAutoConfiguration$JdbcTransactionManagerConfiguration,org.springframework.boot.autoconfigure.jdbc.DataSourceTransactionManagerAutoConfiguration,org.springframework.transaction.annotation.ProxyTransactionManagementConfiguration,org.springframework.transaction.config.internalTransactionAdvisor,transactionAttributeSource,transactionInterceptor,org.springframework.transaction.config.internalTransactionalEventListenerFactory,org.springframework.boot.autoconfigure.transaction.TransactionAutoConfiguration$EnableTransactionManagementConfiguration$CglibAutoProxyConfiguration,org.springframework.boot.autoconfigure.transaction.TransactionAutoConfiguration$EnableTransactionManagementConfiguration,org.springframework.boot.autoconfigure.transaction.TransactionAutoConfiguration$TransactionTemplateConfiguration,transactionTemplate,org.springframework.boot.autoconfigure.transaction.TransactionAutoConfiguration,platformTransactionManagerCustomizers,spring.transaction-org.springframework.boot.autoconfigure.transaction.TransactionProperties,org.springframework.boot.autoconfigure.web.client.RestTemplateAutoConfiguration,restTemplateBuilderConfigurer,restTemplateBuilder,org.springframework.boot.autoconfigure.web.embedded.EmbeddedWebServerFactoryCustomizerAutoConfiguration$TomcatWebServerFactoryCustomizerConfiguration,tomcatWebServerFactoryCustomizer,org.springframework.boot.autoconfigure.web.embedded.EmbeddedWebServerFactoryCustomizerAutoConfiguration,org.springframework.boot.autoconfigure.web.servlet.HttpEncodingAutoConfiguration,characterEncodingFilter,localeCharsetMappingsCustomizer,org.springframework.boot.autoconfigure.web.servlet.MultipartAutoConfiguration,multipartConfigElement,multipartResolver,spring.servlet.multipart-org.springframework.boot.autoconfigure.web.servlet.MultipartProperties,org.springframework.orm.jpa.SharedEntityManagerCreator#0]; root of factory hierarchy
2022-12-24 22:10:31.437 DEBUG 25502 --- [           main] o.s.b.f.s.DefaultListableBeanFactory     : Creating shared instance of singleton bean 'org.springframework.boot.autoconfigure.AutoConfigurationPackages'
2022-12-24 22:10:31.437 TRACE 25502 --- [           main] o.s.b.f.s.DefaultListableBeanFactory     : Creating instance of bean 'org.springframework.boot.autoconfigure.AutoConfigurationPackages'
2022-12-24 22:10:31.437 TRACE 25502 --- [           main] o.s.b.f.s.DefaultListableBeanFactory     : Returning cached instance of singleton bean 'metaDataSourceAdvisor'
2022-12-24 22:10:31.437 TRACE 25502 --- [           main] o.s.b.f.s.DefaultListableBeanFactory     : Returning cached instance of singleton bean 'org.springframework.transaction.config.internalTransactionAdvisor'
2022-12-24 22:10:31.437 TRACE 25502 --- [           main] o.s.b.f.s.DefaultListableBeanFactory     : Eagerly caching bean 'org.springframework.boot.autoconfigure.AutoConfigurationPackages' to allow for resolving potential circular references
2022-12-24 22:10:31.437 TRACE 25502 --- [           main] o.s.beans.CachedIntrospectionResults     : Getting BeanInfo for class [org.springframework.boot.autoconfigure.AutoConfigurationPackages$BasePackages]
2022-12-24 22:10:31.438 TRACE 25502 --- [           main] o.s.beans.CachedIntrospectionResults     : Caching PropertyDescriptors for class [org.springframework.boot.autoconfigure.AutoConfigurationPackages$BasePackages]
2022-12-24 22:10:31.438 TRACE 25502 --- [           main] o.s.beans.CachedIntrospectionResults     : Found bean property 'class' of type [java.lang.Class]
2022-12-24 22:10:31.439 TRACE 25502 --- [           main] o.s.b.f.s.DefaultListableBeanFactory     : Returning cached instance of singleton bean 'metaDataSourceAdvisor'
2022-12-24 22:10:31.439 TRACE 25502 --- [           main] o.s.b.f.s.DefaultListableBeanFactory     : Returning cached instance of singleton bean 'org.springframework.transaction.config.internalTransactionAdvisor'
2022-12-24 22:10:31.439 TRACE 25502 --- [           main] o.s.b.f.s.DefaultListableBeanFactory     : Returning cached instance of singleton bean 'metaDataSourceAdvisor'
2022-12-24 22:10:31.439 TRACE 25502 --- [           main] o.s.b.f.s.DefaultListableBeanFactory     : Returning cached instance of singleton bean 'org.springframework.transaction.config.internalTransactionAdvisor'
2022-12-24 22:10:31.439 TRACE 25502 --- [           main] .PrePostAnnotationSecurityMetadataSource : Looking for Pre/Post annotations for method 'get' on target class 'class org.springframework.boot.autoconfigure.AutoConfigurationPackages$BasePackages'
2022-12-24 22:10:31.439 TRACE 25502 --- [           main] .PrePostAnnotationSecurityMetadataSource : No expression annotations found
2022-12-24 22:10:31.439 TRACE 25502 --- [           main] s.a.ScheduledAnnotationBeanPostProcessor : No @Scheduled annotations found on bean class: class org.springframework.boot.autoconfigure.AutoConfigurationPackages$BasePackages
2022-12-24 22:10:31.439 TRACE 25502 --- [           main] o.s.b.f.s.DefaultListableBeanFactory     : Finished creating instance of bean 'org.springframework.boot.autoconfigure.AutoConfigurationPackages'
2022-12-24 22:10:31.439 DEBUG 25502 --- [           main] o.s.b.a.AutoConfigurationPackages        : @EnableAutoConfiguration was declared on a class in the package 'com.spring'. Automatic @Repository and @Entity scanning is enabled.
2022-12-24 22:10:31.439 TRACE 25502 --- [           main] o.s.b.f.s.DefaultListableBeanFactory     : Returning cached instance of singleton bean 'org.springframework.boot.autoconfigure.AutoConfigurationPackages'
2022-12-24 22:10:31.447 TRACE 25502 --- [           main] o.s.b.f.s.DefaultListableBeanFactory     : Eagerly caching bean 'entityManagerFactory' to allow for resolving potential circular references
2022-12-24 22:10:31.447 TRACE 25502 --- [           main] o.s.beans.CachedIntrospectionResults     : Getting BeanInfo for class [org.springframework.orm.jpa.LocalContainerEntityManagerFactoryBean]
2022-12-24 22:10:31.451 TRACE 25502 --- [           main] o.s.beans.CachedIntrospectionResults     : Caching PropertyDescriptors for class [org.springframework.orm.jpa.LocalContainerEntityManagerFactoryBean]
2022-12-24 22:10:31.451 TRACE 25502 --- [           main] o.s.beans.CachedIntrospectionResults     : Found bean property 'beanClassLoader' of type [java.lang.ClassLoader]
2022-12-24 22:10:31.451 TRACE 25502 --- [           main] o.s.beans.CachedIntrospectionResults     : Found bean property 'beanFactory' of type [org.springframework.beans.factory.BeanFactory]
2022-12-24 22:10:31.451 TRACE 25502 --- [           main] o.s.beans.CachedIntrospectionResults     : Found bean property 'beanName' of type [java.lang.String]
2022-12-24 22:10:31.451 TRACE 25502 --- [           main] o.s.beans.CachedIntrospectionResults     : Found bean property 'bootstrapExecutor' of type [org.springframework.core.task.AsyncTaskExecutor]
2022-12-24 22:10:31.451 TRACE 25502 --- [           main] o.s.beans.CachedIntrospectionResults     : Found bean property 'class' of type [java.lang.Class]
2022-12-24 22:10:31.451 TRACE 25502 --- [           main] o.s.beans.CachedIntrospectionResults     : Found bean property 'dataSource' of type [javax.sql.DataSource]
2022-12-24 22:10:31.451 TRACE 25502 --- [           main] o.s.beans.CachedIntrospectionResults     : Found bean property 'entityManagerFactoryInterface' of type [java.lang.Class]
2022-12-24 22:10:31.451 TRACE 25502 --- [           main] o.s.beans.CachedIntrospectionResults     : Found bean property 'entityManagerInitializer' of type [java.util.function.Consumer]
2022-12-24 22:10:31.451 TRACE 25502 --- [           main] o.s.beans.CachedIntrospectionResults     : Found bean property 'entityManagerInterface' of type [java.lang.Class]
2022-12-24 22:10:31.451 TRACE 25502 --- [           main] o.s.beans.CachedIntrospectionResults     : Found bean property 'jpaDialect' of type [org.springframework.orm.jpa.JpaDialect]
2022-12-24 22:10:31.451 TRACE 25502 --- [           main] o.s.beans.CachedIntrospectionResults     : Found bean property 'jpaProperties' of type [java.util.Properties]
2022-12-24 22:10:31.452 TRACE 25502 --- [           main] o.s.beans.CachedIntrospectionResults     : Found bean property 'jpaPropertyMap' of type [java.util.Map]
2022-12-24 22:10:31.452 TRACE 25502 --- [           main] o.s.beans.CachedIntrospectionResults     : Found bean property 'jpaVendorAdapter' of type [org.springframework.orm.jpa.JpaVendorAdapter]
2022-12-24 22:10:31.452 TRACE 25502 --- [           main] o.s.beans.CachedIntrospectionResults     : Found bean property 'jtaDataSource' of type [javax.sql.DataSource]
2022-12-24 22:10:31.452 TRACE 25502 --- [           main] o.s.beans.CachedIntrospectionResults     : Found bean property 'loadTimeWeaver' of type [org.springframework.instrument.classloading.LoadTimeWeaver]
2022-12-24 22:10:31.452 TRACE 25502 --- [           main] o.s.beans.CachedIntrospectionResults     : Found bean property 'mappingResources' of type [[Ljava.lang.String;]
2022-12-24 22:10:31.452 TRACE 25502 --- [           main] o.s.beans.CachedIntrospectionResults     : Found bean property 'nativeEntityManagerFactory' of type [javax.persistence.EntityManagerFactory]
2022-12-24 22:10:31.452 TRACE 25502 --- [           main] o.s.beans.CachedIntrospectionResults     : Found bean property 'object' of type [javax.persistence.EntityManagerFactory]
2022-12-24 22:10:31.452 TRACE 25502 --- [           main] o.s.beans.CachedIntrospectionResults     : Found bean property 'objectType' of type [java.lang.Class]
2022-12-24 22:10:31.452 TRACE 25502 --- [           main] o.s.beans.CachedIntrospectionResults     : Found bean property 'packagesToScan' of type [[Ljava.lang.String;]
2022-12-24 22:10:31.452 TRACE 25502 --- [           main] o.s.beans.CachedIntrospectionResults     : Found bean property 'persistenceProvider' of type [javax.persistence.spi.PersistenceProvider]
2022-12-24 22:10:31.452 TRACE 25502 --- [           main] o.s.beans.CachedIntrospectionResults     : Found bean property 'persistenceProviderClass' of type [java.lang.Class]
2022-12-24 22:10:31.452 TRACE 25502 --- [           main] o.s.beans.CachedIntrospectionResults     : Found bean property 'persistenceUnitInfo' of type [javax.persistence.spi.PersistenceUnitInfo]
2022-12-24 22:10:31.452 TRACE 25502 --- [           main] o.s.beans.CachedIntrospectionResults     : Found bean property 'persistenceUnitManager' of type [org.springframework.orm.jpa.persistenceunit.PersistenceUnitManager]
2022-12-24 22:10:31.452 TRACE 25502 --- [           main] o.s.beans.CachedIntrospectionResults     : Found bean property 'persistenceUnitName' of type [java.lang.String]
2022-12-24 22:10:31.452 TRACE 25502 --- [           main] o.s.beans.CachedIntrospectionResults     : Found bean property 'persistenceUnitPostProcessors' of type [[Lorg.springframework.orm.jpa.persistenceunit.PersistenceUnitPostProcessor;]
2022-12-24 22:10:31.452 TRACE 25502 --- [           main] o.s.beans.CachedIntrospectionResults     : Found bean property 'persistenceUnitRootLocation' of type [java.lang.String]
2022-12-24 22:10:31.452 TRACE 25502 --- [           main] o.s.beans.CachedIntrospectionResults     : Found bean property 'persistenceXmlLocation' of type [java.lang.String]
2022-12-24 22:10:31.452 TRACE 25502 --- [           main] o.s.beans.CachedIntrospectionResults     : Found bean property 'resourceLoader' of type [org.springframework.core.io.ResourceLoader]
2022-12-24 22:10:31.453 TRACE 25502 --- [           main] o.s.beans.CachedIntrospectionResults     : Found bean property 'sharedCacheMode' of type [javax.persistence.SharedCacheMode]
2022-12-24 22:10:31.453 TRACE 25502 --- [           main] o.s.beans.CachedIntrospectionResults     : Found bean property 'singleton' of type [boolean]
2022-12-24 22:10:31.453 TRACE 25502 --- [           main] o.s.beans.CachedIntrospectionResults     : Found bean property 'validationMode' of type [javax.persistence.ValidationMode]
2022-12-24 22:10:31.461 TRACE 25502 --- [           main] o.s.b.f.s.DefaultListableBeanFactory     : Invoking afterPropertiesSet() on bean with name 'entityManagerFactory'
2022-12-24 22:10:31.463 TRACE 25502 --- [           main] .i.s.PathMatchingResourcePatternResolver : Resolved classpath location [META-INF/persistence.xml] to resources []
2022-12-24 22:10:31.464 TRACE 25502 --- [           main] .i.s.PathMatchingResourcePatternResolver : Resolved classpath location [com/spring/] to resources [URL [file:/Users/yassine/Site/room/Application/Spring/target/test-classes/com/spring/], URL [file:/Users/yassine/Site/room/Application/Spring/target/classes/com/spring/]]
2022-12-24 22:10:31.464 TRACE 25502 --- [           main] .i.s.PathMatchingResourcePatternResolver : Looking for matching resources in directory tree [/Users/yassine/Site/room/Application/Spring/target/test-classes/com/spring]
2022-12-24 22:10:31.464 TRACE 25502 --- [           main] .i.s.PathMatchingResourcePatternResolver : Searching directory [/Users/yassine/Site/room/Application/Spring/target/test-classes/com/spring] for files matching pattern [/Users/yassine/Site/room/Application/Spring/target/test-classes/com/spring/**/*.class]
2022-12-24 22:10:31.464 TRACE 25502 --- [           main] .i.s.PathMatchingResourcePatternResolver : Searching directory [/Users/yassine/Site/room/Application/Spring/target/test-classes/com/spring/demo] for files matching pattern [/Users/yassine/Site/room/Application/Spring/target/test-classes/com/spring/**/*.class]
2022-12-24 22:10:31.464 TRACE 25502 --- [           main] .i.s.PathMatchingResourcePatternResolver : Looking for matching resources in directory tree [/Users/yassine/Site/room/Application/Spring/target/classes/com/spring]
2022-12-24 22:10:31.465 TRACE 25502 --- [           main] .i.s.PathMatchingResourcePatternResolver : Searching directory [/Users/yassine/Site/room/Application/Spring/target/classes/com/spring] for files matching pattern [/Users/yassine/Site/room/Application/Spring/target/classes/com/spring/**/*.class]
2022-12-24 22:10:31.465 TRACE 25502 --- [           main] .i.s.PathMatchingResourcePatternResolver : Searching directory [/Users/yassine/Site/room/Application/Spring/target/classes/com/spring/config] for files matching pattern [/Users/yassine/Site/room/Application/Spring/target/classes/com/spring/**/*.class]
2022-12-24 22:10:31.466 TRACE 25502 --- [           main] .i.s.PathMatchingResourcePatternResolver : Searching directory [/Users/yassine/Site/room/Application/Spring/target/classes/com/spring/controller] for files matching pattern [/Users/yassine/Site/room/Application/Spring/target/classes/com/spring/**/*.class]
2022-12-24 22:10:31.466 TRACE 25502 --- [           main] .i.s.PathMatchingResourcePatternResolver : Searching directory [/Users/yassine/Site/room/Application/Spring/target/classes/com/spring/controller/api] for files matching pattern [/Users/yassine/Site/room/Application/Spring/target/classes/com/spring/**/*.class]
2022-12-24 22:10:31.466 TRACE 25502 --- [           main] .i.s.PathMatchingResourcePatternResolver : Searching directory [/Users/yassine/Site/room/Application/Spring/target/classes/com/spring/entity] for files matching pattern [/Users/yassine/Site/room/Application/Spring/target/classes/com/spring/**/*.class]
2022-12-24 22:10:31.467 TRACE 25502 --- [           main] .i.s.PathMatchingResourcePatternResolver : Searching directory [/Users/yassine/Site/room/Application/Spring/target/classes/com/spring/entity/jwt] for files matching pattern [/Users/yassine/Site/room/Application/Spring/target/classes/com/spring/**/*.class]
2022-12-24 22:10:31.467 TRACE 25502 --- [           main] .i.s.PathMatchingResourcePatternResolver : Searching directory [/Users/yassine/Site/room/Application/Spring/target/classes/com/spring/enums] for files matching pattern [/Users/yassine/Site/room/Application/Spring/target/classes/com/spring/**/*.class]
2022-12-24 22:10:31.467 TRACE 25502 --- [           main] .i.s.PathMatchingResourcePatternResolver : Searching directory [/Users/yassine/Site/room/Application/Spring/target/classes/com/spring/repository] for files matching pattern [/Users/yassine/Site/room/Application/Spring/target/classes/com/spring/**/*.class]
2022-12-24 22:10:31.467 TRACE 25502 --- [           main] .i.s.PathMatchingResourcePatternResolver : Searching directory [/Users/yassine/Site/room/Application/Spring/target/classes/com/spring/seeder] for files matching pattern [/Users/yassine/Site/room/Application/Spring/target/classes/com/spring/**/*.class]
2022-12-24 22:10:31.468 TRACE 25502 --- [           main] .i.s.PathMatchingResourcePatternResolver : Searching directory [/Users/yassine/Site/room/Application/Spring/target/classes/com/spring/service] for files matching pattern [/Users/yassine/Site/room/Application/Spring/target/classes/com/spring/**/*.class]
2022-12-24 22:10:31.468 TRACE 25502 --- [           main] .i.s.PathMatchingResourcePatternResolver : Searching directory [/Users/yassine/Site/room/Application/Spring/target/classes/com/spring/util] for files matching pattern [/Users/yassine/Site/room/Application/Spring/target/classes/com/spring/**/*.class]
2022-12-24 22:10:31.468 TRACE 25502 --- [           main] .i.s.PathMatchingResourcePatternResolver : Resolved location pattern [classpath*:com/spring/**/*.class] to resources [file [/Users/yassine/Site/room/Application/Spring/target/test-classes/com/spring/demo/SpringbootDemoH2ApplicationTests.class], file [/Users/yassine/Site/room/Application/Spring/target/classes/com/spring/ScheduledLog.class], file [/Users/yassine/Site/room/Application/Spring/target/classes/com/spring/SpringbootDemoH2Application.class], file [/Users/yassine/Site/room/Application/Spring/target/classes/com/spring/config/CorsConfig$1.class], file [/Users/yassine/Site/room/Application/Spring/target/classes/com/spring/config/CorsConfig.class], file [/Users/yassine/Site/room/Application/Spring/target/classes/com/spring/config/JwtAuthenticationEntityPoint.class], file [/Users/yassine/Site/room/Application/Spring/target/classes/com/spring/config/JwtRequestFilter.class], file [/Users/yassine/Site/room/Application/Spring/target/classes/com/spring/config/WebSecurityConfiguration.class], file [/Users/yassine/Site/room/Application/Spring/target/classes/com/spring/controller/api/AuthController.class], file [/Users/yassine/Site/room/Application/Spring/target/classes/com/spring/controller/api/UserController.class], file [/Users/yassine/Site/room/Application/Spring/target/classes/com/spring/entity/Role.class], file [/Users/yassine/Site/room/Application/Spring/target/classes/com/spring/entity/User.class], file [/Users/yassine/Site/room/Application/Spring/target/classes/com/spring/entity/jwt/JwtRequest.class], file [/Users/yassine/Site/room/Application/Spring/target/classes/com/spring/entity/jwt/JwtResponse.class], file [/Users/yassine/Site/room/Application/Spring/target/classes/com/spring/enums/RoleEnum.class], file [/Users/yassine/Site/room/Application/Spring/target/classes/com/spring/repository/RoleRepository.class], file [/Users/yassine/Site/room/Application/Spring/target/classes/com/spring/repository/UserRepository.class], file [/Users/yassine/Site/room/Application/Spring/target/classes/com/spring/seeder/RoleSeeder.class], file [/Users/yassine/Site/room/Application/Spring/target/classes/com/spring/seeder/UserSeeder.class], file [/Users/yassine/Site/room/Application/Spring/target/classes/com/spring/service/JwtService.class], file [/Users/yassine/Site/room/Application/Spring/target/classes/com/spring/service/RoleService.class], file [/Users/yassine/Site/room/Application/Spring/target/classes/com/spring/service/UserService.class], file [/Users/yassine/Site/room/Application/Spring/target/classes/com/spring/util/JwtUtil.class]]
2022-12-24 22:10:31.472 DEBUG 25502 --- [           main] j.LocalContainerEntityManagerFactoryBean : Building JPA container EntityManagerFactory for persistence unit 'default'
2022-12-24 22:10:31.492 DEBUG 25502 --- [           main] o.hibernate.jpa.internal.util.LogHelper  : PersistenceUnitInfo [
	name: default
	persistence provider classname: null
	classloader: jdk.internal.loader.ClassLoaders$AppClassLoader@5b37e0d2
	excludeUnlistedClasses: true
	JTA datasource: null
	Non JTA datasource: HikariDataSource (null)
	Transaction type: RESOURCE_LOCAL
	PU root URL: file:/Users/yassine/Site/room/Application/Spring/target/test-classes/
	Shared Cache Mode: UNSPECIFIED
	Validation Mode: AUTO
	Jar files URLs []
	Managed classes names [
		com.spring.entity.Role
		com.spring.entity.User]
	Mapping files names []
	Properties []
2022-12-24 22:10:31.509 DEBUG 25502 --- [           main] o.h.i.internal.IntegratorServiceImpl     : Adding Integrator [org.hibernate.cfg.beanvalidation.BeanValidationIntegrator].
2022-12-24 22:10:31.511 DEBUG 25502 --- [           main] o.h.i.internal.IntegratorServiceImpl     : Adding Integrator [org.hibernate.secure.spi.JaccIntegrator].
2022-12-24 22:10:31.513 DEBUG 25502 --- [           main] o.h.i.internal.IntegratorServiceImpl     : Adding Integrator [org.hibernate.cache.internal.CollectionCacheInvalidator].
2022-12-24 22:10:31.578  INFO 25502 --- [           main] org.hibernate.Version                    : HHH000412: Hibernate ORM core version 5.4.32.Final
2022-12-24 22:10:31.579 DEBUG 25502 --- [           main] org.hibernate.cfg.Environment            : HHH000206: hibernate.properties not found
2022-12-24 22:10:31.729 DEBUG 25502 --- [           main] o.hibernate.service.spi.ServiceBinding   : Overriding existing service binding [org.hibernate.secure.spi.JaccService]
2022-12-24 22:10:31.740 DEBUG 25502 --- [           main] o.h.c.internal.RegionFactoryInitiator    : Cannot default RegionFactory based on registered strategies as `[]` RegionFactory strategies were registered
2022-12-24 22:10:31.741 DEBUG 25502 --- [           main] o.h.c.internal.RegionFactoryInitiator    : Cache region factory : org.hibernate.cache.internal.NoCachingRegionFactory
2022-12-24 22:10:31.764  INFO 25502 --- [           main] o.hibernate.annotations.common.Version   : HCANN000001: Hibernate Commons Annotations {5.1.2.Final}
2022-12-24 22:10:31.802 DEBUG 25502 --- [           main] org.hibernate.type.BasicTypeRegistry     : Adding type registration boolean -> org.hibernate.type.BooleanType@31723307
2022-12-24 22:10:31.802 DEBUG 25502 --- [           main] org.hibernate.type.BasicTypeRegistry     : Adding type registration boolean -> org.hibernate.type.BooleanType@31723307
2022-12-24 22:10:31.802 DEBUG 25502 --- [           main] org.hibernate.type.BasicTypeRegistry     : Adding type registration java.lang.Boolean -> org.hibernate.type.BooleanType@31723307
2022-12-24 22:10:31.803 DEBUG 25502 --- [           main] org.hibernate.type.BasicTypeRegistry     : Adding type registration numeric_boolean -> org.hibernate.type.NumericBooleanType@a85644c
2022-12-24 22:10:31.803 DEBUG 25502 --- [           main] org.hibernate.type.BasicTypeRegistry     : Adding type registration true_false -> org.hibernate.type.TrueFalseType@69a024a0
2022-12-24 22:10:31.803 DEBUG 25502 --- [           main] org.hibernate.type.BasicTypeRegistry     : Adding type registration yes_no -> org.hibernate.type.YesNoType@39b626e5
2022-12-24 22:10:31.804 DEBUG 25502 --- [           main] org.hibernate.type.BasicTypeRegistry     : Adding type registration byte -> org.hibernate.type.ByteType@5df7e31b
2022-12-24 22:10:31.804 DEBUG 25502 --- [           main] org.hibernate.type.BasicTypeRegistry     : Adding type registration byte -> org.hibernate.type.ByteType@5df7e31b
2022-12-24 22:10:31.804 DEBUG 25502 --- [           main] org.hibernate.type.BasicTypeRegistry     : Adding type registration java.lang.Byte -> org.hibernate.type.ByteType@5df7e31b
2022-12-24 22:10:31.806 DEBUG 25502 --- [           main] org.hibernate.type.BasicTypeRegistry     : Adding type registration character -> org.hibernate.type.CharacterType@365afe87
2022-12-24 22:10:31.806 DEBUG 25502 --- [           main] org.hibernate.type.BasicTypeRegistry     : Adding type registration char -> org.hibernate.type.CharacterType@365afe87
2022-12-24 22:10:31.807 DEBUG 25502 --- [           main] org.hibernate.type.BasicTypeRegistry     : Adding type registration java.lang.Character -> org.hibernate.type.CharacterType@365afe87
2022-12-24 22:10:31.808 DEBUG 25502 --- [           main] org.hibernate.type.BasicTypeRegistry     : Adding type registration short -> org.hibernate.type.ShortType@7fbd3e75
2022-12-24 22:10:31.808 DEBUG 25502 --- [           main] org.hibernate.type.BasicTypeRegistry     : Adding type registration short -> org.hibernate.type.ShortType@7fbd3e75
2022-12-24 22:10:31.808 DEBUG 25502 --- [           main] org.hibernate.type.BasicTypeRegistry     : Adding type registration java.lang.Short -> org.hibernate.type.ShortType@7fbd3e75
2022-12-24 22:10:31.809 DEBUG 25502 --- [           main] org.hibernate.type.BasicTypeRegistry     : Adding type registration integer -> org.hibernate.type.IntegerType@747835f5
2022-12-24 22:10:31.809 DEBUG 25502 --- [           main] org.hibernate.type.BasicTypeRegistry     : Adding type registration int -> org.hibernate.type.IntegerType@747835f5
2022-12-24 22:10:31.809 DEBUG 25502 --- [           main] org.hibernate.type.BasicTypeRegistry     : Adding type registration java.lang.Integer -> org.hibernate.type.IntegerType@747835f5
2022-12-24 22:10:31.810 DEBUG 25502 --- [           main] org.hibernate.type.BasicTypeRegistry     : Adding type registration long -> org.hibernate.type.LongType@47a7c93e
2022-12-24 22:10:31.810 DEBUG 25502 --- [           main] org.hibernate.type.BasicTypeRegistry     : Adding type registration long -> org.hibernate.type.LongType@47a7c93e
2022-12-24 22:10:31.810 DEBUG 25502 --- [           main] org.hibernate.type.BasicTypeRegistry     : Adding type registration java.lang.Long -> org.hibernate.type.LongType@47a7c93e
2022-12-24 22:10:31.811 DEBUG 25502 --- [           main] org.hibernate.type.BasicTypeRegistry     : Adding type registration float -> org.hibernate.type.FloatType@5bde57ab
2022-12-24 22:10:31.811 DEBUG 25502 --- [           main] org.hibernate.type.BasicTypeRegistry     : Adding type registration float -> org.hibernate.type.FloatType@5bde57ab
2022-12-24 22:10:31.811 DEBUG 25502 --- [           main] org.hibernate.type.BasicTypeRegistry     : Adding type registration java.lang.Float -> org.hibernate.type.FloatType@5bde57ab
2022-12-24 22:10:31.812 DEBUG 25502 --- [           main] org.hibernate.type.BasicTypeRegistry     : Adding type registration double -> org.hibernate.type.DoubleType@2a50b32d
2022-12-24 22:10:31.812 DEBUG 25502 --- [           main] org.hibernate.type.BasicTypeRegistry     : Adding type registration double -> org.hibernate.type.DoubleType@2a50b32d
2022-12-24 22:10:31.813 DEBUG 25502 --- [           main] org.hibernate.type.BasicTypeRegistry     : Adding type registration java.lang.Double -> org.hibernate.type.DoubleType@2a50b32d
2022-12-24 22:10:31.813 DEBUG 25502 --- [           main] org.hibernate.type.BasicTypeRegistry     : Adding type registration big_decimal -> org.hibernate.type.BigDecimalType@43245559
2022-12-24 22:10:31.813 DEBUG 25502 --- [           main] org.hibernate.type.BasicTypeRegistry     : Adding type registration java.math.BigDecimal -> org.hibernate.type.BigDecimalType@43245559
2022-12-24 22:10:31.814 DEBUG 25502 --- [           main] org.hibernate.type.BasicTypeRegistry     : Adding type registration big_integer -> org.hibernate.type.BigIntegerType@2c1f8dbd
2022-12-24 22:10:31.814 DEBUG 25502 --- [           main] org.hibernate.type.BasicTypeRegistry     : Adding type registration java.math.BigInteger -> org.hibernate.type.BigIntegerType@2c1f8dbd
2022-12-24 22:10:31.815 DEBUG 25502 --- [           main] org.hibernate.type.BasicTypeRegistry     : Adding type registration string -> org.hibernate.type.StringType@64502326
2022-12-24 22:10:31.815 DEBUG 25502 --- [           main] org.hibernate.type.BasicTypeRegistry     : Adding type registration java.lang.String -> org.hibernate.type.StringType@64502326
2022-12-24 22:10:31.815 DEBUG 25502 --- [           main] org.hibernate.type.BasicTypeRegistry     : Adding type registration nstring -> org.hibernate.type.StringNVarcharType@2e7af36e
2022-12-24 22:10:31.816 DEBUG 25502 --- [           main] org.hibernate.type.BasicTypeRegistry     : Adding type registration ncharacter -> org.hibernate.type.CharacterNCharType@733e6df7
2022-12-24 22:10:31.817 DEBUG 25502 --- [           main] org.hibernate.type.BasicTypeRegistry     : Adding type registration url -> org.hibernate.type.UrlType@79a201cf
2022-12-24 22:10:31.817 DEBUG 25502 --- [           main] org.hibernate.type.BasicTypeRegistry     : Adding type registration java.net.URL -> org.hibernate.type.UrlType@79a201cf
2022-12-24 22:10:31.817 DEBUG 25502 --- [           main] org.hibernate.type.BasicTypeRegistry     : Adding type registration Duration -> org.hibernate.type.DurationType@71664560
2022-12-24 22:10:31.818 DEBUG 25502 --- [           main] org.hibernate.type.BasicTypeRegistry     : Adding type registration java.time.Duration -> org.hibernate.type.DurationType@71664560
2022-12-24 22:10:31.819 DEBUG 25502 --- [           main] org.hibernate.type.BasicTypeRegistry     : Adding type registration Instant -> org.hibernate.type.InstantType@5934ca1e
2022-12-24 22:10:31.819 DEBUG 25502 --- [           main] org.hibernate.type.BasicTypeRegistry     : Adding type registration java.time.Instant -> org.hibernate.type.InstantType@5934ca1e
2022-12-24 22:10:31.822 DEBUG 25502 --- [           main] org.hibernate.type.BasicTypeRegistry     : Adding type registration LocalDateTime -> org.hibernate.type.LocalDateTimeType@2ba42204
2022-12-24 22:10:31.822 DEBUG 25502 --- [           main] org.hibernate.type.BasicTypeRegistry     : Adding type registration java.time.LocalDateTime -> org.hibernate.type.LocalDateTimeType@2ba42204
2022-12-24 22:10:31.823 DEBUG 25502 --- [           main] org.hibernate.type.BasicTypeRegistry     : Adding type registration LocalDate -> org.hibernate.type.LocalDateType@4c731956
2022-12-24 22:10:31.823 DEBUG 25502 --- [           main] org.hibernate.type.BasicTypeRegistry     : Adding type registration java.time.LocalDate -> org.hibernate.type.LocalDateType@4c731956
2022-12-24 22:10:31.824 DEBUG 25502 --- [           main] org.hibernate.type.BasicTypeRegistry     : Adding type registration LocalTime -> org.hibernate.type.LocalTimeType@4e140497
2022-12-24 22:10:31.824 DEBUG 25502 --- [           main] org.hibernate.type.BasicTypeRegistry     : Adding type registration java.time.LocalTime -> org.hibernate.type.LocalTimeType@4e140497
2022-12-24 22:10:31.825 DEBUG 25502 --- [           main] org.hibernate.type.BasicTypeRegistry     : Adding type registration OffsetDateTime -> org.hibernate.type.OffsetDateTimeType@50b46e24
2022-12-24 22:10:31.825 DEBUG 25502 --- [           main] org.hibernate.type.BasicTypeRegistry     : Adding type registration java.time.OffsetDateTime -> org.hibernate.type.OffsetDateTimeType@50b46e24
2022-12-24 22:10:31.826 DEBUG 25502 --- [           main] org.hibernate.type.BasicTypeRegistry     : Adding type registration OffsetTime -> org.hibernate.type.OffsetTimeType@4fba8eec
2022-12-24 22:10:31.826 DEBUG 25502 --- [           main] org.hibernate.type.BasicTypeRegistry     : Adding type registration java.time.OffsetTime -> org.hibernate.type.OffsetTimeType@4fba8eec
2022-12-24 22:10:31.827 DEBUG 25502 --- [           main] org.hibernate.type.BasicTypeRegistry     : Adding type registration ZonedDateTime -> org.hibernate.type.ZonedDateTimeType@5696c927
2022-12-24 22:10:31.827 DEBUG 25502 --- [           main] org.hibernate.type.BasicTypeRegistry     : Adding type registration java.time.ZonedDateTime -> org.hibernate.type.ZonedDateTimeType@5696c927
2022-12-24 22:10:31.829 DEBUG 25502 --- [           main] org.hibernate.type.BasicTypeRegistry     : Adding type registration date -> org.hibernate.type.DateType@f2d890c
2022-12-24 22:10:31.829 DEBUG 25502 --- [           main] org.hibernate.type.BasicTypeRegistry     : Adding type registration java.sql.Date -> org.hibernate.type.DateType@f2d890c
2022-12-24 22:10:31.830 DEBUG 25502 --- [           main] org.hibernate.type.BasicTypeRegistry     : Adding type registration time -> org.hibernate.type.TimeType@3d9f0a5
2022-12-24 22:10:31.831 DEBUG 25502 --- [           main] org.hibernate.type.BasicTypeRegistry     : Adding type registration java.sql.Time -> org.hibernate.type.TimeType@3d9f0a5
2022-12-24 22:10:31.832 DEBUG 25502 --- [           main] org.hibernate.type.BasicTypeRegistry     : Adding type registration timestamp -> org.hibernate.type.TimestampType@124d26ba
2022-12-24 22:10:31.832 DEBUG 25502 --- [           main] org.hibernate.type.BasicTypeRegistry     : Adding type registration java.sql.Timestamp -> org.hibernate.type.TimestampType@124d26ba
2022-12-24 22:10:31.832 DEBUG 25502 --- [           main] org.hibernate.type.BasicTypeRegistry     : Adding type registration java.util.Date -> org.hibernate.type.TimestampType@124d26ba
2022-12-24 22:10:31.834 DEBUG 25502 --- [           main] org.hibernate.type.BasicTypeRegistry     : Adding type registration dbtimestamp -> org.hibernate.type.DbTimestampType@310a7859
2022-12-24 22:10:31.836 DEBUG 25502 --- [           main] org.hibernate.type.BasicTypeRegistry     : Adding type registration calendar -> org.hibernate.type.CalendarType@2506e949
2022-12-24 22:10:31.836 DEBUG 25502 --- [           main] org.hibernate.type.BasicTypeRegistry     : Adding type registration java.util.Calendar -> org.hibernate.type.CalendarType@2506e949
2022-12-24 22:10:31.836 DEBUG 25502 --- [           main] org.hibernate.type.BasicTypeRegistry     : Adding type registration java.util.GregorianCalendar -> org.hibernate.type.CalendarType@2506e949
2022-12-24 22:10:31.837 DEBUG 25502 --- [           main] org.hibernate.type.BasicTypeRegistry     : Adding type registration calendar_date -> org.hibernate.type.CalendarDateType@54af3cb9
2022-12-24 22:10:31.837 DEBUG 25502 --- [           main] org.hibernate.type.BasicTypeRegistry     : Adding type registration calendar_time -> org.hibernate.type.CalendarTimeType@11d4d979
2022-12-24 22:10:31.838 DEBUG 25502 --- [           main] org.hibernate.type.BasicTypeRegistry     : Adding type registration locale -> org.hibernate.type.LocaleType@70716259
2022-12-24 22:10:31.838 DEBUG 25502 --- [           main] org.hibernate.type.BasicTypeRegistry     : Adding type registration java.util.Locale -> org.hibernate.type.LocaleType@70716259
2022-12-24 22:10:31.841 DEBUG 25502 --- [           main] org.hibernate.type.BasicTypeRegistry     : Adding type registration currency -> org.hibernate.type.CurrencyType@88b76f2
2022-12-24 22:10:31.841 DEBUG 25502 --- [           main] org.hibernate.type.BasicTypeRegistry     : Adding type registration java.util.Currency -> org.hibernate.type.CurrencyType@88b76f2
2022-12-24 22:10:31.842 DEBUG 25502 --- [           main] org.hibernate.type.BasicTypeRegistry     : Adding type registration timezone -> org.hibernate.type.TimeZoneType@c1e14f
2022-12-24 22:10:31.842 DEBUG 25502 --- [           main] org.hibernate.type.BasicTypeRegistry     : Adding type registration java.util.TimeZone -> org.hibernate.type.TimeZoneType@c1e14f
2022-12-24 22:10:31.843 DEBUG 25502 --- [           main] org.hibernate.type.BasicTypeRegistry     : Adding type registration class -> org.hibernate.type.ClassType@172f4514
2022-12-24 22:10:31.843 DEBUG 25502 --- [           main] org.hibernate.type.BasicTypeRegistry     : Adding type registration java.lang.Class -> org.hibernate.type.ClassType@172f4514
2022-12-24 22:10:31.843 DEBUG 25502 --- [           main] org.hibernate.type.BasicTypeRegistry     : Adding type registration uuid-binary -> org.hibernate.type.UUIDBinaryType@3380ca3d
2022-12-24 22:10:31.843 DEBUG 25502 --- [           main] org.hibernate.type.BasicTypeRegistry     : Adding type registration java.util.UUID -> org.hibernate.type.UUIDBinaryType@3380ca3d
2022-12-24 22:10:31.844 DEBUG 25502 --- [           main] org.hibernate.type.BasicTypeRegistry     : Adding type registration uuid-char -> org.hibernate.type.UUIDCharType@741741d0
2022-12-24 22:10:31.845 DEBUG 25502 --- [           main] org.hibernate.type.BasicTypeRegistry     : Adding type registration binary -> org.hibernate.type.BinaryType@e5c2463
2022-12-24 22:10:31.845 DEBUG 25502 --- [           main] org.hibernate.type.BasicTypeRegistry     : Adding type registration byte[] -> org.hibernate.type.BinaryType@e5c2463
2022-12-24 22:10:31.845 DEBUG 25502 --- [           main] org.hibernate.type.BasicTypeRegistry     : Adding type registration [B -> org.hibernate.type.BinaryType@e5c2463
2022-12-24 22:10:31.845 DEBUG 25502 --- [           main] org.hibernate.type.BasicTypeRegistry     : Adding type registration wrapper-binary -> org.hibernate.type.WrapperBinaryType@61e86192
2022-12-24 22:10:31.846 DEBUG 25502 --- [           main] org.hibernate.type.BasicTypeRegistry     : Adding type registration Byte[] -> org.hibernate.type.WrapperBinaryType@61e86192
2022-12-24 22:10:31.846 DEBUG 25502 --- [           main] org.hibernate.type.BasicTypeRegistry     : Adding type registration [Ljava.lang.Byte; -> org.hibernate.type.WrapperBinaryType@61e86192
2022-12-24 22:10:31.846 DEBUG 25502 --- [           main] org.hibernate.type.BasicTypeRegistry     : Adding type registration row_version -> org.hibernate.type.RowVersionType@385d819
2022-12-24 22:10:31.847 DEBUG 25502 --- [           main] org.hibernate.type.BasicTypeRegistry     : Adding type registration image -> org.hibernate.type.ImageType@7fb8bad0
2022-12-24 22:10:31.848 DEBUG 25502 --- [           main] org.hibernate.type.BasicTypeRegistry     : Adding type registration characters -> org.hibernate.type.CharArrayType@32256e68
2022-12-24 22:10:31.848 DEBUG 25502 --- [           main] org.hibernate.type.BasicTypeRegistry     : Adding type registration char[] -> org.hibernate.type.CharArrayType@32256e68
2022-12-24 22:10:31.848 DEBUG 25502 --- [           main] org.hibernate.type.BasicTypeRegistry     : Adding type registration [C -> org.hibernate.type.CharArrayType@32256e68
2022-12-24 22:10:31.849 DEBUG 25502 --- [           main] org.hibernate.type.BasicTypeRegistry     : Adding type registration wrapper-characters -> org.hibernate.type.CharacterArrayType@23e3f5cd
2022-12-24 22:10:31.849 DEBUG 25502 --- [           main] org.hibernate.type.BasicTypeRegistry     : Adding type registration [Ljava.lang.Character; -> org.hibernate.type.CharacterArrayType@23e3f5cd
2022-12-24 22:10:31.849 DEBUG 25502 --- [           main] org.hibernate.type.BasicTypeRegistry     : Adding type registration Character[] -> org.hibernate.type.CharacterArrayType@23e3f5cd
2022-12-24 22:10:31.849 DEBUG 25502 --- [           main] org.hibernate.type.BasicTypeRegistry     : Adding type registration text -> org.hibernate.type.TextType@67d4c48d
2022-12-24 22:10:31.850 DEBUG 25502 --- [           main] org.hibernate.type.BasicTypeRegistry     : Adding type registration ntext -> org.hibernate.type.NTextType@798deee8
2022-12-24 22:10:31.851 DEBUG 25502 --- [           main] org.hibernate.type.BasicTypeRegistry     : Adding type registration blob -> org.hibernate.type.BlobType@267f9765
2022-12-24 22:10:31.851 DEBUG 25502 --- [           main] org.hibernate.type.BasicTypeRegistry     : Adding type registration java.sql.Blob -> org.hibernate.type.BlobType@267f9765
2022-12-24 22:10:31.852 DEBUG 25502 --- [           main] org.hibernate.type.BasicTypeRegistry     : Adding type registration materialized_blob -> org.hibernate.type.MaterializedBlobType@25a1a012
2022-12-24 22:10:31.853 DEBUG 25502 --- [           main] org.hibernate.type.BasicTypeRegistry     : Adding type registration clob -> org.hibernate.type.ClobType@b950f82
2022-12-24 22:10:31.853 DEBUG 25502 --- [           main] org.hibernate.type.BasicTypeRegistry     : Adding type registration java.sql.Clob -> org.hibernate.type.ClobType@b950f82
2022-12-24 22:10:31.854 DEBUG 25502 --- [           main] org.hibernate.type.BasicTypeRegistry     : Adding type registration nclob -> org.hibernate.type.NClobType@58dad04a
2022-12-24 22:10:31.854 DEBUG 25502 --- [           main] org.hibernate.type.BasicTypeRegistry     : Adding type registration java.sql.NClob -> org.hibernate.type.NClobType@58dad04a
2022-12-24 22:10:31.855 DEBUG 25502 --- [           main] org.hibernate.type.BasicTypeRegistry     : Adding type registration materialized_clob -> org.hibernate.type.MaterializedClobType@43da0955
2022-12-24 22:10:31.855 DEBUG 25502 --- [           main] org.hibernate.type.BasicTypeRegistry     : Adding type registration materialized_nclob -> org.hibernate.type.MaterializedNClobType@55736cfe
2022-12-24 22:10:31.857 DEBUG 25502 --- [           main] org.hibernate.type.BasicTypeRegistry     : Adding type registration serializable -> org.hibernate.type.SerializableType@34d480b9
2022-12-24 22:10:31.865 DEBUG 25502 --- [           main] org.hibernate.type.BasicTypeRegistry     : Adding type registration object -> org.hibernate.type.ObjectType@413d2cd1
2022-12-24 22:10:31.865 DEBUG 25502 --- [           main] org.hibernate.type.BasicTypeRegistry     : Adding type registration java.lang.Object -> org.hibernate.type.ObjectType@413d2cd1
2022-12-24 22:10:31.865 DEBUG 25502 --- [           main] org.hibernate.type.BasicTypeRegistry     : Adding type registration imm_date -> org.hibernate.type.AdaptedImmutableType@30bbcf91
2022-12-24 22:10:31.865 DEBUG 25502 --- [           main] org.hibernate.type.BasicTypeRegistry     : Adding type registration imm_time -> org.hibernate.type.AdaptedImmutableType@3ca14cf4
2022-12-24 22:10:31.866 DEBUG 25502 --- [           main] org.hibernate.type.BasicTypeRegistry     : Adding type registration imm_timestamp -> org.hibernate.type.AdaptedImmutableType@1f4f0fcc
2022-12-24 22:10:31.866 DEBUG 25502 --- [           main] org.hibernate.type.BasicTypeRegistry     : Adding type registration imm_dbtimestamp -> org.hibernate.type.AdaptedImmutableType@46c10083
2022-12-24 22:10:31.866 DEBUG 25502 --- [           main] org.hibernate.type.BasicTypeRegistry     : Adding type registration imm_calendar -> org.hibernate.type.AdaptedImmutableType@28e8888d
2022-12-24 22:10:31.866 DEBUG 25502 --- [           main] org.hibernate.type.BasicTypeRegistry     : Adding type registration imm_calendar_date -> org.hibernate.type.AdaptedImmutableType@1e98b788
2022-12-24 22:10:31.866 DEBUG 25502 --- [           main] org.hibernate.type.BasicTypeRegistry     : Adding type registration imm_binary -> org.hibernate.type.AdaptedImmutableType@794eeaf8
2022-12-24 22:10:31.866 DEBUG 25502 --- [           main] org.hibernate.type.BasicTypeRegistry     : Adding type registration imm_serializable -> org.hibernate.type.AdaptedImmutableType@37c5284a
2022-12-24 22:10:31.878 DEBUG 25502 --- [           main] o.h.boot.internal.BootstrapContextImpl   : Injecting JPA temp ClassLoader [org.springframework.instrument.classloading.SimpleThrowawayClassLoader@1f10fec6] into BootstrapContext; was [null]
2022-12-24 22:10:31.878 DEBUG 25502 --- [           main] o.h.boot.internal.ClassLoaderAccessImpl  : ClassLoaderAccessImpl#injectTempClassLoader(org.springframework.instrument.classloading.SimpleThrowawayClassLoader@1f10fec6) [was null]
2022-12-24 22:10:31.879 DEBUG 25502 --- [           main] o.h.boot.internal.BootstrapContextImpl   : Injecting ScanEnvironment [org.hibernate.jpa.boot.internal.StandardJpaScanEnvironmentImpl@33a8c9c9] into BootstrapContext; was [null]
2022-12-24 22:10:31.879 DEBUG 25502 --- [           main] o.h.boot.internal.BootstrapContextImpl   : Injecting ScanOptions [org.hibernate.boot.archive.scan.internal.StandardScanOptions@382dc417] into BootstrapContext; was [org.hibernate.boot.archive.scan.internal.StandardScanOptions@3daf03d8]
2022-12-24 22:10:31.893 DEBUG 25502 --- [           main] o.h.boot.internal.BootstrapContextImpl   : Injecting JPA temp ClassLoader [null] into BootstrapContext; was [org.springframework.instrument.classloading.SimpleThrowawayClassLoader@1f10fec6]
2022-12-24 22:10:31.893 DEBUG 25502 --- [           main] o.h.boot.internal.ClassLoaderAccessImpl  : ClassLoaderAccessImpl#injectTempClassLoader(null) [was org.springframework.instrument.classloading.SimpleThrowawayClassLoader@1f10fec6]
2022-12-24 22:10:31.907 DEBUG 25502 --- [           main] .i.f.i.DefaultIdentifierGeneratorFactory : Registering IdentifierGenerator strategy [uuid2] -> [org.hibernate.id.UUIDGenerator]
2022-12-24 22:10:31.908 DEBUG 25502 --- [           main] .i.f.i.DefaultIdentifierGeneratorFactory : Registering IdentifierGenerator strategy [guid] -> [org.hibernate.id.GUIDGenerator]
2022-12-24 22:10:31.908 DEBUG 25502 --- [           main] .i.f.i.DefaultIdentifierGeneratorFactory : Registering IdentifierGenerator strategy [uuid] -> [org.hibernate.id.UUIDHexGenerator]
2022-12-24 22:10:31.909 DEBUG 25502 --- [           main] .i.f.i.DefaultIdentifierGeneratorFactory : Registering IdentifierGenerator strategy [uuid.hex] -> [org.hibernate.id.UUIDHexGenerator]
2022-12-24 22:10:31.909 DEBUG 25502 --- [           main] .i.f.i.DefaultIdentifierGeneratorFactory : Registering IdentifierGenerator strategy [assigned] -> [org.hibernate.id.Assigned]
2022-12-24 22:10:31.910 DEBUG 25502 --- [           main] .i.f.i.DefaultIdentifierGeneratorFactory : Registering IdentifierGenerator strategy [identity] -> [org.hibernate.id.IdentityGenerator]
2022-12-24 22:10:31.910 DEBUG 25502 --- [           main] .i.f.i.DefaultIdentifierGeneratorFactory : Registering IdentifierGenerator strategy [select] -> [org.hibernate.id.SelectGenerator]
2022-12-24 22:10:31.912 DEBUG 25502 --- [           main] .i.f.i.DefaultIdentifierGeneratorFactory : Registering IdentifierGenerator strategy [sequence] -> [org.hibernate.id.enhanced.SequenceStyleGenerator]
2022-12-24 22:10:31.912 DEBUG 25502 --- [           main] .i.f.i.DefaultIdentifierGeneratorFactory : Registering IdentifierGenerator strategy [seqhilo] -> [org.hibernate.id.SequenceHiLoGenerator]
2022-12-24 22:10:31.913 DEBUG 25502 --- [           main] .i.f.i.DefaultIdentifierGeneratorFactory : Registering IdentifierGenerator strategy [increment] -> [org.hibernate.id.IncrementGenerator]
2022-12-24 22:10:31.913 DEBUG 25502 --- [           main] .i.f.i.DefaultIdentifierGeneratorFactory : Registering IdentifierGenerator strategy [foreign] -> [org.hibernate.id.ForeignGenerator]
2022-12-24 22:10:31.914 DEBUG 25502 --- [           main] .i.f.i.DefaultIdentifierGeneratorFactory : Registering IdentifierGenerator strategy [sequence-identity] -> [org.hibernate.id.SequenceIdentityGenerator]
2022-12-24 22:10:31.914 DEBUG 25502 --- [           main] .i.f.i.DefaultIdentifierGeneratorFactory : Registering IdentifierGenerator strategy [enhanced-sequence] -> [org.hibernate.id.enhanced.SequenceStyleGenerator]
2022-12-24 22:10:31.915 DEBUG 25502 --- [           main] .i.f.i.DefaultIdentifierGeneratorFactory : Registering IdentifierGenerator strategy [enhanced-table] -> [org.hibernate.id.enhanced.TableGenerator]
2022-12-24 22:10:31.925 DEBUG 25502 --- [           main] com.zaxxer.hikari.HikariConfig           : HikariPool-1 - configuration:
2022-12-24 22:10:31.927 DEBUG 25502 --- [           main] com.zaxxer.hikari.HikariConfig           : allowPoolSuspension................................false
2022-12-24 22:10:31.927 DEBUG 25502 --- [           main] com.zaxxer.hikari.HikariConfig           : autoCommit................................true
2022-12-24 22:10:31.928 DEBUG 25502 --- [           main] com.zaxxer.hikari.HikariConfig           : catalog................................none
2022-12-24 22:10:31.928 DEBUG 25502 --- [           main] com.zaxxer.hikari.HikariConfig           : connectionInitSql................................none
2022-12-24 22:10:31.928 DEBUG 25502 --- [           main] com.zaxxer.hikari.HikariConfig           : connectionTestQuery................................none
2022-12-24 22:10:31.929 DEBUG 25502 --- [           main] com.zaxxer.hikari.HikariConfig           : connectionTimeout................................30000
2022-12-24 22:10:31.930 DEBUG 25502 --- [           main] com.zaxxer.hikari.HikariConfig           : dataSource................................none
2022-12-24 22:10:31.930 DEBUG 25502 --- [           main] com.zaxxer.hikari.HikariConfig           : dataSourceClassName................................none
2022-12-24 22:10:31.930 DEBUG 25502 --- [           main] com.zaxxer.hikari.HikariConfig           : dataSourceJNDI................................none
2022-12-24 22:10:31.930 DEBUG 25502 --- [           main] com.zaxxer.hikari.HikariConfig           : dataSourceProperties................................{password=<masked>}
2022-12-24 22:10:31.930 DEBUG 25502 --- [           main] com.zaxxer.hikari.HikariConfig           : driverClassName................................"com.mysql.cj.jdbc.Driver"
2022-12-24 22:10:31.931 DEBUG 25502 --- [           main] com.zaxxer.hikari.HikariConfig           : exceptionOverrideClassName................................none
2022-12-24 22:10:31.931 DEBUG 25502 --- [           main] com.zaxxer.hikari.HikariConfig           : healthCheckProperties................................{}
2022-12-24 22:10:31.931 DEBUG 25502 --- [           main] com.zaxxer.hikari.HikariConfig           : healthCheckRegistry................................none
2022-12-24 22:10:31.931 DEBUG 25502 --- [           main] com.zaxxer.hikari.HikariConfig           : idleTimeout................................600000
2022-12-24 22:10:31.931 DEBUG 25502 --- [           main] com.zaxxer.hikari.HikariConfig           : initializationFailTimeout................................1
2022-12-24 22:10:31.931 DEBUG 25502 --- [           main] com.zaxxer.hikari.HikariConfig           : isolateInternalQueries................................false
2022-12-24 22:10:31.932 DEBUG 25502 --- [           main] com.zaxxer.hikari.HikariConfig           : jdbcUrl................................jdbc:mysql://mysqldb:3306/room?autoReconnect=true&useSSL=false&useUnicode=true&characterEncoding=utf8
2022-12-24 22:10:31.932 DEBUG 25502 --- [           main] com.zaxxer.hikari.HikariConfig           : keepaliveTime................................0
2022-12-24 22:10:31.932 DEBUG 25502 --- [           main] com.zaxxer.hikari.HikariConfig           : leakDetectionThreshold................................0
2022-12-24 22:10:31.932 DEBUG 25502 --- [           main] com.zaxxer.hikari.HikariConfig           : maxLifetime................................1800000
2022-12-24 22:10:31.932 DEBUG 25502 --- [           main] com.zaxxer.hikari.HikariConfig           : maximumPoolSize................................10
2022-12-24 22:10:31.932 DEBUG 25502 --- [           main] com.zaxxer.hikari.HikariConfig           : metricRegistry................................none
2022-12-24 22:10:31.933 DEBUG 25502 --- [           main] com.zaxxer.hikari.HikariConfig           : metricsTrackerFactory................................none
2022-12-24 22:10:31.933 DEBUG 25502 --- [           main] com.zaxxer.hikari.HikariConfig           : minimumIdle................................10
2022-12-24 22:10:31.933 DEBUG 25502 --- [           main] com.zaxxer.hikari.HikariConfig           : password................................<masked>
2022-12-24 22:10:31.933 DEBUG 25502 --- [           main] com.zaxxer.hikari.HikariConfig           : poolName................................"HikariPool-1"
2022-12-24 22:10:31.933 DEBUG 25502 --- [           main] com.zaxxer.hikari.HikariConfig           : readOnly................................false
2022-12-24 22:10:31.933 DEBUG 25502 --- [           main] com.zaxxer.hikari.HikariConfig           : registerMbeans................................false
2022-12-24 22:10:31.934 DEBUG 25502 --- [           main] com.zaxxer.hikari.HikariConfig           : scheduledExecutor................................none
2022-12-24 22:10:31.934 DEBUG 25502 --- [           main] com.zaxxer.hikari.HikariConfig           : schema................................none
2022-12-24 22:10:31.934 DEBUG 25502 --- [           main] com.zaxxer.hikari.HikariConfig           : threadFactory................................internal
2022-12-24 22:10:31.934 DEBUG 25502 --- [           main] com.zaxxer.hikari.HikariConfig           : transactionIsolation................................default
2022-12-24 22:10:31.934 DEBUG 25502 --- [           main] com.zaxxer.hikari.HikariConfig           : username................................"root"
2022-12-24 22:10:31.934 DEBUG 25502 --- [           main] com.zaxxer.hikari.HikariConfig           : validationTimeout................................5000
2022-12-24 22:10:31.934  INFO 25502 --- [           main] com.zaxxer.hikari.HikariDataSource       : HikariPool-1 - Starting...
2022-12-24 22:10:36.083 DEBUG 25502 --- [           main] com.zaxxer.hikari.pool.PoolBase          : HikariPool-1 - Failed to create/setup connection: Could not create connection to database server. Attempted reconnect 3 times. Giving up.
2022-12-24 22:10:36.091 DEBUG 25502 --- [           main] com.zaxxer.hikari.pool.HikariPool        : HikariPool-1 - Cannot acquire connection from data source

java.sql.SQLNonTransientConnectionException: Could not create connection to database server. Attempted reconnect 3 times. Giving up.
	at com.mysql.cj.jdbc.exceptions.SQLError.createSQLException(SQLError.java:110) ~[mysql-connector-java-8.0.26.jar:8.0.26]
	at com.mysql.cj.jdbc.exceptions.SQLError.createSQLException(SQLError.java:97) ~[mysql-connector-java-8.0.26.jar:8.0.26]
	at com.mysql.cj.jdbc.exceptions.SQLError.createSQLException(SQLError.java:89) ~[mysql-connector-java-8.0.26.jar:8.0.26]
	at com.mysql.cj.jdbc.exceptions.SQLError.createSQLException(SQLError.java:63) ~[mysql-connector-java-8.0.26.jar:8.0.26]
	at com.mysql.cj.jdbc.exceptions.SQLError.createSQLException(SQLError.java:73) ~[mysql-connector-java-8.0.26.jar:8.0.26]
	at com.mysql.cj.jdbc.ConnectionImpl.connectWithRetries(ConnectionImpl.java:898) ~[mysql-connector-java-8.0.26.jar:8.0.26]
	at com.mysql.cj.jdbc.ConnectionImpl.createNewIO(ConnectionImpl.java:823) ~[mysql-connector-java-8.0.26.jar:8.0.26]
	at com.mysql.cj.jdbc.ConnectionImpl.<init>(ConnectionImpl.java:448) ~[mysql-connector-java-8.0.26.jar:8.0.26]
	at com.mysql.cj.jdbc.ConnectionImpl.getInstance(ConnectionImpl.java:241) ~[mysql-connector-java-8.0.26.jar:8.0.26]
	at com.mysql.cj.jdbc.NonRegisteringDriver.connect(NonRegisteringDriver.java:198) ~[mysql-connector-java-8.0.26.jar:8.0.26]
	at com.zaxxer.hikari.util.DriverDataSource.getConnection(DriverDataSource.java:138) ~[HikariCP-4.0.3.jar:na]
	at com.zaxxer.hikari.pool.PoolBase.newConnection(PoolBase.java:364) ~[HikariCP-4.0.3.jar:na]
	at com.zaxxer.hikari.pool.PoolBase.newPoolEntry(PoolBase.java:206) ~[HikariCP-4.0.3.jar:na]
	at com.zaxxer.hikari.pool.HikariPool.createPoolEntry(HikariPool.java:476) ~[HikariCP-4.0.3.jar:na]
	at com.zaxxer.hikari.pool.HikariPool.checkFailFast(HikariPool.java:561) ~[HikariCP-4.0.3.jar:na]
	at com.zaxxer.hikari.pool.HikariPool.<init>(HikariPool.java:115) ~[HikariCP-4.0.3.jar:na]
	at com.zaxxer.hikari.HikariDataSource.getConnection(HikariDataSource.java:112) ~[HikariCP-4.0.3.jar:na]
	at org.hibernate.engine.jdbc.connections.internal.DatasourceConnectionProviderImpl.getConnection(DatasourceConnectionProviderImpl.java:122) ~[hibernate-core-5.4.32.Final.jar:5.4.32.Final]
	at org.hibernate.engine.jdbc.env.internal.JdbcEnvironmentInitiator$ConnectionProviderJdbcConnectionAccess.obtainConnection(JdbcEnvironmentInitiator.java:180) ~[hibernate-core-5.4.32.Final.jar:5.4.32.Final]
	at org.hibernate.engine.jdbc.env.internal.JdbcEnvironmentInitiator.initiateService(JdbcEnvironmentInitiator.java:68) ~[hibernate-core-5.4.32.Final.jar:5.4.32.Final]
	at org.hibernate.engine.jdbc.env.internal.JdbcEnvironmentInitiator.initiateService(JdbcEnvironmentInitiator.java:35) ~[hibernate-core-5.4.32.Final.jar:5.4.32.Final]
	at org.hibernate.boot.registry.internal.StandardServiceRegistryImpl.initiateService(StandardServiceRegistryImpl.java:101) ~[hibernate-core-5.4.32.Final.jar:5.4.32.Final]
	at org.hibernate.service.internal.AbstractServiceRegistryImpl.createService(AbstractServiceRegistryImpl.java:263) ~[hibernate-core-5.4.32.Final.jar:5.4.32.Final]
	at org.hibernate.service.internal.AbstractServiceRegistryImpl.initializeService(AbstractServiceRegistryImpl.java:237) ~[hibernate-core-5.4.32.Final.jar:5.4.32.Final]
	at org.hibernate.service.internal.AbstractServiceRegistryImpl.getService(AbstractServiceRegistryImpl.java:214) ~[hibernate-core-5.4.32.Final.jar:5.4.32.Final]
	at org.hibernate.id.factory.internal.DefaultIdentifierGeneratorFactory.injectServices(DefaultIdentifierGeneratorFactory.java:152) ~[hibernate-core-5.4.32.Final.jar:5.4.32.Final]
	at org.hibernate.service.internal.AbstractServiceRegistryImpl.injectDependencies(AbstractServiceRegistryImpl.java:286) ~[hibernate-core-5.4.32.Final.jar:5.4.32.Final]
	at org.hibernate.service.internal.AbstractServiceRegistryImpl.initializeService(AbstractServiceRegistryImpl.java:243) ~[hibernate-core-5.4.32.Final.jar:5.4.32.Final]
	at org.hibernate.service.internal.AbstractServiceRegistryImpl.getService(AbstractServiceRegistryImpl.java:214) ~[hibernate-core-5.4.32.Final.jar:5.4.32.Final]
	at org.hibernate.boot.internal.InFlightMetadataCollectorImpl.<init>(InFlightMetadataCollectorImpl.java:176) ~[hibernate-core-5.4.32.Final.jar:5.4.32.Final]
	at org.hibernate.boot.model.process.spi.MetadataBuildingProcess.complete(MetadataBuildingProcess.java:127) ~[hibernate-core-5.4.32.Final.jar:5.4.32.Final]
	at org.hibernate.jpa.boot.internal.EntityManagerFactoryBuilderImpl.metadata(EntityManagerFactoryBuilderImpl.java:1224) ~[hibernate-core-5.4.32.Final.jar:5.4.32.Final]
	at org.hibernate.jpa.boot.internal.EntityManagerFactoryBuilderImpl.build(EntityManagerFactoryBuilderImpl.java:1255) ~[hibernate-core-5.4.32.Final.jar:5.4.32.Final]
	at org.springframework.orm.jpa.vendor.SpringHibernateJpaPersistenceProvider.createContainerEntityManagerFactory(SpringHibernateJpaPersistenceProvider.java:58) ~[spring-orm-5.3.9.jar:5.3.9]
	at org.springframework.orm.jpa.LocalContainerEntityManagerFactoryBean.createNativeEntityManagerFactory(LocalContainerEntityManagerFactoryBean.java:365) ~[spring-orm-5.3.9.jar:5.3.9]
	at org.springframework.orm.jpa.AbstractEntityManagerFactoryBean.buildNativeEntityManagerFactory(AbstractEntityManagerFactoryBean.java:409) ~[spring-orm-5.3.9.jar:5.3.9]
	at org.springframework.orm.jpa.AbstractEntityManagerFactoryBean.afterPropertiesSet(AbstractEntityManagerFactoryBean.java:396) ~[spring-orm-5.3.9.jar:5.3.9]
	at org.springframework.orm.jpa.LocalContainerEntityManagerFactoryBean.afterPropertiesSet(LocalContainerEntityManagerFactoryBean.java:341) ~[spring-orm-5.3.9.jar:5.3.9]
	at org.springframework.beans.factory.support.AbstractAutowireCapableBeanFactory.invokeInitMethods(AbstractAutowireCapableBeanFactory.java:1845) ~[spring-beans-5.3.9.jar:5.3.9]
	at org.springframework.beans.factory.support.AbstractAutowireCapableBeanFactory.initializeBean(AbstractAutowireCapableBeanFactory.java:1782) ~[spring-beans-5.3.9.jar:5.3.9]
	at org.springframework.beans.factory.support.AbstractAutowireCapableBeanFactory.doCreateBean(AbstractAutowireCapableBeanFactory.java:602) ~[spring-beans-5.3.9.jar:5.3.9]
	at org.springframework.beans.factory.support.AbstractAutowireCapableBeanFactory.createBean(AbstractAutowireCapableBeanFactory.java:524) ~[spring-beans-5.3.9.jar:5.3.9]
	at org.springframework.beans.factory.support.AbstractBeanFactory.lambda$doGetBean$0(AbstractBeanFactory.java:335) ~[spring-beans-5.3.9.jar:5.3.9]
	at org.springframework.beans.factory.support.DefaultSingletonBeanRegistry.getSingleton(DefaultSingletonBeanRegistry.java:234) ~[spring-beans-5.3.9.jar:5.3.9]
	at org.springframework.beans.factory.support.AbstractBeanFactory.doGetBean(AbstractBeanFactory.java:333) ~[spring-beans-5.3.9.jar:5.3.9]
	at org.springframework.beans.factory.support.AbstractBeanFactory.getBean(AbstractBeanFactory.java:208) ~[spring-beans-5.3.9.jar:5.3.9]
	at org.springframework.context.support.AbstractApplicationContext.getBean(AbstractApplicationContext.java:1154) ~[spring-context-5.3.9.jar:5.3.9]
	at org.springframework.context.support.AbstractApplicationContext.finishBeanFactoryInitialization(AbstractApplicationContext.java:908) ~[spring-context-5.3.9.jar:5.3.9]
	at org.springframework.context.support.AbstractApplicationContext.refresh(AbstractApplicationContext.java:583) ~[spring-context-5.3.9.jar:5.3.9]
	at org.springframework.boot.SpringApplication.refresh(SpringApplication.java:754) ~[spring-boot-2.5.3.jar:2.5.3]
	at org.springframework.boot.SpringApplication.refreshContext(SpringApplication.java:434) ~[spring-boot-2.5.3.jar:2.5.3]
	at org.springframework.boot.SpringApplication.run(SpringApplication.java:338) ~[spring-boot-2.5.3.jar:2.5.3]
	at org.springframework.boot.test.context.SpringBootContextLoader.loadContext(SpringBootContextLoader.java:123) ~[spring-boot-test-2.5.3.jar:2.5.3]
	at org.springframework.test.context.cache.DefaultCacheAwareContextLoaderDelegate.loadContextInternal(DefaultCacheAwareContextLoaderDelegate.java:99) ~[spring-test-5.3.9.jar:5.3.9]
	at org.springframework.test.context.cache.DefaultCacheAwareContextLoaderDelegate.loadContext(DefaultCacheAwareContextLoaderDelegate.java:124) ~[spring-test-5.3.9.jar:5.3.9]
	at org.springframework.test.context.support.DefaultTestContext.getApplicationContext(DefaultTestContext.java:124) ~[spring-test-5.3.9.jar:5.3.9]
	at org.springframework.test.context.web.ServletTestExecutionListener.setUpRequestContextIfNecessary(ServletTestExecutionListener.java:190) ~[spring-test-5.3.9.jar:5.3.9]
	at org.springframework.test.context.web.ServletTestExecutionListener.prepareTestInstance(ServletTestExecutionListener.java:132) ~[spring-test-5.3.9.jar:5.3.9]
	at org.springframework.test.context.TestContextManager.prepareTestInstance(TestContextManager.java:244) ~[spring-test-5.3.9.jar:5.3.9]
	at org.springframework.test.context.junit.jupiter.SpringExtension.postProcessTestInstance(SpringExtension.java:138) ~[spring-test-5.3.9.jar:5.3.9]
	at org.junit.jupiter.engine.descriptor.ClassBasedTestDescriptor.lambda$invokeTestInstancePostProcessors$6(ClassBasedTestDescriptor.java:350) ~[junit-jupiter-engine-5.7.2.jar:5.7.2]
	at org.junit.jupiter.engine.descriptor.ClassBasedTestDescriptor.executeAndMaskThrowable(ClassBasedTestDescriptor.java:355) ~[junit-jupiter-engine-5.7.2.jar:5.7.2]
	at org.junit.jupiter.engine.descriptor.ClassBasedTestDescriptor.lambda$invokeTestInstancePostProcessors$7(ClassBasedTestDescriptor.java:350) ~[junit-jupiter-engine-5.7.2.jar:5.7.2]
	at java.base/java.util.stream.ReferencePipeline$3$1.accept(ReferencePipeline.java:197) ~[na:na]
	at java.base/java.util.stream.ReferencePipeline$2$1.accept(ReferencePipeline.java:179) ~[na:na]
	at java.base/java.util.ArrayList$ArrayListSpliterator.forEachRemaining(ArrayList.java:1625) ~[na:na]
	at java.base/java.util.stream.AbstractPipeline.copyInto(AbstractPipeline.java:509) ~[na:na]
	at java.base/java.util.stream.AbstractPipeline.wrapAndCopyInto(AbstractPipeline.java:499) ~[na:na]
	at java.base/java.util.stream.StreamSpliterators$WrappingSpliterator.forEachRemaining(StreamSpliterators.java:310) ~[na:na]
	at java.base/java.util.stream.Streams$ConcatSpliterator.forEachRemaining(Streams.java:735) ~[na:na]
	at java.base/java.util.stream.Streams$ConcatSpliterator.forEachRemaining(Streams.java:734) ~[na:na]
	at java.base/java.util.stream.ReferencePipeline$Head.forEach(ReferencePipeline.java:762) ~[na:na]
	at org.junit.jupiter.engine.descriptor.ClassBasedTestDescriptor.invokeTestInstancePostProcessors(ClassBasedTestDescriptor.java:349) ~[junit-jupiter-engine-5.7.2.jar:5.7.2]
	at org.junit.jupiter.engine.descriptor.ClassBasedTestDescriptor.lambda$instantiateAndPostProcessTestInstance$4(ClassBasedTestDescriptor.java:270) ~[junit-jupiter-engine-5.7.2.jar:5.7.2]
	at org.junit.platform.engine.support.hierarchical.ThrowableCollector.execute(ThrowableCollector.java:73) ~[junit-platform-engine-1.7.2.jar:1.7.2]
	at org.junit.jupiter.engine.descriptor.ClassBasedTestDescriptor.instantiateAndPostProcessTestInstance(ClassBasedTestDescriptor.java:269) ~[junit-jupiter-engine-5.7.2.jar:5.7.2]
	at org.junit.jupiter.engine.descriptor.ClassBasedTestDescriptor.lambda$testInstancesProvider$2(ClassBasedTestDescriptor.java:259) ~[junit-jupiter-engine-5.7.2.jar:5.7.2]
	at java.base/java.util.Optional.orElseGet(Optional.java:364) ~[na:na]
	at org.junit.jupiter.engine.descriptor.ClassBasedTestDescriptor.lambda$testInstancesProvider$3(ClassBasedTestDescriptor.java:258) ~[junit-jupiter-engine-5.7.2.jar:5.7.2]
	at org.junit.jupiter.engine.execution.TestInstancesProvider.getTestInstances(TestInstancesProvider.java:31) ~[junit-jupiter-engine-5.7.2.jar:5.7.2]
	at org.junit.jupiter.engine.descriptor.TestMethodTestDescriptor.lambda$prepare$0(TestMethodTestDescriptor.java:101) ~[junit-jupiter-engine-5.7.2.jar:5.7.2]
	at org.junit.platform.engine.support.hierarchical.ThrowableCollector.execute(ThrowableCollector.java:73) ~[junit-platform-engine-1.7.2.jar:1.7.2]
	at org.junit.jupiter.engine.descriptor.TestMethodTestDescriptor.prepare(TestMethodTestDescriptor.java:100) ~[junit-jupiter-engine-5.7.2.jar:5.7.2]
	at org.junit.jupiter.engine.descriptor.TestMethodTestDescriptor.prepare(TestMethodTestDescriptor.java:65) ~[junit-jupiter-engine-5.7.2.jar:5.7.2]
	at org.junit.platform.engine.support.hierarchical.NodeTestTask.lambda$prepare$1(NodeTestTask.java:111) ~[junit-platform-engine-1.7.2.jar:1.7.2]
	at org.junit.platform.engine.support.hierarchical.ThrowableCollector.execute(ThrowableCollector.java:73) ~[junit-platform-engine-1.7.2.jar:1.7.2]
	at org.junit.platform.engine.support.hierarchical.NodeTestTask.prepare(NodeTestTask.java:111) ~[junit-platform-engine-1.7.2.jar:1.7.2]
	at org.junit.platform.engine.support.hierarchical.NodeTestTask.execute(NodeTestTask.java:79) ~[junit-platform-engine-1.7.2.jar:1.7.2]
	at java.base/java.util.ArrayList.forEach(ArrayList.java:1511) ~[na:na]
	at org.junit.platform.engine.support.hierarchical.SameThreadHierarchicalTestExecutorService.invokeAll(SameThreadHierarchicalTestExecutorService.java:38) ~[junit-platform-engine-1.7.2.jar:1.7.2]
	at org.junit.platform.engine.support.hierarchical.NodeTestTask.lambda$executeRecursively$5(NodeTestTask.java:143) ~[junit-platform-engine-1.7.2.jar:1.7.2]
	at org.junit.platform.engine.support.hierarchical.ThrowableCollector.execute(ThrowableCollector.java:73) ~[junit-platform-engine-1.7.2.jar:1.7.2]
	at org.junit.platform.engine.support.hierarchical.NodeTestTask.lambda$executeRecursively$7(NodeTestTask.java:129) ~[junit-platform-engine-1.7.2.jar:1.7.2]
	at org.junit.platform.engine.support.hierarchical.Node.around(Node.java:137) ~[junit-platform-engine-1.7.2.jar:1.7.2]
	at org.junit.platform.engine.support.hierarchical.NodeTestTask.lambda$executeRecursively$8(NodeTestTask.java:127) ~[junit-platform-engine-1.7.2.jar:1.7.2]
	at org.junit.platform.engine.support.hierarchical.ThrowableCollector.execute(ThrowableCollector.java:73) ~[junit-platform-engine-1.7.2.jar:1.7.2]
	at org.junit.platform.engine.support.hierarchical.NodeTestTask.executeRecursively(NodeTestTask.java:126) ~[junit-platform-engine-1.7.2.jar:1.7.2]
	at org.junit.platform.engine.support.hierarchical.NodeTestTask.execute(NodeTestTask.java:84) ~[junit-platform-engine-1.7.2.jar:1.7.2]
	at java.base/java.util.ArrayList.forEach(ArrayList.java:1511) ~[na:na]
	at org.junit.platform.engine.support.hierarchical.SameThreadHierarchicalTestExecutorService.invokeAll(SameThreadHierarchicalTestExecutorService.java:38) ~[junit-platform-engine-1.7.2.jar:1.7.2]
	at org.junit.platform.engine.support.hierarchical.NodeTestTask.lambda$executeRecursively$5(NodeTestTask.java:143) ~[junit-platform-engine-1.7.2.jar:1.7.2]
	at org.junit.platform.engine.support.hierarchical.ThrowableCollector.execute(ThrowableCollector.java:73) ~[junit-platform-engine-1.7.2.jar:1.7.2]
	at org.junit.platform.engine.support.hierarchical.NodeTestTask.lambda$executeRecursively$7(NodeTestTask.java:129) ~[junit-platform-engine-1.7.2.jar:1.7.2]
	at org.junit.platform.engine.support.hierarchical.Node.around(Node.java:137) ~[junit-platform-engine-1.7.2.jar:1.7.2]
	at org.junit.platform.engine.support.hierarchical.NodeTestTask.lambda$executeRecursively$8(NodeTestTask.java:127) ~[junit-platform-engine-1.7.2.jar:1.7.2]
	at org.junit.platform.engine.support.hierarchical.ThrowableCollector.execute(ThrowableCollector.java:73) ~[junit-platform-engine-1.7.2.jar:1.7.2]
	at org.junit.platform.engine.support.hierarchical.NodeTestTask.executeRecursively(NodeTestTask.java:126) ~[junit-platform-engine-1.7.2.jar:1.7.2]
	at org.junit.platform.engine.support.hierarchical.NodeTestTask.execute(NodeTestTask.java:84) ~[junit-platform-engine-1.7.2.jar:1.7.2]
	at org.junit.platform.engine.support.hierarchical.SameThreadHierarchicalTestExecutorService.submit(SameThreadHierarchicalTestExecutorService.java:32) ~[junit-platform-engine-1.7.2.jar:1.7.2]
	at org.junit.platform.engine.support.hierarchical.HierarchicalTestExecutor.execute(HierarchicalTestExecutor.java:57) ~[junit-platform-engine-1.7.2.jar:1.7.2]
	at org.junit.platform.engine.support.hierarchical.HierarchicalTestEngine.execute(HierarchicalTestEngine.java:51) ~[junit-platform-engine-1.7.2.jar:1.7.2]
	at org.junit.platform.launcher.core.DefaultLauncher.execute(DefaultLauncher.java:220) ~[junit-platform-launcher-1.3.1.jar:1.3.1]
	at org.junit.platform.launcher.core.DefaultLauncher.lambda$execute$6(DefaultLauncher.java:188) ~[junit-platform-launcher-1.3.1.jar:1.3.1]
	at org.junit.platform.launcher.core.DefaultLauncher.withInterceptedStreams(DefaultLauncher.java:202) ~[junit-platform-launcher-1.3.1.jar:1.3.1]
	at org.junit.platform.launcher.core.DefaultLauncher.execute(DefaultLauncher.java:181) ~[junit-platform-launcher-1.3.1.jar:1.3.1]
	at org.junit.platform.launcher.core.DefaultLauncher.execute(DefaultLauncher.java:128) ~[junit-platform-launcher-1.3.1.jar:1.3.1]
	at org.apache.maven.surefire.junitplatform.JUnitPlatformProvider.invokeAllTests(JUnitPlatformProvider.java:150) ~[surefire-junit-platform-2.22.2.jar:2.22.2]
	at org.apache.maven.surefire.junitplatform.JUnitPlatformProvider.invoke(JUnitPlatformProvider.java:124) ~[surefire-junit-platform-2.22.2.jar:2.22.2]
	at org.apache.maven.surefire.booter.ForkedBooter.invokeProviderInSameClassLoader(ForkedBooter.java:384) ~[surefire-booter-2.22.2.jar:2.22.2]
	at org.apache.maven.surefire.booter.ForkedBooter.runSuitesInProcess(ForkedBooter.java:345) ~[surefire-booter-2.22.2.jar:2.22.2]
	at org.apache.maven.surefire.booter.ForkedBooter.execute(ForkedBooter.java:126) ~[surefire-booter-2.22.2.jar:2.22.2]
	at org.apache.maven.surefire.booter.ForkedBooter.main(ForkedBooter.java:418) ~[surefire-booter-2.22.2.jar:2.22.2]
Caused by: com.mysql.cj.exceptions.CJCommunicationsException: Communications link failure

The last packet sent successfully to the server was 0 milliseconds ago. The driver has not received any packets from the server.
	at java.base/jdk.internal.reflect.DirectConstructorHandleAccessor.newInstance(DirectConstructorHandleAccessor.java:67) ~[na:na]
	at java.base/java.lang.reflect.Constructor.newInstanceWithCaller(Constructor.java:500) ~[na:na]
	at java.base/java.lang.reflect.Constructor.newInstance(Constructor.java:484) ~[na:na]
	at com.mysql.cj.exceptions.ExceptionFactory.createException(ExceptionFactory.java:61) ~[mysql-connector-java-8.0.26.jar:8.0.26]
	at com.mysql.cj.exceptions.ExceptionFactory.createException(ExceptionFactory.java:105) ~[mysql-connector-java-8.0.26.jar:8.0.26]
	at com.mysql.cj.exceptions.ExceptionFactory.createException(ExceptionFactory.java:151) ~[mysql-connector-java-8.0.26.jar:8.0.26]
	at com.mysql.cj.exceptions.ExceptionFactory.createCommunicationsException(ExceptionFactory.java:167) ~[mysql-connector-java-8.0.26.jar:8.0.26]
	at com.mysql.cj.protocol.a.NativeSocketConnection.connect(NativeSocketConnection.java:89) ~[mysql-connector-java-8.0.26.jar:8.0.26]
	at com.mysql.cj.NativeSession.connect(NativeSession.java:119) ~[mysql-connector-java-8.0.26.jar:8.0.26]
	at com.mysql.cj.jdbc.ConnectionImpl.connectWithRetries(ConnectionImpl.java:842) ~[mysql-connector-java-8.0.26.jar:8.0.26]
	... 116 common frames omitted
Caused by: java.net.UnknownHostException: mysqldb
	at java.base/java.net.InetAddress$CachedAddresses.get(InetAddress.java:952) ~[na:na]
	at java.base/java.net.InetAddress.getAllByName0(InetAddress.java:1658) ~[na:na]
	at java.base/java.net.InetAddress.getAllByName(InetAddress.java:1524) ~[na:na]
	at com.mysql.cj.protocol.StandardSocketFactory.connect(StandardSocketFactory.java:133) ~[mysql-connector-java-8.0.26.jar:8.0.26]
	at com.mysql.cj.protocol.a.NativeSocketConnection.connect(NativeSocketConnection.java:63) ~[mysql-connector-java-8.0.26.jar:8.0.26]
	... 118 common frames omitted

2022-12-24 22:10:37.097 ERROR 25502 --- [           main] com.zaxxer.hikari.pool.HikariPool        : HikariPool-1 - Exception during pool initialization.

java.sql.SQLNonTransientConnectionException: Could not create connection to database server. Attempted reconnect 3 times. Giving up.
	at com.mysql.cj.jdbc.exceptions.SQLError.createSQLException(SQLError.java:110) ~[mysql-connector-java-8.0.26.jar:8.0.26]
	at com.mysql.cj.jdbc.exceptions.SQLError.createSQLException(SQLError.java:97) ~[mysql-connector-java-8.0.26.jar:8.0.26]
	at com.mysql.cj.jdbc.exceptions.SQLError.createSQLException(SQLError.java:89) ~[mysql-connector-java-8.0.26.jar:8.0.26]
	at com.mysql.cj.jdbc.exceptions.SQLError.createSQLException(SQLError.java:63) ~[mysql-connector-java-8.0.26.jar:8.0.26]
	at com.mysql.cj.jdbc.exceptions.SQLError.createSQLException(SQLError.java:73) ~[mysql-connector-java-8.0.26.jar:8.0.26]
	at com.mysql.cj.jdbc.ConnectionImpl.connectWithRetries(ConnectionImpl.java:898) ~[mysql-connector-java-8.0.26.jar:8.0.26]
	at com.mysql.cj.jdbc.ConnectionImpl.createNewIO(ConnectionImpl.java:823) ~[mysql-connector-java-8.0.26.jar:8.0.26]
	at com.mysql.cj.jdbc.ConnectionImpl.<init>(ConnectionImpl.java:448) ~[mysql-connector-java-8.0.26.jar:8.0.26]
	at com.mysql.cj.jdbc.ConnectionImpl.getInstance(ConnectionImpl.java:241) ~[mysql-connector-java-8.0.26.jar:8.0.26]
	at com.mysql.cj.jdbc.NonRegisteringDriver.connect(NonRegisteringDriver.java:198) ~[mysql-connector-java-8.0.26.jar:8.0.26]
	at com.zaxxer.hikari.util.DriverDataSource.getConnection(DriverDataSource.java:138) ~[HikariCP-4.0.3.jar:na]
	at com.zaxxer.hikari.pool.PoolBase.newConnection(PoolBase.java:364) ~[HikariCP-4.0.3.jar:na]
	at com.zaxxer.hikari.pool.PoolBase.newPoolEntry(PoolBase.java:206) ~[HikariCP-4.0.3.jar:na]
	at com.zaxxer.hikari.pool.HikariPool.createPoolEntry(HikariPool.java:476) ~[HikariCP-4.0.3.jar:na]
	at com.zaxxer.hikari.pool.HikariPool.checkFailFast(HikariPool.java:561) ~[HikariCP-4.0.3.jar:na]
	at com.zaxxer.hikari.pool.HikariPool.<init>(HikariPool.java:115) ~[HikariCP-4.0.3.jar:na]
	at com.zaxxer.hikari.HikariDataSource.getConnection(HikariDataSource.java:112) ~[HikariCP-4.0.3.jar:na]
	at org.hibernate.engine.jdbc.connections.internal.DatasourceConnectionProviderImpl.getConnection(DatasourceConnectionProviderImpl.java:122) ~[hibernate-core-5.4.32.Final.jar:5.4.32.Final]
	at org.hibernate.engine.jdbc.env.internal.JdbcEnvironmentInitiator$ConnectionProviderJdbcConnectionAccess.obtainConnection(JdbcEnvironmentInitiator.java:180) ~[hibernate-core-5.4.32.Final.jar:5.4.32.Final]
	at org.hibernate.engine.jdbc.env.internal.JdbcEnvironmentInitiator.initiateService(JdbcEnvironmentInitiator.java:68) ~[hibernate-core-5.4.32.Final.jar:5.4.32.Final]
	at org.hibernate.engine.jdbc.env.internal.JdbcEnvironmentInitiator.initiateService(JdbcEnvironmentInitiator.java:35) ~[hibernate-core-5.4.32.Final.jar:5.4.32.Final]
	at org.hibernate.boot.registry.internal.StandardServiceRegistryImpl.initiateService(StandardServiceRegistryImpl.java:101) ~[hibernate-core-5.4.32.Final.jar:5.4.32.Final]
	at org.hibernate.service.internal.AbstractServiceRegistryImpl.createService(AbstractServiceRegistryImpl.java:263) ~[hibernate-core-5.4.32.Final.jar:5.4.32.Final]
	at org.hibernate.service.internal.AbstractServiceRegistryImpl.initializeService(AbstractServiceRegistryImpl.java:237) ~[hibernate-core-5.4.32.Final.jar:5.4.32.Final]
	at org.hibernate.service.internal.AbstractServiceRegistryImpl.getService(AbstractServiceRegistryImpl.java:214) ~[hibernate-core-5.4.32.Final.jar:5.4.32.Final]
	at org.hibernate.id.factory.internal.DefaultIdentifierGeneratorFactory.injectServices(DefaultIdentifierGeneratorFactory.java:152) ~[hibernate-core-5.4.32.Final.jar:5.4.32.Final]
	at org.hibernate.service.internal.AbstractServiceRegistryImpl.injectDependencies(AbstractServiceRegistryImpl.java:286) ~[hibernate-core-5.4.32.Final.jar:5.4.32.Final]
	at org.hibernate.service.internal.AbstractServiceRegistryImpl.initializeService(AbstractServiceRegistryImpl.java:243) ~[hibernate-core-5.4.32.Final.jar:5.4.32.Final]
	at org.hibernate.service.internal.AbstractServiceRegistryImpl.getService(AbstractServiceRegistryImpl.java:214) ~[hibernate-core-5.4.32.Final.jar:5.4.32.Final]
	at org.hibernate.boot.internal.InFlightMetadataCollectorImpl.<init>(InFlightMetadataCollectorImpl.java:176) ~[hibernate-core-5.4.32.Final.jar:5.4.32.Final]
	at org.hibernate.boot.model.process.spi.MetadataBuildingProcess.complete(MetadataBuildingProcess.java:127) ~[hibernate-core-5.4.32.Final.jar:5.4.32.Final]
	at org.hibernate.jpa.boot.internal.EntityManagerFactoryBuilderImpl.metadata(EntityManagerFactoryBuilderImpl.java:1224) ~[hibernate-core-5.4.32.Final.jar:5.4.32.Final]
	at org.hibernate.jpa.boot.internal.EntityManagerFactoryBuilderImpl.build(EntityManagerFactoryBuilderImpl.java:1255) ~[hibernate-core-5.4.32.Final.jar:5.4.32.Final]
	at org.springframework.orm.jpa.vendor.SpringHibernateJpaPersistenceProvider.createContainerEntityManagerFactory(SpringHibernateJpaPersistenceProvider.java:58) ~[spring-orm-5.3.9.jar:5.3.9]
	at org.springframework.orm.jpa.LocalContainerEntityManagerFactoryBean.createNativeEntityManagerFactory(LocalContainerEntityManagerFactoryBean.java:365) ~[spring-orm-5.3.9.jar:5.3.9]
	at org.springframework.orm.jpa.AbstractEntityManagerFactoryBean.buildNativeEntityManagerFactory(AbstractEntityManagerFactoryBean.java:409) ~[spring-orm-5.3.9.jar:5.3.9]
	at org.springframework.orm.jpa.AbstractEntityManagerFactoryBean.afterPropertiesSet(AbstractEntityManagerFactoryBean.java:396) ~[spring-orm-5.3.9.jar:5.3.9]
	at org.springframework.orm.jpa.LocalContainerEntityManagerFactoryBean.afterPropertiesSet(LocalContainerEntityManagerFactoryBean.java:341) ~[spring-orm-5.3.9.jar:5.3.9]
	at org.springframework.beans.factory.support.AbstractAutowireCapableBeanFactory.invokeInitMethods(AbstractAutowireCapableBeanFactory.java:1845) ~[spring-beans-5.3.9.jar:5.3.9]
	at org.springframework.beans.factory.support.AbstractAutowireCapableBeanFactory.initializeBean(AbstractAutowireCapableBeanFactory.java:1782) ~[spring-beans-5.3.9.jar:5.3.9]
	at org.springframework.beans.factory.support.AbstractAutowireCapableBeanFactory.doCreateBean(AbstractAutowireCapableBeanFactory.java:602) ~[spring-beans-5.3.9.jar:5.3.9]
	at org.springframework.beans.factory.support.AbstractAutowireCapableBeanFactory.createBean(AbstractAutowireCapableBeanFactory.java:524) ~[spring-beans-5.3.9.jar:5.3.9]
	at org.springframework.beans.factory.support.AbstractBeanFactory.lambda$doGetBean$0(AbstractBeanFactory.java:335) ~[spring-beans-5.3.9.jar:5.3.9]
	at org.springframework.beans.factory.support.DefaultSingletonBeanRegistry.getSingleton(DefaultSingletonBeanRegistry.java:234) ~[spring-beans-5.3.9.jar:5.3.9]
	at org.springframework.beans.factory.support.AbstractBeanFactory.doGetBean(AbstractBeanFactory.java:333) ~[spring-beans-5.3.9.jar:5.3.9]
	at org.springframework.beans.factory.support.AbstractBeanFactory.getBean(AbstractBeanFactory.java:208) ~[spring-beans-5.3.9.jar:5.3.9]
	at org.springframework.context.support.AbstractApplicationContext.getBean(AbstractApplicationContext.java:1154) ~[spring-context-5.3.9.jar:5.3.9]
	at org.springframework.context.support.AbstractApplicationContext.finishBeanFactoryInitialization(AbstractApplicationContext.java:908) ~[spring-context-5.3.9.jar:5.3.9]
	at org.springframework.context.support.AbstractApplicationContext.refresh(AbstractApplicationContext.java:583) ~[spring-context-5.3.9.jar:5.3.9]
	at org.springframework.boot.SpringApplication.refresh(SpringApplication.java:754) ~[spring-boot-2.5.3.jar:2.5.3]
	at org.springframework.boot.SpringApplication.refreshContext(SpringApplication.java:434) ~[spring-boot-2.5.3.jar:2.5.3]
	at org.springframework.boot.SpringApplication.run(SpringApplication.java:338) ~[spring-boot-2.5.3.jar:2.5.3]
	at org.springframework.boot.test.context.SpringBootContextLoader.loadContext(SpringBootContextLoader.java:123) ~[spring-boot-test-2.5.3.jar:2.5.3]
	at org.springframework.test.context.cache.DefaultCacheAwareContextLoaderDelegate.loadContextInternal(DefaultCacheAwareContextLoaderDelegate.java:99) ~[spring-test-5.3.9.jar:5.3.9]
	at org.springframework.test.context.cache.DefaultCacheAwareContextLoaderDelegate.loadContext(DefaultCacheAwareContextLoaderDelegate.java:124) ~[spring-test-5.3.9.jar:5.3.9]
	at org.springframework.test.context.support.DefaultTestContext.getApplicationContext(DefaultTestContext.java:124) ~[spring-test-5.3.9.jar:5.3.9]
	at org.springframework.test.context.web.ServletTestExecutionListener.setUpRequestContextIfNecessary(ServletTestExecutionListener.java:190) ~[spring-test-5.3.9.jar:5.3.9]
	at org.springframework.test.context.web.ServletTestExecutionListener.prepareTestInstance(ServletTestExecutionListener.java:132) ~[spring-test-5.3.9.jar:5.3.9]
	at org.springframework.test.context.TestContextManager.prepareTestInstance(TestContextManager.java:244) ~[spring-test-5.3.9.jar:5.3.9]
	at org.springframework.test.context.junit.jupiter.SpringExtension.postProcessTestInstance(SpringExtension.java:138) ~[spring-test-5.3.9.jar:5.3.9]
	at org.junit.jupiter.engine.descriptor.ClassBasedTestDescriptor.lambda$invokeTestInstancePostProcessors$6(ClassBasedTestDescriptor.java:350) ~[junit-jupiter-engine-5.7.2.jar:5.7.2]
	at org.junit.jupiter.engine.descriptor.ClassBasedTestDescriptor.executeAndMaskThrowable(ClassBasedTestDescriptor.java:355) ~[junit-jupiter-engine-5.7.2.jar:5.7.2]
	at org.junit.jupiter.engine.descriptor.ClassBasedTestDescriptor.lambda$invokeTestInstancePostProcessors$7(ClassBasedTestDescriptor.java:350) ~[junit-jupiter-engine-5.7.2.jar:5.7.2]
	at java.base/java.util.stream.ReferencePipeline$3$1.accept(ReferencePipeline.java:197) ~[na:na]
	at java.base/java.util.stream.ReferencePipeline$2$1.accept(ReferencePipeline.java:179) ~[na:na]
	at java.base/java.util.ArrayList$ArrayListSpliterator.forEachRemaining(ArrayList.java:1625) ~[na:na]
	at java.base/java.util.stream.AbstractPipeline.copyInto(AbstractPipeline.java:509) ~[na:na]
	at java.base/java.util.stream.AbstractPipeline.wrapAndCopyInto(AbstractPipeline.java:499) ~[na:na]
	at java.base/java.util.stream.StreamSpliterators$WrappingSpliterator.forEachRemaining(StreamSpliterators.java:310) ~[na:na]
	at java.base/java.util.stream.Streams$ConcatSpliterator.forEachRemaining(Streams.java:735) ~[na:na]
	at java.base/java.util.stream.Streams$ConcatSpliterator.forEachRemaining(Streams.java:734) ~[na:na]
	at java.base/java.util.stream.ReferencePipeline$Head.forEach(ReferencePipeline.java:762) ~[na:na]
	at org.junit.jupiter.engine.descriptor.ClassBasedTestDescriptor.invokeTestInstancePostProcessors(ClassBasedTestDescriptor.java:349) ~[junit-jupiter-engine-5.7.2.jar:5.7.2]
	at org.junit.jupiter.engine.descriptor.ClassBasedTestDescriptor.lambda$instantiateAndPostProcessTestInstance$4(ClassBasedTestDescriptor.java:270) ~[junit-jupiter-engine-5.7.2.jar:5.7.2]
	at org.junit.platform.engine.support.hierarchical.ThrowableCollector.execute(ThrowableCollector.java:73) ~[junit-platform-engine-1.7.2.jar:1.7.2]
	at org.junit.jupiter.engine.descriptor.ClassBasedTestDescriptor.instantiateAndPostProcessTestInstance(ClassBasedTestDescriptor.java:269) ~[junit-jupiter-engine-5.7.2.jar:5.7.2]
	at org.junit.jupiter.engine.descriptor.ClassBasedTestDescriptor.lambda$testInstancesProvider$2(ClassBasedTestDescriptor.java:259) ~[junit-jupiter-engine-5.7.2.jar:5.7.2]
	at java.base/java.util.Optional.orElseGet(Optional.java:364) ~[na:na]
	at org.junit.jupiter.engine.descriptor.ClassBasedTestDescriptor.lambda$testInstancesProvider$3(ClassBasedTestDescriptor.java:258) ~[junit-jupiter-engine-5.7.2.jar:5.7.2]
	at org.junit.jupiter.engine.execution.TestInstancesProvider.getTestInstances(TestInstancesProvider.java:31) ~[junit-jupiter-engine-5.7.2.jar:5.7.2]
	at org.junit.jupiter.engine.descriptor.TestMethodTestDescriptor.lambda$prepare$0(TestMethodTestDescriptor.java:101) ~[junit-jupiter-engine-5.7.2.jar:5.7.2]
	at org.junit.platform.engine.support.hierarchical.ThrowableCollector.execute(ThrowableCollector.java:73) ~[junit-platform-engine-1.7.2.jar:1.7.2]
	at org.junit.jupiter.engine.descriptor.TestMethodTestDescriptor.prepare(TestMethodTestDescriptor.java:100) ~[junit-jupiter-engine-5.7.2.jar:5.7.2]
	at org.junit.jupiter.engine.descriptor.TestMethodTestDescriptor.prepare(TestMethodTestDescriptor.java:65) ~[junit-jupiter-engine-5.7.2.jar:5.7.2]
	at org.junit.platform.engine.support.hierarchical.NodeTestTask.lambda$prepare$1(NodeTestTask.java:111) ~[junit-platform-engine-1.7.2.jar:1.7.2]
	at org.junit.platform.engine.support.hierarchical.ThrowableCollector.execute(ThrowableCollector.java:73) ~[junit-platform-engine-1.7.2.jar:1.7.2]
	at org.junit.platform.engine.support.hierarchical.NodeTestTask.prepare(NodeTestTask.java:111) ~[junit-platform-engine-1.7.2.jar:1.7.2]
	at org.junit.platform.engine.support.hierarchical.NodeTestTask.execute(NodeTestTask.java:79) ~[junit-platform-engine-1.7.2.jar:1.7.2]
	at java.base/java.util.ArrayList.forEach(ArrayList.java:1511) ~[na:na]
	at org.junit.platform.engine.support.hierarchical.SameThreadHierarchicalTestExecutorService.invokeAll(SameThreadHierarchicalTestExecutorService.java:38) ~[junit-platform-engine-1.7.2.jar:1.7.2]
	at org.junit.platform.engine.support.hierarchical.NodeTestTask.lambda$executeRecursively$5(NodeTestTask.java:143) ~[junit-platform-engine-1.7.2.jar:1.7.2]
	at org.junit.platform.engine.support.hierarchical.ThrowableCollector.execute(ThrowableCollector.java:73) ~[junit-platform-engine-1.7.2.jar:1.7.2]
	at org.junit.platform.engine.support.hierarchical.NodeTestTask.lambda$executeRecursively$7(NodeTestTask.java:129) ~[junit-platform-engine-1.7.2.jar:1.7.2]
	at org.junit.platform.engine.support.hierarchical.Node.around(Node.java:137) ~[junit-platform-engine-1.7.2.jar:1.7.2]
	at org.junit.platform.engine.support.hierarchical.NodeTestTask.lambda$executeRecursively$8(NodeTestTask.java:127) ~[junit-platform-engine-1.7.2.jar:1.7.2]
	at org.junit.platform.engine.support.hierarchical.ThrowableCollector.execute(ThrowableCollector.java:73) ~[junit-platform-engine-1.7.2.jar:1.7.2]
	at org.junit.platform.engine.support.hierarchical.NodeTestTask.executeRecursively(NodeTestTask.java:126) ~[junit-platform-engine-1.7.2.jar:1.7.2]
	at org.junit.platform.engine.support.hierarchical.NodeTestTask.execute(NodeTestTask.java:84) ~[junit-platform-engine-1.7.2.jar:1.7.2]
	at java.base/java.util.ArrayList.forEach(ArrayList.java:1511) ~[na:na]
	at org.junit.platform.engine.support.hierarchical.SameThreadHierarchicalTestExecutorService.invokeAll(SameThreadHierarchicalTestExecutorService.java:38) ~[junit-platform-engine-1.7.2.jar:1.7.2]
	at org.junit.platform.engine.support.hierarchical.NodeTestTask.lambda$executeRecursively$5(NodeTestTask.java:143) ~[junit-platform-engine-1.7.2.jar:1.7.2]
	at org.junit.platform.engine.support.hierarchical.ThrowableCollector.execute(ThrowableCollector.java:73) ~[junit-platform-engine-1.7.2.jar:1.7.2]
	at org.junit.platform.engine.support.hierarchical.NodeTestTask.lambda$executeRecursively$7(NodeTestTask.java:129) ~[junit-platform-engine-1.7.2.jar:1.7.2]
	at org.junit.platform.engine.support.hierarchical.Node.around(Node.java:137) ~[junit-platform-engine-1.7.2.jar:1.7.2]
	at org.junit.platform.engine.support.hierarchical.NodeTestTask.lambda$executeRecursively$8(NodeTestTask.java:127) ~[junit-platform-engine-1.7.2.jar:1.7.2]
	at org.junit.platform.engine.support.hierarchical.ThrowableCollector.execute(ThrowableCollector.java:73) ~[junit-platform-engine-1.7.2.jar:1.7.2]
	at org.junit.platform.engine.support.hierarchical.NodeTestTask.executeRecursively(NodeTestTask.java:126) ~[junit-platform-engine-1.7.2.jar:1.7.2]
	at org.junit.platform.engine.support.hierarchical.NodeTestTask.execute(NodeTestTask.java:84) ~[junit-platform-engine-1.7.2.jar:1.7.2]
	at org.junit.platform.engine.support.hierarchical.SameThreadHierarchicalTestExecutorService.submit(SameThreadHierarchicalTestExecutorService.java:32) ~[junit-platform-engine-1.7.2.jar:1.7.2]
	at org.junit.platform.engine.support.hierarchical.HierarchicalTestExecutor.execute(HierarchicalTestExecutor.java:57) ~[junit-platform-engine-1.7.2.jar:1.7.2]
	at org.junit.platform.engine.support.hierarchical.HierarchicalTestEngine.execute(HierarchicalTestEngine.java:51) ~[junit-platform-engine-1.7.2.jar:1.7.2]
	at org.junit.platform.launcher.core.DefaultLauncher.execute(DefaultLauncher.java:220) ~[junit-platform-launcher-1.3.1.jar:1.3.1]
	at org.junit.platform.launcher.core.DefaultLauncher.lambda$execute$6(DefaultLauncher.java:188) ~[junit-platform-launcher-1.3.1.jar:1.3.1]
	at org.junit.platform.launcher.core.DefaultLauncher.withInterceptedStreams(DefaultLauncher.java:202) ~[junit-platform-launcher-1.3.1.jar:1.3.1]
	at org.junit.platform.launcher.core.DefaultLauncher.execute(DefaultLauncher.java:181) ~[junit-platform-launcher-1.3.1.jar:1.3.1]
	at org.junit.platform.launcher.core.DefaultLauncher.execute(DefaultLauncher.java:128) ~[junit-platform-launcher-1.3.1.jar:1.3.1]
	at org.apache.maven.surefire.junitplatform.JUnitPlatformProvider.invokeAllTests(JUnitPlatformProvider.java:150) ~[surefire-junit-platform-2.22.2.jar:2.22.2]
	at org.apache.maven.surefire.junitplatform.JUnitPlatformProvider.invoke(JUnitPlatformProvider.java:124) ~[surefire-junit-platform-2.22.2.jar:2.22.2]
	at org.apache.maven.surefire.booter.ForkedBooter.invokeProviderInSameClassLoader(ForkedBooter.java:384) ~[surefire-booter-2.22.2.jar:2.22.2]
	at org.apache.maven.surefire.booter.ForkedBooter.runSuitesInProcess(ForkedBooter.java:345) ~[surefire-booter-2.22.2.jar:2.22.2]
	at org.apache.maven.surefire.booter.ForkedBooter.execute(ForkedBooter.java:126) ~[surefire-booter-2.22.2.jar:2.22.2]
	at org.apache.maven.surefire.booter.ForkedBooter.main(ForkedBooter.java:418) ~[surefire-booter-2.22.2.jar:2.22.2]
Caused by: com.mysql.cj.exceptions.CJCommunicationsException: Communications link failure

The last packet sent successfully to the server was 0 milliseconds ago. The driver has not received any packets from the server.
	at java.base/jdk.internal.reflect.DirectConstructorHandleAccessor.newInstance(DirectConstructorHandleAccessor.java:67) ~[na:na]
	at java.base/java.lang.reflect.Constructor.newInstanceWithCaller(Constructor.java:500) ~[na:na]
	at java.base/java.lang.reflect.Constructor.newInstance(Constructor.java:484) ~[na:na]
	at com.mysql.cj.exceptions.ExceptionFactory.createException(ExceptionFactory.java:61) ~[mysql-connector-java-8.0.26.jar:8.0.26]
	at com.mysql.cj.exceptions.ExceptionFactory.createException(ExceptionFactory.java:105) ~[mysql-connector-java-8.0.26.jar:8.0.26]
	at com.mysql.cj.exceptions.ExceptionFactory.createException(ExceptionFactory.java:151) ~[mysql-connector-java-8.0.26.jar:8.0.26]
	at com.mysql.cj.exceptions.ExceptionFactory.createCommunicationsException(ExceptionFactory.java:167) ~[mysql-connector-java-8.0.26.jar:8.0.26]
	at com.mysql.cj.protocol.a.NativeSocketConnection.connect(NativeSocketConnection.java:89) ~[mysql-connector-java-8.0.26.jar:8.0.26]
	at com.mysql.cj.NativeSession.connect(NativeSession.java:119) ~[mysql-connector-java-8.0.26.jar:8.0.26]
	at com.mysql.cj.jdbc.ConnectionImpl.connectWithRetries(ConnectionImpl.java:842) ~[mysql-connector-java-8.0.26.jar:8.0.26]
	... 116 common frames omitted
Caused by: java.net.UnknownHostException: mysqldb
	at java.base/java.net.InetAddress$CachedAddresses.get(InetAddress.java:952) ~[na:na]
	at java.base/java.net.InetAddress.getAllByName0(InetAddress.java:1658) ~[na:na]
	at java.base/java.net.InetAddress.getAllByName(InetAddress.java:1524) ~[na:na]
	at com.mysql.cj.protocol.StandardSocketFactory.connect(StandardSocketFactory.java:133) ~[mysql-connector-java-8.0.26.jar:8.0.26]
	at com.mysql.cj.protocol.a.NativeSocketConnection.connect(NativeSocketConnection.java:63) ~[mysql-connector-java-8.0.26.jar:8.0.26]
	... 118 common frames omitted

2022-12-24 22:10:37.100  WARN 25502 --- [           main] o.h.e.j.e.i.JdbcEnvironmentInitiator     : HHH000342: Could not obtain connection to query metadata

java.sql.SQLNonTransientConnectionException: Could not create connection to database server. Attempted reconnect 3 times. Giving up.
	at com.mysql.cj.jdbc.exceptions.SQLError.createSQLException(SQLError.java:110) ~[mysql-connector-java-8.0.26.jar:8.0.26]
	at com.mysql.cj.jdbc.exceptions.SQLError.createSQLException(SQLError.java:97) ~[mysql-connector-java-8.0.26.jar:8.0.26]
	at com.mysql.cj.jdbc.exceptions.SQLError.createSQLException(SQLError.java:89) ~[mysql-connector-java-8.0.26.jar:8.0.26]
	at com.mysql.cj.jdbc.exceptions.SQLError.createSQLException(SQLError.java:63) ~[mysql-connector-java-8.0.26.jar:8.0.26]
	at com.mysql.cj.jdbc.exceptions.SQLError.createSQLException(SQLError.java:73) ~[mysql-connector-java-8.0.26.jar:8.0.26]
	at com.mysql.cj.jdbc.ConnectionImpl.connectWithRetries(ConnectionImpl.java:898) ~[mysql-connector-java-8.0.26.jar:8.0.26]
	at com.mysql.cj.jdbc.ConnectionImpl.createNewIO(ConnectionImpl.java:823) ~[mysql-connector-java-8.0.26.jar:8.0.26]
	at com.mysql.cj.jdbc.ConnectionImpl.<init>(ConnectionImpl.java:448) ~[mysql-connector-java-8.0.26.jar:8.0.26]
	at com.mysql.cj.jdbc.ConnectionImpl.getInstance(ConnectionImpl.java:241) ~[mysql-connector-java-8.0.26.jar:8.0.26]
	at com.mysql.cj.jdbc.NonRegisteringDriver.connect(NonRegisteringDriver.java:198) ~[mysql-connector-java-8.0.26.jar:8.0.26]
	at com.zaxxer.hikari.util.DriverDataSource.getConnection(DriverDataSource.java:138) ~[HikariCP-4.0.3.jar:na]
	at com.zaxxer.hikari.pool.PoolBase.newConnection(PoolBase.java:364) ~[HikariCP-4.0.3.jar:na]
	at com.zaxxer.hikari.pool.PoolBase.newPoolEntry(PoolBase.java:206) ~[HikariCP-4.0.3.jar:na]
	at com.zaxxer.hikari.pool.HikariPool.createPoolEntry(HikariPool.java:476) ~[HikariCP-4.0.3.jar:na]
	at com.zaxxer.hikari.pool.HikariPool.checkFailFast(HikariPool.java:561) ~[HikariCP-4.0.3.jar:na]
	at com.zaxxer.hikari.pool.HikariPool.<init>(HikariPool.java:115) ~[HikariCP-4.0.3.jar:na]
	at com.zaxxer.hikari.HikariDataSource.getConnection(HikariDataSource.java:112) ~[HikariCP-4.0.3.jar:na]
	at org.hibernate.engine.jdbc.connections.internal.DatasourceConnectionProviderImpl.getConnection(DatasourceConnectionProviderImpl.java:122) ~[hibernate-core-5.4.32.Final.jar:5.4.32.Final]
	at org.hibernate.engine.jdbc.env.internal.JdbcEnvironmentInitiator$ConnectionProviderJdbcConnectionAccess.obtainConnection(JdbcEnvironmentInitiator.java:180) ~[hibernate-core-5.4.32.Final.jar:5.4.32.Final]
	at org.hibernate.engine.jdbc.env.internal.JdbcEnvironmentInitiator.initiateService(JdbcEnvironmentInitiator.java:68) ~[hibernate-core-5.4.32.Final.jar:5.4.32.Final]
	at org.hibernate.engine.jdbc.env.internal.JdbcEnvironmentInitiator.initiateService(JdbcEnvironmentInitiator.java:35) ~[hibernate-core-5.4.32.Final.jar:5.4.32.Final]
	at org.hibernate.boot.registry.internal.StandardServiceRegistryImpl.initiateService(StandardServiceRegistryImpl.java:101) ~[hibernate-core-5.4.32.Final.jar:5.4.32.Final]
	at org.hibernate.service.internal.AbstractServiceRegistryImpl.createService(AbstractServiceRegistryImpl.java:263) ~[hibernate-core-5.4.32.Final.jar:5.4.32.Final]
	at org.hibernate.service.internal.AbstractServiceRegistryImpl.initializeService(AbstractServiceRegistryImpl.java:237) ~[hibernate-core-5.4.32.Final.jar:5.4.32.Final]
	at org.hibernate.service.internal.AbstractServiceRegistryImpl.getService(AbstractServiceRegistryImpl.java:214) ~[hibernate-core-5.4.32.Final.jar:5.4.32.Final]
	at org.hibernate.id.factory.internal.DefaultIdentifierGeneratorFactory.injectServices(DefaultIdentifierGeneratorFactory.java:152) ~[hibernate-core-5.4.32.Final.jar:5.4.32.Final]
	at org.hibernate.service.internal.AbstractServiceRegistryImpl.injectDependencies(AbstractServiceRegistryImpl.java:286) ~[hibernate-core-5.4.32.Final.jar:5.4.32.Final]
	at org.hibernate.service.internal.AbstractServiceRegistryImpl.initializeService(AbstractServiceRegistryImpl.java:243) ~[hibernate-core-5.4.32.Final.jar:5.4.32.Final]
	at org.hibernate.service.internal.AbstractServiceRegistryImpl.getService(AbstractServiceRegistryImpl.java:214) ~[hibernate-core-5.4.32.Final.jar:5.4.32.Final]
	at org.hibernate.boot.internal.InFlightMetadataCollectorImpl.<init>(InFlightMetadataCollectorImpl.java:176) ~[hibernate-core-5.4.32.Final.jar:5.4.32.Final]
	at org.hibernate.boot.model.process.spi.MetadataBuildingProcess.complete(MetadataBuildingProcess.java:127) ~[hibernate-core-5.4.32.Final.jar:5.4.32.Final]
	at org.hibernate.jpa.boot.internal.EntityManagerFactoryBuilderImpl.metadata(EntityManagerFactoryBuilderImpl.java:1224) ~[hibernate-core-5.4.32.Final.jar:5.4.32.Final]
	at org.hibernate.jpa.boot.internal.EntityManagerFactoryBuilderImpl.build(EntityManagerFactoryBuilderImpl.java:1255) ~[hibernate-core-5.4.32.Final.jar:5.4.32.Final]
	at org.springframework.orm.jpa.vendor.SpringHibernateJpaPersistenceProvider.createContainerEntityManagerFactory(SpringHibernateJpaPersistenceProvider.java:58) ~[spring-orm-5.3.9.jar:5.3.9]
	at org.springframework.orm.jpa.LocalContainerEntityManagerFactoryBean.createNativeEntityManagerFactory(LocalContainerEntityManagerFactoryBean.java:365) ~[spring-orm-5.3.9.jar:5.3.9]
	at org.springframework.orm.jpa.AbstractEntityManagerFactoryBean.buildNativeEntityManagerFactory(AbstractEntityManagerFactoryBean.java:409) ~[spring-orm-5.3.9.jar:5.3.9]
	at org.springframework.orm.jpa.AbstractEntityManagerFactoryBean.afterPropertiesSet(AbstractEntityManagerFactoryBean.java:396) ~[spring-orm-5.3.9.jar:5.3.9]
	at org.springframework.orm.jpa.LocalContainerEntityManagerFactoryBean.afterPropertiesSet(LocalContainerEntityManagerFactoryBean.java:341) ~[spring-orm-5.3.9.jar:5.3.9]
	at org.springframework.beans.factory.support.AbstractAutowireCapableBeanFactory.invokeInitMethods(AbstractAutowireCapableBeanFactory.java:1845) ~[spring-beans-5.3.9.jar:5.3.9]
	at org.springframework.beans.factory.support.AbstractAutowireCapableBeanFactory.initializeBean(AbstractAutowireCapableBeanFactory.java:1782) ~[spring-beans-5.3.9.jar:5.3.9]
	at org.springframework.beans.factory.support.AbstractAutowireCapableBeanFactory.doCreateBean(AbstractAutowireCapableBeanFactory.java:602) ~[spring-beans-5.3.9.jar:5.3.9]
	at org.springframework.beans.factory.support.AbstractAutowireCapableBeanFactory.createBean(AbstractAutowireCapableBeanFactory.java:524) ~[spring-beans-5.3.9.jar:5.3.9]
	at org.springframework.beans.factory.support.AbstractBeanFactory.lambda$doGetBean$0(AbstractBeanFactory.java:335) ~[spring-beans-5.3.9.jar:5.3.9]
	at org.springframework.beans.factory.support.DefaultSingletonBeanRegistry.getSingleton(DefaultSingletonBeanRegistry.java:234) ~[spring-beans-5.3.9.jar:5.3.9]
	at org.springframework.beans.factory.support.AbstractBeanFactory.doGetBean(AbstractBeanFactory.java:333) ~[spring-beans-5.3.9.jar:5.3.9]
	at org.springframework.beans.factory.support.AbstractBeanFactory.getBean(AbstractBeanFactory.java:208) ~[spring-beans-5.3.9.jar:5.3.9]
	at org.springframework.context.support.AbstractApplicationContext.getBean(AbstractApplicationContext.java:1154) ~[spring-context-5.3.9.jar:5.3.9]
	at org.springframework.context.support.AbstractApplicationContext.finishBeanFactoryInitialization(AbstractApplicationContext.java:908) ~[spring-context-5.3.9.jar:5.3.9]
	at org.springframework.context.support.AbstractApplicationContext.refresh(AbstractApplicationContext.java:583) ~[spring-context-5.3.9.jar:5.3.9]
	at org.springframework.boot.SpringApplication.refresh(SpringApplication.java:754) ~[spring-boot-2.5.3.jar:2.5.3]
	at org.springframework.boot.SpringApplication.refreshContext(SpringApplication.java:434) ~[spring-boot-2.5.3.jar:2.5.3]
	at org.springframework.boot.SpringApplication.run(SpringApplication.java:338) ~[spring-boot-2.5.3.jar:2.5.3]
	at org.springframework.boot.test.context.SpringBootContextLoader.loadContext(SpringBootContextLoader.java:123) ~[spring-boot-test-2.5.3.jar:2.5.3]
	at org.springframework.test.context.cache.DefaultCacheAwareContextLoaderDelegate.loadContextInternal(DefaultCacheAwareContextLoaderDelegate.java:99) ~[spring-test-5.3.9.jar:5.3.9]
	at org.springframework.test.context.cache.DefaultCacheAwareContextLoaderDelegate.loadContext(DefaultCacheAwareContextLoaderDelegate.java:124) ~[spring-test-5.3.9.jar:5.3.9]
	at org.springframework.test.context.support.DefaultTestContext.getApplicationContext(DefaultTestContext.java:124) ~[spring-test-5.3.9.jar:5.3.9]
	at org.springframework.test.context.web.ServletTestExecutionListener.setUpRequestContextIfNecessary(ServletTestExecutionListener.java:190) ~[spring-test-5.3.9.jar:5.3.9]
	at org.springframework.test.context.web.ServletTestExecutionListener.prepareTestInstance(ServletTestExecutionListener.java:132) ~[spring-test-5.3.9.jar:5.3.9]
	at org.springframework.test.context.TestContextManager.prepareTestInstance(TestContextManager.java:244) ~[spring-test-5.3.9.jar:5.3.9]
	at org.springframework.test.context.junit.jupiter.SpringExtension.postProcessTestInstance(SpringExtension.java:138) ~[spring-test-5.3.9.jar:5.3.9]
	at org.junit.jupiter.engine.descriptor.ClassBasedTestDescriptor.lambda$invokeTestInstancePostProcessors$6(ClassBasedTestDescriptor.java:350) ~[junit-jupiter-engine-5.7.2.jar:5.7.2]
	at org.junit.jupiter.engine.descriptor.ClassBasedTestDescriptor.executeAndMaskThrowable(ClassBasedTestDescriptor.java:355) ~[junit-jupiter-engine-5.7.2.jar:5.7.2]
	at org.junit.jupiter.engine.descriptor.ClassBasedTestDescriptor.lambda$invokeTestInstancePostProcessors$7(ClassBasedTestDescriptor.java:350) ~[junit-jupiter-engine-5.7.2.jar:5.7.2]
	at java.base/java.util.stream.ReferencePipeline$3$1.accept(ReferencePipeline.java:197) ~[na:na]
	at java.base/java.util.stream.ReferencePipeline$2$1.accept(ReferencePipeline.java:179) ~[na:na]
	at java.base/java.util.ArrayList$ArrayListSpliterator.forEachRemaining(ArrayList.java:1625) ~[na:na]
	at java.base/java.util.stream.AbstractPipeline.copyInto(AbstractPipeline.java:509) ~[na:na]
	at java.base/java.util.stream.AbstractPipeline.wrapAndCopyInto(AbstractPipeline.java:499) ~[na:na]
	at java.base/java.util.stream.StreamSpliterators$WrappingSpliterator.forEachRemaining(StreamSpliterators.java:310) ~[na:na]
	at java.base/java.util.stream.Streams$ConcatSpliterator.forEachRemaining(Streams.java:735) ~[na:na]
	at java.base/java.util.stream.Streams$ConcatSpliterator.forEachRemaining(Streams.java:734) ~[na:na]
	at java.base/java.util.stream.ReferencePipeline$Head.forEach(ReferencePipeline.java:762) ~[na:na]
	at org.junit.jupiter.engine.descriptor.ClassBasedTestDescriptor.invokeTestInstancePostProcessors(ClassBasedTestDescriptor.java:349) ~[junit-jupiter-engine-5.7.2.jar:5.7.2]
	at org.junit.jupiter.engine.descriptor.ClassBasedTestDescriptor.lambda$instantiateAndPostProcessTestInstance$4(ClassBasedTestDescriptor.java:270) ~[junit-jupiter-engine-5.7.2.jar:5.7.2]
	at org.junit.platform.engine.support.hierarchical.ThrowableCollector.execute(ThrowableCollector.java:73) ~[junit-platform-engine-1.7.2.jar:1.7.2]
	at org.junit.jupiter.engine.descriptor.ClassBasedTestDescriptor.instantiateAndPostProcessTestInstance(ClassBasedTestDescriptor.java:269) ~[junit-jupiter-engine-5.7.2.jar:5.7.2]
	at org.junit.jupiter.engine.descriptor.ClassBasedTestDescriptor.lambda$testInstancesProvider$2(ClassBasedTestDescriptor.java:259) ~[junit-jupiter-engine-5.7.2.jar:5.7.2]
	at java.base/java.util.Optional.orElseGet(Optional.java:364) ~[na:na]
	at org.junit.jupiter.engine.descriptor.ClassBasedTestDescriptor.lambda$testInstancesProvider$3(ClassBasedTestDescriptor.java:258) ~[junit-jupiter-engine-5.7.2.jar:5.7.2]
	at org.junit.jupiter.engine.execution.TestInstancesProvider.getTestInstances(TestInstancesProvider.java:31) ~[junit-jupiter-engine-5.7.2.jar:5.7.2]
	at org.junit.jupiter.engine.descriptor.TestMethodTestDescriptor.lambda$prepare$0(TestMethodTestDescriptor.java:101) ~[junit-jupiter-engine-5.7.2.jar:5.7.2]
	at org.junit.platform.engine.support.hierarchical.ThrowableCollector.execute(ThrowableCollector.java:73) ~[junit-platform-engine-1.7.2.jar:1.7.2]
	at org.junit.jupiter.engine.descriptor.TestMethodTestDescriptor.prepare(TestMethodTestDescriptor.java:100) ~[junit-jupiter-engine-5.7.2.jar:5.7.2]
	at org.junit.jupiter.engine.descriptor.TestMethodTestDescriptor.prepare(TestMethodTestDescriptor.java:65) ~[junit-jupiter-engine-5.7.2.jar:5.7.2]
	at org.junit.platform.engine.support.hierarchical.NodeTestTask.lambda$prepare$1(NodeTestTask.java:111) ~[junit-platform-engine-1.7.2.jar:1.7.2]
	at org.junit.platform.engine.support.hierarchical.ThrowableCollector.execute(ThrowableCollector.java:73) ~[junit-platform-engine-1.7.2.jar:1.7.2]
	at org.junit.platform.engine.support.hierarchical.NodeTestTask.prepare(NodeTestTask.java:111) ~[junit-platform-engine-1.7.2.jar:1.7.2]
	at org.junit.platform.engine.support.hierarchical.NodeTestTask.execute(NodeTestTask.java:79) ~[junit-platform-engine-1.7.2.jar:1.7.2]
	at java.base/java.util.ArrayList.forEach(ArrayList.java:1511) ~[na:na]
	at org.junit.platform.engine.support.hierarchical.SameThreadHierarchicalTestExecutorService.invokeAll(SameThreadHierarchicalTestExecutorService.java:38) ~[junit-platform-engine-1.7.2.jar:1.7.2]
	at org.junit.platform.engine.support.hierarchical.NodeTestTask.lambda$executeRecursively$5(NodeTestTask.java:143) ~[junit-platform-engine-1.7.2.jar:1.7.2]
	at org.junit.platform.engine.support.hierarchical.ThrowableCollector.execute(ThrowableCollector.java:73) ~[junit-platform-engine-1.7.2.jar:1.7.2]
	at org.junit.platform.engine.support.hierarchical.NodeTestTask.lambda$executeRecursively$7(NodeTestTask.java:129) ~[junit-platform-engine-1.7.2.jar:1.7.2]
	at org.junit.platform.engine.support.hierarchical.Node.around(Node.java:137) ~[junit-platform-engine-1.7.2.jar:1.7.2]
	at org.junit.platform.engine.support.hierarchical.NodeTestTask.lambda$executeRecursively$8(NodeTestTask.java:127) ~[junit-platform-engine-1.7.2.jar:1.7.2]
	at org.junit.platform.engine.support.hierarchical.ThrowableCollector.execute(ThrowableCollector.java:73) ~[junit-platform-engine-1.7.2.jar:1.7.2]
	at org.junit.platform.engine.support.hierarchical.NodeTestTask.executeRecursively(NodeTestTask.java:126) ~[junit-platform-engine-1.7.2.jar:1.7.2]
	at org.junit.platform.engine.support.hierarchical.NodeTestTask.execute(NodeTestTask.java:84) ~[junit-platform-engine-1.7.2.jar:1.7.2]
	at java.base/java.util.ArrayList.forEach(ArrayList.java:1511) ~[na:na]
	at org.junit.platform.engine.support.hierarchical.SameThreadHierarchicalTestExecutorService.invokeAll(SameThreadHierarchicalTestExecutorService.java:38) ~[junit-platform-engine-1.7.2.jar:1.7.2]
	at org.junit.platform.engine.support.hierarchical.NodeTestTask.lambda$executeRecursively$5(NodeTestTask.java:143) ~[junit-platform-engine-1.7.2.jar:1.7.2]
	at org.junit.platform.engine.support.hierarchical.ThrowableCollector.execute(ThrowableCollector.java:73) ~[junit-platform-engine-1.7.2.jar:1.7.2]
	at org.junit.platform.engine.support.hierarchical.NodeTestTask.lambda$executeRecursively$7(NodeTestTask.java:129) ~[junit-platform-engine-1.7.2.jar:1.7.2]
	at org.junit.platform.engine.support.hierarchical.Node.around(Node.java:137) ~[junit-platform-engine-1.7.2.jar:1.7.2]
	at org.junit.platform.engine.support.hierarchical.NodeTestTask.lambda$executeRecursively$8(NodeTestTask.java:127) ~[junit-platform-engine-1.7.2.jar:1.7.2]
	at org.junit.platform.engine.support.hierarchical.ThrowableCollector.execute(ThrowableCollector.java:73) ~[junit-platform-engine-1.7.2.jar:1.7.2]
	at org.junit.platform.engine.support.hierarchical.NodeTestTask.executeRecursively(NodeTestTask.java:126) ~[junit-platform-engine-1.7.2.jar:1.7.2]
	at org.junit.platform.engine.support.hierarchical.NodeTestTask.execute(NodeTestTask.java:84) ~[junit-platform-engine-1.7.2.jar:1.7.2]
	at org.junit.platform.engine.support.hierarchical.SameThreadHierarchicalTestExecutorService.submit(SameThreadHierarchicalTestExecutorService.java:32) ~[junit-platform-engine-1.7.2.jar:1.7.2]
	at org.junit.platform.engine.support.hierarchical.HierarchicalTestExecutor.execute(HierarchicalTestExecutor.java:57) ~[junit-platform-engine-1.7.2.jar:1.7.2]
	at org.junit.platform.engine.support.hierarchical.HierarchicalTestEngine.execute(HierarchicalTestEngine.java:51) ~[junit-platform-engine-1.7.2.jar:1.7.2]
	at org.junit.platform.launcher.core.DefaultLauncher.execute(DefaultLauncher.java:220) ~[junit-platform-launcher-1.3.1.jar:1.3.1]
	at org.junit.platform.launcher.core.DefaultLauncher.lambda$execute$6(DefaultLauncher.java:188) ~[junit-platform-launcher-1.3.1.jar:1.3.1]
	at org.junit.platform.launcher.core.DefaultLauncher.withInterceptedStreams(DefaultLauncher.java:202) ~[junit-platform-launcher-1.3.1.jar:1.3.1]
	at org.junit.platform.launcher.core.DefaultLauncher.execute(DefaultLauncher.java:181) ~[junit-platform-launcher-1.3.1.jar:1.3.1]
	at org.junit.platform.launcher.core.DefaultLauncher.execute(DefaultLauncher.java:128) ~[junit-platform-launcher-1.3.1.jar:1.3.1]
	at org.apache.maven.surefire.junitplatform.JUnitPlatformProvider.invokeAllTests(JUnitPlatformProvider.java:150) ~[surefire-junit-platform-2.22.2.jar:2.22.2]
	at org.apache.maven.surefire.junitplatform.JUnitPlatformProvider.invoke(JUnitPlatformProvider.java:124) ~[surefire-junit-platform-2.22.2.jar:2.22.2]
	at org.apache.maven.surefire.booter.ForkedBooter.invokeProviderInSameClassLoader(ForkedBooter.java:384) ~[surefire-booter-2.22.2.jar:2.22.2]
	at org.apache.maven.surefire.booter.ForkedBooter.runSuitesInProcess(ForkedBooter.java:345) ~[surefire-booter-2.22.2.jar:2.22.2]
	at org.apache.maven.surefire.booter.ForkedBooter.execute(ForkedBooter.java:126) ~[surefire-booter-2.22.2.jar:2.22.2]
	at org.apache.maven.surefire.booter.ForkedBooter.main(ForkedBooter.java:418) ~[surefire-booter-2.22.2.jar:2.22.2]
Caused by: com.mysql.cj.exceptions.CJCommunicationsException: Communications link failure

The last packet sent successfully to the server was 0 milliseconds ago. The driver has not received any packets from the server.
	at java.base/jdk.internal.reflect.DirectConstructorHandleAccessor.newInstance(DirectConstructorHandleAccessor.java:67) ~[na:na]
	at java.base/java.lang.reflect.Constructor.newInstanceWithCaller(Constructor.java:500) ~[na:na]
	at java.base/java.lang.reflect.Constructor.newInstance(Constructor.java:484) ~[na:na]
	at com.mysql.cj.exceptions.ExceptionFactory.createException(ExceptionFactory.java:61) ~[mysql-connector-java-8.0.26.jar:8.0.26]
	at com.mysql.cj.exceptions.ExceptionFactory.createException(ExceptionFactory.java:105) ~[mysql-connector-java-8.0.26.jar:8.0.26]
	at com.mysql.cj.exceptions.ExceptionFactory.createException(ExceptionFactory.java:151) ~[mysql-connector-java-8.0.26.jar:8.0.26]
	at com.mysql.cj.exceptions.ExceptionFactory.createCommunicationsException(ExceptionFactory.java:167) ~[mysql-connector-java-8.0.26.jar:8.0.26]
	at com.mysql.cj.protocol.a.NativeSocketConnection.connect(NativeSocketConnection.java:89) ~[mysql-connector-java-8.0.26.jar:8.0.26]
	at com.mysql.cj.NativeSession.connect(NativeSession.java:119) ~[mysql-connector-java-8.0.26.jar:8.0.26]
	at com.mysql.cj.jdbc.ConnectionImpl.connectWithRetries(ConnectionImpl.java:842) ~[mysql-connector-java-8.0.26.jar:8.0.26]
	... 116 common frames omitted
Caused by: java.net.UnknownHostException: mysqldb
	at java.base/java.net.InetAddress$CachedAddresses.get(InetAddress.java:952) ~[na:na]
	at java.base/java.net.InetAddress.getAllByName0(InetAddress.java:1658) ~[na:na]
	at java.base/java.net.InetAddress.getAllByName(InetAddress.java:1524) ~[na:na]
	at com.mysql.cj.protocol.StandardSocketFactory.connect(StandardSocketFactory.java:133) ~[mysql-connector-java-8.0.26.jar:8.0.26]
	at com.mysql.cj.protocol.a.NativeSocketConnection.connect(NativeSocketConnection.java:63) ~[mysql-connector-java-8.0.26.jar:8.0.26]
	... 118 common frames omitted

2022-12-24 22:10:37.127  INFO 25502 --- [           main] org.hibernate.dialect.Dialect            : HHH000400: Using dialect: org.hibernate.dialect.MySQL5InnoDBDialect
2022-12-24 22:10:37.157 DEBUG 25502 --- [           main] o.h.e.j.env.spi.IdentifierHelperBuilder  : IdentifierCaseStrategy for both quoted and unquoted identifiers was set to the same strategy [MIXED]; that will likely lead to problems in schema update and validation if using quoted identifiers
2022-12-24 22:10:37.177 DEBUG 25502 --- [           main] o.h.e.j.e.i.LobCreatorBuilderImpl        : HHH000422: Disabling contextual LOB creation as connection was null
2022-12-24 22:10:37.184 DEBUG 25502 --- [           main] o.h.boot.model.relational.Namespace      : Created database namespace [logicalName=Name{catalog=null, schema=null}, physicalName=Name{catalog=null, schema=null}]
2022-12-24 22:10:37.199 DEBUG 25502 --- [           main] o.h.type.spi.TypeConfiguration$Scope     : Scoping TypeConfiguration [org.hibernate.type.spi.TypeConfiguration@2d4a3e13] to MetadataBuildingContext [org.hibernate.boot.internal.MetadataBuildingContextRootImpl@4a22e4d7]
2022-12-24 22:10:37.268 DEBUG 25502 --- [           main] org.hibernate.cfg.AnnotationBinder       : Binding entity from annotated class: com.spring.entity.Role
2022-12-24 22:10:37.288 DEBUG 25502 --- [           main] org.hibernate.cfg.Ejb3Column             : Binding column: Ejb3DiscriminatorColumn{logicalColumnName'DTYPE', discriminatorTypeName='string'}
2022-12-24 22:10:37.293 DEBUG 25502 --- [           main] o.h.cfg.annotations.EntityBinder         : Import with entity name Role
2022-12-24 22:10:37.297 DEBUG 25502 --- [           main] o.h.cfg.annotations.EntityBinder         : Bind entity com.spring.entity.Role on table Role
2022-12-24 22:10:37.318 DEBUG 25502 --- [           main] org.hibernate.cfg.Ejb3Column             : Binding column: Ejb3Column{table=org.hibernate.mapping.Table(Role), mappingColumn=id, insertable=true, updatable=true, unique=false}
2022-12-24 22:10:37.319 DEBUG 25502 --- [           main] o.h.boot.internal.ClassLoaderAccessImpl  : Not known whether passed class name [com.spring.entity.Role] is safe
2022-12-24 22:10:37.319 DEBUG 25502 --- [           main] o.h.boot.internal.ClassLoaderAccessImpl  : No temp ClassLoader provided; using live ClassLoader for loading potentially unsafe class : com.spring.entity.Role
2022-12-24 22:10:37.321 DEBUG 25502 --- [           main] o.h.cfg.annotations.PropertyBinder       : MetadataSourceProcessor property id with lazy=false
2022-12-24 22:10:37.322 DEBUG 25502 --- [           main] o.hibernate.cfg.AbstractPropertyHolder   : Attempting to locate auto-apply AttributeConverter for property [com.spring.entity.Role:id]
2022-12-24 22:10:37.325 DEBUG 25502 --- [           main] o.h.cfg.annotations.SimpleValueBinder    : building SimpleValue for id
2022-12-24 22:10:37.327 DEBUG 25502 --- [           main] o.h.cfg.annotations.PropertyBinder       : Building property id
2022-12-24 22:10:37.329 DEBUG 25502 --- [           main] org.hibernate.cfg.BinderHelper           : #makeIdGenerator(org.hibernate.mapping.SimpleValue([org.hibernate.mapping.Column(id)]), id, identity, , ...)
2022-12-24 22:10:37.330 DEBUG 25502 --- [           main] org.hibernate.cfg.Ejb3Column             : Binding column: Ejb3Column{table=org.hibernate.mapping.Table(Role), mappingColumn=roleDescription, insertable=true, updatable=true, unique=false}
2022-12-24 22:10:37.330 DEBUG 25502 --- [           main] o.h.cfg.annotations.PropertyBinder       : MetadataSourceProcessor property roleDescription with lazy=false
2022-12-24 22:10:37.330 DEBUG 25502 --- [           main] o.hibernate.cfg.AbstractPropertyHolder   : Attempting to locate auto-apply AttributeConverter for property [com.spring.entity.Role:roleDescription]
2022-12-24 22:10:37.330 DEBUG 25502 --- [           main] o.h.cfg.annotations.SimpleValueBinder    : building SimpleValue for roleDescription
2022-12-24 22:10:37.330 DEBUG 25502 --- [           main] o.h.cfg.annotations.PropertyBinder       : Building property roleDescription
2022-12-24 22:10:37.331 DEBUG 25502 --- [           main] org.hibernate.cfg.Ejb3Column             : Binding column: Ejb3Column{table=org.hibernate.mapping.Table(Role), mappingColumn=roleName, insertable=true, updatable=true, unique=false}
2022-12-24 22:10:37.331 DEBUG 25502 --- [           main] o.h.cfg.annotations.PropertyBinder       : MetadataSourceProcessor property roleName with lazy=false
2022-12-24 22:10:37.331 DEBUG 25502 --- [           main] o.hibernate.cfg.AbstractPropertyHolder   : Attempting to locate auto-apply AttributeConverter for property [com.spring.entity.Role:roleName]
2022-12-24 22:10:37.331 DEBUG 25502 --- [           main] o.h.cfg.annotations.SimpleValueBinder    : building SimpleValue for roleName
2022-12-24 22:10:37.331 DEBUG 25502 --- [           main] o.h.cfg.annotations.PropertyBinder       : Building property roleName
2022-12-24 22:10:37.333 DEBUG 25502 --- [           main] org.hibernate.cfg.AnnotationBinder       : Binding entity from annotated class: com.spring.entity.User
2022-12-24 22:10:37.333 DEBUG 25502 --- [           main] org.hibernate.cfg.Ejb3Column             : Binding column: Ejb3DiscriminatorColumn{logicalColumnName'DTYPE', discriminatorTypeName='string'}
2022-12-24 22:10:37.333 DEBUG 25502 --- [           main] o.h.cfg.annotations.EntityBinder         : Import with entity name User
2022-12-24 22:10:37.333 DEBUG 25502 --- [           main] o.h.cfg.annotations.EntityBinder         : Bind entity com.spring.entity.User on table User
2022-12-24 22:10:37.342 DEBUG 25502 --- [           main] org.hibernate.cfg.Ejb3Column             : Binding column: Ejb3Column{table=org.hibernate.mapping.Table(User), mappingColumn=id, insertable=true, updatable=true, unique=false}
2022-12-24 22:10:37.342 DEBUG 25502 --- [           main] o.h.boot.internal.ClassLoaderAccessImpl  : Not known whether passed class name [com.spring.entity.User] is safe
2022-12-24 22:10:37.342 DEBUG 25502 --- [           main] o.h.boot.internal.ClassLoaderAccessImpl  : No temp ClassLoader provided; using live ClassLoader for loading potentially unsafe class : com.spring.entity.User
2022-12-24 22:10:37.342 DEBUG 25502 --- [           main] o.h.cfg.annotations.PropertyBinder       : MetadataSourceProcessor property id with lazy=false
2022-12-24 22:10:37.342 DEBUG 25502 --- [           main] o.hibernate.cfg.AbstractPropertyHolder   : Attempting to locate auto-apply AttributeConverter for property [com.spring.entity.User:id]
2022-12-24 22:10:37.342 DEBUG 25502 --- [           main] o.h.cfg.annotations.SimpleValueBinder    : building SimpleValue for id
2022-12-24 22:10:37.342 DEBUG 25502 --- [           main] o.h.cfg.annotations.PropertyBinder       : Building property id
2022-12-24 22:10:37.343 DEBUG 25502 --- [           main] org.hibernate.cfg.BinderHelper           : #makeIdGenerator(org.hibernate.mapping.SimpleValue([org.hibernate.mapping.Column(id)]), id, identity, , ...)
2022-12-24 22:10:37.343 DEBUG 25502 --- [           main] org.hibernate.cfg.Ejb3Column             : Binding column: Ejb3Column{table=org.hibernate.mapping.Table(User), mappingColumn=email, insertable=true, updatable=true, unique=false}
2022-12-24 22:10:37.343 DEBUG 25502 --- [           main] o.h.cfg.annotations.PropertyBinder       : MetadataSourceProcessor property email with lazy=false
2022-12-24 22:10:37.343 DEBUG 25502 --- [           main] o.hibernate.cfg.AbstractPropertyHolder   : Attempting to locate auto-apply AttributeConverter for property [com.spring.entity.User:email]
2022-12-24 22:10:37.343 DEBUG 25502 --- [           main] o.h.cfg.annotations.SimpleValueBinder    : building SimpleValue for email
2022-12-24 22:10:37.343 DEBUG 25502 --- [           main] o.h.cfg.annotations.PropertyBinder       : Building property email
2022-12-24 22:10:37.343 DEBUG 25502 --- [           main] org.hibernate.cfg.Ejb3Column             : Binding column: Ejb3Column{table=org.hibernate.mapping.Table(User), mappingColumn=phone, insertable=true, updatable=true, unique=false}
2022-12-24 22:10:37.343 DEBUG 25502 --- [           main] o.h.cfg.annotations.PropertyBinder       : MetadataSourceProcessor property phone with lazy=false
2022-12-24 22:10:37.344 DEBUG 25502 --- [           main] o.hibernate.cfg.AbstractPropertyHolder   : Attempting to locate auto-apply AttributeConverter for property [com.spring.entity.User:phone]
2022-12-24 22:10:37.344 DEBUG 25502 --- [           main] o.h.cfg.annotations.SimpleValueBinder    : building SimpleValue for phone
2022-12-24 22:10:37.344 DEBUG 25502 --- [           main] o.h.cfg.annotations.PropertyBinder       : Building property phone
2022-12-24 22:10:37.346 DEBUG 25502 --- [           main] org.hibernate.cfg.Ejb3Column             : Binding column: Ejb3Column{table=org.hibernate.mapping.Table(User), mappingColumn=null, insertable=true, updatable=true, unique=false}
2022-12-24 22:10:37.353 DEBUG 25502 --- [           main] org.hibernate.cfg.Ejb3Column             : Binding column: Ejb3Column{table=org.hibernate.mapping.Table(User), mappingColumn=element, insertable=true, updatable=true, unique=false}
2022-12-24 22:10:37.354 DEBUG 25502 --- [           main] org.hibernate.cfg.Ejb3Column             : Binding column: Ejb3Column{table=org.hibernate.mapping.Table(User), mappingColumn=roles_KEY, insertable=true, updatable=true, unique=false}
2022-12-24 22:10:37.356 DEBUG 25502 --- [           main] org.hibernate.cfg.Ejb3Column             : Binding column: Ejb3JoinColumn{logicalColumnName='roles_KEY', referencedColumn='null', mappedBy='null'}
2022-12-24 22:10:37.357 DEBUG 25502 --- [           main] org.hibernate.cfg.Ejb3Column             : Binding column: Ejb3JoinColumn{logicalColumnName='user_id', referencedColumn='', mappedBy=''}
2022-12-24 22:10:37.357 DEBUG 25502 --- [           main] org.hibernate.cfg.Ejb3Column             : Binding column: Ejb3JoinColumn{logicalColumnName='role_id', referencedColumn='', mappedBy=''}
2022-12-24 22:10:37.358 DEBUG 25502 --- [           main] o.h.cfg.annotations.CollectionBinder     : Collection role: com.spring.entity.User.roles
2022-12-24 22:10:37.361 DEBUG 25502 --- [           main] o.h.cfg.annotations.PropertyBinder       : Building property roles
2022-12-24 22:10:37.361 DEBUG 25502 --- [           main] org.hibernate.cfg.Ejb3Column             : Binding column: Ejb3Column{table=org.hibernate.mapping.Table(User), mappingColumn=userFirstName, insertable=true, updatable=true, unique=false}
2022-12-24 22:10:37.361 DEBUG 25502 --- [           main] o.h.cfg.annotations.PropertyBinder       : MetadataSourceProcessor property userFirstName with lazy=false
2022-12-24 22:10:37.361 DEBUG 25502 --- [           main] o.hibernate.cfg.AbstractPropertyHolder   : Attempting to locate auto-apply AttributeConverter for property [com.spring.entity.User:userFirstName]
2022-12-24 22:10:37.362 DEBUG 25502 --- [           main] o.h.cfg.annotations.SimpleValueBinder    : building SimpleValue for userFirstName
2022-12-24 22:10:37.362 DEBUG 25502 --- [           main] o.h.cfg.annotations.PropertyBinder       : Building property userFirstName
2022-12-24 22:10:37.362 DEBUG 25502 --- [           main] org.hibernate.cfg.Ejb3Column             : Binding column: Ejb3Column{table=org.hibernate.mapping.Table(User), mappingColumn=userLastName, insertable=true, updatable=true, unique=false}
2022-12-24 22:10:37.362 DEBUG 25502 --- [           main] o.h.cfg.annotations.PropertyBinder       : MetadataSourceProcessor property userLastName with lazy=false
2022-12-24 22:10:37.362 DEBUG 25502 --- [           main] o.hibernate.cfg.AbstractPropertyHolder   : Attempting to locate auto-apply AttributeConverter for property [com.spring.entity.User:userLastName]
2022-12-24 22:10:37.362 DEBUG 25502 --- [           main] o.h.cfg.annotations.SimpleValueBinder    : building SimpleValue for userLastName
2022-12-24 22:10:37.363 DEBUG 25502 --- [           main] o.h.cfg.annotations.PropertyBinder       : Building property userLastName
2022-12-24 22:10:37.364 DEBUG 25502 --- [           main] org.hibernate.cfg.Ejb3Column             : Binding column: Ejb3Column{table=org.hibernate.mapping.Table(User), mappingColumn=userName, insertable=true, updatable=true, unique=false}
2022-12-24 22:10:37.364 DEBUG 25502 --- [           main] o.h.cfg.annotations.PropertyBinder       : MetadataSourceProcessor property userName with lazy=false
2022-12-24 22:10:37.364 DEBUG 25502 --- [           main] o.hibernate.cfg.AbstractPropertyHolder   : Attempting to locate auto-apply AttributeConverter for property [com.spring.entity.User:userName]
2022-12-24 22:10:37.364 DEBUG 25502 --- [           main] o.h.cfg.annotations.SimpleValueBinder    : building SimpleValue for userName
2022-12-24 22:10:37.364 DEBUG 25502 --- [           main] o.h.cfg.annotations.PropertyBinder       : Building property userName
2022-12-24 22:10:37.364 DEBUG 25502 --- [           main] org.hibernate.cfg.Ejb3Column             : Binding column: Ejb3Column{table=org.hibernate.mapping.Table(User), mappingColumn=userPassword, insertable=true, updatable=true, unique=false}
2022-12-24 22:10:37.365 DEBUG 25502 --- [           main] o.h.cfg.annotations.PropertyBinder       : MetadataSourceProcessor property userPassword with lazy=false
2022-12-24 22:10:37.365 DEBUG 25502 --- [           main] o.hibernate.cfg.AbstractPropertyHolder   : Attempting to locate auto-apply AttributeConverter for property [com.spring.entity.User:userPassword]
2022-12-24 22:10:37.365 DEBUG 25502 --- [           main] o.h.cfg.annotations.SimpleValueBinder    : building SimpleValue for userPassword
2022-12-24 22:10:37.366 DEBUG 25502 --- [           main] o.h.cfg.annotations.PropertyBinder       : Building property userPassword
2022-12-24 22:10:37.368 DEBUG 25502 --- [           main] o.h.cfg.annotations.SimpleValueBinder    : Starting fillSimpleValue for id
2022-12-24 22:10:37.368 DEBUG 25502 --- [           main] o.h.cfg.annotations.SimpleValueBinder    : Starting fillSimpleValue for roleDescription
2022-12-24 22:10:37.368 DEBUG 25502 --- [           main] o.h.cfg.annotations.SimpleValueBinder    : Starting fillSimpleValue for roleName
2022-12-24 22:10:37.368 DEBUG 25502 --- [           main] o.h.cfg.annotations.SimpleValueBinder    : Starting fillSimpleValue for id
2022-12-24 22:10:37.368 DEBUG 25502 --- [           main] o.h.cfg.annotations.SimpleValueBinder    : Starting fillSimpleValue for email
2022-12-24 22:10:37.368 DEBUG 25502 --- [           main] o.h.cfg.annotations.SimpleValueBinder    : Starting fillSimpleValue for phone
2022-12-24 22:10:37.368 DEBUG 25502 --- [           main] o.h.cfg.annotations.SimpleValueBinder    : Starting fillSimpleValue for userFirstName
2022-12-24 22:10:37.368 DEBUG 25502 --- [           main] o.h.cfg.annotations.SimpleValueBinder    : Starting fillSimpleValue for userLastName
2022-12-24 22:10:37.368 DEBUG 25502 --- [           main] o.h.cfg.annotations.SimpleValueBinder    : Starting fillSimpleValue for userName
2022-12-24 22:10:37.368 DEBUG 25502 --- [           main] o.h.cfg.annotations.SimpleValueBinder    : Starting fillSimpleValue for userPassword
2022-12-24 22:10:37.370 DEBUG 25502 --- [           main] org.hibernate.mapping.PrimaryKey         : Forcing column [id] to be non-null as it is part of the primary key for table [role]
2022-12-24 22:10:37.370 DEBUG 25502 --- [           main] org.hibernate.mapping.PrimaryKey         : Forcing column [id] to be non-null as it is part of the primary key for table [user]
2022-12-24 22:10:37.370 DEBUG 25502 --- [           main] org.hibernate.cfg.CollectionSecondPass   : Second pass for collection: com.spring.entity.User.roles
2022-12-24 22:10:37.370 DEBUG 25502 --- [           main] o.h.cfg.annotations.CollectionBinder     : Binding as ManyToMany: com.spring.entity.User.roles
2022-12-24 22:10:37.379 DEBUG 25502 --- [           main] org.hibernate.mapping.PrimaryKey         : Forcing column [user_id] to be non-null as it is part of the primary key for table [user_role]
2022-12-24 22:10:37.379 DEBUG 25502 --- [           main] org.hibernate.mapping.PrimaryKey         : Forcing column [role_id] to be non-null as it is part of the primary key for table [user_role]
2022-12-24 22:10:37.380 DEBUG 25502 --- [           main] org.hibernate.cfg.CollectionSecondPass   : Mapped collection key: user_id, element: role_id
2022-12-24 22:10:37.380 DEBUG 25502 --- [           main] o.h.b.i.InFlightMetadataCollectorImpl    : Resolving reference to class: com.spring.entity.Role
2022-12-24 22:10:37.384 DEBUG 25502 --- [           main] o.h.b.i.InFlightMetadataCollectorImpl    : Resolving reference to class: com.spring.entity.User
2022-12-24 22:10:37.385 DEBUG 25502 --- [           main] o.h.b.i.InFlightMetadataCollectorImpl    : Resolving reference to class: com.spring.entity.Role
2022-12-24 22:10:37.385 DEBUG 25502 --- [           main] o.h.b.i.InFlightMetadataCollectorImpl    : Resolving reference to class: com.spring.entity.User
2022-12-24 22:10:37.431 DEBUG 25502 --- [           main] o.hibernate.internal.SessionFactoryImpl  : Building session factory
2022-12-24 22:10:37.432 DEBUG 25502 --- [           main] org.hibernate.cfg.Settings               : SessionFactory name : null
2022-12-24 22:10:37.432 DEBUG 25502 --- [           main] org.hibernate.cfg.Settings               : Automatic flush during beforeCompletion(): enabled
2022-12-24 22:10:37.432 DEBUG 25502 --- [           main] org.hibernate.cfg.Settings               : Automatic session close at end of transaction: disabled
2022-12-24 22:10:37.432 DEBUG 25502 --- [           main] org.hibernate.cfg.Settings               : Statistics: disabled
2022-12-24 22:10:37.432 DEBUG 25502 --- [           main] org.hibernate.cfg.Settings               : Deleted entity synthetic identifier rollback: disabled
2022-12-24 22:10:37.432 DEBUG 25502 --- [           main] org.hibernate.cfg.Settings               : Default entity-mode: pojo
2022-12-24 22:10:37.432 DEBUG 25502 --- [           main] org.hibernate.cfg.Settings               : Check Nullability in Core (should be disabled when Bean Validation is on): enabled
2022-12-24 22:10:37.432 DEBUG 25502 --- [           main] org.hibernate.cfg.Settings               : Allow initialization of lazy state outside session : disabled
2022-12-24 22:10:37.432 DEBUG 25502 --- [           main] org.hibernate.cfg.Settings               : Using BatchFetchStyle : LEGACY
2022-12-24 22:10:37.432 DEBUG 25502 --- [           main] org.hibernate.cfg.Settings               : Default batch fetch size: -1
2022-12-24 22:10:37.433 DEBUG 25502 --- [           main] org.hibernate.cfg.Settings               : Maximum outer join fetch depth: 2
2022-12-24 22:10:37.433 DEBUG 25502 --- [           main] org.hibernate.cfg.Settings               : Default null ordering: NONE
2022-12-24 22:10:37.433 DEBUG 25502 --- [           main] org.hibernate.cfg.Settings               : Order SQL updates by primary key: disabled
2022-12-24 22:10:37.433 DEBUG 25502 --- [           main] org.hibernate.cfg.Settings               : Order SQL inserts for batching: disabled
2022-12-24 22:10:37.433 DEBUG 25502 --- [           main] org.hibernate.cfg.Settings               : multi-tenancy strategy : NONE
2022-12-24 22:10:37.433 DEBUG 25502 --- [           main] org.hibernate.cfg.Settings               : JTA Track by Thread: enabled
2022-12-24 22:10:37.433 DEBUG 25502 --- [           main] org.hibernate.cfg.Settings               : Query language substitutions: {}
2022-12-24 22:10:37.433 DEBUG 25502 --- [           main] org.hibernate.cfg.Settings               : Named query checking : enabled
2022-12-24 22:10:37.433 DEBUG 25502 --- [           main] org.hibernate.cfg.Settings               : Second-level cache: disabled
2022-12-24 22:10:37.433 DEBUG 25502 --- [           main] org.hibernate.cfg.Settings               : Second-level query cache: disabled
2022-12-24 22:10:37.433 DEBUG 25502 --- [           main] org.hibernate.cfg.Settings               : Second-level query cache factory: null
2022-12-24 22:10:37.433 DEBUG 25502 --- [           main] org.hibernate.cfg.Settings               : Second-level cache region prefix: null
2022-12-24 22:10:37.433 DEBUG 25502 --- [           main] org.hibernate.cfg.Settings               : Optimize second-level cache for minimal puts: disabled
2022-12-24 22:10:37.433 DEBUG 25502 --- [           main] org.hibernate.cfg.Settings               : Structured second-level cache entries: disabled
2022-12-24 22:10:37.433 DEBUG 25502 --- [           main] org.hibernate.cfg.Settings               : Second-level cache direct-reference entries: disabled
2022-12-24 22:10:37.433 DEBUG 25502 --- [           main] org.hibernate.cfg.Settings               : Automatic eviction of collection cache: disabled
2022-12-24 22:10:37.433 DEBUG 25502 --- [           main] org.hibernate.cfg.Settings               : JDBC batch size: 0
2022-12-24 22:10:37.433 DEBUG 25502 --- [           main] org.hibernate.cfg.Settings               : JDBC batch updates for versioned data: enabled
2022-12-24 22:10:37.433 DEBUG 25502 --- [           main] org.hibernate.cfg.Settings               : Scrollable result sets: disabled
2022-12-24 22:10:37.433 DEBUG 25502 --- [           main] org.hibernate.cfg.Settings               : Wrap result sets: disabled
2022-12-24 22:10:37.433 DEBUG 25502 --- [           main] org.hibernate.cfg.Settings               : JDBC3 getGeneratedKeys(): disabled
2022-12-24 22:10:37.433 DEBUG 25502 --- [           main] org.hibernate.cfg.Settings               : JDBC result set fetch size: null
2022-12-24 22:10:37.433 DEBUG 25502 --- [           main] org.hibernate.cfg.Settings               : Connection release mode: ON_CLOSE
2022-12-24 22:10:37.433 DEBUG 25502 --- [           main] org.hibernate.cfg.Settings               : Generate SQL with comments: disabled
2022-12-24 22:10:37.433 DEBUG 25502 --- [           main] org.hibernate.cfg.Settings               : JPA compliance - query : disabled
2022-12-24 22:10:37.433 DEBUG 25502 --- [           main] org.hibernate.cfg.Settings               : JPA compliance - closed-handling : disabled
2022-12-24 22:10:37.434 DEBUG 25502 --- [           main] org.hibernate.cfg.Settings               : JPA compliance - lists : disabled
2022-12-24 22:10:37.434 DEBUG 25502 --- [           main] org.hibernate.cfg.Settings               : JPA compliance - transactions : disabled
2022-12-24 22:10:37.492 DEBUG 25502 --- [           main] o.hibernate.internal.SessionFactoryImpl  : Session factory constructed with filter configurations : {}
2022-12-24 22:10:37.492 DEBUG 25502 --- [           main] o.hibernate.internal.SessionFactoryImpl  : Instantiating session factory with properties: {hibernate.id.new_generator_mappings=true, java.specification.version=19, hibernate.resource.beans.container=org.springframework.orm.hibernate5.SpringBeanContainer@4fd80300, hibernate.connection.handling_mode=DELAYED_ACQUISITION_AND_HOLD, sun.jnu.encoding=UTF-8, hibernate.dialect=org.hibernate.dialect.MySQL5InnoDBDialect, hibernate.implicit_naming_strategy=org.hibernate.boot.model.naming.ImplicitNamingStrategyLegacyJpaImpl, java.class.path=/Users/yassine/Site/room/Application/Spring/target/test-classes:/Users/yassine/Site/room/Application/Spring/target/classes:/Users/yassine/.m2/repository/org/springframework/boot/spring-boot-starter-web/2.5.3/spring-boot-starter-web-2.5.3.jar:/Users/yassine/.m2/repository/org/springframework/boot/spring-boot-starter/2.5.3/spring-boot-starter-2.5.3.jar:/Users/yassine/.m2/repository/org/springframework/boot/spring-boot/2.5.3/spring-boot-2.5.3.jar:/Users/yassine/.m2/repository/org/springframework/boot/spring-boot-autoconfigure/2.5.3/spring-boot-autoconfigure-2.5.3.jar:/Users/yassine/.m2/repository/org/springframework/boot/spring-boot-starter-logging/2.5.3/spring-boot-starter-logging-2.5.3.jar:/Users/yassine/.m2/repository/ch/qos/logback/logback-classic/1.2.4/logback-classic-1.2.4.jar:/Users/yassine/.m2/repository/ch/qos/logback/logback-core/1.2.4/logback-core-1.2.4.jar:/Users/yassine/.m2/repository/org/apache/logging/log4j/log4j-to-slf4j/2.14.1/log4j-to-slf4j-2.14.1.jar:/Users/yassine/.m2/repository/org/apache/logging/log4j/log4j-api/2.14.1/log4j-api-2.14.1.jar:/Users/yassine/.m2/repository/org/slf4j/jul-to-slf4j/1.7.32/jul-to-slf4j-1.7.32.jar:/Users/yassine/.m2/repository/jakarta/annotation/jakarta.annotation-api/1.3.5/jakarta.annotation-api-1.3.5.jar:/Users/yassine/.m2/repository/org/yaml/snakeyaml/1.28/snakeyaml-1.28.jar:/Users/yassine/.m2/repository/org/springframework/boot/spring-boot-starter-json/2.5.3/spring-boot-starter-json-2.5.3.jar:/Users/yassine/.m2/repository/com/fasterxml/jackson/datatype/jackson-datatype-jdk8/2.12.4/jackson-datatype-jdk8-2.12.4.jar:/Users/yassine/.m2/repository/com/fasterxml/jackson/datatype/jackson-datatype-jsr310/2.12.4/jackson-datatype-jsr310-2.12.4.jar:/Users/yassine/.m2/repository/com/fasterxml/jackson/module/jackson-module-parameter-names/2.12.4/jackson-module-parameter-names-2.12.4.jar:/Users/yassine/.m2/repository/org/springframework/boot/spring-boot-starter-tomcat/2.5.3/spring-boot-starter-tomcat-2.5.3.jar:/Users/yassine/.m2/repository/org/apache/tomcat/embed/tomcat-embed-core/9.0.50/tomcat-embed-core-9.0.50.jar:/Users/yassine/.m2/repository/org/apache/tomcat/embed/tomcat-embed-el/9.0.50/tomcat-embed-el-9.0.50.jar:/Users/yassine/.m2/repository/org/apache/tomcat/embed/tomcat-embed-websocket/9.0.50/tomcat-embed-websocket-9.0.50.jar:/Users/yassine/.m2/repository/org/springframework/spring-web/5.3.9/spring-web-5.3.9.jar:/Users/yassine/.m2/repository/org/springframework/spring-beans/5.3.9/spring-beans-5.3.9.jar:/Users/yassine/.m2/repository/org/springframework/spring-webmvc/5.3.9/spring-webmvc-5.3.9.jar:/Users/yassine/.m2/repository/org/springframework/spring-context/5.3.9/spring-context-5.3.9.jar:/Users/yassine/.m2/repository/org/springframework/spring-expression/5.3.9/spring-expression-5.3.9.jar:/Users/yassine/.m2/repository/com/h2database/h2/1.4.200/h2-1.4.200.jar:/Users/yassine/.m2/repository/org/springframework/boot/spring-boot-starter-test/2.5.3/spring-boot-starter-test-2.5.3.jar:/Users/yassine/.m2/repository/org/springframework/boot/spring-boot-test/2.5.3/spring-boot-test-2.5.3.jar:/Users/yassine/.m2/repository/org/springframework/boot/spring-boot-test-autoconfigure/2.5.3/spring-boot-test-autoconfigure-2.5.3.jar:/Users/yassine/.m2/repository/com/jayway/jsonpath/json-path/2.5.0/json-path-2.5.0.jar:/Users/yassine/.m2/repository/net/minidev/json-smart/2.4.7/json-smart-2.4.7.jar:/Users/yassine/.m2/repository/net/minidev/accessors-smart/2.4.7/accessors-smart-2.4.7.jar:/Users/yassine/.m2/repository/org/ow2/asm/asm/9.1/asm-9.1.jar:/Users/yassine/.m2/repository/org/slf4j/slf4j-api/1.7.32/slf4j-api-1.7.32.jar:/Users/yassine/.m2/repository/jakarta/xml/bind/jakarta.xml.bind-api/2.3.3/jakarta.xml.bind-api-2.3.3.jar:/Users/yassine/.m2/repository/jakarta/activation/jakarta.activation-api/1.2.2/jakarta.activation-api-1.2.2.jar:/Users/yassine/.m2/repository/org/assertj/assertj-core/3.19.0/assertj-core-3.19.0.jar:/Users/yassine/.m2/repository/org/hamcrest/hamcrest/2.2/hamcrest-2.2.jar:/Users/yassine/.m2/repository/org/junit/jupiter/junit-jupiter/5.7.2/junit-jupiter-5.7.2.jar:/Users/yassine/.m2/repository/org/junit/jupiter/junit-jupiter-api/5.7.2/junit-jupiter-api-5.7.2.jar:/Users/yassine/.m2/repository/org/apiguardian/apiguardian-api/1.1.0/apiguardian-api-1.1.0.jar:/Users/yassine/.m2/repository/org/opentest4j/opentest4j/1.2.0/opentest4j-1.2.0.jar:/Users/yassine/.m2/repository/org/junit/platform/junit-platform-commons/1.7.2/junit-platform-commons-1.7.2.jar:/Users/yassine/.m2/repository/org/junit/jupiter/junit-jupiter-params/5.7.2/junit-jupiter-params-5.7.2.jar:/Users/yassine/.m2/repository/org/junit/jupiter/junit-jupiter-engine/5.7.2/junit-jupiter-engine-5.7.2.jar:/Users/yassine/.m2/repository/org/junit/platform/junit-platform-engine/1.7.2/junit-platform-engine-1.7.2.jar:/Users/yassine/.m2/repository/org/mockito/mockito-core/3.9.0/mockito-core-3.9.0.jar:/Users/yassine/.m2/repository/net/bytebuddy/byte-buddy/1.10.22/byte-buddy-1.10.22.jar:/Users/yassine/.m2/repository/net/bytebuddy/byte-buddy-agent/1.10.22/byte-buddy-agent-1.10.22.jar:/Users/yassine/.m2/repository/org/objenesis/objenesis/3.2/objenesis-3.2.jar:/Users/yassine/.m2/repository/org/mockito/mockito-junit-jupiter/3.9.0/mockito-junit-jupiter-3.9.0.jar:/Users/yassine/.m2/repository/org/skyscreamer/jsonassert/1.5.0/jsonassert-1.5.0.jar:/Users/yassine/.m2/repository/com/vaadin/external/google/android-json/0.0.20131108.vaadin1/android-json-0.0.20131108.vaadin1.jar:/Users/yassine/.m2/repository/org/springframework/spring-core/5.3.9/spring-core-5.3.9.jar:/Users/yassine/.m2/repository/org/springframework/spring-jcl/5.3.9/spring-jcl-5.3.9.jar:/Users/yassine/.m2/repository/org/springframework/spring-test/5.3.9/spring-test-5.3.9.jar:/Users/yassine/.m2/repository/org/xmlunit/xmlunit-core/2.8.2/xmlunit-core-2.8.2.jar:/Users/yassine/.m2/repository/org/projectlombok/lombok/1.18.20/lombok-1.18.20.jar:/Users/yassine/.m2/repository/org/springdoc/springdoc-openapi-ui/1.5.10/springdoc-openapi-ui-1.5.10.jar:/Users/yassine/.m2/repository/org/springdoc/springdoc-openapi-webmvc-core/1.5.10/springdoc-openapi-webmvc-core-1.5.10.jar:/Users/yassine/.m2/repository/org/springdoc/springdoc-openapi-common/1.5.10/springdoc-openapi-common-1.5.10.jar:/Users/yassine/.m2/repository/io/swagger/core/v3/swagger-models/2.1.10/swagger-models-2.1.10.jar:/Users/yassine/.m2/repository/io/swagger/core/v3/swagger-annotations/2.1.10/swagger-annotations-2.1.10.jar:/Users/yassine/.m2/repository/io/swagger/core/v3/swagger-integration/2.1.10/swagger-integration-2.1.10.jar:/Users/yassine/.m2/repository/io/swagger/core/v3/swagger-core/2.1.10/swagger-core-2.1.10.jar:/Users/yassine/.m2/repository/com/fasterxml/jackson/dataformat/jackson-dataformat-yaml/2.12.4/jackson-dataformat-yaml-2.12.4.jar:/Users/yassine/.m2/repository/jakarta/validation/jakarta.validation-api/2.0.2/jakarta.validation-api-2.0.2.jar:/Users/yassine/.m2/repository/io/github/classgraph/classgraph/4.8.69/classgraph-4.8.69.jar:/Users/yassine/.m2/repository/org/apache/commons/commons-lang3/3.12.0/commons-lang3-3.12.0.jar:/Users/yassine/.m2/repository/org/webjars/swagger-ui/3.51.1/swagger-ui-3.51.1.jar:/Users/yassine/.m2/repository/org/webjars/webjars-locator-core/0.46/webjars-locator-core-0.46.jar:/Users/yassine/.m2/repository/com/fasterxml/jackson/core/jackson-core/2.12.4/jackson-core-2.12.4.jar:/Users/yassine/.m2/repository/org/springframework/boot/spring-boot-starter-data-jpa/2.5.3/spring-boot-starter-data-jpa-2.5.3.jar:/Users/yassine/.m2/repository/org/springframework/boot/spring-boot-starter-aop/2.5.3/spring-boot-starter-aop-2.5.3.jar:/Users/yassine/.m2/repository/org/aspectj/aspectjweaver/1.9.7/aspectjweaver-1.9.7.jar:/Users/yassine/.m2/repository/org/springframework/boot/spring-boot-starter-jdbc/2.5.3/spring-boot-starter-jdbc-2.5.3.jar:/Users/yassine/.m2/repository/com/zaxxer/HikariCP/4.0.3/HikariCP-4.0.3.jar:/Users/yassine/.m2/repository/org/springframework/spring-jdbc/5.3.9/spring-jdbc-5.3.9.jar:/Users/yassine/.m2/repository/jakarta/transaction/jakarta.transaction-api/1.3.3/jakarta.transaction-api-1.3.3.jar:/Users/yassine/.m2/repository/jakarta/persistence/jakarta.persistence-api/2.2.3/jakarta.persistence-api-2.2.3.jar:/Users/yassine/.m2/repository/org/hibernate/hibernate-core/5.4.32.Final/hibernate-core-5.4.32.Final.jar:/Users/yassine/.m2/repository/org/jboss/logging/jboss-logging/3.4.2.Final/jboss-logging-3.4.2.Final.jar:/Users/yassine/.m2/repository/org/javassist/javassist/3.27.0-GA/javassist-3.27.0-GA.jar:/Users/yassine/.m2/repository/antlr/antlr/2.7.7/antlr-2.7.7.jar:/Users/yassine/.m2/repository/org/jboss/jandex/2.2.3.Final/jandex-2.2.3.Final.jar:/Users/yassine/.m2/repository/com/fasterxml/classmate/1.5.1/classmate-1.5.1.jar:/Users/yassine/.m2/repository/org/dom4j/dom4j/2.1.3/dom4j-2.1.3.jar:/Users/yassine/.m2/repository/org/hibernate/common/hibernate-commons-annotations/5.1.2.Final/hibernate-commons-annotations-5.1.2.Final.jar:/Users/yassine/.m2/repository/org/glassfish/jaxb/jaxb-runtime/2.3.4/jaxb-runtime-2.3.4.jar:/Users/yassine/.m2/repository/org/glassfish/jaxb/txw2/2.3.4/txw2-2.3.4.jar:/Users/yassine/.m2/repository/com/sun/istack/istack-commons-runtime/3.0.12/istack-commons-runtime-3.0.12.jar:/Users/yassine/.m2/repository/com/sun/activation/jakarta.activation/1.2.2/jakarta.activation-1.2.2.jar:/Users/yassine/.m2/repository/org/springframework/data/spring-data-jpa/2.5.3/spring-data-jpa-2.5.3.jar:/Users/yassine/.m2/repository/org/springframework/data/spring-data-commons/2.5.3/spring-data-commons-2.5.3.jar:/Users/yassine/.m2/repository/org/springframework/spring-orm/5.3.9/spring-orm-5.3.9.jar:/Users/yassine/.m2/repository/org/springframework/spring-tx/5.3.9/spring-tx-5.3.9.jar:/Users/yassine/.m2/repository/org/springframework/spring-aspects/5.3.9/spring-aspects-5.3.9.jar:/Users/yassine/.m2/repository/mysql/mysql-connector-java/8.0.26/mysql-connector-java-8.0.26.jar:/Users/yassine/.m2/repository/org/springframework/boot/spring-boot-starter-security/2.5.3/spring-boot-starter-security-2.5.3.jar:/Users/yassine/.m2/repository/org/springframework/spring-aop/5.3.9/spring-aop-5.3.9.jar:/Users/yassine/.m2/repository/org/springframework/security/spring-security-config/5.5.1/spring-security-config-5.5.1.jar:/Users/yassine/.m2/repository/org/springframework/security/spring-security-core/5.5.1/spring-security-core-5.5.1.jar:/Users/yassine/.m2/repository/org/springframework/security/spring-security-crypto/5.5.1/spring-security-crypto-5.5.1.jar:/Users/yassine/.m2/repository/org/springframework/security/spring-security-web/5.5.1/spring-security-web-5.5.1.jar:/Users/yassine/.m2/repository/io/jsonwebtoken/jjwt/0.9.1/jjwt-0.9.1.jar:/Users/yassine/.m2/repository/com/fasterxml/jackson/core/jackson-databind/2.12.4/jackson-databind-2.12.4.jar:/Users/yassine/.m2/repository/com/fasterxml/jackson/core/jackson-annotations/2.12.4/jackson-annotations-2.12.4.jar:, java.vm.vendor=Oracle Corporation, sun.arch.data.model=64, java.vendor.url=https://java.oracle.com/, user.timezone=Europe/Zurich, java.vm.specification.version=19, os.name=Mac OS X, javax.persistence.validation.mode=AUTO, sun.java.launcher=SUN_STANDARD, user.country=FR, sun.boot.library.path=/Library/Java/JavaVirtualMachines/jdk-19.0.1.jdk/Contents/Home/lib, sun.java.command=/Users/yassine/Site/room/Application/Spring/target/surefire/surefirebooter11258676711096272048.jar /Users/yassine/Site/room/Application/Spring/target/surefire 2022-12-24T22-10-27_650-jvmRun1 surefire11777680406933353860tmp surefire_011090680397768761846tmp, javax.persistence.nonJtaDataSource=HikariDataSource (null), hibernate.transaction.jta.platform=org.hibernate.engine.transaction.jta.platform.internal.NoJtaPlatform@1805383, http.nonProxyHosts=local|*.local|169.254/16|*.169.254/16, javax.persistence.sharedCache.mode=UNSPECIFIED, jdk.debug=release, surefire.test.class.path=/Users/yassine/Site/room/Application/Spring/target/test-classes:/Users/yassine/Site/room/Application/Spring/target/classes:/Users/yassine/.m2/repository/org/springframework/boot/spring-boot-starter-web/2.5.3/spring-boot-starter-web-2.5.3.jar:/Users/yassine/.m2/repository/org/springframework/boot/spring-boot-starter/2.5.3/spring-boot-starter-2.5.3.jar:/Users/yassine/.m2/repository/org/springframework/boot/spring-boot/2.5.3/spring-boot-2.5.3.jar:/Users/yassine/.m2/repository/org/springframework/boot/spring-boot-autoconfigure/2.5.3/spring-boot-autoconfigure-2.5.3.jar:/Users/yassine/.m2/repository/org/springframework/boot/spring-boot-starter-logging/2.5.3/spring-boot-starter-logging-2.5.3.jar:/Users/yassine/.m2/repository/ch/qos/logback/logback-classic/1.2.4/logback-classic-1.2.4.jar:/Users/yassine/.m2/repository/ch/qos/logback/logback-core/1.2.4/logback-core-1.2.4.jar:/Users/yassine/.m2/repository/org/apache/logging/log4j/log4j-to-slf4j/2.14.1/log4j-to-slf4j-2.14.1.jar:/Users/yassine/.m2/repository/org/apache/logging/log4j/log4j-api/2.14.1/log4j-api-2.14.1.jar:/Users/yassine/.m2/repository/org/slf4j/jul-to-slf4j/1.7.32/jul-to-slf4j-1.7.32.jar:/Users/yassine/.m2/repository/jakarta/annotation/jakarta.annotation-api/1.3.5/jakarta.annotation-api-1.3.5.jar:/Users/yassine/.m2/repository/org/yaml/snakeyaml/1.28/snakeyaml-1.28.jar:/Users/yassine/.m2/repository/org/springframework/boot/spring-boot-starter-json/2.5.3/spring-boot-starter-json-2.5.3.jar:/Users/yassine/.m2/repository/com/fasterxml/jackson/datatype/jackson-datatype-jdk8/2.12.4/jackson-datatype-jdk8-2.12.4.jar:/Users/yassine/.m2/repository/com/fasterxml/jackson/datatype/jackson-datatype-jsr310/2.12.4/jackson-datatype-jsr310-2.12.4.jar:/Users/yassine/.m2/repository/com/fasterxml/jackson/module/jackson-module-parameter-names/2.12.4/jackson-module-parameter-names-2.12.4.jar:/Users/yassine/.m2/repository/org/springframework/boot/spring-boot-starter-tomcat/2.5.3/spring-boot-starter-tomcat-2.5.3.jar:/Users/yassine/.m2/repository/org/apache/tomcat/embed/tomcat-embed-core/9.0.50/tomcat-embed-core-9.0.50.jar:/Users/yassine/.m2/repository/org/apache/tomcat/embed/tomcat-embed-el/9.0.50/tomcat-embed-el-9.0.50.jar:/Users/yassine/.m2/repository/org/apache/tomcat/embed/tomcat-embed-websocket/9.0.50/tomcat-embed-websocket-9.0.50.jar:/Users/yassine/.m2/repository/org/springframework/spring-web/5.3.9/spring-web-5.3.9.jar:/Users/yassine/.m2/repository/org/springframework/spring-beans/5.3.9/spring-beans-5.3.9.jar:/Users/yassine/.m2/repository/org/springframework/spring-webmvc/5.3.9/spring-webmvc-5.3.9.jar:/Users/yassine/.m2/repository/org/springframework/spring-context/5.3.9/spring-context-5.3.9.jar:/Users/yassine/.m2/repository/org/springframework/spring-expression/5.3.9/spring-expression-5.3.9.jar:/Users/yassine/.m2/repository/com/h2database/h2/1.4.200/h2-1.4.200.jar:/Users/yassine/.m2/repository/org/springframework/boot/spring-boot-starter-test/2.5.3/spring-boot-starter-test-2.5.3.jar:/Users/yassine/.m2/repository/org/springframework/boot/spring-boot-test/2.5.3/spring-boot-test-2.5.3.jar:/Users/yassine/.m2/repository/org/springframework/boot/spring-boot-test-autoconfigure/2.5.3/spring-boot-test-autoconfigure-2.5.3.jar:/Users/yassine/.m2/repository/com/jayway/jsonpath/json-path/2.5.0/json-path-2.5.0.jar:/Users/yassine/.m2/repository/net/minidev/json-smart/2.4.7/json-smart-2.4.7.jar:/Users/yassine/.m2/repository/net/minidev/accessors-smart/2.4.7/accessors-smart-2.4.7.jar:/Users/yassine/.m2/repository/org/ow2/asm/asm/9.1/asm-9.1.jar:/Users/yassine/.m2/repository/org/slf4j/slf4j-api/1.7.32/slf4j-api-1.7.32.jar:/Users/yassine/.m2/repository/jakarta/xml/bind/jakarta.xml.bind-api/2.3.3/jakarta.xml.bind-api-2.3.3.jar:/Users/yassine/.m2/repository/jakarta/activation/jakarta.activation-api/1.2.2/jakarta.activation-api-1.2.2.jar:/Users/yassine/.m2/repository/org/assertj/assertj-core/3.19.0/assertj-core-3.19.0.jar:/Users/yassine/.m2/repository/org/hamcrest/hamcrest/2.2/hamcrest-2.2.jar:/Users/yassine/.m2/repository/org/junit/jupiter/junit-jupiter/5.7.2/junit-jupiter-5.7.2.jar:/Users/yassine/.m2/repository/org/junit/jupiter/junit-jupiter-api/5.7.2/junit-jupiter-api-5.7.2.jar:/Users/yassine/.m2/repository/org/apiguardian/apiguardian-api/1.1.0/apiguardian-api-1.1.0.jar:/Users/yassine/.m2/repository/org/opentest4j/opentest4j/1.2.0/opentest4j-1.2.0.jar:/Users/yassine/.m2/repository/org/junit/platform/junit-platform-commons/1.7.2/junit-platform-commons-1.7.2.jar:/Users/yassine/.m2/repository/org/junit/jupiter/junit-jupiter-params/5.7.2/junit-jupiter-params-5.7.2.jar:/Users/yassine/.m2/repository/org/junit/jupiter/junit-jupiter-engine/5.7.2/junit-jupiter-engine-5.7.2.jar:/Users/yassine/.m2/repository/org/junit/platform/junit-platform-engine/1.7.2/junit-platform-engine-1.7.2.jar:/Users/yassine/.m2/repository/org/mockito/mockito-core/3.9.0/mockito-core-3.9.0.jar:/Users/yassine/.m2/repository/net/bytebuddy/byte-buddy/1.10.22/byte-buddy-1.10.22.jar:/Users/yassine/.m2/repository/net/bytebuddy/byte-buddy-agent/1.10.22/byte-buddy-agent-1.10.22.jar:/Users/yassine/.m2/repository/org/objenesis/objenesis/3.2/objenesis-3.2.jar:/Users/yassine/.m2/repository/org/mockito/mockito-junit-jupiter/3.9.0/mockito-junit-jupiter-3.9.0.jar:/Users/yassine/.m2/repository/org/skyscreamer/jsonassert/1.5.0/jsonassert-1.5.0.jar:/Users/yassine/.m2/repository/com/vaadin/external/google/android-json/0.0.20131108.vaadin1/android-json-0.0.20131108.vaadin1.jar:/Users/yassine/.m2/repository/org/springframework/spring-core/5.3.9/spring-core-5.3.9.jar:/Users/yassine/.m2/repository/org/springframework/spring-jcl/5.3.9/spring-jcl-5.3.9.jar:/Users/yassine/.m2/repository/org/springframework/spring-test/5.3.9/spring-test-5.3.9.jar:/Users/yassine/.m2/repository/org/xmlunit/xmlunit-core/2.8.2/xmlunit-core-2.8.2.jar:/Users/yassine/.m2/repository/org/projectlombok/lombok/1.18.20/lombok-1.18.20.jar:/Users/yassine/.m2/repository/org/springdoc/springdoc-openapi-ui/1.5.10/springdoc-openapi-ui-1.5.10.jar:/Users/yassine/.m2/repository/org/springdoc/springdoc-openapi-webmvc-core/1.5.10/springdoc-openapi-webmvc-core-1.5.10.jar:/Users/yassine/.m2/repository/org/springdoc/springdoc-openapi-common/1.5.10/springdoc-openapi-common-1.5.10.jar:/Users/yassine/.m2/repository/io/swagger/core/v3/swagger-models/2.1.10/swagger-models-2.1.10.jar:/Users/yassine/.m2/repository/io/swagger/core/v3/swagger-annotations/2.1.10/swagger-annotations-2.1.10.jar:/Users/yassine/.m2/repository/io/swagger/core/v3/swagger-integration/2.1.10/swagger-integration-2.1.10.jar:/Users/yassine/.m2/repository/io/swagger/core/v3/swagger-core/2.1.10/swagger-core-2.1.10.jar:/Users/yassine/.m2/repository/com/fasterxml/jackson/dataformat/jackson-dataformat-yaml/2.12.4/jackson-dataformat-yaml-2.12.4.jar:/Users/yassine/.m2/repository/jakarta/validation/jakarta.validation-api/2.0.2/jakarta.validation-api-2.0.2.jar:/Users/yassine/.m2/repository/io/github/classgraph/classgraph/4.8.69/classgraph-4.8.69.jar:/Users/yassine/.m2/repository/org/apache/commons/commons-lang3/3.12.0/commons-lang3-3.12.0.jar:/Users/yassine/.m2/repository/org/webjars/swagger-ui/3.51.1/swagger-ui-3.51.1.jar:/Users/yassine/.m2/repository/org/webjars/webjars-locator-core/0.46/webjars-locator-core-0.46.jar:/Users/yassine/.m2/repository/com/fasterxml/jackson/core/jackson-core/2.12.4/jackson-core-2.12.4.jar:/Users/yassine/.m2/repository/org/springframework/boot/spring-boot-starter-data-jpa/2.5.3/spring-boot-starter-data-jpa-2.5.3.jar:/Users/yassine/.m2/repository/org/springframework/boot/spring-boot-starter-aop/2.5.3/spring-boot-starter-aop-2.5.3.jar:/Users/yassine/.m2/repository/org/aspectj/aspectjweaver/1.9.7/aspectjweaver-1.9.7.jar:/Users/yassine/.m2/repository/org/springframework/boot/spring-boot-starter-jdbc/2.5.3/spring-boot-starter-jdbc-2.5.3.jar:/Users/yassine/.m2/repository/com/zaxxer/HikariCP/4.0.3/HikariCP-4.0.3.jar:/Users/yassine/.m2/repository/org/springframework/spring-jdbc/5.3.9/spring-jdbc-5.3.9.jar:/Users/yassine/.m2/repository/jakarta/transaction/jakarta.transaction-api/1.3.3/jakarta.transaction-api-1.3.3.jar:/Users/yassine/.m2/repository/jakarta/persistence/jakarta.persistence-api/2.2.3/jakarta.persistence-api-2.2.3.jar:/Users/yassine/.m2/repository/org/hibernate/hibernate-core/5.4.32.Final/hibernate-core-5.4.32.Final.jar:/Users/yassine/.m2/repository/org/jboss/logging/jboss-logging/3.4.2.Final/jboss-logging-3.4.2.Final.jar:/Users/yassine/.m2/repository/org/javassist/javassist/3.27.0-GA/javassist-3.27.0-GA.jar:/Users/yassine/.m2/repository/antlr/antlr/2.7.7/antlr-2.7.7.jar:/Users/yassine/.m2/repository/org/jboss/jandex/2.2.3.Final/jandex-2.2.3.Final.jar:/Users/yassine/.m2/repository/com/fasterxml/classmate/1.5.1/classmate-1.5.1.jar:/Users/yassine/.m2/repository/org/dom4j/dom4j/2.1.3/dom4j-2.1.3.jar:/Users/yassine/.m2/repository/org/hibernate/common/hibernate-commons-annotations/5.1.2.Final/hibernate-commons-annotations-5.1.2.Final.jar:/Users/yassine/.m2/repository/org/glassfish/jaxb/jaxb-runtime/2.3.4/jaxb-runtime-2.3.4.jar:/Users/yassine/.m2/repository/org/glassfish/jaxb/txw2/2.3.4/txw2-2.3.4.jar:/Users/yassine/.m2/repository/com/sun/istack/istack-commons-runtime/3.0.12/istack-commons-runtime-3.0.12.jar:/Users/yassine/.m2/repository/com/sun/activation/jakarta.activation/1.2.2/jakarta.activation-1.2.2.jar:/Users/yassine/.m2/repository/org/springframework/data/spring-data-jpa/2.5.3/spring-data-jpa-2.5.3.jar:/Users/yassine/.m2/repository/org/springframework/data/spring-data-commons/2.5.3/spring-data-commons-2.5.3.jar:/Users/yassine/.m2/repository/org/springframework/spring-orm/5.3.9/spring-orm-5.3.9.jar:/Users/yassine/.m2/repository/org/springframework/spring-tx/5.3.9/spring-tx-5.3.9.jar:/Users/yassine/.m2/repository/org/springframework/spring-aspects/5.3.9/spring-aspects-5.3.9.jar:/Users/yassine/.m2/repository/mysql/mysql-connector-java/8.0.26/mysql-connector-java-8.0.26.jar:/Users/yassine/.m2/repository/org/springframework/boot/spring-boot-starter-security/2.5.3/spring-boot-starter-security-2.5.3.jar:/Users/yassine/.m2/repository/org/springframework/spring-aop/5.3.9/spring-aop-5.3.9.jar:/Users/yassine/.m2/repository/org/springframework/security/spring-security-config/5.5.1/spring-security-config-5.5.1.jar:/Users/yassine/.m2/repository/org/springframework/security/spring-security-core/5.5.1/spring-security-core-5.5.1.jar:/Users/yassine/.m2/repository/org/springframework/security/spring-security-crypto/5.5.1/spring-security-crypto-5.5.1.jar:/Users/yassine/.m2/repository/org/springframework/security/spring-security-web/5.5.1/spring-security-web-5.5.1.jar:/Users/yassine/.m2/repository/io/jsonwebtoken/jjwt/0.9.1/jjwt-0.9.1.jar:/Users/yassine/.m2/repository/com/fasterxml/jackson/core/jackson-databind/2.12.4/jackson-databind-2.12.4.jar:/Users/yassine/.m2/repository/com/fasterxml/jackson/core/jackson-annotations/2.12.4/jackson-annotations-2.12.4.jar:, sun.cpu.endian=little, user.home=/Users/yassine, user.language=fr, java.specification.vendor=Oracle Corporation, java.version.date=2022-10-18, java.home=/Library/Java/JavaVirtualMachines/jdk-19.0.1.jdk/Contents/Home, file.separator=/, basedir=/Users/yassine/Site/room/Application/Spring, java.vm.compressedOopsMode=Zero based, line.separator=
, java.vm.specification.vendor=Oracle Corporation, java.specification.name=Java Platform API Specification, FILE_LOG_CHARSET=UTF-8, hibernate.transaction.coordinator_class=class org.hibernate.resource.transaction.backend.jdbc.internal.JdbcResourceLocalTransactionCoordinatorBuilderImpl, java.awt.headless=true, apple.awt.application.name=ForkedBooter, surefire.real.class.path=/Users/yassine/Site/room/Application/Spring/target/surefire/surefirebooter11258676711096272048.jar, hibernate.hbm2ddl.auto=update, sun.management.compiler=HotSpot 64-Bit Tiered Compilers, ftp.nonProxyHosts=local|*.local|169.254/16|*.169.254/16, java.runtime.version=19.0.1+10-21, user.name=yassine, stdout.encoding=UTF-8, path.separator=:, os.version=13.0.1, java.runtime.name=OpenJDK Runtime Environment, file.encoding=UTF-8, hibernate.ejb.persistenceUnitName=default, spring.beaninfo.ignore=true, java.vm.name=OpenJDK 64-Bit Server VM, hibernate.show_sql=true, LOG_FILE=./log/demo-app.log, localRepository=/Users/yassine/.m2/repository, java.vendor.url.bug=https://bugreport.java.com/bugreport/, java.io.tmpdir=/var/folders/w4/1yk3zctd0zdcqbjw9wbvnrtr0000gn/T/, java.version=19.0.1, hibernate.physical_naming_strategy=org.hibernate.boot.model.naming.PhysicalNamingStrategyStandardImpl, user.dir=/Users/yassine/Site/room/Application/Spring, os.arch=x86_64, java.vm.specification.name=Java Virtual Machine Specification, PID=25502, CONSOLE_LOG_CHARSET=UTF-8, hibernate.boot.CfgXmlAccessService.key=org.hibernate.boot.registry.StandardServiceRegistryBuilder$1@64fdcf99, native.encoding=UTF-8, java.library.path=/Users/yassine/Library/Java/Extensions:/Library/Java/Extensions:/Network/Library/Java/Extensions:/System/Library/Java/Extensions:/usr/lib/java:., stderr.encoding=UTF-8, java.vendor=Oracle Corporation, java.vm.info=mixed mode, sharing, java.vm.version=19.0.1+10-21, hibernate.bytecode.use_reflection_optimizer=false, sun.io.unicode.encoding=UnicodeBig, hibernate.archive.scanner=org.hibernate.boot.archive.scan.internal.DisabledScanner, hibernate.connection.datasource=HikariDataSource (null), socksNonProxyHosts=local|*.local|169.254/16|*.169.254/16, java.class.version=63.0}
2022-12-24 22:10:37.508 DEBUG 25502 --- [           main] o.h.c.beanvalidation.TypeSafeActivator   : Unable to acquire Bean Validation ValidatorFactory, skipping activation
2022-12-24 22:10:37.509 DEBUG 25502 --- [           main] org.hibernate.secure.spi.JaccIntegrator  : Skipping JACC integration as it was not enabled
2022-12-24 22:10:37.513 DEBUG 25502 --- [           main] o.hibernate.internal.SessionFactoryImpl  : Instantiated session factory
2022-12-24 22:10:37.513 DEBUG 25502 --- [           main] o.h.type.spi.TypeConfiguration$Scope     : Scoping TypeConfiguration [org.hibernate.type.spi.TypeConfiguration@2d4a3e13] to SessionFactoryImpl [org.hibernate.internal.SessionFactoryImpl@6f867b0c]
2022-12-24 22:10:37.573 DEBUG 25502 --- [           main] o.h.boot.internal.ClassLoaderAccessImpl  : Not known whether passed class name [com.spring.entity.Role] is safe
2022-12-24 22:10:37.573 DEBUG 25502 --- [           main] o.h.boot.internal.ClassLoaderAccessImpl  : No temp ClassLoader provided; using live ClassLoader for loading potentially unsafe class : com.spring.entity.Role
2022-12-24 22:10:37.796 DEBUG 25502 --- [           main] o.h.boot.internal.ClassLoaderAccessImpl  : Not known whether passed class name [com.spring.entity.User] is safe
2022-12-24 22:10:37.796 DEBUG 25502 --- [           main] o.h.boot.internal.ClassLoaderAccessImpl  : No temp ClassLoader provided; using live ClassLoader for loading potentially unsafe class : com.spring.entity.User
2022-12-24 22:10:37.823 DEBUG 25502 --- [           main] o.h.p.c.AbstractCollectionPersister      : Static SQL for collection: com.spring.entity.User.roles
2022-12-24 22:10:37.823 DEBUG 25502 --- [           main] o.h.p.c.AbstractCollectionPersister      :  Row insert: insert into user_role (user_id, role_id) values (?, ?)
2022-12-24 22:10:37.823 DEBUG 25502 --- [           main] o.h.p.c.AbstractCollectionPersister      :  Row update: update user_role set role_id=? where user_id=? and role_id=?
2022-12-24 22:10:37.823 DEBUG 25502 --- [           main] o.h.p.c.AbstractCollectionPersister      :  Row delete: delete from user_role where user_id=? and role_id=?
2022-12-24 22:10:37.823 DEBUG 25502 --- [           main] o.h.p.c.AbstractCollectionPersister      :  One-shot delete: delete from user_role where user_id=?
2022-12-24 22:10:37.826 DEBUG 25502 --- [           main] o.h.p.entity.AbstractEntityPersister     : Static SQL for entity: com.spring.entity.Role
2022-12-24 22:10:37.827 DEBUG 25502 --- [           main] o.h.p.entity.AbstractEntityPersister     :  Version select: select id from Role where id =?
2022-12-24 22:10:37.827 DEBUG 25502 --- [           main] o.h.p.entity.AbstractEntityPersister     :  Snapshot select: select role_.id, role_.roleDescription as roledesc2_0_, role_.roleName as rolename3_0_ from Role role_ where role_.id=?
2022-12-24 22:10:37.827 DEBUG 25502 --- [           main] o.h.p.entity.AbstractEntityPersister     :  Insert 0: insert into Role (roleDescription, roleName, id) values (?, ?, ?)
2022-12-24 22:10:37.827 DEBUG 25502 --- [           main] o.h.p.entity.AbstractEntityPersister     :  Update 0: update Role set roleDescription=?, roleName=? where id=?
2022-12-24 22:10:37.827 DEBUG 25502 --- [           main] o.h.p.entity.AbstractEntityPersister     :  Delete 0: delete from Role where id=?
2022-12-24 22:10:37.827 DEBUG 25502 --- [           main] o.h.p.entity.AbstractEntityPersister     :  Identity insert: insert into Role (roleDescription, roleName) values (?, ?)
2022-12-24 22:10:37.857 DEBUG 25502 --- [           main] o.h.l.p.b.i.spaces.QuerySpacesImpl       : Adding QuerySpace : uid = <gen:0> -> org.hibernate.loader.plan.build.internal.spaces.EntityQuerySpaceImpl@58bad46f]
2022-12-24 22:10:37.858 DEBUG 25502 --- [           main] o.h.p.walking.spi.MetamodelGraphWalker   : Visiting attribute path : roleDescription
2022-12-24 22:10:37.858 DEBUG 25502 --- [           main] o.h.p.walking.spi.MetamodelGraphWalker   : Visiting attribute path : roleName
2022-12-24 22:10:37.858 DEBUG 25502 --- [           main] lanBuildingAssociationVisitationStrategy : Building LoadPlan...
2022-12-24 22:10:37.867 DEBUG 25502 --- [           main] h.l.p.e.i.LoadQueryJoinAndFetchProcessor : processing queryspace <gen:0>
2022-12-24 22:10:37.870 DEBUG 25502 --- [           main] o.h.l.p.build.spi.LoadPlanTreePrinter    : LoadPlan(entity=com.spring.entity.Role)
    - Returns
       - EntityReturnImpl(entity=com.spring.entity.Role, querySpaceUid=<gen:0>, path=com.spring.entity.Role)
    - QuerySpaces
       - EntityQuerySpaceImpl(uid=<gen:0>, entity=com.spring.entity.Role)
          - SQL table alias mapping - role0_
          - alias suffix - 0_
          - suffixed key columns - {id1_0_0_}

2022-12-24 22:10:37.872 DEBUG 25502 --- [           main] o.h.loader.entity.plan.EntityLoader      : Static select for entity com.spring.entity.Role [NONE]: select role0_.id as id1_0_0_, role0_.roleDescription as roledesc2_0_0_, role0_.roleName as rolename3_0_0_ from Role role0_ where role0_.id=?
2022-12-24 22:10:37.872 DEBUG 25502 --- [           main] o.h.p.entity.AbstractEntityPersister     : Static SQL for entity: com.spring.entity.User
2022-12-24 22:10:37.872 DEBUG 25502 --- [           main] o.h.p.entity.AbstractEntityPersister     :  Version select: select id from User where id =?
2022-12-24 22:10:37.872 DEBUG 25502 --- [           main] o.h.p.entity.AbstractEntityPersister     :  Snapshot select: select user_.id, user_.email as email2_1_, user_.phone as phone3_1_, user_.userFirstName as userfirs4_1_, user_.userLastName as userlast5_1_, user_.userName as username6_1_, user_.userPassword as userpass7_1_ from User user_ where user_.id=?
2022-12-24 22:10:37.872 DEBUG 25502 --- [           main] o.h.p.entity.AbstractEntityPersister     :  Insert 0: insert into User (email, phone, userFirstName, userLastName, userName, userPassword, id) values (?, ?, ?, ?, ?, ?, ?)
2022-12-24 22:10:37.872 DEBUG 25502 --- [           main] o.h.p.entity.AbstractEntityPersister     :  Update 0: update User set email=?, phone=?, userFirstName=?, userLastName=?, userName=?, userPassword=? where id=?
2022-12-24 22:10:37.872 DEBUG 25502 --- [           main] o.h.p.entity.AbstractEntityPersister     :  Delete 0: delete from User where id=?
2022-12-24 22:10:37.872 DEBUG 25502 --- [           main] o.h.p.entity.AbstractEntityPersister     :  Identity insert: insert into User (email, phone, userFirstName, userLastName, userName, userPassword) values (?, ?, ?, ?, ?, ?)
2022-12-24 22:10:37.872 DEBUG 25502 --- [           main] o.h.l.p.b.i.spaces.QuerySpacesImpl       : Adding QuerySpace : uid = <gen:0> -> org.hibernate.loader.plan.build.internal.spaces.EntityQuerySpaceImpl@5bb99d1d]
2022-12-24 22:10:37.872 DEBUG 25502 --- [           main] o.h.p.walking.spi.MetamodelGraphWalker   : Visiting attribute path : email
2022-12-24 22:10:37.873 DEBUG 25502 --- [           main] o.h.p.walking.spi.MetamodelGraphWalker   : Visiting attribute path : phone
2022-12-24 22:10:37.873 DEBUG 25502 --- [           main] o.h.p.walking.spi.MetamodelGraphWalker   : Visiting attribute path : roles
2022-12-24 22:10:37.876 DEBUG 25502 --- [           main] o.h.l.p.b.i.spaces.QuerySpacesImpl       : Adding QuerySpace : uid = <gen:1> -> org.hibernate.loader.plan.build.internal.spaces.CollectionQuerySpaceImpl@e4b54d3]
2022-12-24 22:10:37.878 DEBUG 25502 --- [           main] o.h.l.p.b.i.spaces.QuerySpacesImpl       : Adding QuerySpace : uid = <gen:2> -> org.hibernate.loader.plan.build.internal.spaces.EntityQuerySpaceImpl@2faf6e4a]
2022-12-24 22:10:37.879 DEBUG 25502 --- [           main] o.h.p.walking.spi.MetamodelGraphWalker   : Visiting attribute path : roles.roleDescription
2022-12-24 22:10:37.879 DEBUG 25502 --- [           main] o.h.p.walking.spi.MetamodelGraphWalker   : Visiting attribute path : roles.roleName
2022-12-24 22:10:37.879 DEBUG 25502 --- [           main] o.h.p.walking.spi.MetamodelGraphWalker   : Visiting attribute path : userFirstName
2022-12-24 22:10:37.880 DEBUG 25502 --- [           main] o.h.p.walking.spi.MetamodelGraphWalker   : Visiting attribute path : userLastName
2022-12-24 22:10:37.880 DEBUG 25502 --- [           main] o.h.p.walking.spi.MetamodelGraphWalker   : Visiting attribute path : userName
2022-12-24 22:10:37.880 DEBUG 25502 --- [           main] o.h.p.walking.spi.MetamodelGraphWalker   : Visiting attribute path : userPassword
2022-12-24 22:10:37.880 DEBUG 25502 --- [           main] lanBuildingAssociationVisitationStrategy : Building LoadPlan...
2022-12-24 22:10:37.880 DEBUG 25502 --- [           main] h.l.p.e.i.LoadQueryJoinAndFetchProcessor : processing queryspace <gen:0>
2022-12-24 22:10:37.882 DEBUG 25502 --- [           main] o.h.l.p.build.spi.LoadPlanTreePrinter    : LoadPlan(entity=com.spring.entity.User)
    - Returns
       - EntityReturnImpl(entity=com.spring.entity.User, querySpaceUid=<gen:0>, path=com.spring.entity.User)
          - CollectionAttributeFetchImpl(collection=com.spring.entity.User.roles, querySpaceUid=<gen:1>, path=com.spring.entity.User.roles)
             - (collection element) CollectionFetchableElementEntityGraph(entity=com.spring.entity.Role, querySpaceUid=<gen:2>, path=com.spring.entity.User.roles.<elements>)
    - QuerySpaces
       - EntityQuerySpaceImpl(uid=<gen:0>, entity=com.spring.entity.User)
          - SQL table alias mapping - user0_
          - alias suffix - 0_
          - suffixed key columns - {id1_1_0_}
          - JOIN (JoinDefinedByMetadata(roles)) : <gen:0> -> <gen:1>
             - CollectionQuerySpaceImpl(uid=<gen:1>, collection=com.spring.entity.User.roles)
                - SQL table alias mapping - roles1_
                - alias suffix - 1_
                - suffixed key columns - {user_id1_2_1_}
                - entity-element alias suffix - 2_
                - 2_entity-element suffixed key columns - id1_0_2_
                - JOIN (JoinDefinedByMetadata(elements)) : <gen:1> -> <gen:2>
                   - EntityQuerySpaceImpl(uid=<gen:2>, entity=com.spring.entity.Role)
                      - SQL table alias mapping - role2_
                      - alias suffix - 2_
                      - suffixed key columns - {id1_0_2_}

2022-12-24 22:10:37.882 DEBUG 25502 --- [           main] o.h.loader.entity.plan.EntityLoader      : Static select for entity com.spring.entity.User [NONE]: select user0_.id as id1_1_0_, user0_.email as email2_1_0_, user0_.phone as phone3_1_0_, user0_.userFirstName as userfirs4_1_0_, user0_.userLastName as userlast5_1_0_, user0_.userName as username6_1_0_, user0_.userPassword as userpass7_1_0_, roles1_.user_id as user_id1_2_1_, role2_.id as role_id2_2_1_, role2_.id as id1_0_2_, role2_.roleDescription as roledesc2_0_2_, role2_.roleName as rolename3_0_2_ from User user0_ left outer join user_role roles1_ on user0_.id=roles1_.user_id left outer join Role role2_ on roles1_.role_id=role2_.id where user0_.id=?
2022-12-24 22:10:37.885 DEBUG 25502 --- [           main] o.h.l.p.b.i.spaces.QuerySpacesImpl       : Adding QuerySpace : uid = <gen:0> -> org.hibernate.loader.plan.build.internal.spaces.CollectionQuerySpaceImpl@846b47]
2022-12-24 22:10:37.885 DEBUG 25502 --- [           main] o.h.l.p.b.i.spaces.QuerySpacesImpl       : Adding QuerySpace : uid = <gen:1> -> org.hibernate.loader.plan.build.internal.spaces.EntityQuerySpaceImpl@3c3ab672]
2022-12-24 22:10:37.885 DEBUG 25502 --- [           main] o.h.p.walking.spi.MetamodelGraphWalker   : Visiting attribute path : roleDescription
2022-12-24 22:10:37.885 DEBUG 25502 --- [           main] o.h.p.walking.spi.MetamodelGraphWalker   : Visiting attribute path : roleName
2022-12-24 22:10:37.885 DEBUG 25502 --- [           main] lanBuildingAssociationVisitationStrategy : Building LoadPlan...
2022-12-24 22:10:37.887 DEBUG 25502 --- [           main] h.l.p.e.i.LoadQueryJoinAndFetchProcessor : processing queryspace <gen:0>
2022-12-24 22:10:37.887 DEBUG 25502 --- [           main] o.h.l.p.build.spi.LoadPlanTreePrinter    : LoadPlan(collection=com.spring.entity.User.roles)
    - Returns
       - CollectionReturnImpl(collection=com.spring.entity.User.roles, querySpaceUid=<gen:0>, path=[com.spring.entity.User.roles])
          - (collection element) CollectionFetchableElementEntityGraph(entity=com.spring.entity.Role, querySpaceUid=<gen:1>, path=[com.spring.entity.User.roles].<elements>)
    - QuerySpaces
       - CollectionQuerySpaceImpl(uid=<gen:0>, collection=com.spring.entity.User.roles)
          - SQL table alias mapping - roles0_
          - alias suffix - 0_
          - suffixed key columns - {user_id1_2_0_}
          - entity-element alias suffix - 1_
          - 1_entity-element suffixed key columns - id1_0_1_
          - JOIN (JoinDefinedByMetadata(elements)) : <gen:0> -> <gen:1>
             - EntityQuerySpaceImpl(uid=<gen:1>, entity=com.spring.entity.Role)
                - SQL table alias mapping - role1_
                - alias suffix - 1_
                - suffixed key columns - {id1_0_1_}

2022-12-24 22:10:37.887 DEBUG 25502 --- [           main] o.h.l.collection.plan.CollectionLoader   : Static select for collection com.spring.entity.User.roles: select roles0_.user_id as user_id1_2_0_, roles0_.role_id as role_id2_2_0_, role1_.id as id1_0_1_, role1_.roleDescription as roledesc2_0_1_, role1_.roleName as rolename3_0_1_ from user_role roles0_ inner join Role role1_ on roles0_.role_id=role1_.id where roles0_.user_id=?
2022-12-24 22:10:37.930 DEBUG 25502 --- [           main] com.zaxxer.hikari.HikariConfig           : HikariPool-1 - configuration:
2022-12-24 22:10:37.931 DEBUG 25502 --- [           main] com.zaxxer.hikari.HikariConfig           : allowPoolSuspension................................false
2022-12-24 22:10:37.931 DEBUG 25502 --- [           main] com.zaxxer.hikari.HikariConfig           : autoCommit................................true
2022-12-24 22:10:37.931 DEBUG 25502 --- [           main] com.zaxxer.hikari.HikariConfig           : catalog................................none
2022-12-24 22:10:37.931 DEBUG 25502 --- [           main] com.zaxxer.hikari.HikariConfig           : connectionInitSql................................none
2022-12-24 22:10:37.932 DEBUG 25502 --- [           main] com.zaxxer.hikari.HikariConfig           : connectionTestQuery................................none
2022-12-24 22:10:37.932 DEBUG 25502 --- [           main] com.zaxxer.hikari.HikariConfig           : connectionTimeout................................30000
2022-12-24 22:10:37.932 DEBUG 25502 --- [           main] com.zaxxer.hikari.HikariConfig           : dataSource................................none
2022-12-24 22:10:37.932 DEBUG 25502 --- [           main] com.zaxxer.hikari.HikariConfig           : dataSourceClassName................................none
2022-12-24 22:10:37.932 DEBUG 25502 --- [           main] com.zaxxer.hikari.HikariConfig           : dataSourceJNDI................................none
2022-12-24 22:10:37.932 DEBUG 25502 --- [           main] com.zaxxer.hikari.HikariConfig           : dataSourceProperties................................{password=<masked>}
2022-12-24 22:10:37.932 DEBUG 25502 --- [           main] com.zaxxer.hikari.HikariConfig           : driverClassName................................"com.mysql.cj.jdbc.Driver"
2022-12-24 22:10:37.932 DEBUG 25502 --- [           main] com.zaxxer.hikari.HikariConfig           : exceptionOverrideClassName................................none
2022-12-24 22:10:37.932 DEBUG 25502 --- [           main] com.zaxxer.hikari.HikariConfig           : healthCheckProperties................................{}
2022-12-24 22:10:37.932 DEBUG 25502 --- [           main] com.zaxxer.hikari.HikariConfig           : healthCheckRegistry................................none
2022-12-24 22:10:37.932 DEBUG 25502 --- [           main] com.zaxxer.hikari.HikariConfig           : idleTimeout................................600000
2022-12-24 22:10:37.932 DEBUG 25502 --- [           main] com.zaxxer.hikari.HikariConfig           : initializationFailTimeout................................1
2022-12-24 22:10:37.932 DEBUG 25502 --- [           main] com.zaxxer.hikari.HikariConfig           : isolateInternalQueries................................false
2022-12-24 22:10:37.932 DEBUG 25502 --- [           main] com.zaxxer.hikari.HikariConfig           : jdbcUrl................................jdbc:mysql://mysqldb:3306/room?autoReconnect=true&useSSL=false&useUnicode=true&characterEncoding=utf8
2022-12-24 22:10:37.932 DEBUG 25502 --- [           main] com.zaxxer.hikari.HikariConfig           : keepaliveTime................................0
2022-12-24 22:10:37.932 DEBUG 25502 --- [           main] com.zaxxer.hikari.HikariConfig           : leakDetectionThreshold................................0
2022-12-24 22:10:37.932 DEBUG 25502 --- [           main] com.zaxxer.hikari.HikariConfig           : maxLifetime................................1800000
2022-12-24 22:10:37.932 DEBUG 25502 --- [           main] com.zaxxer.hikari.HikariConfig           : maximumPoolSize................................10
2022-12-24 22:10:37.932 DEBUG 25502 --- [           main] com.zaxxer.hikari.HikariConfig           : metricRegistry................................none
2022-12-24 22:10:37.932 DEBUG 25502 --- [           main] com.zaxxer.hikari.HikariConfig           : metricsTrackerFactory................................none
2022-12-24 22:10:37.933 DEBUG 25502 --- [           main] com.zaxxer.hikari.HikariConfig           : minimumIdle................................10
2022-12-24 22:10:37.933 DEBUG 25502 --- [           main] com.zaxxer.hikari.HikariConfig           : password................................<masked>
2022-12-24 22:10:37.933 DEBUG 25502 --- [           main] com.zaxxer.hikari.HikariConfig           : poolName................................"HikariPool-1"
2022-12-24 22:10:37.933 DEBUG 25502 --- [           main] com.zaxxer.hikari.HikariConfig           : readOnly................................false
2022-12-24 22:10:37.933 DEBUG 25502 --- [           main] com.zaxxer.hikari.HikariConfig           : registerMbeans................................false
2022-12-24 22:10:37.933 DEBUG 25502 --- [           main] com.zaxxer.hikari.HikariConfig           : scheduledExecutor................................none
2022-12-24 22:10:37.933 DEBUG 25502 --- [           main] com.zaxxer.hikari.HikariConfig           : schema................................none
2022-12-24 22:10:37.933 DEBUG 25502 --- [           main] com.zaxxer.hikari.HikariConfig           : threadFactory................................internal
2022-12-24 22:10:37.933 DEBUG 25502 --- [           main] com.zaxxer.hikari.HikariConfig           : transactionIsolation................................default
2022-12-24 22:10:37.933 DEBUG 25502 --- [           main] com.zaxxer.hikari.HikariConfig           : username................................"root"
2022-12-24 22:10:37.933 DEBUG 25502 --- [           main] com.zaxxer.hikari.HikariConfig           : validationTimeout................................5000
2022-12-24 22:10:37.933  INFO 25502 --- [           main] com.zaxxer.hikari.HikariDataSource       : HikariPool-1 - Starting...
2022-12-24 22:10:41.945 DEBUG 25502 --- [           main] com.zaxxer.hikari.pool.PoolBase          : HikariPool-1 - Failed to create/setup connection: Could not create connection to database server. Attempted reconnect 3 times. Giving up.
2022-12-24 22:10:41.946 DEBUG 25502 --- [           main] com.zaxxer.hikari.pool.HikariPool        : HikariPool-1 - Cannot acquire connection from data source

java.sql.SQLNonTransientConnectionException: Could not create connection to database server. Attempted reconnect 3 times. Giving up.
	at com.mysql.cj.jdbc.exceptions.SQLError.createSQLException(SQLError.java:110) ~[mysql-connector-java-8.0.26.jar:8.0.26]
	at com.mysql.cj.jdbc.exceptions.SQLError.createSQLException(SQLError.java:97) ~[mysql-connector-java-8.0.26.jar:8.0.26]
	at com.mysql.cj.jdbc.exceptions.SQLError.createSQLException(SQLError.java:89) ~[mysql-connector-java-8.0.26.jar:8.0.26]
	at com.mysql.cj.jdbc.exceptions.SQLError.createSQLException(SQLError.java:63) ~[mysql-connector-java-8.0.26.jar:8.0.26]
	at com.mysql.cj.jdbc.exceptions.SQLError.createSQLException(SQLError.java:73) ~[mysql-connector-java-8.0.26.jar:8.0.26]
	at com.mysql.cj.jdbc.ConnectionImpl.connectWithRetries(ConnectionImpl.java:898) ~[mysql-connector-java-8.0.26.jar:8.0.26]
	at com.mysql.cj.jdbc.ConnectionImpl.createNewIO(ConnectionImpl.java:823) ~[mysql-connector-java-8.0.26.jar:8.0.26]
	at com.mysql.cj.jdbc.ConnectionImpl.<init>(ConnectionImpl.java:448) ~[mysql-connector-java-8.0.26.jar:8.0.26]
	at com.mysql.cj.jdbc.ConnectionImpl.getInstance(ConnectionImpl.java:241) ~[mysql-connector-java-8.0.26.jar:8.0.26]
	at com.mysql.cj.jdbc.NonRegisteringDriver.connect(NonRegisteringDriver.java:198) ~[mysql-connector-java-8.0.26.jar:8.0.26]
	at com.zaxxer.hikari.util.DriverDataSource.getConnection(DriverDataSource.java:138) ~[HikariCP-4.0.3.jar:na]
	at com.zaxxer.hikari.pool.PoolBase.newConnection(PoolBase.java:364) ~[HikariCP-4.0.3.jar:na]
	at com.zaxxer.hikari.pool.PoolBase.newPoolEntry(PoolBase.java:206) ~[HikariCP-4.0.3.jar:na]
	at com.zaxxer.hikari.pool.HikariPool.createPoolEntry(HikariPool.java:476) ~[HikariCP-4.0.3.jar:na]
	at com.zaxxer.hikari.pool.HikariPool.checkFailFast(HikariPool.java:561) ~[HikariCP-4.0.3.jar:na]
	at com.zaxxer.hikari.pool.HikariPool.<init>(HikariPool.java:115) ~[HikariCP-4.0.3.jar:na]
	at com.zaxxer.hikari.HikariDataSource.getConnection(HikariDataSource.java:112) ~[HikariCP-4.0.3.jar:na]
	at org.hibernate.engine.jdbc.connections.internal.DatasourceConnectionProviderImpl.getConnection(DatasourceConnectionProviderImpl.java:122) ~[hibernate-core-5.4.32.Final.jar:5.4.32.Final]
	at org.hibernate.engine.jdbc.env.internal.JdbcEnvironmentInitiator$ConnectionProviderJdbcConnectionAccess.obtainConnection(JdbcEnvironmentInitiator.java:180) ~[hibernate-core-5.4.32.Final.jar:5.4.32.Final]
	at org.hibernate.resource.transaction.backend.jdbc.internal.DdlTransactionIsolatorNonJtaImpl.getIsolatedConnection(DdlTransactionIsolatorNonJtaImpl.java:43) ~[hibernate-core-5.4.32.Final.jar:5.4.32.Final]
	at org.hibernate.tool.schema.internal.exec.ImprovedExtractionContextImpl.getJdbcConnection(ImprovedExtractionContextImpl.java:60) ~[hibernate-core-5.4.32.Final.jar:5.4.32.Final]
	at org.hibernate.tool.schema.internal.exec.ImprovedExtractionContextImpl.getJdbcDatabaseMetaData(ImprovedExtractionContextImpl.java:67) ~[hibernate-core-5.4.32.Final.jar:5.4.32.Final]
	at org.hibernate.tool.schema.extract.internal.InformationExtractorJdbcDatabaseMetaDataImpl.getTables(InformationExtractorJdbcDatabaseMetaDataImpl.java:333) ~[hibernate-core-5.4.32.Final.jar:5.4.32.Final]
	at org.hibernate.tool.schema.extract.internal.DatabaseInformationImpl.getTablesInformation(DatabaseInformationImpl.java:120) ~[hibernate-core-5.4.32.Final.jar:5.4.32.Final]
	at org.hibernate.tool.schema.internal.GroupedSchemaMigratorImpl.performTablesMigration(GroupedSchemaMigratorImpl.java:65) ~[hibernate-core-5.4.32.Final.jar:5.4.32.Final]
	at org.hibernate.tool.schema.internal.AbstractSchemaMigrator.performMigration(AbstractSchemaMigrator.java:207) ~[hibernate-core-5.4.32.Final.jar:5.4.32.Final]
	at org.hibernate.tool.schema.internal.AbstractSchemaMigrator.doMigration(AbstractSchemaMigrator.java:114) ~[hibernate-core-5.4.32.Final.jar:5.4.32.Final]
	at org.hibernate.tool.schema.spi.SchemaManagementToolCoordinator.performDatabaseAction(SchemaManagementToolCoordinator.java:184) ~[hibernate-core-5.4.32.Final.jar:5.4.32.Final]
	at org.hibernate.tool.schema.spi.SchemaManagementToolCoordinator.process(SchemaManagementToolCoordinator.java:73) ~[hibernate-core-5.4.32.Final.jar:5.4.32.Final]
	at org.hibernate.internal.SessionFactoryImpl.<init>(SessionFactoryImpl.java:318) ~[hibernate-core-5.4.32.Final.jar:5.4.32.Final]
	at org.hibernate.boot.internal.SessionFactoryBuilderImpl.build(SessionFactoryBuilderImpl.java:468) ~[hibernate-core-5.4.32.Final.jar:5.4.32.Final]
	at org.hibernate.jpa.boot.internal.EntityManagerFactoryBuilderImpl.build(EntityManagerFactoryBuilderImpl.java:1259) ~[hibernate-core-5.4.32.Final.jar:5.4.32.Final]
	at org.springframework.orm.jpa.vendor.SpringHibernateJpaPersistenceProvider.createContainerEntityManagerFactory(SpringHibernateJpaPersistenceProvider.java:58) ~[spring-orm-5.3.9.jar:5.3.9]
	at org.springframework.orm.jpa.LocalContainerEntityManagerFactoryBean.createNativeEntityManagerFactory(LocalContainerEntityManagerFactoryBean.java:365) ~[spring-orm-5.3.9.jar:5.3.9]
	at org.springframework.orm.jpa.AbstractEntityManagerFactoryBean.buildNativeEntityManagerFactory(AbstractEntityManagerFactoryBean.java:409) ~[spring-orm-5.3.9.jar:5.3.9]
	at org.springframework.orm.jpa.AbstractEntityManagerFactoryBean.afterPropertiesSet(AbstractEntityManagerFactoryBean.java:396) ~[spring-orm-5.3.9.jar:5.3.9]
	at org.springframework.orm.jpa.LocalContainerEntityManagerFactoryBean.afterPropertiesSet(LocalContainerEntityManagerFactoryBean.java:341) ~[spring-orm-5.3.9.jar:5.3.9]
	at org.springframework.beans.factory.support.AbstractAutowireCapableBeanFactory.invokeInitMethods(AbstractAutowireCapableBeanFactory.java:1845) ~[spring-beans-5.3.9.jar:5.3.9]
	at org.springframework.beans.factory.support.AbstractAutowireCapableBeanFactory.initializeBean(AbstractAutowireCapableBeanFactory.java:1782) ~[spring-beans-5.3.9.jar:5.3.9]
	at org.springframework.beans.factory.support.AbstractAutowireCapableBeanFactory.doCreateBean(AbstractAutowireCapableBeanFactory.java:602) ~[spring-beans-5.3.9.jar:5.3.9]
	at org.springframework.beans.factory.support.AbstractAutowireCapableBeanFactory.createBean(AbstractAutowireCapableBeanFactory.java:524) ~[spring-beans-5.3.9.jar:5.3.9]
	at org.springframework.beans.factory.support.AbstractBeanFactory.lambda$doGetBean$0(AbstractBeanFactory.java:335) ~[spring-beans-5.3.9.jar:5.3.9]
	at org.springframework.beans.factory.support.DefaultSingletonBeanRegistry.getSingleton(DefaultSingletonBeanRegistry.java:234) ~[spring-beans-5.3.9.jar:5.3.9]
	at org.springframework.beans.factory.support.AbstractBeanFactory.doGetBean(AbstractBeanFactory.java:333) ~[spring-beans-5.3.9.jar:5.3.9]
	at org.springframework.beans.factory.support.AbstractBeanFactory.getBean(AbstractBeanFactory.java:208) ~[spring-beans-5.3.9.jar:5.3.9]
	at org.springframework.context.support.AbstractApplicationContext.getBean(AbstractApplicationContext.java:1154) ~[spring-context-5.3.9.jar:5.3.9]
	at org.springframework.context.support.AbstractApplicationContext.finishBeanFactoryInitialization(AbstractApplicationContext.java:908) ~[spring-context-5.3.9.jar:5.3.9]
	at org.springframework.context.support.AbstractApplicationContext.refresh(AbstractApplicationContext.java:583) ~[spring-context-5.3.9.jar:5.3.9]
	at org.springframework.boot.SpringApplication.refresh(SpringApplication.java:754) ~[spring-boot-2.5.3.jar:2.5.3]
	at org.springframework.boot.SpringApplication.refreshContext(SpringApplication.java:434) ~[spring-boot-2.5.3.jar:2.5.3]
	at org.springframework.boot.SpringApplication.run(SpringApplication.java:338) ~[spring-boot-2.5.3.jar:2.5.3]
	at org.springframework.boot.test.context.SpringBootContextLoader.loadContext(SpringBootContextLoader.java:123) ~[spring-boot-test-2.5.3.jar:2.5.3]
	at org.springframework.test.context.cache.DefaultCacheAwareContextLoaderDelegate.loadContextInternal(DefaultCacheAwareContextLoaderDelegate.java:99) ~[spring-test-5.3.9.jar:5.3.9]
	at org.springframework.test.context.cache.DefaultCacheAwareContextLoaderDelegate.loadContext(DefaultCacheAwareContextLoaderDelegate.java:124) ~[spring-test-5.3.9.jar:5.3.9]
	at org.springframework.test.context.support.DefaultTestContext.getApplicationContext(DefaultTestContext.java:124) ~[spring-test-5.3.9.jar:5.3.9]
	at org.springframework.test.context.web.ServletTestExecutionListener.setUpRequestContextIfNecessary(ServletTestExecutionListener.java:190) ~[spring-test-5.3.9.jar:5.3.9]
	at org.springframework.test.context.web.ServletTestExecutionListener.prepareTestInstance(ServletTestExecutionListener.java:132) ~[spring-test-5.3.9.jar:5.3.9]
	at org.springframework.test.context.TestContextManager.prepareTestInstance(TestContextManager.java:244) ~[spring-test-5.3.9.jar:5.3.9]
	at org.springframework.test.context.junit.jupiter.SpringExtension.postProcessTestInstance(SpringExtension.java:138) ~[spring-test-5.3.9.jar:5.3.9]
	at org.junit.jupiter.engine.descriptor.ClassBasedTestDescriptor.lambda$invokeTestInstancePostProcessors$6(ClassBasedTestDescriptor.java:350) ~[junit-jupiter-engine-5.7.2.jar:5.7.2]
	at org.junit.jupiter.engine.descriptor.ClassBasedTestDescriptor.executeAndMaskThrowable(ClassBasedTestDescriptor.java:355) ~[junit-jupiter-engine-5.7.2.jar:5.7.2]
	at org.junit.jupiter.engine.descriptor.ClassBasedTestDescriptor.lambda$invokeTestInstancePostProcessors$7(ClassBasedTestDescriptor.java:350) ~[junit-jupiter-engine-5.7.2.jar:5.7.2]
	at java.base/java.util.stream.ReferencePipeline$3$1.accept(ReferencePipeline.java:197) ~[na:na]
	at java.base/java.util.stream.ReferencePipeline$2$1.accept(ReferencePipeline.java:179) ~[na:na]
	at java.base/java.util.ArrayList$ArrayListSpliterator.forEachRemaining(ArrayList.java:1625) ~[na:na]
	at java.base/java.util.stream.AbstractPipeline.copyInto(AbstractPipeline.java:509) ~[na:na]
	at java.base/java.util.stream.AbstractPipeline.wrapAndCopyInto(AbstractPipeline.java:499) ~[na:na]
	at java.base/java.util.stream.StreamSpliterators$WrappingSpliterator.forEachRemaining(StreamSpliterators.java:310) ~[na:na]
	at java.base/java.util.stream.Streams$ConcatSpliterator.forEachRemaining(Streams.java:735) ~[na:na]
	at java.base/java.util.stream.Streams$ConcatSpliterator.forEachRemaining(Streams.java:734) ~[na:na]
	at java.base/java.util.stream.ReferencePipeline$Head.forEach(ReferencePipeline.java:762) ~[na:na]
	at org.junit.jupiter.engine.descriptor.ClassBasedTestDescriptor.invokeTestInstancePostProcessors(ClassBasedTestDescriptor.java:349) ~[junit-jupiter-engine-5.7.2.jar:5.7.2]
	at org.junit.jupiter.engine.descriptor.ClassBasedTestDescriptor.lambda$instantiateAndPostProcessTestInstance$4(ClassBasedTestDescriptor.java:270) ~[junit-jupiter-engine-5.7.2.jar:5.7.2]
	at org.junit.platform.engine.support.hierarchical.ThrowableCollector.execute(ThrowableCollector.java:73) ~[junit-platform-engine-1.7.2.jar:1.7.2]
	at org.junit.jupiter.engine.descriptor.ClassBasedTestDescriptor.instantiateAndPostProcessTestInstance(ClassBasedTestDescriptor.java:269) ~[junit-jupiter-engine-5.7.2.jar:5.7.2]
	at org.junit.jupiter.engine.descriptor.ClassBasedTestDescriptor.lambda$testInstancesProvider$2(ClassBasedTestDescriptor.java:259) ~[junit-jupiter-engine-5.7.2.jar:5.7.2]
	at java.base/java.util.Optional.orElseGet(Optional.java:364) ~[na:na]
	at org.junit.jupiter.engine.descriptor.ClassBasedTestDescriptor.lambda$testInstancesProvider$3(ClassBasedTestDescriptor.java:258) ~[junit-jupiter-engine-5.7.2.jar:5.7.2]
	at org.junit.jupiter.engine.execution.TestInstancesProvider.getTestInstances(TestInstancesProvider.java:31) ~[junit-jupiter-engine-5.7.2.jar:5.7.2]
	at org.junit.jupiter.engine.descriptor.TestMethodTestDescriptor.lambda$prepare$0(TestMethodTestDescriptor.java:101) ~[junit-jupiter-engine-5.7.2.jar:5.7.2]
	at org.junit.platform.engine.support.hierarchical.ThrowableCollector.execute(ThrowableCollector.java:73) ~[junit-platform-engine-1.7.2.jar:1.7.2]
	at org.junit.jupiter.engine.descriptor.TestMethodTestDescriptor.prepare(TestMethodTestDescriptor.java:100) ~[junit-jupiter-engine-5.7.2.jar:5.7.2]
	at org.junit.jupiter.engine.descriptor.TestMethodTestDescriptor.prepare(TestMethodTestDescriptor.java:65) ~[junit-jupiter-engine-5.7.2.jar:5.7.2]
	at org.junit.platform.engine.support.hierarchical.NodeTestTask.lambda$prepare$1(NodeTestTask.java:111) ~[junit-platform-engine-1.7.2.jar:1.7.2]
	at org.junit.platform.engine.support.hierarchical.ThrowableCollector.execute(ThrowableCollector.java:73) ~[junit-platform-engine-1.7.2.jar:1.7.2]
	at org.junit.platform.engine.support.hierarchical.NodeTestTask.prepare(NodeTestTask.java:111) ~[junit-platform-engine-1.7.2.jar:1.7.2]
	at org.junit.platform.engine.support.hierarchical.NodeTestTask.execute(NodeTestTask.java:79) ~[junit-platform-engine-1.7.2.jar:1.7.2]
	at java.base/java.util.ArrayList.forEach(ArrayList.java:1511) ~[na:na]
	at org.junit.platform.engine.support.hierarchical.SameThreadHierarchicalTestExecutorService.invokeAll(SameThreadHierarchicalTestExecutorService.java:38) ~[junit-platform-engine-1.7.2.jar:1.7.2]
	at org.junit.platform.engine.support.hierarchical.NodeTestTask.lambda$executeRecursively$5(NodeTestTask.java:143) ~[junit-platform-engine-1.7.2.jar:1.7.2]
	at org.junit.platform.engine.support.hierarchical.ThrowableCollector.execute(ThrowableCollector.java:73) ~[junit-platform-engine-1.7.2.jar:1.7.2]
	at org.junit.platform.engine.support.hierarchical.NodeTestTask.lambda$executeRecursively$7(NodeTestTask.java:129) ~[junit-platform-engine-1.7.2.jar:1.7.2]
	at org.junit.platform.engine.support.hierarchical.Node.around(Node.java:137) ~[junit-platform-engine-1.7.2.jar:1.7.2]
	at org.junit.platform.engine.support.hierarchical.NodeTestTask.lambda$executeRecursively$8(NodeTestTask.java:127) ~[junit-platform-engine-1.7.2.jar:1.7.2]
	at org.junit.platform.engine.support.hierarchical.ThrowableCollector.execute(ThrowableCollector.java:73) ~[junit-platform-engine-1.7.2.jar:1.7.2]
	at org.junit.platform.engine.support.hierarchical.NodeTestTask.executeRecursively(NodeTestTask.java:126) ~[junit-platform-engine-1.7.2.jar:1.7.2]
	at org.junit.platform.engine.support.hierarchical.NodeTestTask.execute(NodeTestTask.java:84) ~[junit-platform-engine-1.7.2.jar:1.7.2]
	at java.base/java.util.ArrayList.forEach(ArrayList.java:1511) ~[na:na]
	at org.junit.platform.engine.support.hierarchical.SameThreadHierarchicalTestExecutorService.invokeAll(SameThreadHierarchicalTestExecutorService.java:38) ~[junit-platform-engine-1.7.2.jar:1.7.2]
	at org.junit.platform.engine.support.hierarchical.NodeTestTask.lambda$executeRecursively$5(NodeTestTask.java:143) ~[junit-platform-engine-1.7.2.jar:1.7.2]
	at org.junit.platform.engine.support.hierarchical.ThrowableCollector.execute(ThrowableCollector.java:73) ~[junit-platform-engine-1.7.2.jar:1.7.2]
	at org.junit.platform.engine.support.hierarchical.NodeTestTask.lambda$executeRecursively$7(NodeTestTask.java:129) ~[junit-platform-engine-1.7.2.jar:1.7.2]
	at org.junit.platform.engine.support.hierarchical.Node.around(Node.java:137) ~[junit-platform-engine-1.7.2.jar:1.7.2]
	at org.junit.platform.engine.support.hierarchical.NodeTestTask.lambda$executeRecursively$8(NodeTestTask.java:127) ~[junit-platform-engine-1.7.2.jar:1.7.2]
	at org.junit.platform.engine.support.hierarchical.ThrowableCollector.execute(ThrowableCollector.java:73) ~[junit-platform-engine-1.7.2.jar:1.7.2]
	at org.junit.platform.engine.support.hierarchical.NodeTestTask.executeRecursively(NodeTestTask.java:126) ~[junit-platform-engine-1.7.2.jar:1.7.2]
	at org.junit.platform.engine.support.hierarchical.NodeTestTask.execute(NodeTestTask.java:84) ~[junit-platform-engine-1.7.2.jar:1.7.2]
	at org.junit.platform.engine.support.hierarchical.SameThreadHierarchicalTestExecutorService.submit(SameThreadHierarchicalTestExecutorService.java:32) ~[junit-platform-engine-1.7.2.jar:1.7.2]
	at org.junit.platform.engine.support.hierarchical.HierarchicalTestExecutor.execute(HierarchicalTestExecutor.java:57) ~[junit-platform-engine-1.7.2.jar:1.7.2]
	at org.junit.platform.engine.support.hierarchical.HierarchicalTestEngine.execute(HierarchicalTestEngine.java:51) ~[junit-platform-engine-1.7.2.jar:1.7.2]
	at org.junit.platform.launcher.core.DefaultLauncher.execute(DefaultLauncher.java:220) ~[junit-platform-launcher-1.3.1.jar:1.3.1]
	at org.junit.platform.launcher.core.DefaultLauncher.lambda$execute$6(DefaultLauncher.java:188) ~[junit-platform-launcher-1.3.1.jar:1.3.1]
	at org.junit.platform.launcher.core.DefaultLauncher.withInterceptedStreams(DefaultLauncher.java:202) ~[junit-platform-launcher-1.3.1.jar:1.3.1]
	at org.junit.platform.launcher.core.DefaultLauncher.execute(DefaultLauncher.java:181) ~[junit-platform-launcher-1.3.1.jar:1.3.1]
	at org.junit.platform.launcher.core.DefaultLauncher.execute(DefaultLauncher.java:128) ~[junit-platform-launcher-1.3.1.jar:1.3.1]
	at org.apache.maven.surefire.junitplatform.JUnitPlatformProvider.invokeAllTests(JUnitPlatformProvider.java:150) ~[surefire-junit-platform-2.22.2.jar:2.22.2]
	at org.apache.maven.surefire.junitplatform.JUnitPlatformProvider.invoke(JUnitPlatformProvider.java:124) ~[surefire-junit-platform-2.22.2.jar:2.22.2]
	at org.apache.maven.surefire.booter.ForkedBooter.invokeProviderInSameClassLoader(ForkedBooter.java:384) ~[surefire-booter-2.22.2.jar:2.22.2]
	at org.apache.maven.surefire.booter.ForkedBooter.runSuitesInProcess(ForkedBooter.java:345) ~[surefire-booter-2.22.2.jar:2.22.2]
	at org.apache.maven.surefire.booter.ForkedBooter.execute(ForkedBooter.java:126) ~[surefire-booter-2.22.2.jar:2.22.2]
	at org.apache.maven.surefire.booter.ForkedBooter.main(ForkedBooter.java:418) ~[surefire-booter-2.22.2.jar:2.22.2]
Caused by: com.mysql.cj.exceptions.CJCommunicationsException: Communications link failure

The last packet sent successfully to the server was 0 milliseconds ago. The driver has not received any packets from the server.
	at java.base/jdk.internal.reflect.DirectConstructorHandleAccessor.newInstance(DirectConstructorHandleAccessor.java:67) ~[na:na]
	at java.base/java.lang.reflect.Constructor.newInstanceWithCaller(Constructor.java:500) ~[na:na]
	at java.base/java.lang.reflect.Constructor.newInstance(Constructor.java:484) ~[na:na]
	at com.mysql.cj.exceptions.ExceptionFactory.createException(ExceptionFactory.java:61) ~[mysql-connector-java-8.0.26.jar:8.0.26]
	at com.mysql.cj.exceptions.ExceptionFactory.createException(ExceptionFactory.java:105) ~[mysql-connector-java-8.0.26.jar:8.0.26]
	at com.mysql.cj.exceptions.ExceptionFactory.createException(ExceptionFactory.java:151) ~[mysql-connector-java-8.0.26.jar:8.0.26]
	at com.mysql.cj.exceptions.ExceptionFactory.createCommunicationsException(ExceptionFactory.java:167) ~[mysql-connector-java-8.0.26.jar:8.0.26]
	at com.mysql.cj.protocol.a.NativeSocketConnection.connect(NativeSocketConnection.java:89) ~[mysql-connector-java-8.0.26.jar:8.0.26]
	at com.mysql.cj.NativeSession.connect(NativeSession.java:119) ~[mysql-connector-java-8.0.26.jar:8.0.26]
	at com.mysql.cj.jdbc.ConnectionImpl.connectWithRetries(ConnectionImpl.java:842) ~[mysql-connector-java-8.0.26.jar:8.0.26]
	... 115 common frames omitted
Caused by: java.net.UnknownHostException: mysqldb
	at java.base/java.net.InetAddress$CachedAddresses.get(InetAddress.java:952) ~[na:na]
	at java.base/java.net.InetAddress.getAllByName0(InetAddress.java:1658) ~[na:na]
	at java.base/java.net.InetAddress.getAllByName(InetAddress.java:1524) ~[na:na]
	at com.mysql.cj.protocol.StandardSocketFactory.connect(StandardSocketFactory.java:133) ~[mysql-connector-java-8.0.26.jar:8.0.26]
	at com.mysql.cj.protocol.a.NativeSocketConnection.connect(NativeSocketConnection.java:63) ~[mysql-connector-java-8.0.26.jar:8.0.26]
	... 117 common frames omitted

2022-12-24 22:10:42.949 ERROR 25502 --- [           main] com.zaxxer.hikari.pool.HikariPool        : HikariPool-1 - Exception during pool initialization.

java.sql.SQLNonTransientConnectionException: Could not create connection to database server. Attempted reconnect 3 times. Giving up.
	at com.mysql.cj.jdbc.exceptions.SQLError.createSQLException(SQLError.java:110) ~[mysql-connector-java-8.0.26.jar:8.0.26]
	at com.mysql.cj.jdbc.exceptions.SQLError.createSQLException(SQLError.java:97) ~[mysql-connector-java-8.0.26.jar:8.0.26]
	at com.mysql.cj.jdbc.exceptions.SQLError.createSQLException(SQLError.java:89) ~[mysql-connector-java-8.0.26.jar:8.0.26]
	at com.mysql.cj.jdbc.exceptions.SQLError.createSQLException(SQLError.java:63) ~[mysql-connector-java-8.0.26.jar:8.0.26]
	at com.mysql.cj.jdbc.exceptions.SQLError.createSQLException(SQLError.java:73) ~[mysql-connector-java-8.0.26.jar:8.0.26]
	at com.mysql.cj.jdbc.ConnectionImpl.connectWithRetries(ConnectionImpl.java:898) ~[mysql-connector-java-8.0.26.jar:8.0.26]
	at com.mysql.cj.jdbc.ConnectionImpl.createNewIO(ConnectionImpl.java:823) ~[mysql-connector-java-8.0.26.jar:8.0.26]
	at com.mysql.cj.jdbc.ConnectionImpl.<init>(ConnectionImpl.java:448) ~[mysql-connector-java-8.0.26.jar:8.0.26]
	at com.mysql.cj.jdbc.ConnectionImpl.getInstance(ConnectionImpl.java:241) ~[mysql-connector-java-8.0.26.jar:8.0.26]
	at com.mysql.cj.jdbc.NonRegisteringDriver.connect(NonRegisteringDriver.java:198) ~[mysql-connector-java-8.0.26.jar:8.0.26]
	at com.zaxxer.hikari.util.DriverDataSource.getConnection(DriverDataSource.java:138) ~[HikariCP-4.0.3.jar:na]
	at com.zaxxer.hikari.pool.PoolBase.newConnection(PoolBase.java:364) ~[HikariCP-4.0.3.jar:na]
	at com.zaxxer.hikari.pool.PoolBase.newPoolEntry(PoolBase.java:206) ~[HikariCP-4.0.3.jar:na]
	at com.zaxxer.hikari.pool.HikariPool.createPoolEntry(HikariPool.java:476) ~[HikariCP-4.0.3.jar:na]
	at com.zaxxer.hikari.pool.HikariPool.checkFailFast(HikariPool.java:561) ~[HikariCP-4.0.3.jar:na]
	at com.zaxxer.hikari.pool.HikariPool.<init>(HikariPool.java:115) ~[HikariCP-4.0.3.jar:na]
	at com.zaxxer.hikari.HikariDataSource.getConnection(HikariDataSource.java:112) ~[HikariCP-4.0.3.jar:na]
	at org.hibernate.engine.jdbc.connections.internal.DatasourceConnectionProviderImpl.getConnection(DatasourceConnectionProviderImpl.java:122) ~[hibernate-core-5.4.32.Final.jar:5.4.32.Final]
	at org.hibernate.engine.jdbc.env.internal.JdbcEnvironmentInitiator$ConnectionProviderJdbcConnectionAccess.obtainConnection(JdbcEnvironmentInitiator.java:180) ~[hibernate-core-5.4.32.Final.jar:5.4.32.Final]
	at org.hibernate.resource.transaction.backend.jdbc.internal.DdlTransactionIsolatorNonJtaImpl.getIsolatedConnection(DdlTransactionIsolatorNonJtaImpl.java:43) ~[hibernate-core-5.4.32.Final.jar:5.4.32.Final]
	at org.hibernate.tool.schema.internal.exec.ImprovedExtractionContextImpl.getJdbcConnection(ImprovedExtractionContextImpl.java:60) ~[hibernate-core-5.4.32.Final.jar:5.4.32.Final]
	at org.hibernate.tool.schema.internal.exec.ImprovedExtractionContextImpl.getJdbcDatabaseMetaData(ImprovedExtractionContextImpl.java:67) ~[hibernate-core-5.4.32.Final.jar:5.4.32.Final]
	at org.hibernate.tool.schema.extract.internal.InformationExtractorJdbcDatabaseMetaDataImpl.getTables(InformationExtractorJdbcDatabaseMetaDataImpl.java:333) ~[hibernate-core-5.4.32.Final.jar:5.4.32.Final]
	at org.hibernate.tool.schema.extract.internal.DatabaseInformationImpl.getTablesInformation(DatabaseInformationImpl.java:120) ~[hibernate-core-5.4.32.Final.jar:5.4.32.Final]
	at org.hibernate.tool.schema.internal.GroupedSchemaMigratorImpl.performTablesMigration(GroupedSchemaMigratorImpl.java:65) ~[hibernate-core-5.4.32.Final.jar:5.4.32.Final]
	at org.hibernate.tool.schema.internal.AbstractSchemaMigrator.performMigration(AbstractSchemaMigrator.java:207) ~[hibernate-core-5.4.32.Final.jar:5.4.32.Final]
	at org.hibernate.tool.schema.internal.AbstractSchemaMigrator.doMigration(AbstractSchemaMigrator.java:114) ~[hibernate-core-5.4.32.Final.jar:5.4.32.Final]
	at org.hibernate.tool.schema.spi.SchemaManagementToolCoordinator.performDatabaseAction(SchemaManagementToolCoordinator.java:184) ~[hibernate-core-5.4.32.Final.jar:5.4.32.Final]
	at org.hibernate.tool.schema.spi.SchemaManagementToolCoordinator.process(SchemaManagementToolCoordinator.java:73) ~[hibernate-core-5.4.32.Final.jar:5.4.32.Final]
	at org.hibernate.internal.SessionFactoryImpl.<init>(SessionFactoryImpl.java:318) ~[hibernate-core-5.4.32.Final.jar:5.4.32.Final]
	at org.hibernate.boot.internal.SessionFactoryBuilderImpl.build(SessionFactoryBuilderImpl.java:468) ~[hibernate-core-5.4.32.Final.jar:5.4.32.Final]
	at org.hibernate.jpa.boot.internal.EntityManagerFactoryBuilderImpl.build(EntityManagerFactoryBuilderImpl.java:1259) ~[hibernate-core-5.4.32.Final.jar:5.4.32.Final]
	at org.springframework.orm.jpa.vendor.SpringHibernateJpaPersistenceProvider.createContainerEntityManagerFactory(SpringHibernateJpaPersistenceProvider.java:58) ~[spring-orm-5.3.9.jar:5.3.9]
	at org.springframework.orm.jpa.LocalContainerEntityManagerFactoryBean.createNativeEntityManagerFactory(LocalContainerEntityManagerFactoryBean.java:365) ~[spring-orm-5.3.9.jar:5.3.9]
	at org.springframework.orm.jpa.AbstractEntityManagerFactoryBean.buildNativeEntityManagerFactory(AbstractEntityManagerFactoryBean.java:409) ~[spring-orm-5.3.9.jar:5.3.9]
	at org.springframework.orm.jpa.AbstractEntityManagerFactoryBean.afterPropertiesSet(AbstractEntityManagerFactoryBean.java:396) ~[spring-orm-5.3.9.jar:5.3.9]
	at org.springframework.orm.jpa.LocalContainerEntityManagerFactoryBean.afterPropertiesSet(LocalContainerEntityManagerFactoryBean.java:341) ~[spring-orm-5.3.9.jar:5.3.9]
	at org.springframework.beans.factory.support.AbstractAutowireCapableBeanFactory.invokeInitMethods(AbstractAutowireCapableBeanFactory.java:1845) ~[spring-beans-5.3.9.jar:5.3.9]
	at org.springframework.beans.factory.support.AbstractAutowireCapableBeanFactory.initializeBean(AbstractAutowireCapableBeanFactory.java:1782) ~[spring-beans-5.3.9.jar:5.3.9]
	at org.springframework.beans.factory.support.AbstractAutowireCapableBeanFactory.doCreateBean(AbstractAutowireCapableBeanFactory.java:602) ~[spring-beans-5.3.9.jar:5.3.9]
	at org.springframework.beans.factory.support.AbstractAutowireCapableBeanFactory.createBean(AbstractAutowireCapableBeanFactory.java:524) ~[spring-beans-5.3.9.jar:5.3.9]
	at org.springframework.beans.factory.support.AbstractBeanFactory.lambda$doGetBean$0(AbstractBeanFactory.java:335) ~[spring-beans-5.3.9.jar:5.3.9]
	at org.springframework.beans.factory.support.DefaultSingletonBeanRegistry.getSingleton(DefaultSingletonBeanRegistry.java:234) ~[spring-beans-5.3.9.jar:5.3.9]
	at org.springframework.beans.factory.support.AbstractBeanFactory.doGetBean(AbstractBeanFactory.java:333) ~[spring-beans-5.3.9.jar:5.3.9]
	at org.springframework.beans.factory.support.AbstractBeanFactory.getBean(AbstractBeanFactory.java:208) ~[spring-beans-5.3.9.jar:5.3.9]
	at org.springframework.context.support.AbstractApplicationContext.getBean(AbstractApplicationContext.java:1154) ~[spring-context-5.3.9.jar:5.3.9]
	at org.springframework.context.support.AbstractApplicationContext.finishBeanFactoryInitialization(AbstractApplicationContext.java:908) ~[spring-context-5.3.9.jar:5.3.9]
	at org.springframework.context.support.AbstractApplicationContext.refresh(AbstractApplicationContext.java:583) ~[spring-context-5.3.9.jar:5.3.9]
	at org.springframework.boot.SpringApplication.refresh(SpringApplication.java:754) ~[spring-boot-2.5.3.jar:2.5.3]
	at org.springframework.boot.SpringApplication.refreshContext(SpringApplication.java:434) ~[spring-boot-2.5.3.jar:2.5.3]
	at org.springframework.boot.SpringApplication.run(SpringApplication.java:338) ~[spring-boot-2.5.3.jar:2.5.3]
	at org.springframework.boot.test.context.SpringBootContextLoader.loadContext(SpringBootContextLoader.java:123) ~[spring-boot-test-2.5.3.jar:2.5.3]
	at org.springframework.test.context.cache.DefaultCacheAwareContextLoaderDelegate.loadContextInternal(DefaultCacheAwareContextLoaderDelegate.java:99) ~[spring-test-5.3.9.jar:5.3.9]
	at org.springframework.test.context.cache.DefaultCacheAwareContextLoaderDelegate.loadContext(DefaultCacheAwareContextLoaderDelegate.java:124) ~[spring-test-5.3.9.jar:5.3.9]
	at org.springframework.test.context.support.DefaultTestContext.getApplicationContext(DefaultTestContext.java:124) ~[spring-test-5.3.9.jar:5.3.9]
	at org.springframework.test.context.web.ServletTestExecutionListener.setUpRequestContextIfNecessary(ServletTestExecutionListener.java:190) ~[spring-test-5.3.9.jar:5.3.9]
	at org.springframework.test.context.web.ServletTestExecutionListener.prepareTestInstance(ServletTestExecutionListener.java:132) ~[spring-test-5.3.9.jar:5.3.9]
	at org.springframework.test.context.TestContextManager.prepareTestInstance(TestContextManager.java:244) ~[spring-test-5.3.9.jar:5.3.9]
	at org.springframework.test.context.junit.jupiter.SpringExtension.postProcessTestInstance(SpringExtension.java:138) ~[spring-test-5.3.9.jar:5.3.9]
	at org.junit.jupiter.engine.descriptor.ClassBasedTestDescriptor.lambda$invokeTestInstancePostProcessors$6(ClassBasedTestDescriptor.java:350) ~[junit-jupiter-engine-5.7.2.jar:5.7.2]
	at org.junit.jupiter.engine.descriptor.ClassBasedTestDescriptor.executeAndMaskThrowable(ClassBasedTestDescriptor.java:355) ~[junit-jupiter-engine-5.7.2.jar:5.7.2]
	at org.junit.jupiter.engine.descriptor.ClassBasedTestDescriptor.lambda$invokeTestInstancePostProcessors$7(ClassBasedTestDescriptor.java:350) ~[junit-jupiter-engine-5.7.2.jar:5.7.2]
	at java.base/java.util.stream.ReferencePipeline$3$1.accept(ReferencePipeline.java:197) ~[na:na]
	at java.base/java.util.stream.ReferencePipeline$2$1.accept(ReferencePipeline.java:179) ~[na:na]
	at java.base/java.util.ArrayList$ArrayListSpliterator.forEachRemaining(ArrayList.java:1625) ~[na:na]
	at java.base/java.util.stream.AbstractPipeline.copyInto(AbstractPipeline.java:509) ~[na:na]
	at java.base/java.util.stream.AbstractPipeline.wrapAndCopyInto(AbstractPipeline.java:499) ~[na:na]
	at java.base/java.util.stream.StreamSpliterators$WrappingSpliterator.forEachRemaining(StreamSpliterators.java:310) ~[na:na]
	at java.base/java.util.stream.Streams$ConcatSpliterator.forEachRemaining(Streams.java:735) ~[na:na]
	at java.base/java.util.stream.Streams$ConcatSpliterator.forEachRemaining(Streams.java:734) ~[na:na]
	at java.base/java.util.stream.ReferencePipeline$Head.forEach(ReferencePipeline.java:762) ~[na:na]
	at org.junit.jupiter.engine.descriptor.ClassBasedTestDescriptor.invokeTestInstancePostProcessors(ClassBasedTestDescriptor.java:349) ~[junit-jupiter-engine-5.7.2.jar:5.7.2]
	at org.junit.jupiter.engine.descriptor.ClassBasedTestDescriptor.lambda$instantiateAndPostProcessTestInstance$4(ClassBasedTestDescriptor.java:270) ~[junit-jupiter-engine-5.7.2.jar:5.7.2]
	at org.junit.platform.engine.support.hierarchical.ThrowableCollector.execute(ThrowableCollector.java:73) ~[junit-platform-engine-1.7.2.jar:1.7.2]
	at org.junit.jupiter.engine.descriptor.ClassBasedTestDescriptor.instantiateAndPostProcessTestInstance(ClassBasedTestDescriptor.java:269) ~[junit-jupiter-engine-5.7.2.jar:5.7.2]
	at org.junit.jupiter.engine.descriptor.ClassBasedTestDescriptor.lambda$testInstancesProvider$2(ClassBasedTestDescriptor.java:259) ~[junit-jupiter-engine-5.7.2.jar:5.7.2]
	at java.base/java.util.Optional.orElseGet(Optional.java:364) ~[na:na]
	at org.junit.jupiter.engine.descriptor.ClassBasedTestDescriptor.lambda$testInstancesProvider$3(ClassBasedTestDescriptor.java:258) ~[junit-jupiter-engine-5.7.2.jar:5.7.2]
	at org.junit.jupiter.engine.execution.TestInstancesProvider.getTestInstances(TestInstancesProvider.java:31) ~[junit-jupiter-engine-5.7.2.jar:5.7.2]
	at org.junit.jupiter.engine.descriptor.TestMethodTestDescriptor.lambda$prepare$0(TestMethodTestDescriptor.java:101) ~[junit-jupiter-engine-5.7.2.jar:5.7.2]
	at org.junit.platform.engine.support.hierarchical.ThrowableCollector.execute(ThrowableCollector.java:73) ~[junit-platform-engine-1.7.2.jar:1.7.2]
	at org.junit.jupiter.engine.descriptor.TestMethodTestDescriptor.prepare(TestMethodTestDescriptor.java:100) ~[junit-jupiter-engine-5.7.2.jar:5.7.2]
	at org.junit.jupiter.engine.descriptor.TestMethodTestDescriptor.prepare(TestMethodTestDescriptor.java:65) ~[junit-jupiter-engine-5.7.2.jar:5.7.2]
	at org.junit.platform.engine.support.hierarchical.NodeTestTask.lambda$prepare$1(NodeTestTask.java:111) ~[junit-platform-engine-1.7.2.jar:1.7.2]
	at org.junit.platform.engine.support.hierarchical.ThrowableCollector.execute(ThrowableCollector.java:73) ~[junit-platform-engine-1.7.2.jar:1.7.2]
	at org.junit.platform.engine.support.hierarchical.NodeTestTask.prepare(NodeTestTask.java:111) ~[junit-platform-engine-1.7.2.jar:1.7.2]
	at org.junit.platform.engine.support.hierarchical.NodeTestTask.execute(NodeTestTask.java:79) ~[junit-platform-engine-1.7.2.jar:1.7.2]
	at java.base/java.util.ArrayList.forEach(ArrayList.java:1511) ~[na:na]
	at org.junit.platform.engine.support.hierarchical.SameThreadHierarchicalTestExecutorService.invokeAll(SameThreadHierarchicalTestExecutorService.java:38) ~[junit-platform-engine-1.7.2.jar:1.7.2]
	at org.junit.platform.engine.support.hierarchical.NodeTestTask.lambda$executeRecursively$5(NodeTestTask.java:143) ~[junit-platform-engine-1.7.2.jar:1.7.2]
	at org.junit.platform.engine.support.hierarchical.ThrowableCollector.execute(ThrowableCollector.java:73) ~[junit-platform-engine-1.7.2.jar:1.7.2]
	at org.junit.platform.engine.support.hierarchical.NodeTestTask.lambda$executeRecursively$7(NodeTestTask.java:129) ~[junit-platform-engine-1.7.2.jar:1.7.2]
	at org.junit.platform.engine.support.hierarchical.Node.around(Node.java:137) ~[junit-platform-engine-1.7.2.jar:1.7.2]
	at org.junit.platform.engine.support.hierarchical.NodeTestTask.lambda$executeRecursively$8(NodeTestTask.java:127) ~[junit-platform-engine-1.7.2.jar:1.7.2]
	at org.junit.platform.engine.support.hierarchical.ThrowableCollector.execute(ThrowableCollector.java:73) ~[junit-platform-engine-1.7.2.jar:1.7.2]
	at org.junit.platform.engine.support.hierarchical.NodeTestTask.executeRecursively(NodeTestTask.java:126) ~[junit-platform-engine-1.7.2.jar:1.7.2]
	at org.junit.platform.engine.support.hierarchical.NodeTestTask.execute(NodeTestTask.java:84) ~[junit-platform-engine-1.7.2.jar:1.7.2]
	at java.base/java.util.ArrayList.forEach(ArrayList.java:1511) ~[na:na]
	at org.junit.platform.engine.support.hierarchical.SameThreadHierarchicalTestExecutorService.invokeAll(SameThreadHierarchicalTestExecutorService.java:38) ~[junit-platform-engine-1.7.2.jar:1.7.2]
	at org.junit.platform.engine.support.hierarchical.NodeTestTask.lambda$executeRecursively$5(NodeTestTask.java:143) ~[junit-platform-engine-1.7.2.jar:1.7.2]
	at org.junit.platform.engine.support.hierarchical.ThrowableCollector.execute(ThrowableCollector.java:73) ~[junit-platform-engine-1.7.2.jar:1.7.2]
	at org.junit.platform.engine.support.hierarchical.NodeTestTask.lambda$executeRecursively$7(NodeTestTask.java:129) ~[junit-platform-engine-1.7.2.jar:1.7.2]
	at org.junit.platform.engine.support.hierarchical.Node.around(Node.java:137) ~[junit-platform-engine-1.7.2.jar:1.7.2]
	at org.junit.platform.engine.support.hierarchical.NodeTestTask.lambda$executeRecursively$8(NodeTestTask.java:127) ~[junit-platform-engine-1.7.2.jar:1.7.2]
	at org.junit.platform.engine.support.hierarchical.ThrowableCollector.execute(ThrowableCollector.java:73) ~[junit-platform-engine-1.7.2.jar:1.7.2]
	at org.junit.platform.engine.support.hierarchical.NodeTestTask.executeRecursively(NodeTestTask.java:126) ~[junit-platform-engine-1.7.2.jar:1.7.2]
	at org.junit.platform.engine.support.hierarchical.NodeTestTask.execute(NodeTestTask.java:84) ~[junit-platform-engine-1.7.2.jar:1.7.2]
	at org.junit.platform.engine.support.hierarchical.SameThreadHierarchicalTestExecutorService.submit(SameThreadHierarchicalTestExecutorService.java:32) ~[junit-platform-engine-1.7.2.jar:1.7.2]
	at org.junit.platform.engine.support.hierarchical.HierarchicalTestExecutor.execute(HierarchicalTestExecutor.java:57) ~[junit-platform-engine-1.7.2.jar:1.7.2]
	at org.junit.platform.engine.support.hierarchical.HierarchicalTestEngine.execute(HierarchicalTestEngine.java:51) ~[junit-platform-engine-1.7.2.jar:1.7.2]
	at org.junit.platform.launcher.core.DefaultLauncher.execute(DefaultLauncher.java:220) ~[junit-platform-launcher-1.3.1.jar:1.3.1]
	at org.junit.platform.launcher.core.DefaultLauncher.lambda$execute$6(DefaultLauncher.java:188) ~[junit-platform-launcher-1.3.1.jar:1.3.1]
	at org.junit.platform.launcher.core.DefaultLauncher.withInterceptedStreams(DefaultLauncher.java:202) ~[junit-platform-launcher-1.3.1.jar:1.3.1]
	at org.junit.platform.launcher.core.DefaultLauncher.execute(DefaultLauncher.java:181) ~[junit-platform-launcher-1.3.1.jar:1.3.1]
	at org.junit.platform.launcher.core.DefaultLauncher.execute(DefaultLauncher.java:128) ~[junit-platform-launcher-1.3.1.jar:1.3.1]
	at org.apache.maven.surefire.junitplatform.JUnitPlatformProvider.invokeAllTests(JUnitPlatformProvider.java:150) ~[surefire-junit-platform-2.22.2.jar:2.22.2]
	at org.apache.maven.surefire.junitplatform.JUnitPlatformProvider.invoke(JUnitPlatformProvider.java:124) ~[surefire-junit-platform-2.22.2.jar:2.22.2]
	at org.apache.maven.surefire.booter.ForkedBooter.invokeProviderInSameClassLoader(ForkedBooter.java:384) ~[surefire-booter-2.22.2.jar:2.22.2]
	at org.apache.maven.surefire.booter.ForkedBooter.runSuitesInProcess(ForkedBooter.java:345) ~[surefire-booter-2.22.2.jar:2.22.2]
	at org.apache.maven.surefire.booter.ForkedBooter.execute(ForkedBooter.java:126) ~[surefire-booter-2.22.2.jar:2.22.2]
	at org.apache.maven.surefire.booter.ForkedBooter.main(ForkedBooter.java:418) ~[surefire-booter-2.22.2.jar:2.22.2]
Caused by: com.mysql.cj.exceptions.CJCommunicationsException: Communications link failure

The last packet sent successfully to the server was 0 milliseconds ago. The driver has not received any packets from the server.
	at java.base/jdk.internal.reflect.DirectConstructorHandleAccessor.newInstance(DirectConstructorHandleAccessor.java:67) ~[na:na]
	at java.base/java.lang.reflect.Constructor.newInstanceWithCaller(Constructor.java:500) ~[na:na]
	at java.base/java.lang.reflect.Constructor.newInstance(Constructor.java:484) ~[na:na]
	at com.mysql.cj.exceptions.ExceptionFactory.createException(ExceptionFactory.java:61) ~[mysql-connector-java-8.0.26.jar:8.0.26]
	at com.mysql.cj.exceptions.ExceptionFactory.createException(ExceptionFactory.java:105) ~[mysql-connector-java-8.0.26.jar:8.0.26]
	at com.mysql.cj.exceptions.ExceptionFactory.createException(ExceptionFactory.java:151) ~[mysql-connector-java-8.0.26.jar:8.0.26]
	at com.mysql.cj.exceptions.ExceptionFactory.createCommunicationsException(ExceptionFactory.java:167) ~[mysql-connector-java-8.0.26.jar:8.0.26]
	at com.mysql.cj.protocol.a.NativeSocketConnection.connect(NativeSocketConnection.java:89) ~[mysql-connector-java-8.0.26.jar:8.0.26]
	at com.mysql.cj.NativeSession.connect(NativeSession.java:119) ~[mysql-connector-java-8.0.26.jar:8.0.26]
	at com.mysql.cj.jdbc.ConnectionImpl.connectWithRetries(ConnectionImpl.java:842) ~[mysql-connector-java-8.0.26.jar:8.0.26]
	... 115 common frames omitted
Caused by: java.net.UnknownHostException: mysqldb
	at java.base/java.net.InetAddress$CachedAddresses.get(InetAddress.java:952) ~[na:na]
	at java.base/java.net.InetAddress.getAllByName0(InetAddress.java:1658) ~[na:na]
	at java.base/java.net.InetAddress.getAllByName(InetAddress.java:1524) ~[na:na]
	at com.mysql.cj.protocol.StandardSocketFactory.connect(StandardSocketFactory.java:133) ~[mysql-connector-java-8.0.26.jar:8.0.26]
	at com.mysql.cj.protocol.a.NativeSocketConnection.connect(NativeSocketConnection.java:63) ~[mysql-connector-java-8.0.26.jar:8.0.26]
	... 117 common frames omitted

2022-12-24 22:10:42.951 DEBUG 25502 --- [           main] o.h.engine.jdbc.spi.SqlExceptionHelper   : Unable to open JDBC Connection for DDL execution [n/a]

java.sql.SQLNonTransientConnectionException: Could not create connection to database server. Attempted reconnect 3 times. Giving up.
	at com.mysql.cj.jdbc.exceptions.SQLError.createSQLException(SQLError.java:110) ~[mysql-connector-java-8.0.26.jar:8.0.26]
	at com.mysql.cj.jdbc.exceptions.SQLError.createSQLException(SQLError.java:97) ~[mysql-connector-java-8.0.26.jar:8.0.26]
	at com.mysql.cj.jdbc.exceptions.SQLError.createSQLException(SQLError.java:89) ~[mysql-connector-java-8.0.26.jar:8.0.26]
	at com.mysql.cj.jdbc.exceptions.SQLError.createSQLException(SQLError.java:63) ~[mysql-connector-java-8.0.26.jar:8.0.26]
	at com.mysql.cj.jdbc.exceptions.SQLError.createSQLException(SQLError.java:73) ~[mysql-connector-java-8.0.26.jar:8.0.26]
	at com.mysql.cj.jdbc.ConnectionImpl.connectWithRetries(ConnectionImpl.java:898) ~[mysql-connector-java-8.0.26.jar:8.0.26]
	at com.mysql.cj.jdbc.ConnectionImpl.createNewIO(ConnectionImpl.java:823) ~[mysql-connector-java-8.0.26.jar:8.0.26]
	at com.mysql.cj.jdbc.ConnectionImpl.<init>(ConnectionImpl.java:448) ~[mysql-connector-java-8.0.26.jar:8.0.26]
	at com.mysql.cj.jdbc.ConnectionImpl.getInstance(ConnectionImpl.java:241) ~[mysql-connector-java-8.0.26.jar:8.0.26]
	at com.mysql.cj.jdbc.NonRegisteringDriver.connect(NonRegisteringDriver.java:198) ~[mysql-connector-java-8.0.26.jar:8.0.26]
	at com.zaxxer.hikari.util.DriverDataSource.getConnection(DriverDataSource.java:138) ~[HikariCP-4.0.3.jar:na]
	at com.zaxxer.hikari.pool.PoolBase.newConnection(PoolBase.java:364) ~[HikariCP-4.0.3.jar:na]
	at com.zaxxer.hikari.pool.PoolBase.newPoolEntry(PoolBase.java:206) ~[HikariCP-4.0.3.jar:na]
	at com.zaxxer.hikari.pool.HikariPool.createPoolEntry(HikariPool.java:476) ~[HikariCP-4.0.3.jar:na]
	at com.zaxxer.hikari.pool.HikariPool.checkFailFast(HikariPool.java:561) ~[HikariCP-4.0.3.jar:na]
	at com.zaxxer.hikari.pool.HikariPool.<init>(HikariPool.java:115) ~[HikariCP-4.0.3.jar:na]
	at com.zaxxer.hikari.HikariDataSource.getConnection(HikariDataSource.java:112) ~[HikariCP-4.0.3.jar:na]
	at org.hibernate.engine.jdbc.connections.internal.DatasourceConnectionProviderImpl.getConnection(DatasourceConnectionProviderImpl.java:122) ~[hibernate-core-5.4.32.Final.jar:5.4.32.Final]
	at org.hibernate.engine.jdbc.env.internal.JdbcEnvironmentInitiator$ConnectionProviderJdbcConnectionAccess.obtainConnection(JdbcEnvironmentInitiator.java:180) ~[hibernate-core-5.4.32.Final.jar:5.4.32.Final]
	at org.hibernate.resource.transaction.backend.jdbc.internal.DdlTransactionIsolatorNonJtaImpl.getIsolatedConnection(DdlTransactionIsolatorNonJtaImpl.java:43) ~[hibernate-core-5.4.32.Final.jar:5.4.32.Final]
	at org.hibernate.tool.schema.internal.exec.ImprovedExtractionContextImpl.getJdbcConnection(ImprovedExtractionContextImpl.java:60) ~[hibernate-core-5.4.32.Final.jar:5.4.32.Final]
	at org.hibernate.tool.schema.internal.exec.ImprovedExtractionContextImpl.getJdbcDatabaseMetaData(ImprovedExtractionContextImpl.java:67) ~[hibernate-core-5.4.32.Final.jar:5.4.32.Final]
	at org.hibernate.tool.schema.extract.internal.InformationExtractorJdbcDatabaseMetaDataImpl.getTables(InformationExtractorJdbcDatabaseMetaDataImpl.java:333) ~[hibernate-core-5.4.32.Final.jar:5.4.32.Final]
	at org.hibernate.tool.schema.extract.internal.DatabaseInformationImpl.getTablesInformation(DatabaseInformationImpl.java:120) ~[hibernate-core-5.4.32.Final.jar:5.4.32.Final]
	at org.hibernate.tool.schema.internal.GroupedSchemaMigratorImpl.performTablesMigration(GroupedSchemaMigratorImpl.java:65) ~[hibernate-core-5.4.32.Final.jar:5.4.32.Final]
	at org.hibernate.tool.schema.internal.AbstractSchemaMigrator.performMigration(AbstractSchemaMigrator.java:207) ~[hibernate-core-5.4.32.Final.jar:5.4.32.Final]
	at org.hibernate.tool.schema.internal.AbstractSchemaMigrator.doMigration(AbstractSchemaMigrator.java:114) ~[hibernate-core-5.4.32.Final.jar:5.4.32.Final]
	at org.hibernate.tool.schema.spi.SchemaManagementToolCoordinator.performDatabaseAction(SchemaManagementToolCoordinator.java:184) ~[hibernate-core-5.4.32.Final.jar:5.4.32.Final]
	at org.hibernate.tool.schema.spi.SchemaManagementToolCoordinator.process(SchemaManagementToolCoordinator.java:73) ~[hibernate-core-5.4.32.Final.jar:5.4.32.Final]
	at org.hibernate.internal.SessionFactoryImpl.<init>(SessionFactoryImpl.java:318) ~[hibernate-core-5.4.32.Final.jar:5.4.32.Final]
	at org.hibernate.boot.internal.SessionFactoryBuilderImpl.build(SessionFactoryBuilderImpl.java:468) ~[hibernate-core-5.4.32.Final.jar:5.4.32.Final]
	at org.hibernate.jpa.boot.internal.EntityManagerFactoryBuilderImpl.build(EntityManagerFactoryBuilderImpl.java:1259) ~[hibernate-core-5.4.32.Final.jar:5.4.32.Final]
	at org.springframework.orm.jpa.vendor.SpringHibernateJpaPersistenceProvider.createContainerEntityManagerFactory(SpringHibernateJpaPersistenceProvider.java:58) ~[spring-orm-5.3.9.jar:5.3.9]
	at org.springframework.orm.jpa.LocalContainerEntityManagerFactoryBean.createNativeEntityManagerFactory(LocalContainerEntityManagerFactoryBean.java:365) ~[spring-orm-5.3.9.jar:5.3.9]
	at org.springframework.orm.jpa.AbstractEntityManagerFactoryBean.buildNativeEntityManagerFactory(AbstractEntityManagerFactoryBean.java:409) ~[spring-orm-5.3.9.jar:5.3.9]
	at org.springframework.orm.jpa.AbstractEntityManagerFactoryBean.afterPropertiesSet(AbstractEntityManagerFactoryBean.java:396) ~[spring-orm-5.3.9.jar:5.3.9]
	at org.springframework.orm.jpa.LocalContainerEntityManagerFactoryBean.afterPropertiesSet(LocalContainerEntityManagerFactoryBean.java:341) ~[spring-orm-5.3.9.jar:5.3.9]
	at org.springframework.beans.factory.support.AbstractAutowireCapableBeanFactory.invokeInitMethods(AbstractAutowireCapableBeanFactory.java:1845) ~[spring-beans-5.3.9.jar:5.3.9]
	at org.springframework.beans.factory.support.AbstractAutowireCapableBeanFactory.initializeBean(AbstractAutowireCapableBeanFactory.java:1782) ~[spring-beans-5.3.9.jar:5.3.9]
	at org.springframework.beans.factory.support.AbstractAutowireCapableBeanFactory.doCreateBean(AbstractAutowireCapableBeanFactory.java:602) ~[spring-beans-5.3.9.jar:5.3.9]
	at org.springframework.beans.factory.support.AbstractAutowireCapableBeanFactory.createBean(AbstractAutowireCapableBeanFactory.java:524) ~[spring-beans-5.3.9.jar:5.3.9]
	at org.springframework.beans.factory.support.AbstractBeanFactory.lambda$doGetBean$0(AbstractBeanFactory.java:335) ~[spring-beans-5.3.9.jar:5.3.9]
	at org.springframework.beans.factory.support.DefaultSingletonBeanRegistry.getSingleton(DefaultSingletonBeanRegistry.java:234) ~[spring-beans-5.3.9.jar:5.3.9]
	at org.springframework.beans.factory.support.AbstractBeanFactory.doGetBean(AbstractBeanFactory.java:333) ~[spring-beans-5.3.9.jar:5.3.9]
	at org.springframework.beans.factory.support.AbstractBeanFactory.getBean(AbstractBeanFactory.java:208) ~[spring-beans-5.3.9.jar:5.3.9]
	at org.springframework.context.support.AbstractApplicationContext.getBean(AbstractApplicationContext.java:1154) ~[spring-context-5.3.9.jar:5.3.9]
	at org.springframework.context.support.AbstractApplicationContext.finishBeanFactoryInitialization(AbstractApplicationContext.java:908) ~[spring-context-5.3.9.jar:5.3.9]
	at org.springframework.context.support.AbstractApplicationContext.refresh(AbstractApplicationContext.java:583) ~[spring-context-5.3.9.jar:5.3.9]
	at org.springframework.boot.SpringApplication.refresh(SpringApplication.java:754) ~[spring-boot-2.5.3.jar:2.5.3]
	at org.springframework.boot.SpringApplication.refreshContext(SpringApplication.java:434) ~[spring-boot-2.5.3.jar:2.5.3]
	at org.springframework.boot.SpringApplication.run(SpringApplication.java:338) ~[spring-boot-2.5.3.jar:2.5.3]
	at org.springframework.boot.test.context.SpringBootContextLoader.loadContext(SpringBootContextLoader.java:123) ~[spring-boot-test-2.5.3.jar:2.5.3]
	at org.springframework.test.context.cache.DefaultCacheAwareContextLoaderDelegate.loadContextInternal(DefaultCacheAwareContextLoaderDelegate.java:99) ~[spring-test-5.3.9.jar:5.3.9]
	at org.springframework.test.context.cache.DefaultCacheAwareContextLoaderDelegate.loadContext(DefaultCacheAwareContextLoaderDelegate.java:124) ~[spring-test-5.3.9.jar:5.3.9]
	at org.springframework.test.context.support.DefaultTestContext.getApplicationContext(DefaultTestContext.java:124) ~[spring-test-5.3.9.jar:5.3.9]
	at org.springframework.test.context.web.ServletTestExecutionListener.setUpRequestContextIfNecessary(ServletTestExecutionListener.java:190) ~[spring-test-5.3.9.jar:5.3.9]
	at org.springframework.test.context.web.ServletTestExecutionListener.prepareTestInstance(ServletTestExecutionListener.java:132) ~[spring-test-5.3.9.jar:5.3.9]
	at org.springframework.test.context.TestContextManager.prepareTestInstance(TestContextManager.java:244) ~[spring-test-5.3.9.jar:5.3.9]
	at org.springframework.test.context.junit.jupiter.SpringExtension.postProcessTestInstance(SpringExtension.java:138) ~[spring-test-5.3.9.jar:5.3.9]
	at org.junit.jupiter.engine.descriptor.ClassBasedTestDescriptor.lambda$invokeTestInstancePostProcessors$6(ClassBasedTestDescriptor.java:350) ~[junit-jupiter-engine-5.7.2.jar:5.7.2]
	at org.junit.jupiter.engine.descriptor.ClassBasedTestDescriptor.executeAndMaskThrowable(ClassBasedTestDescriptor.java:355) ~[junit-jupiter-engine-5.7.2.jar:5.7.2]
	at org.junit.jupiter.engine.descriptor.ClassBasedTestDescriptor.lambda$invokeTestInstancePostProcessors$7(ClassBasedTestDescriptor.java:350) ~[junit-jupiter-engine-5.7.2.jar:5.7.2]
	at java.base/java.util.stream.ReferencePipeline$3$1.accept(ReferencePipeline.java:197) ~[na:na]
	at java.base/java.util.stream.ReferencePipeline$2$1.accept(ReferencePipeline.java:179) ~[na:na]
	at java.base/java.util.ArrayList$ArrayListSpliterator.forEachRemaining(ArrayList.java:1625) ~[na:na]
	at java.base/java.util.stream.AbstractPipeline.copyInto(AbstractPipeline.java:509) ~[na:na]
	at java.base/java.util.stream.AbstractPipeline.wrapAndCopyInto(AbstractPipeline.java:499) ~[na:na]
	at java.base/java.util.stream.StreamSpliterators$WrappingSpliterator.forEachRemaining(StreamSpliterators.java:310) ~[na:na]
	at java.base/java.util.stream.Streams$ConcatSpliterator.forEachRemaining(Streams.java:735) ~[na:na]
	at java.base/java.util.stream.Streams$ConcatSpliterator.forEachRemaining(Streams.java:734) ~[na:na]
	at java.base/java.util.stream.ReferencePipeline$Head.forEach(ReferencePipeline.java:762) ~[na:na]
	at org.junit.jupiter.engine.descriptor.ClassBasedTestDescriptor.invokeTestInstancePostProcessors(ClassBasedTestDescriptor.java:349) ~[junit-jupiter-engine-5.7.2.jar:5.7.2]
	at org.junit.jupiter.engine.descriptor.ClassBasedTestDescriptor.lambda$instantiateAndPostProcessTestInstance$4(ClassBasedTestDescriptor.java:270) ~[junit-jupiter-engine-5.7.2.jar:5.7.2]
	at org.junit.platform.engine.support.hierarchical.ThrowableCollector.execute(ThrowableCollector.java:73) ~[junit-platform-engine-1.7.2.jar:1.7.2]
	at org.junit.jupiter.engine.descriptor.ClassBasedTestDescriptor.instantiateAndPostProcessTestInstance(ClassBasedTestDescriptor.java:269) ~[junit-jupiter-engine-5.7.2.jar:5.7.2]
	at org.junit.jupiter.engine.descriptor.ClassBasedTestDescriptor.lambda$testInstancesProvider$2(ClassBasedTestDescriptor.java:259) ~[junit-jupiter-engine-5.7.2.jar:5.7.2]
	at java.base/java.util.Optional.orElseGet(Optional.java:364) ~[na:na]
	at org.junit.jupiter.engine.descriptor.ClassBasedTestDescriptor.lambda$testInstancesProvider$3(ClassBasedTestDescriptor.java:258) ~[junit-jupiter-engine-5.7.2.jar:5.7.2]
	at org.junit.jupiter.engine.execution.TestInstancesProvider.getTestInstances(TestInstancesProvider.java:31) ~[junit-jupiter-engine-5.7.2.jar:5.7.2]
	at org.junit.jupiter.engine.descriptor.TestMethodTestDescriptor.lambda$prepare$0(TestMethodTestDescriptor.java:101) ~[junit-jupiter-engine-5.7.2.jar:5.7.2]
	at org.junit.platform.engine.support.hierarchical.ThrowableCollector.execute(ThrowableCollector.java:73) ~[junit-platform-engine-1.7.2.jar:1.7.2]
	at org.junit.jupiter.engine.descriptor.TestMethodTestDescriptor.prepare(TestMethodTestDescriptor.java:100) ~[junit-jupiter-engine-5.7.2.jar:5.7.2]
	at org.junit.jupiter.engine.descriptor.TestMethodTestDescriptor.prepare(TestMethodTestDescriptor.java:65) ~[junit-jupiter-engine-5.7.2.jar:5.7.2]
	at org.junit.platform.engine.support.hierarchical.NodeTestTask.lambda$prepare$1(NodeTestTask.java:111) ~[junit-platform-engine-1.7.2.jar:1.7.2]
	at org.junit.platform.engine.support.hierarchical.ThrowableCollector.execute(ThrowableCollector.java:73) ~[junit-platform-engine-1.7.2.jar:1.7.2]
	at org.junit.platform.engine.support.hierarchical.NodeTestTask.prepare(NodeTestTask.java:111) ~[junit-platform-engine-1.7.2.jar:1.7.2]
	at org.junit.platform.engine.support.hierarchical.NodeTestTask.execute(NodeTestTask.java:79) ~[junit-platform-engine-1.7.2.jar:1.7.2]
	at java.base/java.util.ArrayList.forEach(ArrayList.java:1511) ~[na:na]
	at org.junit.platform.engine.support.hierarchical.SameThreadHierarchicalTestExecutorService.invokeAll(SameThreadHierarchicalTestExecutorService.java:38) ~[junit-platform-engine-1.7.2.jar:1.7.2]
	at org.junit.platform.engine.support.hierarchical.NodeTestTask.lambda$executeRecursively$5(NodeTestTask.java:143) ~[junit-platform-engine-1.7.2.jar:1.7.2]
	at org.junit.platform.engine.support.hierarchical.ThrowableCollector.execute(ThrowableCollector.java:73) ~[junit-platform-engine-1.7.2.jar:1.7.2]
	at org.junit.platform.engine.support.hierarchical.NodeTestTask.lambda$executeRecursively$7(NodeTestTask.java:129) ~[junit-platform-engine-1.7.2.jar:1.7.2]
	at org.junit.platform.engine.support.hierarchical.Node.around(Node.java:137) ~[junit-platform-engine-1.7.2.jar:1.7.2]
	at org.junit.platform.engine.support.hierarchical.NodeTestTask.lambda$executeRecursively$8(NodeTestTask.java:127) ~[junit-platform-engine-1.7.2.jar:1.7.2]
	at org.junit.platform.engine.support.hierarchical.ThrowableCollector.execute(ThrowableCollector.java:73) ~[junit-platform-engine-1.7.2.jar:1.7.2]
	at org.junit.platform.engine.support.hierarchical.NodeTestTask.executeRecursively(NodeTestTask.java:126) ~[junit-platform-engine-1.7.2.jar:1.7.2]
	at org.junit.platform.engine.support.hierarchical.NodeTestTask.execute(NodeTestTask.java:84) ~[junit-platform-engine-1.7.2.jar:1.7.2]
	at java.base/java.util.ArrayList.forEach(ArrayList.java:1511) ~[na:na]
	at org.junit.platform.engine.support.hierarchical.SameThreadHierarchicalTestExecutorService.invokeAll(SameThreadHierarchicalTestExecutorService.java:38) ~[junit-platform-engine-1.7.2.jar:1.7.2]
	at org.junit.platform.engine.support.hierarchical.NodeTestTask.lambda$executeRecursively$5(NodeTestTask.java:143) ~[junit-platform-engine-1.7.2.jar:1.7.2]
	at org.junit.platform.engine.support.hierarchical.ThrowableCollector.execute(ThrowableCollector.java:73) ~[junit-platform-engine-1.7.2.jar:1.7.2]
	at org.junit.platform.engine.support.hierarchical.NodeTestTask.lambda$executeRecursively$7(NodeTestTask.java:129) ~[junit-platform-engine-1.7.2.jar:1.7.2]
	at org.junit.platform.engine.support.hierarchical.Node.around(Node.java:137) ~[junit-platform-engine-1.7.2.jar:1.7.2]
	at org.junit.platform.engine.support.hierarchical.NodeTestTask.lambda$executeRecursively$8(NodeTestTask.java:127) ~[junit-platform-engine-1.7.2.jar:1.7.2]
	at org.junit.platform.engine.support.hierarchical.ThrowableCollector.execute(ThrowableCollector.java:73) ~[junit-platform-engine-1.7.2.jar:1.7.2]
	at org.junit.platform.engine.support.hierarchical.NodeTestTask.executeRecursively(NodeTestTask.java:126) ~[junit-platform-engine-1.7.2.jar:1.7.2]
	at org.junit.platform.engine.support.hierarchical.NodeTestTask.execute(NodeTestTask.java:84) ~[junit-platform-engine-1.7.2.jar:1.7.2]
	at org.junit.platform.engine.support.hierarchical.SameThreadHierarchicalTestExecutorService.submit(SameThreadHierarchicalTestExecutorService.java:32) ~[junit-platform-engine-1.7.2.jar:1.7.2]
	at org.junit.platform.engine.support.hierarchical.HierarchicalTestExecutor.execute(HierarchicalTestExecutor.java:57) ~[junit-platform-engine-1.7.2.jar:1.7.2]
	at org.junit.platform.engine.support.hierarchical.HierarchicalTestEngine.execute(HierarchicalTestEngine.java:51) ~[junit-platform-engine-1.7.2.jar:1.7.2]
	at org.junit.platform.launcher.core.DefaultLauncher.execute(DefaultLauncher.java:220) ~[junit-platform-launcher-1.3.1.jar:1.3.1]
	at org.junit.platform.launcher.core.DefaultLauncher.lambda$execute$6(DefaultLauncher.java:188) ~[junit-platform-launcher-1.3.1.jar:1.3.1]
	at org.junit.platform.launcher.core.DefaultLauncher.withInterceptedStreams(DefaultLauncher.java:202) ~[junit-platform-launcher-1.3.1.jar:1.3.1]
	at org.junit.platform.launcher.core.DefaultLauncher.execute(DefaultLauncher.java:181) ~[junit-platform-launcher-1.3.1.jar:1.3.1]
	at org.junit.platform.launcher.core.DefaultLauncher.execute(DefaultLauncher.java:128) ~[junit-platform-launcher-1.3.1.jar:1.3.1]
	at org.apache.maven.surefire.junitplatform.JUnitPlatformProvider.invokeAllTests(JUnitPlatformProvider.java:150) ~[surefire-junit-platform-2.22.2.jar:2.22.2]
	at org.apache.maven.surefire.junitplatform.JUnitPlatformProvider.invoke(JUnitPlatformProvider.java:124) ~[surefire-junit-platform-2.22.2.jar:2.22.2]
	at org.apache.maven.surefire.booter.ForkedBooter.invokeProviderInSameClassLoader(ForkedBooter.java:384) ~[surefire-booter-2.22.2.jar:2.22.2]
	at org.apache.maven.surefire.booter.ForkedBooter.runSuitesInProcess(ForkedBooter.java:345) ~[surefire-booter-2.22.2.jar:2.22.2]
	at org.apache.maven.surefire.booter.ForkedBooter.execute(ForkedBooter.java:126) ~[surefire-booter-2.22.2.jar:2.22.2]
	at org.apache.maven.surefire.booter.ForkedBooter.main(ForkedBooter.java:418) ~[surefire-booter-2.22.2.jar:2.22.2]
Caused by: com.mysql.cj.exceptions.CJCommunicationsException: Communications link failure

The last packet sent successfully to the server was 0 milliseconds ago. The driver has not received any packets from the server.
	at java.base/jdk.internal.reflect.DirectConstructorHandleAccessor.newInstance(DirectConstructorHandleAccessor.java:67) ~[na:na]
	at java.base/java.lang.reflect.Constructor.newInstanceWithCaller(Constructor.java:500) ~[na:na]
	at java.base/java.lang.reflect.Constructor.newInstance(Constructor.java:484) ~[na:na]
	at com.mysql.cj.exceptions.ExceptionFactory.createException(ExceptionFactory.java:61) ~[mysql-connector-java-8.0.26.jar:8.0.26]
	at com.mysql.cj.exceptions.ExceptionFactory.createException(ExceptionFactory.java:105) ~[mysql-connector-java-8.0.26.jar:8.0.26]
	at com.mysql.cj.exceptions.ExceptionFactory.createException(ExceptionFactory.java:151) ~[mysql-connector-java-8.0.26.jar:8.0.26]
	at com.mysql.cj.exceptions.ExceptionFactory.createCommunicationsException(ExceptionFactory.java:167) ~[mysql-connector-java-8.0.26.jar:8.0.26]
	at com.mysql.cj.protocol.a.NativeSocketConnection.connect(NativeSocketConnection.java:89) ~[mysql-connector-java-8.0.26.jar:8.0.26]
	at com.mysql.cj.NativeSession.connect(NativeSession.java:119) ~[mysql-connector-java-8.0.26.jar:8.0.26]
	at com.mysql.cj.jdbc.ConnectionImpl.connectWithRetries(ConnectionImpl.java:842) ~[mysql-connector-java-8.0.26.jar:8.0.26]
	... 115 common frames omitted
Caused by: java.net.UnknownHostException: mysqldb
	at java.base/java.net.InetAddress$CachedAddresses.get(InetAddress.java:952) ~[na:na]
	at java.base/java.net.InetAddress.getAllByName0(InetAddress.java:1658) ~[na:na]
	at java.base/java.net.InetAddress.getAllByName(InetAddress.java:1524) ~[na:na]
	at com.mysql.cj.protocol.StandardSocketFactory.connect(StandardSocketFactory.java:133) ~[mysql-connector-java-8.0.26.jar:8.0.26]
	at com.mysql.cj.protocol.a.NativeSocketConnection.connect(NativeSocketConnection.java:63) ~[mysql-connector-java-8.0.26.jar:8.0.26]
	... 117 common frames omitted

2022-12-24 22:10:42.952  WARN 25502 --- [           main] o.h.engine.jdbc.spi.SqlExceptionHelper   : SQL Error: 0, SQLState: 08001
2022-12-24 22:10:42.952 ERROR 25502 --- [           main] o.h.engine.jdbc.spi.SqlExceptionHelper   : Could not create connection to database server. Attempted reconnect 3 times. Giving up.
2022-12-24 22:10:42.953 DEBUG 25502 --- [           main] o.hibernate.internal.SessionFactoryImpl  : HHH000031: Closing
2022-12-24 22:10:42.955 DEBUG 25502 --- [           main] o.h.internal.SessionFactoryRegistry      : Initializing SessionFactoryRegistry : org.hibernate.internal.SessionFactoryRegistry@4119346d
2022-12-24 22:10:42.955 DEBUG 25502 --- [           main] o.h.type.spi.TypeConfiguration$Scope     : Un-scoping TypeConfiguration [org.hibernate.type.spi.TypeConfiguration$Scope@61d09475] from SessionFactory [org.hibernate.internal.SessionFactoryImpl@6f867b0c]
2022-12-24 22:10:42.959 DEBUG 25502 --- [           main] o.h.s.i.AbstractServiceRegistryImpl      : Implicitly destroying ServiceRegistry on de-registration of all child ServiceRegistries
2022-12-24 22:10:42.959 DEBUG 25502 --- [           main] o.h.b.r.i.BootstrapServiceRegistryImpl   : Implicitly destroying Boot-strap registry on de-registration of all child ServiceRegistries
2022-12-24 22:10:42.960 ERROR 25502 --- [           main] j.LocalContainerEntityManagerFactoryBean : Failed to initialize JPA EntityManagerFactory: [PersistenceUnit: default] Unable to build Hibernate SessionFactory; nested exception is org.hibernate.exception.JDBCConnectionException: Unable to open JDBC Connection for DDL execution
2022-12-24 22:10:42.961  WARN 25502 --- [           main] o.s.w.c.s.GenericWebApplicationContext   : Exception encountered during context initialization - cancelling refresh attempt: org.springframework.beans.factory.BeanCreationException: Error creating bean with name 'entityManagerFactory' defined in class path resource [org/springframework/boot/autoconfigure/orm/jpa/HibernateJpaConfiguration.class]: Invocation of init method failed; nested exception is javax.persistence.PersistenceException: [PersistenceUnit: default] Unable to build Hibernate SessionFactory; nested exception is org.hibernate.exception.JDBCConnectionException: Unable to open JDBC Connection for DDL execution
2022-12-24 22:10:42.961 TRACE 25502 --- [           main] o.s.b.f.s.DefaultListableBeanFactory     : Destroying singletons in org.springframework.beans.factory.support.DefaultListableBeanFactory@3dd69f5a: defining beans [org.springframework.boot.test.mock.mockito.MockitoPostProcessor$SpyPostProcessor,org.springframework.boot.test.mock.mockito.MockitoPostProcessor,org.springframework.context.annotation.internalConfigurationAnnotationProcessor,org.springframework.context.annotation.internalAutowiredAnnotationProcessor,org.springframework.context.annotation.internalCommonAnnotationProcessor,org.springframework.context.annotation.internalPersistenceAnnotationProcessor,org.springframework.context.event.internalEventListenerProcessor,org.springframework.context.event.internalEventListenerFactory,springbootDemoH2Application,org.springframework.boot.autoconfigure.internalCachingMetadataReaderFactory,scheduledLog,corsConfig,jwtAuthenticationEntityPoint,jwtRequestFilter,webSecurityConfiguration,authController,userController,roleSeeder,userSeeder,jwtService,roleService,userService,jwtUtil,org.springframework.scheduling.annotation.SchedulingConfiguration,org.springframework.context.annotation.internalScheduledAnnotationProcessor,org.springframework.security.config.annotation.configuration.ObjectPostProcessorConfiguration,objectPostProcessor,org.springframework.security.config.annotation.authentication.configuration.AuthenticationConfiguration,authenticationManagerBuilder,enableGlobalAuthenticationAutowiredConfigurer,initializeUserDetailsBeanManagerConfigurer,initializeAuthenticationProviderBeanManagerConfigurer,org.springframework.security.config.annotation.web.configuration.WebSecurityConfiguration,delegatingApplicationListener,webSecurityExpressionHandler,springSecurityFilterChain,privilegeEvaluator,conversionServicePostProcessor,autowiredWebSecurityConfigurersIgnoreParents,org.springframework.security.config.annotation.web.configuration.WebMvcSecurityConfiguration,requestDataValueProcessor,org.springframework.security.config.annotation.web.configuration.HttpSecurityConfiguration,org.springframework.security.config.annotation.web.configuration.HttpSecurityConfiguration.httpSecurity,org.springframework.security.config.annotation.method.configuration.GlobalMethodSecurityConfiguration,methodSecurityInterceptor,methodSecurityMetadataSource,preInvocationAuthorizationAdvice,metaDataSourceAdvisor,org.springframework.aop.config.internalAutoProxyCreator,authenticationManagerBean,passwordEncoder,org.springframework.boot.autoconfigure.AutoConfigurationPackages,org.springframework.data.jpa.repository.config.JpaRepositoryConfigExtension#0,emBeanDefinitionRegistrarPostProcessor,jpaMappingContext,jpaContext,org.springframework.data.jpa.util.JpaMetamodelCacheCleanup,org.springframework.data.jpa.repository.support.JpaEvaluationContextExtension,roleRepository,userRepository,org.springframework.boot.autoconfigure.context.PropertyPlaceholderAutoConfiguration,propertySourcesPlaceholderConfigurer,org.springframework.boot.autoconfigure.websocket.servlet.WebSocketServletAutoConfiguration$TomcatWebSocketConfiguration,websocketServletWebServerCustomizer,org.springframework.boot.autoconfigure.websocket.servlet.WebSocketServletAutoConfiguration,org.springframework.boot.autoconfigure.web.servlet.ServletWebServerFactoryConfiguration$EmbeddedTomcat,tomcatServletWebServerFactory,org.springframework.boot.autoconfigure.web.servlet.ServletWebServerFactoryAutoConfiguration,servletWebServerFactoryCustomizer,tomcatServletWebServerFactoryCustomizer,org.springframework.boot.context.properties.ConfigurationPropertiesBindingPostProcessor,org.springframework.boot.context.internalConfigurationPropertiesBinderFactory,org.springframework.boot.context.internalConfigurationPropertiesBinder,org.springframework.boot.context.properties.BoundConfigurationProperties,org.springframework.boot.context.properties.EnableConfigurationPropertiesRegistrar.methodValidationExcludeFilter,server-org.springframework.boot.autoconfigure.web.ServerProperties,webServerFactoryCustomizerBeanPostProcessor,errorPageRegistrarBeanPostProcessor,org.springframework.boot.autoconfigure.web.servlet.DispatcherServletAutoConfiguration$DispatcherServletConfiguration,dispatcherServlet,spring.mvc-org.springframework.boot.autoconfigure.web.servlet.WebMvcProperties,org.springframework.boot.autoconfigure.web.servlet.DispatcherServletAutoConfiguration$DispatcherServletRegistrationConfiguration,dispatcherServletRegistration,org.springframework.boot.autoconfigure.web.servlet.DispatcherServletAutoConfiguration,org.springframework.boot.autoconfigure.task.TaskExecutionAutoConfiguration,taskExecutorBuilder,applicationTaskExecutor,spring.task.execution-org.springframework.boot.autoconfigure.task.TaskExecutionProperties,org.springframework.boot.autoconfigure.web.servlet.error.ErrorMvcAutoConfiguration$WhitelabelErrorViewConfiguration,error,beanNameViewResolver,org.springframework.boot.autoconfigure.web.servlet.error.ErrorMvcAutoConfiguration$DefaultErrorViewResolverConfiguration,conventionErrorViewResolver,spring.resources-org.springframework.boot.autoconfigure.web.ResourceProperties,spring.web-org.springframework.boot.autoconfigure.web.WebProperties,org.springframework.boot.autoconfigure.web.servlet.error.ErrorMvcAutoConfiguration,errorAttributes,basicErrorController,errorPageCustomizer,preserveErrorControllerTargetClassPostProcessor,org.springframework.boot.autoconfigure.web.servlet.WebMvcAutoConfiguration$EnableWebMvcConfiguration,requestMappingHandlerAdapter,requestMappingHandlerMapping,welcomePageHandlerMapping,localeResolver,themeResolver,flashMapManager,mvcConversionService,mvcValidator,mvcContentNegotiationManager,mvcPatternParser,mvcUrlPathHelper,mvcPathMatcher,viewControllerHandlerMapping,beanNameHandlerMapping,routerFunctionMapping,resourceHandlerMapping,mvcResourceUrlProvider,defaultServletHandlerMapping,handlerFunctionAdapter,mvcUriComponentsContributor,httpRequestHandlerAdapter,simpleControllerHandlerAdapter,handlerExceptionResolver,mvcViewResolver,mvcHandlerMappingIntrospector,viewNameTranslator,org.springframework.boot.autoconfigure.web.servlet.WebMvcAutoConfiguration$WebMvcAutoConfigurationAdapter,defaultViewResolver,viewResolver,requestContextFilter,org.springframework.boot.autoconfigure.web.servlet.WebMvcAutoConfiguration$ResourceChainCustomizerConfiguration,resourceHandlerRegistrationCustomizer,org.springframework.boot.autoconfigure.web.servlet.WebMvcAutoConfiguration,formContentFilter,org.springdoc.core.SpringDocConfigProperties,org.springdoc.core.SpringDocConfiguration$WebConversionServiceConfiguration,webConversionServiceProvider,org.springdoc.core.SpringDocConfiguration$OpenApiResourceAdvice,org.springdoc.core.SpringDocConfiguration,localSpringDocParameterNameDiscoverer,additionalModelsConverter,propertyCustomizingConverter,fileSupportConverter,responseSupportConverter,schemaPropertyDeprecatingConverter,polymorphicModelConverter,openAPIBuilder,modelConverterRegistrar,operationBuilder,propertyResolverUtils,requestBodyBuilder,securityParser,genericReturnTypeParser,parameterBuilder,org.springdoc.core.SwaggerUiConfigParameters,org.springdoc.core.SwaggerUiConfigProperties,org.springdoc.core.SwaggerUiOAuthProperties,org.springdoc.webmvc.core.SpringDocWebMvcConfiguration$SpringDocWebMvcRouterConfiguration,routerFunctionProvider,org.springdoc.webmvc.core.SpringDocWebMvcConfiguration,openApiResource,requestBuilder,responseBuilder,org.springdoc.webmvc.ui.SwaggerConfig,swaggerWelcome,indexPageTransformer,swaggerWebMvcConfigurer,org.springframework.boot.autoconfigure.aop.AopAutoConfiguration$AspectJAutoProxyingConfiguration$CglibAutoProxyConfiguration,org.springframework.boot.autoconfigure.aop.AopAutoConfiguration$AspectJAutoProxyingConfiguration,org.springframework.boot.autoconfigure.aop.AopAutoConfiguration,org.springframework.boot.autoconfigure.availability.ApplicationAvailabilityAutoConfiguration,applicationAvailability,org.springframework.boot.autoconfigure.jackson.JacksonAutoConfiguration$Jackson2ObjectMapperBuilderCustomizerConfiguration,standardJacksonObjectMapperBuilderCustomizer,spring.jackson-org.springframework.boot.autoconfigure.jackson.JacksonProperties,org.springframework.boot.autoconfigure.jackson.JacksonAutoConfiguration$JacksonObjectMapperBuilderConfiguration,jacksonObjectMapperBuilder,org.springframework.boot.autoconfigure.jackson.JacksonAutoConfiguration$ParameterNamesModuleConfiguration,parameterNamesModule,org.springframework.boot.autoconfigure.jackson.JacksonAutoConfiguration$JacksonObjectMapperConfiguration,jacksonObjectMapper,org.springframework.boot.autoconfigure.jackson.JacksonAutoConfiguration,jsonComponentModule,org.springframework.boot.autoconfigure.transaction.jta.JtaAutoConfiguration,org.springframework.boot.autoconfigure.jdbc.DataSourceConfiguration$Hikari,dataSource,org.springframework.boot.autoconfigure.jdbc.DataSourceAutoConfiguration$PooledDataSourceConfiguration,org.springframework.boot.autoconfigure.jdbc.metadata.DataSourcePoolMetadataProvidersConfiguration$HikariPoolDataSourceMetadataProviderConfiguration,hikariPoolDataSourceMetadataProvider,org.springframework.boot.autoconfigure.jdbc.metadata.DataSourcePoolMetadataProvidersConfiguration,org.springframework.boot.autoconfigure.jdbc.DataSourceInitializationConfiguration$SharedCredentialsDataSourceInitializationConfiguration,scriptDataSourceInitializer,org.springframework.boot.sql.init.dependency.DatabaseInitializationDependencyConfigurer$DependsOnDatabaseInitializationPostProcessor,org.springframework.boot.autoconfigure.jdbc.DataSourceAutoConfiguration,spring.datasource-org.springframework.boot.autoconfigure.jdbc.DataSourceProperties,org.springframework.boot.autoconfigure.orm.jpa.HibernateJpaConfiguration,transactionManager,jpaVendorAdapter,entityManagerFactoryBuilder,entityManagerFactory,spring.jpa.hibernate-org.springframework.boot.autoconfigure.orm.jpa.HibernateProperties,spring.jpa-org.springframework.boot.autoconfigure.orm.jpa.JpaProperties,org.springframework.boot.autoconfigure.orm.jpa.HibernateJpaAutoConfiguration,org.springframework.boot.autoconfigure.context.ConfigurationPropertiesAutoConfiguration,org.springframework.boot.autoconfigure.context.LifecycleAutoConfiguration,lifecycleProcessor,spring.lifecycle-org.springframework.boot.autoconfigure.context.LifecycleProperties,org.springframework.boot.autoconfigure.dao.PersistenceExceptionTranslationAutoConfiguration,persistenceExceptionTranslationPostProcessor,org.springframework.boot.autoconfigure.http.HttpMessageConvertersAutoConfiguration$StringHttpMessageConverterConfiguration,stringHttpMessageConverter,org.springframework.boot.autoconfigure.http.JacksonHttpMessageConvertersConfiguration$MappingJackson2HttpMessageConverterConfiguration,mappingJackson2HttpMessageConverter,org.springframework.boot.autoconfigure.http.JacksonHttpMessageConvertersConfiguration,org.springframework.boot.autoconfigure.http.HttpMessageConvertersAutoConfiguration,messageConverters,org.springframework.data.web.config.ProjectingArgumentResolverRegistrar,projectingArgumentResolverBeanPostProcessor,org.springframework.data.web.config.SpringDataWebConfiguration,pageableResolver,sortResolver,org.springframework.data.web.config.SpringDataJacksonConfiguration,jacksonGeoModule,org.springframework.boot.autoconfigure.data.web.SpringDataWebAutoConfiguration,pageableCustomizer,sortCustomizer,spring.data.web-org.springframework.boot.autoconfigure.data.web.SpringDataWebProperties,org.springframework.boot.autoconfigure.info.ProjectInfoAutoConfiguration,spring.info-org.springframework.boot.autoconfigure.info.ProjectInfoProperties,org.springframework.boot.autoconfigure.jdbc.JdbcTemplateConfiguration,jdbcTemplate,org.springframework.boot.autoconfigure.jdbc.NamedParameterJdbcTemplateConfiguration,namedParameterJdbcTemplate,org.springframework.boot.autoconfigure.jdbc.JdbcTemplateAutoConfiguration,spring.jdbc-org.springframework.boot.autoconfigure.jdbc.JdbcProperties,org.springframework.boot.autoconfigure.security.servlet.SecurityAutoConfiguration,authenticationEventPublisher,spring.security-org.springframework.boot.autoconfigure.security.SecurityProperties,org.springframework.boot.autoconfigure.security.servlet.SecurityFilterAutoConfiguration,securityFilterChainRegistration,org.springframework.boot.autoconfigure.task.TaskSchedulingAutoConfiguration,taskScheduler,scheduledBeanLazyInitializationExcludeFilter,taskSchedulerBuilder,spring.task.scheduling-org.springframework.boot.autoconfigure.task.TaskSchedulingProperties,org.springframework.boot.autoconfigure.jdbc.DataSourceTransactionManagerAutoConfiguration$JdbcTransactionManagerConfiguration,org.springframework.boot.autoconfigure.jdbc.DataSourceTransactionManagerAutoConfiguration,org.springframework.transaction.annotation.ProxyTransactionManagementConfiguration,org.springframework.transaction.config.internalTransactionAdvisor,transactionAttributeSource,transactionInterceptor,org.springframework.transaction.config.internalTransactionalEventListenerFactory,org.springframework.boot.autoconfigure.transaction.TransactionAutoConfiguration$EnableTransactionManagementConfiguration$CglibAutoProxyConfiguration,org.springframework.boot.autoconfigure.transaction.TransactionAutoConfiguration$EnableTransactionManagementConfiguration,org.springframework.boot.autoconfigure.transaction.TransactionAutoConfiguration$TransactionTemplateConfiguration,transactionTemplate,org.springframework.boot.autoconfigure.transaction.TransactionAutoConfiguration,platformTransactionManagerCustomizers,spring.transaction-org.springframework.boot.autoconfigure.transaction.TransactionProperties,org.springframework.boot.autoconfigure.web.client.RestTemplateAutoConfiguration,restTemplateBuilderConfigurer,restTemplateBuilder,org.springframework.boot.autoconfigure.web.embedded.EmbeddedWebServerFactoryCustomizerAutoConfiguration$TomcatWebServerFactoryCustomizerConfiguration,tomcatWebServerFactoryCustomizer,org.springframework.boot.autoconfigure.web.embedded.EmbeddedWebServerFactoryCustomizerAutoConfiguration,org.springframework.boot.autoconfigure.web.servlet.HttpEncodingAutoConfiguration,characterEncodingFilter,localeCharsetMappingsCustomizer,org.springframework.boot.autoconfigure.web.servlet.MultipartAutoConfiguration,multipartConfigElement,multipartResolver,spring.servlet.multipart-org.springframework.boot.autoconfigure.web.servlet.MultipartProperties,org.springframework.orm.jpa.SharedEntityManagerCreator#0]; root of factory hierarchy
2022-12-24 22:10:42.962 TRACE 25502 --- [           main] o.s.b.f.s.DefaultListableBeanFactory     : Retrieved dependent beans for bean 'dataSource': [scriptDataSourceInitializer, org.springframework.boot.autoconfigure.orm.jpa.HibernateJpaConfiguration]
2022-12-24 22:10:42.962 TRACE 25502 --- [           main] o.s.b.f.s.DefaultListableBeanFactory     : Retrieved dependent beans for bean 'org.springframework.boot.autoconfigure.orm.jpa.HibernateJpaConfiguration': [entityManagerFactoryBuilder, jpaVendorAdapter]
2022-12-24 22:10:42.962 TRACE 25502 --- [           main] o.s.b.f.support.DisposableBeanAdapter    : Invoking destroy method 'close' on bean with name 'dataSource'
2022-12-24 22:10:42.963 TRACE 25502 --- [           main] o.s.b.f.s.DefaultListableBeanFactory     : Retrieved dependent beans for bean 'objectPostProcessor': [org.springframework.security.config.annotation.method.configuration.GlobalMethodSecurityConfiguration]
2022-12-24 22:10:42.963 TRACE 25502 --- [           main] o.s.b.f.s.DefaultListableBeanFactory     : Retrieved dependent beans for bean 'org.springframework.security.config.annotation.method.configuration.GlobalMethodSecurityConfiguration': [methodSecurityMetadataSource]
2022-12-24 22:10:42.963 TRACE 25502 --- [           main] o.s.b.f.s.DefaultListableBeanFactory     : Retrieved dependent beans for bean 'methodSecurityMetadataSource': [metaDataSourceAdvisor]
2022-12-24 22:10:42.963 TRACE 25502 --- [           main] o.s.b.f.support.DisposableBeanAdapter    : Invoking destroy() on bean with name 'objectPostProcessor'
2022-12-24 22:10:42.963 TRACE 25502 --- [           main] o.s.b.f.support.DisposableBeanAdapter    : Invoking destroy() on bean with name 'org.springframework.context.annotation.internalScheduledAnnotationProcessor'
2022-12-24 22:10:42.963 TRACE 25502 --- [           main] o.s.b.f.s.DefaultListableBeanFactory     : Retrieved dependent beans for bean 'org.springframework.boot.autoconfigure.internalCachingMetadataReaderFactory': [org.springframework.context.annotation.internalConfigurationAnnotationProcessor]
2022-12-24 22:10:42.986 DEBUG 25502 --- [           main] ConditionEvaluationReportLoggingListener : 


============================
CONDITIONS EVALUATION REPORT
============================


Positive matches:
-----------------

   AopAutoConfiguration matched:
      - @ConditionalOnProperty (spring.aop.auto=true) matched (OnPropertyCondition)

   AopAutoConfiguration.AspectJAutoProxyingConfiguration matched:
      - @ConditionalOnClass found required class 'org.aspectj.weaver.Advice' (OnClassCondition)

   AopAutoConfiguration.AspectJAutoProxyingConfiguration.CglibAutoProxyConfiguration matched:
      - @ConditionalOnProperty (spring.aop.proxy-target-class=true) matched (OnPropertyCondition)

   DataSourceAutoConfiguration matched:
      - @ConditionalOnClass found required classes 'javax.sql.DataSource', 'org.springframework.jdbc.datasource.embedded.EmbeddedDatabaseType' (OnClassCondition)
      - @ConditionalOnMissingBean (types: io.r2dbc.spi.ConnectionFactory; SearchStrategy: all) did not find any beans (OnBeanCondition)

   DataSourceAutoConfiguration.PooledDataSourceConfiguration matched:
      - AnyNestedCondition 1 matched 1 did not; NestedCondition on DataSourceAutoConfiguration.PooledDataSourceCondition.PooledDataSourceAvailable PooledDataSource found supported DataSource; NestedCondition on DataSourceAutoConfiguration.PooledDataSourceCondition.ExplicitType @ConditionalOnProperty (spring.datasource.type) did not find property 'type' (DataSourceAutoConfiguration.PooledDataSourceCondition)
      - @ConditionalOnMissingBean (types: javax.sql.DataSource,javax.sql.XADataSource; SearchStrategy: all) did not find any beans (OnBeanCondition)

   DataSourceConfiguration.Hikari matched:
      - @ConditionalOnClass found required class 'com.zaxxer.hikari.HikariDataSource' (OnClassCondition)
      - @ConditionalOnProperty (spring.datasource.type=com.zaxxer.hikari.HikariDataSource) matched (OnPropertyCondition)
      - @ConditionalOnMissingBean (types: javax.sql.DataSource; SearchStrategy: all) did not find any beans (OnBeanCondition)

   DataSourceInitializationConfiguration matched:
      - @ConditionalOnClass found required class 'org.springframework.jdbc.datasource.init.DatabasePopulator' (OnClassCondition)

   DataSourceInitializationConfiguration.SharedCredentialsDataSourceInitializationConfiguration matched:
      - DataSource Initialization found configured property spring.datasource.initialization-mode (DataSourceInitializationConfiguration.SharedCredentialsDataSourceInitializationConfiguration.DataSourceInitializationCondition)
      - @ConditionalOnSingleCandidate (types: javax.sql.DataSource; SearchStrategy: all) found a primary bean from beans 'dataSource'; @ConditionalOnMissingBean (types: org.springframework.boot.jdbc.init.DataSourceScriptDatabaseInitializer; SearchStrategy: all) did not find any beans (OnBeanCondition)

   DataSourcePoolMetadataProvidersConfiguration.HikariPoolDataSourceMetadataProviderConfiguration matched:
      - @ConditionalOnClass found required class 'com.zaxxer.hikari.HikariDataSource' (OnClassCondition)

   DataSourceTransactionManagerAutoConfiguration matched:
      - @ConditionalOnClass found required classes 'org.springframework.jdbc.core.JdbcTemplate', 'org.springframework.transaction.TransactionManager' (OnClassCondition)

   DataSourceTransactionManagerAutoConfiguration.JdbcTransactionManagerConfiguration matched:
      - @ConditionalOnSingleCandidate (types: javax.sql.DataSource; SearchStrategy: all) found a primary bean from beans 'dataSource' (OnBeanCondition)

   DispatcherServletAutoConfiguration matched:
      - @ConditionalOnClass found required class 'org.springframework.web.servlet.DispatcherServlet' (OnClassCondition)
      - found 'session' scope (OnWebApplicationCondition)

   DispatcherServletAutoConfiguration.DispatcherServletConfiguration matched:
      - @ConditionalOnClass found required class 'javax.servlet.ServletRegistration' (OnClassCondition)
      - Default DispatcherServlet did not find dispatcher servlet beans (DispatcherServletAutoConfiguration.DefaultDispatcherServletCondition)

   DispatcherServletAutoConfiguration.DispatcherServletRegistrationConfiguration matched:
      - @ConditionalOnClass found required class 'javax.servlet.ServletRegistration' (OnClassCondition)
      - DispatcherServlet Registration did not find servlet registration bean (DispatcherServletAutoConfiguration.DispatcherServletRegistrationCondition)

   DispatcherServletAutoConfiguration.DispatcherServletRegistrationConfiguration#dispatcherServletRegistration matched:
      - @ConditionalOnBean (names: dispatcherServlet types: org.springframework.web.servlet.DispatcherServlet; SearchStrategy: all) found bean 'dispatcherServlet' (OnBeanCondition)

   EmbeddedWebServerFactoryCustomizerAutoConfiguration matched:
      - @ConditionalOnWebApplication (required) found 'session' scope (OnWebApplicationCondition)

   EmbeddedWebServerFactoryCustomizerAutoConfiguration.TomcatWebServerFactoryCustomizerConfiguration matched:
      - @ConditionalOnClass found required classes 'org.apache.catalina.startup.Tomcat', 'org.apache.coyote.UpgradeProtocol' (OnClassCondition)

   ErrorMvcAutoConfiguration matched:
      - @ConditionalOnClass found required classes 'javax.servlet.Servlet', 'org.springframework.web.servlet.DispatcherServlet' (OnClassCondition)
      - found 'session' scope (OnWebApplicationCondition)

   ErrorMvcAutoConfiguration#basicErrorController matched:
      - @ConditionalOnMissingBean (types: org.springframework.boot.web.servlet.error.ErrorController; SearchStrategy: current) did not find any beans (OnBeanCondition)

   ErrorMvcAutoConfiguration#errorAttributes matched:
      - @ConditionalOnMissingBean (types: org.springframework.boot.web.servlet.error.ErrorAttributes; SearchStrategy: current) did not find any beans (OnBeanCondition)

   ErrorMvcAutoConfiguration.DefaultErrorViewResolverConfiguration#conventionErrorViewResolver matched:
      - @ConditionalOnBean (types: org.springframework.web.servlet.DispatcherServlet; SearchStrategy: all) found bean 'dispatcherServlet'; @ConditionalOnMissingBean (types: org.springframework.boot.autoconfigure.web.servlet.error.ErrorViewResolver; SearchStrategy: all) did not find any beans (OnBeanCondition)

   ErrorMvcAutoConfiguration.WhitelabelErrorViewConfiguration matched:
      - @ConditionalOnProperty (server.error.whitelabel.enabled) matched (OnPropertyCondition)
      - ErrorTemplate Missing did not find error template view (ErrorMvcAutoConfiguration.ErrorTemplateMissingCondition)

   ErrorMvcAutoConfiguration.WhitelabelErrorViewConfiguration#beanNameViewResolver matched:
      - @ConditionalOnMissingBean (types: org.springframework.web.servlet.view.BeanNameViewResolver; SearchStrategy: all) did not find any beans (OnBeanCondition)

   ErrorMvcAutoConfiguration.WhitelabelErrorViewConfiguration#defaultErrorView matched:
      - @ConditionalOnMissingBean (names: error; SearchStrategy: all) did not find any beans (OnBeanCondition)

   GenericCacheConfiguration matched:
      - Cache org.springframework.boot.autoconfigure.cache.GenericCacheConfiguration automatic cache type (CacheCondition)

   HibernateJpaAutoConfiguration matched:
      - @ConditionalOnClass found required classes 'org.springframework.orm.jpa.LocalContainerEntityManagerFactoryBean', 'javax.persistence.EntityManager', 'org.hibernate.engine.spi.SessionImplementor' (OnClassCondition)

   HibernateJpaConfiguration matched:
      - @ConditionalOnSingleCandidate (types: javax.sql.DataSource; SearchStrategy: all) found a primary bean from beans 'dataSource' (OnBeanCondition)

   HttpEncodingAutoConfiguration matched:
      - @ConditionalOnClass found required class 'org.springframework.web.filter.CharacterEncodingFilter' (OnClassCondition)
      - found 'session' scope (OnWebApplicationCondition)
      - @ConditionalOnProperty (server.servlet.encoding.enabled) matched (OnPropertyCondition)

   HttpEncodingAutoConfiguration#characterEncodingFilter matched:
      - @ConditionalOnMissingBean (types: org.springframework.web.filter.CharacterEncodingFilter; SearchStrategy: all) did not find any beans (OnBeanCondition)

   HttpMessageConvertersAutoConfiguration matched:
      - @ConditionalOnClass found required class 'org.springframework.http.converter.HttpMessageConverter' (OnClassCondition)
      - NoneNestedConditions 0 matched 1 did not; NestedCondition on HttpMessageConvertersAutoConfiguration.NotReactiveWebApplicationCondition.ReactiveWebApplication did not find reactive web application classes (HttpMessageConvertersAutoConfiguration.NotReactiveWebApplicationCondition)

   HttpMessageConvertersAutoConfiguration#messageConverters matched:
      - @ConditionalOnMissingBean (types: org.springframework.boot.autoconfigure.http.HttpMessageConverters; SearchStrategy: all) did not find any beans (OnBeanCondition)

   HttpMessageConvertersAutoConfiguration.StringHttpMessageConverterConfiguration matched:
      - @ConditionalOnClass found required class 'org.springframework.http.converter.StringHttpMessageConverter' (OnClassCondition)

   HttpMessageConvertersAutoConfiguration.StringHttpMessageConverterConfiguration#stringHttpMessageConverter matched:
      - @ConditionalOnMissingBean (types: org.springframework.http.converter.StringHttpMessageConverter; SearchStrategy: all) did not find any beans (OnBeanCondition)

   JacksonAutoConfiguration matched:
      - @ConditionalOnClass found required class 'com.fasterxml.jackson.databind.ObjectMapper' (OnClassCondition)

   JacksonAutoConfiguration.Jackson2ObjectMapperBuilderCustomizerConfiguration matched:
      - @ConditionalOnClass found required class 'org.springframework.http.converter.json.Jackson2ObjectMapperBuilder' (OnClassCondition)

   JacksonAutoConfiguration.JacksonObjectMapperBuilderConfiguration matched:
      - @ConditionalOnClass found required class 'org.springframework.http.converter.json.Jackson2ObjectMapperBuilder' (OnClassCondition)

   JacksonAutoConfiguration.JacksonObjectMapperBuilderConfiguration#jacksonObjectMapperBuilder matched:
      - @ConditionalOnMissingBean (types: org.springframework.http.converter.json.Jackson2ObjectMapperBuilder; SearchStrategy: all) did not find any beans (OnBeanCondition)

   JacksonAutoConfiguration.JacksonObjectMapperConfiguration matched:
      - @ConditionalOnClass found required class 'org.springframework.http.converter.json.Jackson2ObjectMapperBuilder' (OnClassCondition)

   JacksonAutoConfiguration.JacksonObjectMapperConfiguration#jacksonObjectMapper matched:
      - @ConditionalOnMissingBean (types: com.fasterxml.jackson.databind.ObjectMapper; SearchStrategy: all) did not find any beans (OnBeanCondition)

   JacksonAutoConfiguration.ParameterNamesModuleConfiguration matched:
      - @ConditionalOnClass found required class 'com.fasterxml.jackson.module.paramnames.ParameterNamesModule' (OnClassCondition)

   JacksonAutoConfiguration.ParameterNamesModuleConfiguration#parameterNamesModule matched:
      - @ConditionalOnMissingBean (types: com.fasterxml.jackson.module.paramnames.ParameterNamesModule; SearchStrategy: all) did not find any beans (OnBeanCondition)

   JacksonHttpMessageConvertersConfiguration.MappingJackson2HttpMessageConverterConfiguration matched:
      - @ConditionalOnClass found required class 'com.fasterxml.jackson.databind.ObjectMapper' (OnClassCondition)
      - @ConditionalOnProperty (spring.mvc.converters.preferred-json-mapper=jackson) matched (OnPropertyCondition)
      - @ConditionalOnBean (types: com.fasterxml.jackson.databind.ObjectMapper; SearchStrategy: all) found bean 'jacksonObjectMapper' (OnBeanCondition)

   JacksonHttpMessageConvertersConfiguration.MappingJackson2HttpMessageConverterConfiguration#mappingJackson2HttpMessageConverter matched:
      - @ConditionalOnMissingBean (types: org.springframework.http.converter.json.MappingJackson2HttpMessageConverter ignored: org.springframework.hateoas.server.mvc.TypeConstrainedMappingJackson2HttpMessageConverter,org.springframework.data.rest.webmvc.alps.AlpsJsonHttpMessageConverter; SearchStrategy: all) did not find any beans (OnBeanCondition)

   JdbcTemplateAutoConfiguration matched:
      - @ConditionalOnClass found required classes 'javax.sql.DataSource', 'org.springframework.jdbc.core.JdbcTemplate' (OnClassCondition)
      - @ConditionalOnSingleCandidate (types: javax.sql.DataSource; SearchStrategy: all) found a primary bean from beans 'dataSource' (OnBeanCondition)

   JdbcTemplateConfiguration matched:
      - @ConditionalOnMissingBean (types: org.springframework.jdbc.core.JdbcOperations; SearchStrategy: all) did not find any beans (OnBeanCondition)

   JpaBaseConfiguration#entityManagerFactory matched:
      - @ConditionalOnMissingBean (types: org.springframework.orm.jpa.LocalContainerEntityManagerFactoryBean,javax.persistence.EntityManagerFactory; SearchStrategy: all) did not find any beans (OnBeanCondition)

   JpaBaseConfiguration#entityManagerFactoryBuilder matched:
      - @ConditionalOnMissingBean (types: org.springframework.boot.orm.jpa.EntityManagerFactoryBuilder; SearchStrategy: all) did not find any beans (OnBeanCondition)

   JpaBaseConfiguration#jpaVendorAdapter matched:
      - @ConditionalOnMissingBean (types: org.springframework.orm.jpa.JpaVendorAdapter; SearchStrategy: all) did not find any beans (OnBeanCondition)

   JpaBaseConfiguration#transactionManager matched:
      - @ConditionalOnMissingBean (types: org.springframework.transaction.TransactionManager; SearchStrategy: all) did not find any beans (OnBeanCondition)

   JtaAutoConfiguration matched:
      - @ConditionalOnClass found required class 'javax.transaction.Transaction' (OnClassCondition)
      - @ConditionalOnProperty (spring.jta.enabled) matched (OnPropertyCondition)

   LifecycleAutoConfiguration#defaultLifecycleProcessor matched:
      - @ConditionalOnMissingBean (names: lifecycleProcessor; SearchStrategy: current) did not find any beans (OnBeanCondition)

   MultipartAutoConfiguration matched:
      - @ConditionalOnClass found required classes 'javax.servlet.Servlet', 'org.springframework.web.multipart.support.StandardServletMultipartResolver', 'javax.servlet.MultipartConfigElement' (OnClassCondition)
      - found 'session' scope (OnWebApplicationCondition)
      - @ConditionalOnProperty (spring.servlet.multipart.enabled) matched (OnPropertyCondition)

   MultipartAutoConfiguration#multipartConfigElement matched:
      - @ConditionalOnMissingBean (types: javax.servlet.MultipartConfigElement,org.springframework.web.multipart.commons.CommonsMultipartResolver; SearchStrategy: all) did not find any beans (OnBeanCondition)

   MultipartAutoConfiguration#multipartResolver matched:
      - @ConditionalOnMissingBean (types: org.springframework.web.multipart.MultipartResolver; SearchStrategy: all) did not find any beans (OnBeanCondition)

   NamedParameterJdbcTemplateConfiguration matched:
      - @ConditionalOnSingleCandidate (types: org.springframework.jdbc.core.JdbcTemplate; SearchStrategy: all) found a primary bean from beans 'jdbcTemplate'; @ConditionalOnMissingBean (types: org.springframework.jdbc.core.namedparam.NamedParameterJdbcOperations; SearchStrategy: all) did not find any beans (OnBeanCondition)

   NoOpCacheConfiguration matched:
      - Cache org.springframework.boot.autoconfigure.cache.NoOpCacheConfiguration automatic cache type (CacheCondition)

   PersistenceExceptionTranslationAutoConfiguration matched:
      - @ConditionalOnClass found required class 'org.springframework.dao.annotation.PersistenceExceptionTranslationPostProcessor' (OnClassCondition)

   PersistenceExceptionTranslationAutoConfiguration#persistenceExceptionTranslationPostProcessor matched:
      - @ConditionalOnProperty (spring.dao.exceptiontranslation.enabled) matched (OnPropertyCondition)
      - @ConditionalOnMissingBean (types: org.springframework.dao.annotation.PersistenceExceptionTranslationPostProcessor; SearchStrategy: all) did not find any beans (OnBeanCondition)

   PropertyPlaceholderAutoConfiguration#propertySourcesPlaceholderConfigurer matched:
      - @ConditionalOnMissingBean (types: org.springframework.context.support.PropertySourcesPlaceholderConfigurer; SearchStrategy: current) did not find any beans (OnBeanCondition)

   RestTemplateAutoConfiguration matched:
      - @ConditionalOnClass found required class 'org.springframework.web.client.RestTemplate' (OnClassCondition)
      - NoneNestedConditions 0 matched 1 did not; NestedCondition on RestTemplateAutoConfiguration.NotReactiveWebApplicationCondition.ReactiveWebApplication did not find reactive web application classes (RestTemplateAutoConfiguration.NotReactiveWebApplicationCondition)

   RestTemplateAutoConfiguration#restTemplateBuilder matched:
      - @ConditionalOnMissingBean (types: org.springframework.boot.web.client.RestTemplateBuilder; SearchStrategy: all) did not find any beans (OnBeanCondition)

   RestTemplateAutoConfiguration#restTemplateBuilderConfigurer matched:
      - @ConditionalOnMissingBean (types: org.springframework.boot.autoconfigure.web.client.RestTemplateBuilderConfigurer; SearchStrategy: all) did not find any beans (OnBeanCondition)

   SecurityAutoConfiguration matched:
      - @ConditionalOnClass found required class 'org.springframework.security.authentication.DefaultAuthenticationEventPublisher' (OnClassCondition)

   SecurityAutoConfiguration#authenticationEventPublisher matched:
      - @ConditionalOnMissingBean (types: org.springframework.security.authentication.AuthenticationEventPublisher; SearchStrategy: all) did not find any beans (OnBeanCondition)

   SecurityFilterAutoConfiguration matched:
      - @ConditionalOnClass found required classes 'org.springframework.security.web.context.AbstractSecurityWebApplicationInitializer', 'org.springframework.security.config.http.SessionCreationPolicy' (OnClassCondition)
      - found 'session' scope (OnWebApplicationCondition)

   SecurityFilterAutoConfiguration#securityFilterChainRegistration matched:
      - @ConditionalOnBean (names: springSecurityFilterChain; SearchStrategy: all) found bean 'springSecurityFilterChain' (OnBeanCondition)

   ServletWebServerFactoryAutoConfiguration matched:
      - @ConditionalOnClass found required class 'javax.servlet.ServletRequest' (OnClassCondition)
      - found 'session' scope (OnWebApplicationCondition)

   ServletWebServerFactoryAutoConfiguration#tomcatServletWebServerFactoryCustomizer matched:
      - @ConditionalOnClass found required class 'org.apache.catalina.startup.Tomcat' (OnClassCondition)

   ServletWebServerFactoryConfiguration.EmbeddedTomcat matched:
      - @ConditionalOnClass found required classes 'javax.servlet.Servlet', 'org.apache.catalina.startup.Tomcat', 'org.apache.coyote.UpgradeProtocol' (OnClassCondition)
      - @ConditionalOnMissingBean (types: org.springframework.boot.web.servlet.server.ServletWebServerFactory; SearchStrategy: current) did not find any beans (OnBeanCondition)

   SimpleCacheConfiguration matched:
      - Cache org.springframework.boot.autoconfigure.cache.SimpleCacheConfiguration automatic cache type (CacheCondition)

   SpringDataWebAutoConfiguration matched:
      - @ConditionalOnClass found required classes 'org.springframework.data.web.PageableHandlerMethodArgumentResolver', 'org.springframework.web.servlet.config.annotation.WebMvcConfigurer' (OnClassCondition)
      - found 'session' scope (OnWebApplicationCondition)
      - @ConditionalOnMissingBean (types: org.springframework.data.web.PageableHandlerMethodArgumentResolver; SearchStrategy: all) did not find any beans (OnBeanCondition)

   SpringDataWebAutoConfiguration#pageableCustomizer matched:
      - @ConditionalOnMissingBean (types: org.springframework.data.web.config.PageableHandlerMethodArgumentResolverCustomizer; SearchStrategy: all) did not find any beans (OnBeanCondition)

   SpringDataWebAutoConfiguration#sortCustomizer matched:
      - @ConditionalOnMissingBean (types: org.springframework.data.web.config.SortHandlerMethodArgumentResolverCustomizer; SearchStrategy: all) did not find any beans (OnBeanCondition)

   SpringDocConfigProperties matched:
      - @ConditionalOnProperty (springdoc.api-docs.enabled) matched (OnPropertyCondition)

   SpringDocConfiguration matched:
      - @ConditionalOnProperty (springdoc.api-docs.enabled) matched (OnPropertyCondition)

   SpringDocConfiguration#fileSupportConverter matched:
      - @ConditionalOnMissingBean (types: org.springdoc.core.converters.FileSupportConverter; SearchStrategy: all) did not find any beans (OnBeanCondition)

   SpringDocConfiguration#openAPIBuilder matched:
      - @ConditionalOnMissingBean (types: org.springdoc.core.OpenAPIService; SearchStrategy: all) did not find any beans (OnBeanCondition)

   SpringDocConfiguration#operationBuilder matched:
      - @ConditionalOnWebApplication (required) found 'session' scope (OnWebApplicationCondition)
      - @ConditionalOnMissingBean (types: org.springdoc.core.OperationService; SearchStrategy: all) did not find any beans (OnBeanCondition)

   SpringDocConfiguration#parameterBuilder matched:
      - @ConditionalOnMissingBean (types: org.springdoc.core.GenericParameterService; SearchStrategy: all) did not find any beans (OnBeanCondition)

   SpringDocConfiguration#polymorphicModelConverter matched:
      - @ConditionalOnMissingBean (types: org.springdoc.core.converters.PolymorphicModelConverter; SearchStrategy: all) did not find any beans (OnBeanCondition)

   SpringDocConfiguration#requestBodyBuilder matched:
      - @ConditionalOnWebApplication (required) found 'session' scope (OnWebApplicationCondition)
      - @ConditionalOnMissingBean (types: org.springdoc.core.RequestBodyService; SearchStrategy: all) did not find any beans (OnBeanCondition)

   SpringDocConfiguration#responseSupportConverter matched:
      - @ConditionalOnMissingBean (types: org.springdoc.core.converters.ResponseSupportConverter; SearchStrategy: all) did not find any beans (OnBeanCondition)

   SpringDocConfiguration#schemaPropertyDeprecatingConverter matched:
      - @ConditionalOnProperty (springdoc.model-converters.deprecating-converter.enabled) matched (OnPropertyCondition)
      - @ConditionalOnMissingBean (types: org.springdoc.core.converters.SchemaPropertyDeprecatingConverter; SearchStrategy: all) did not find any beans (OnBeanCondition)

   SpringDocConfiguration#securityParser matched:
      - @ConditionalOnMissingBean (types: org.springdoc.core.SecurityService; SearchStrategy: all) did not find any beans (OnBeanCondition)

   SpringDocConfiguration.WebConversionServiceConfiguration matched:
      - @ConditionalOnClass found required class 'org.springframework.boot.autoconfigure.web.format.WebConversionService' (OnClassCondition)

   SpringDocWebMvcConfiguration matched:
      - found 'session' scope (OnWebApplicationCondition)
      - @ConditionalOnProperty (springdoc.api-docs.enabled) matched (OnPropertyCondition)

   SpringDocWebMvcConfiguration#openApiResource matched:
      - @ConditionalOnProperty (springdoc.use-management-port=false) matched (OnPropertyCondition)
      - @ConditionalOnMissingBean (types: org.springdoc.webmvc.api.OpenApiWebMvcResource; SearchStrategy: all) did not find any beans (OnBeanCondition)

   SpringDocWebMvcConfiguration#requestBuilder matched:
      - @ConditionalOnMissingBean (types: org.springdoc.webmvc.core.RequestService; SearchStrategy: all) did not find any beans (OnBeanCondition)

   SpringDocWebMvcConfiguration#responseBuilder matched:
      - @ConditionalOnMissingBean (types: org.springdoc.core.GenericResponseService; SearchStrategy: all) did not find any beans (OnBeanCondition)

   SpringDocWebMvcConfiguration.SpringDocWebMvcRouterConfiguration matched:
      - @ConditionalOnClass found required class 'org.springframework.web.servlet.function.RouterFunction' (OnClassCondition)

   SpringDocWebMvcConfiguration.SpringDocWebMvcRouterConfiguration#routerFunctionProvider matched:
      - @ConditionalOnMissingBean (types: org.springdoc.webmvc.core.RouterFunctionProvider; SearchStrategy: all) did not find any beans (OnBeanCondition)

   SwaggerConfig matched:
      - @ConditionalOnProperty (springdoc.swagger-ui.enabled) matched (OnPropertyCondition)
      - @ConditionalOnBean (types: org.springdoc.core.SpringDocConfiguration; SearchStrategy: all) found bean 'org.springdoc.core.SpringDocConfiguration' (OnBeanCondition)

   SwaggerConfig#indexPageTransformer matched:
      - @ConditionalOnMissingBean (types: org.springdoc.webmvc.ui.SwaggerIndexTransformer; SearchStrategy: all) did not find any beans (OnBeanCondition)

   SwaggerConfig#swaggerWebMvcConfigurer matched:
      - @ConditionalOnMissingBean (types: org.springdoc.webmvc.ui.SwaggerWebMvcConfigurer; SearchStrategy: all) did not find any beans (OnBeanCondition)

   SwaggerConfig#swaggerWelcome matched:
      - @ConditionalOnProperty (springdoc.use-management-port=false) matched (OnPropertyCondition)
      - @ConditionalOnMissingBean (types: org.springdoc.webmvc.ui.SwaggerWelcomeWebMvc; SearchStrategy: all) did not find any beans (OnBeanCondition)

   SwaggerUiConfigParameters matched:
      - @ConditionalOnProperty (springdoc.swagger-ui.enabled) matched (OnPropertyCondition)
      - @ConditionalOnBean (types: org.springdoc.core.SpringDocConfiguration; SearchStrategy: all) found bean 'org.springdoc.core.SpringDocConfiguration' (OnBeanCondition)

   SwaggerUiConfigProperties matched:
      - @ConditionalOnProperty (springdoc.swagger-ui.enabled) matched (OnPropertyCondition)
      - @ConditionalOnBean (types: org.springdoc.core.SpringDocConfiguration; SearchStrategy: all) found bean 'org.springdoc.core.SpringDocConfiguration' (OnBeanCondition)

   SwaggerUiOAuthProperties matched:
      - @ConditionalOnProperty (springdoc.swagger-ui.enabled) matched (OnPropertyCondition)
      - @ConditionalOnBean (types: org.springdoc.core.SpringDocConfiguration; SearchStrategy: all) found bean 'org.springdoc.core.SpringDocConfiguration' (OnBeanCondition)

   TaskExecutionAutoConfiguration matched:
      - @ConditionalOnClass found required class 'org.springframework.scheduling.concurrent.ThreadPoolTaskExecutor' (OnClassCondition)

   TaskExecutionAutoConfiguration#applicationTaskExecutor matched:
      - @ConditionalOnMissingBean (types: java.util.concurrent.Executor; SearchStrategy: all) did not find any beans (OnBeanCondition)

   TaskExecutionAutoConfiguration#taskExecutorBuilder matched:
      - @ConditionalOnMissingBean (types: org.springframework.boot.task.TaskExecutorBuilder; SearchStrategy: all) did not find any beans (OnBeanCondition)

   TaskSchedulingAutoConfiguration matched:
      - @ConditionalOnClass found required class 'org.springframework.scheduling.concurrent.ThreadPoolTaskScheduler' (OnClassCondition)

   TaskSchedulingAutoConfiguration#taskScheduler matched:
      - @ConditionalOnBean (names: org.springframework.context.annotation.internalScheduledAnnotationProcessor; SearchStrategy: all) found bean 'org.springframework.context.annotation.internalScheduledAnnotationProcessor'; @ConditionalOnMissingBean (types: org.springframework.scheduling.annotation.SchedulingConfigurer,org.springframework.scheduling.TaskScheduler,java.util.concurrent.ScheduledExecutorService; SearchStrategy: all) did not find any beans (OnBeanCondition)

   TaskSchedulingAutoConfiguration#taskSchedulerBuilder matched:
      - @ConditionalOnMissingBean (types: org.springframework.boot.task.TaskSchedulerBuilder; SearchStrategy: all) did not find any beans (OnBeanCondition)

   TransactionAutoConfiguration matched:
      - @ConditionalOnClass found required class 'org.springframework.transaction.PlatformTransactionManager' (OnClassCondition)

   TransactionAutoConfiguration#platformTransactionManagerCustomizers matched:
      - @ConditionalOnMissingBean (types: org.springframework.boot.autoconfigure.transaction.TransactionManagerCustomizers; SearchStrategy: all) did not find any beans (OnBeanCondition)

   TransactionAutoConfiguration.EnableTransactionManagementConfiguration matched:
      - @ConditionalOnBean (types: org.springframework.transaction.TransactionManager; SearchStrategy: all) found bean 'transactionManager'; @ConditionalOnMissingBean (types: org.springframework.transaction.annotation.AbstractTransactionManagementConfiguration; SearchStrategy: all) did not find any beans (OnBeanCondition)

   TransactionAutoConfiguration.EnableTransactionManagementConfiguration.CglibAutoProxyConfiguration matched:
      - @ConditionalOnProperty (spring.aop.proxy-target-class=true) matched (OnPropertyCondition)

   TransactionAutoConfiguration.TransactionTemplateConfiguration matched:
      - @ConditionalOnSingleCandidate (types: org.springframework.transaction.PlatformTransactionManager; SearchStrategy: all) found a primary bean from beans 'transactionManager' (OnBeanCondition)

   TransactionAutoConfiguration.TransactionTemplateConfiguration#transactionTemplate matched:
      - @ConditionalOnMissingBean (types: org.springframework.transaction.support.TransactionOperations; SearchStrategy: all) did not find any beans (OnBeanCondition)

   WebMvcAutoConfiguration matched:
      - @ConditionalOnClass found required classes 'javax.servlet.Servlet', 'org.springframework.web.servlet.DispatcherServlet', 'org.springframework.web.servlet.config.annotation.WebMvcConfigurer' (OnClassCondition)
      - found 'session' scope (OnWebApplicationCondition)
      - @ConditionalOnMissingBean (types: org.springframework.web.servlet.config.annotation.WebMvcConfigurationSupport; SearchStrategy: all) did not find any beans (OnBeanCondition)

   WebMvcAutoConfiguration#formContentFilter matched:
      - @ConditionalOnProperty (spring.mvc.formcontent.filter.enabled) matched (OnPropertyCondition)
      - @ConditionalOnMissingBean (types: org.springframework.web.filter.FormContentFilter; SearchStrategy: all) did not find any beans (OnBeanCondition)

   WebMvcAutoConfiguration.EnableWebMvcConfiguration#flashMapManager matched:
      - @ConditionalOnMissingBean (names: flashMapManager; SearchStrategy: all) did not find any beans (OnBeanCondition)

   WebMvcAutoConfiguration.EnableWebMvcConfiguration#localeResolver matched:
      - @ConditionalOnMissingBean (names: localeResolver; SearchStrategy: all) did not find any beans (OnBeanCondition)

   WebMvcAutoConfiguration.EnableWebMvcConfiguration#themeResolver matched:
      - @ConditionalOnMissingBean (names: themeResolver; SearchStrategy: all) did not find any beans (OnBeanCondition)

   WebMvcAutoConfiguration.ResourceChainCustomizerConfiguration matched:
      - @ConditionalOnEnabledResourceChain found class org.webjars.WebJarAssetLocator (OnEnabledResourceChainCondition)

   WebMvcAutoConfiguration.WebMvcAutoConfigurationAdapter#defaultViewResolver matched:
      - @ConditionalOnMissingBean (types: org.springframework.web.servlet.view.InternalResourceViewResolver; SearchStrategy: all) did not find any beans (OnBeanCondition)

   WebMvcAutoConfiguration.WebMvcAutoConfigurationAdapter#requestContextFilter matched:
      - @ConditionalOnMissingBean (types: org.springframework.web.context.request.RequestContextListener,org.springframework.web.filter.RequestContextFilter; SearchStrategy: all) did not find any beans (OnBeanCondition)

   WebMvcAutoConfiguration.WebMvcAutoConfigurationAdapter#viewResolver matched:
      - @ConditionalOnBean (types: org.springframework.web.servlet.ViewResolver; SearchStrategy: all) found beans 'defaultViewResolver', 'beanNameViewResolver', 'mvcViewResolver'; @ConditionalOnMissingBean (names: viewResolver types: org.springframework.web.servlet.view.ContentNegotiatingViewResolver; SearchStrategy: all) did not find any beans (OnBeanCondition)

   WebSocketServletAutoConfiguration matched:
      - @ConditionalOnClass found required classes 'javax.servlet.Servlet', 'javax.websocket.server.ServerContainer' (OnClassCondition)
      - found 'session' scope (OnWebApplicationCondition)

   WebSocketServletAutoConfiguration.TomcatWebSocketConfiguration matched:
      - @ConditionalOnClass found required classes 'org.apache.catalina.startup.Tomcat', 'org.apache.tomcat.websocket.server.WsSci' (OnClassCondition)

   WebSocketServletAutoConfiguration.TomcatWebSocketConfiguration#websocketServletWebServerCustomizer matched:
      - @ConditionalOnMissingBean (names: websocketServletWebServerCustomizer; SearchStrategy: all) did not find any beans (OnBeanCondition)


Negative matches:
-----------------

   ActiveMQAutoConfiguration:
      Did not match:
         - @ConditionalOnClass did not find required class 'javax.jms.ConnectionFactory' (OnClassCondition)

   AopAutoConfiguration.AspectJAutoProxyingConfiguration.JdkDynamicAutoProxyConfiguration:
      Did not match:
         - @ConditionalOnProperty (spring.aop.proxy-target-class=false) did not find property 'proxy-target-class' (OnPropertyCondition)

   AopAutoConfiguration.ClassProxyingConfiguration:
      Did not match:
         - @ConditionalOnMissingClass found unwanted class 'org.aspectj.weaver.Advice' (OnClassCondition)

   ArtemisAutoConfiguration:
      Did not match:
         - @ConditionalOnClass did not find required class 'javax.jms.ConnectionFactory' (OnClassCondition)

   AtomikosJtaConfiguration:
      Did not match:
         - @ConditionalOnClass did not find required class 'com.atomikos.icatch.jta.UserTransactionManager' (OnClassCondition)

   BatchAutoConfiguration:
      Did not match:
         - @ConditionalOnClass did not find required class 'org.springframework.batch.core.launch.JobLauncher' (OnClassCondition)

   CacheAutoConfiguration:
      Did not match:
         - @ConditionalOnBean (types: org.springframework.cache.interceptor.CacheAspectSupport; SearchStrategy: all) did not find any beans of type org.springframework.cache.interceptor.CacheAspectSupport (OnBeanCondition)
      Matched:
         - @ConditionalOnClass found required class 'org.springframework.cache.CacheManager' (OnClassCondition)

   CacheAutoConfiguration.CacheManagerEntityManagerFactoryDependsOnPostProcessor:
      Did not match:
         - Ancestor org.springframework.boot.autoconfigure.cache.CacheAutoConfiguration did not match (ConditionEvaluationReport.AncestorsMatchedCondition)
      Matched:
         - @ConditionalOnClass found required class 'org.springframework.orm.jpa.LocalContainerEntityManagerFactoryBean' (OnClassCondition)

   CaffeineCacheConfiguration:
      Did not match:
         - @ConditionalOnClass did not find required class 'com.github.benmanes.caffeine.cache.Caffeine' (OnClassCondition)

   CassandraAutoConfiguration:
      Did not match:
         - @ConditionalOnClass did not find required class 'com.datastax.oss.driver.api.core.CqlSession' (OnClassCondition)

   CassandraDataAutoConfiguration:
      Did not match:
         - @ConditionalOnClass did not find required class 'com.datastax.oss.driver.api.core.CqlSession' (OnClassCondition)

   CassandraReactiveDataAutoConfiguration:
      Did not match:
         - @ConditionalOnClass did not find required class 'com.datastax.oss.driver.api.core.CqlSession' (OnClassCondition)

   CassandraReactiveRepositoriesAutoConfiguration:
      Did not match:
         - @ConditionalOnClass did not find required class 'org.springframework.data.cassandra.ReactiveSession' (OnClassCondition)

   CassandraRepositoriesAutoConfiguration:
      Did not match:
         - @ConditionalOnClass did not find required class 'com.datastax.oss.driver.api.core.CqlSession' (OnClassCondition)

   ClientHttpConnectorAutoConfiguration:
      Did not match:
         - @ConditionalOnClass did not find required class 'org.springframework.web.reactive.function.client.WebClient' (OnClassCondition)

   CodecsAutoConfiguration:
      Did not match:
         - @ConditionalOnClass did not find required class 'org.springframework.web.reactive.function.client.WebClient' (OnClassCondition)

   CouchbaseAutoConfiguration:
      Did not match:
         - @ConditionalOnClass did not find required class 'com.couchbase.client.java.Cluster' (OnClassCondition)

   CouchbaseCacheConfiguration:
      Did not match:
         - @ConditionalOnClass did not find required class 'com.couchbase.client.java.Cluster' (OnClassCondition)

   CouchbaseDataAutoConfiguration:
      Did not match:
         - @ConditionalOnClass did not find required class 'com.couchbase.client.java.Bucket' (OnClassCondition)

   CouchbaseReactiveDataAutoConfiguration:
      Did not match:
         - @ConditionalOnClass did not find required class 'com.couchbase.client.java.Cluster' (OnClassCondition)

   CouchbaseReactiveRepositoriesAutoConfiguration:
      Did not match:
         - @ConditionalOnClass did not find required class 'com.couchbase.client.java.Cluster' (OnClassCondition)

   CouchbaseRepositoriesAutoConfiguration:
      Did not match:
         - @ConditionalOnClass did not find required class 'com.couchbase.client.java.Bucket' (OnClassCondition)

   DataSourceAutoConfiguration.EmbeddedDatabaseConfiguration:
      Did not match:
         - EmbeddedDataSource spring.datasource.url is set (DataSourceAutoConfiguration.EmbeddedDatabaseCondition)

   DataSourceConfiguration.Dbcp2:
      Did not match:
         - @ConditionalOnClass did not find required class 'org.apache.commons.dbcp2.BasicDataSource' (OnClassCondition)

   DataSourceConfiguration.Generic:
      Did not match:
         - @ConditionalOnProperty (spring.datasource.type) did not find property 'spring.datasource.type' (OnPropertyCondition)

   DataSourceConfiguration.OracleUcp:
      Did not match:
         - @ConditionalOnClass did not find required classes 'oracle.ucp.jdbc.PoolDataSourceImpl', 'oracle.jdbc.OracleConnection' (OnClassCondition)

   DataSourceConfiguration.Tomcat:
      Did not match:
         - @ConditionalOnClass did not find required class 'org.apache.tomcat.jdbc.pool.DataSource' (OnClassCondition)

   DataSourceInitializationConfiguration.InitializationSpecificCredentialsDataSourceInitializationConfiguration:
      Did not match:
         - AnyNestedCondition 0 matched 2 did not; NestedCondition on DataSourceInitializationConfiguration.InitializationSpecificCredentialsDataSourceInitializationConfiguration.DifferentCredentialsCondition.DataCredentials @ConditionalOnProperty (spring.datasource.data-username) did not find property 'data-username'; NestedCondition on DataSourceInitializationConfiguration.InitializationSpecificCredentialsDataSourceInitializationConfiguration.DifferentCredentialsCondition.SchemaCredentials @ConditionalOnProperty (spring.datasource.schema-username) did not find property 'schema-username' (DataSourceInitializationConfiguration.InitializationSpecificCredentialsDataSourceInitializationConfiguration.DifferentCredentialsCondition)

   DataSourceJmxConfiguration:
      Did not match:
         - @ConditionalOnProperty (spring.jmx.enabled=true) found different value in property 'enabled' (OnPropertyCondition)

   DataSourcePoolMetadataProvidersConfiguration.CommonsDbcp2PoolDataSourceMetadataProviderConfiguration:
      Did not match:
         - @ConditionalOnClass did not find required class 'org.apache.commons.dbcp2.BasicDataSource' (OnClassCondition)

   DataSourcePoolMetadataProvidersConfiguration.OracleUcpPoolDataSourceMetadataProviderConfiguration:
      Did not match:
         - @ConditionalOnClass did not find required classes 'oracle.ucp.jdbc.PoolDataSource', 'oracle.jdbc.OracleConnection' (OnClassCondition)

   DataSourcePoolMetadataProvidersConfiguration.TomcatDataSourcePoolMetadataProviderConfiguration:
      Did not match:
         - @ConditionalOnClass did not find required class 'org.apache.tomcat.jdbc.pool.DataSource' (OnClassCondition)

   DataSourceTransactionManagerAutoConfiguration.JdbcTransactionManagerConfiguration#transactionManager:
      Did not match:
         - @ConditionalOnMissingBean (types: org.springframework.transaction.TransactionManager; SearchStrategy: all) found beans of type 'org.springframework.transaction.TransactionManager' transactionManager (OnBeanCondition)

   DispatcherServletAutoConfiguration.DispatcherServletConfiguration#multipartResolver:
      Did not match:
         - @ConditionalOnBean (types: org.springframework.web.multipart.MultipartResolver; SearchStrategy: all) did not find any beans of type org.springframework.web.multipart.MultipartResolver (OnBeanCondition)

   EhCacheCacheConfiguration:
      Did not match:
         - @ConditionalOnClass did not find required class 'net.sf.ehcache.Cache' (OnClassCondition)

   ElasticsearchDataAutoConfiguration:
      Did not match:
         - @ConditionalOnClass did not find required class 'org.springframework.data.elasticsearch.core.ElasticsearchRestTemplate' (OnClassCondition)

   ElasticsearchRepositoriesAutoConfiguration:
      Did not match:
         - @ConditionalOnClass did not find required class 'org.elasticsearch.client.Client' (OnClassCondition)

   ElasticsearchRestClientAutoConfiguration:
      Did not match:
         - @ConditionalOnClass did not find required class 'org.elasticsearch.client.RestHighLevelClient' (OnClassCondition)

   EmbeddedLdapAutoConfiguration:
      Did not match:
         - @ConditionalOnClass did not find required class 'com.unboundid.ldap.listener.InMemoryDirectoryServer' (OnClassCondition)

   EmbeddedMongoAutoConfiguration:
      Did not match:
         - @ConditionalOnClass did not find required class 'com.mongodb.MongoClientSettings' (OnClassCondition)

   EmbeddedWebServerFactoryCustomizerAutoConfiguration.JettyWebServerFactoryCustomizerConfiguration:
      Did not match:
         - @ConditionalOnClass did not find required classes 'org.eclipse.jetty.server.Server', 'org.eclipse.jetty.util.Loader', 'org.eclipse.jetty.webapp.WebAppContext' (OnClassCondition)

   EmbeddedWebServerFactoryCustomizerAutoConfiguration.NettyWebServerFactoryCustomizerConfiguration:
      Did not match:
         - @ConditionalOnClass did not find required class 'reactor.netty.http.server.HttpServer' (OnClassCondition)

   EmbeddedWebServerFactoryCustomizerAutoConfiguration.UndertowWebServerFactoryCustomizerConfiguration:
      Did not match:
         - @ConditionalOnClass did not find required classes 'io.undertow.Undertow', 'org.xnio.SslClientAuthMode' (OnClassCondition)

   ErrorWebFluxAutoConfiguration:
      Did not match:
         - @ConditionalOnClass did not find required class 'org.springframework.web.reactive.config.WebFluxConfigurer' (OnClassCondition)

   FlywayAutoConfiguration:
      Did not match:
         - @ConditionalOnClass did not find required class 'org.flywaydb.core.Flyway' (OnClassCondition)

   FreeMarkerAutoConfiguration:
      Did not match:
         - @ConditionalOnClass did not find required class 'freemarker.template.Configuration' (OnClassCondition)

   GroovyTemplateAutoConfiguration:
      Did not match:
         - @ConditionalOnClass did not find required class 'groovy.text.markup.MarkupTemplateEngine' (OnClassCondition)

   GsonAutoConfiguration:
      Did not match:
         - @ConditionalOnClass did not find required class 'com.google.gson.Gson' (OnClassCondition)

   GsonHttpMessageConvertersConfiguration:
      Did not match:
         - @ConditionalOnClass did not find required class 'com.google.gson.Gson' (OnClassCondition)

   H2ConsoleAutoConfiguration:
      Did not match:
         - @ConditionalOnProperty (spring.h2.console.enabled=true) did not find property 'enabled' (OnPropertyCondition)
      Matched:
         - @ConditionalOnClass found required class 'org.h2.server.web.WebServlet' (OnClassCondition)
         - found 'session' scope (OnWebApplicationCondition)

   HazelcastAutoConfiguration:
      Did not match:
         - @ConditionalOnClass did not find required class 'com.hazelcast.core.HazelcastInstance' (OnClassCondition)

   HazelcastCacheConfiguration:
      Did not match:
         - @ConditionalOnClass did not find required class 'com.hazelcast.core.HazelcastInstance' (OnClassCondition)

   HazelcastJpaDependencyAutoConfiguration:
      Did not match:
         - @ConditionalOnClass did not find required class 'com.hazelcast.core.HazelcastInstance' (OnClassCondition)

   HttpHandlerAutoConfiguration:
      Did not match:
         - @ConditionalOnClass did not find required class 'org.springframework.web.reactive.DispatcherHandler' (OnClassCondition)

   HypermediaAutoConfiguration:
      Did not match:
         - @ConditionalOnClass did not find required class 'org.springframework.hateoas.EntityModel' (OnClassCondition)

   InfinispanCacheConfiguration:
      Did not match:
         - @ConditionalOnClass did not find required class 'org.infinispan.spring.embedded.provider.SpringEmbeddedCacheManager' (OnClassCondition)

   InfluxDbAutoConfiguration:
      Did not match:
         - @ConditionalOnClass did not find required class 'org.influxdb.InfluxDB' (OnClassCondition)

   IntegrationAutoConfiguration:
      Did not match:
         - @ConditionalOnClass did not find required class 'org.springframework.integration.config.EnableIntegration' (OnClassCondition)

   JCacheCacheConfiguration:
      Did not match:
         - @ConditionalOnClass did not find required class 'javax.cache.Caching' (OnClassCondition)

   JacksonHttpMessageConvertersConfiguration.MappingJackson2XmlHttpMessageConverterConfiguration:
      Did not match:
         - @ConditionalOnClass did not find required class 'com.fasterxml.jackson.dataformat.xml.XmlMapper' (OnClassCondition)

   JdbcRepositoriesAutoConfiguration:
      Did not match:
         - @ConditionalOnClass did not find required class 'org.springframework.data.jdbc.repository.config.AbstractJdbcConfiguration' (OnClassCondition)

   JerseyAutoConfiguration:
      Did not match:
         - @ConditionalOnClass did not find required class 'org.glassfish.jersey.server.spring.SpringComponentProvider' (OnClassCondition)

   JmsAutoConfiguration:
      Did not match:
         - @ConditionalOnClass did not find required class 'javax.jms.Message' (OnClassCondition)

   JmxAutoConfiguration:
      Did not match:
         - @ConditionalOnProperty (spring.jmx.enabled=true) found different value in property 'enabled' (OnPropertyCondition)
      Matched:
         - @ConditionalOnClass found required class 'org.springframework.jmx.export.MBeanExporter' (OnClassCondition)

   JndiConnectionFactoryAutoConfiguration:
      Did not match:
         - @ConditionalOnClass did not find required class 'org.springframework.jms.core.JmsTemplate' (OnClassCondition)

   JndiDataSourceAutoConfiguration:
      Did not match:
         - @ConditionalOnProperty (spring.datasource.jndi-name) did not find property 'jndi-name' (OnPropertyCondition)
      Matched:
         - @ConditionalOnClass found required classes 'javax.sql.DataSource', 'org.springframework.jdbc.datasource.embedded.EmbeddedDatabaseType' (OnClassCondition)

   JndiJtaConfiguration:
      Did not match:
         - @ConditionalOnJndi JNDI environment is not available (OnJndiCondition)
      Matched:
         - @ConditionalOnClass found required class 'org.springframework.transaction.jta.JtaTransactionManager' (OnClassCondition)

   JooqAutoConfiguration:
      Did not match:
         - @ConditionalOnClass did not find required class 'org.jooq.DSLContext' (OnClassCondition)

   JpaBaseConfiguration.JpaWebConfiguration:
      Did not match:
         - @ConditionalOnProperty (spring.jpa.open-in-view=true) found different value in property 'open-in-view' (OnPropertyCondition)
      Matched:
         - @ConditionalOnClass found required class 'org.springframework.web.servlet.config.annotation.WebMvcConfigurer' (OnClassCondition)
         - found 'session' scope (OnWebApplicationCondition)

   JpaRepositoriesAutoConfiguration:
      Did not match:
         - @ConditionalOnMissingBean (types: org.springframework.data.jpa.repository.support.JpaRepositoryFactoryBean,org.springframework.data.jpa.repository.config.JpaRepositoryConfigExtension; SearchStrategy: all) found beans of type 'org.springframework.data.jpa.repository.support.JpaRepositoryFactoryBean' &roleRepository, &userRepository and found beans of type 'org.springframework.data.jpa.repository.config.JpaRepositoryConfigExtension' org.springframework.data.jpa.repository.config.JpaRepositoryConfigExtension#0 (OnBeanCondition)
      Matched:
         - @ConditionalOnClass found required class 'org.springframework.data.jpa.repository.JpaRepository' (OnClassCondition)
         - @ConditionalOnProperty (spring.data.jpa.repositories.enabled=true) matched (OnPropertyCondition)

   JsonbAutoConfiguration:
      Did not match:
         - @ConditionalOnClass did not find required class 'javax.json.bind.Jsonb' (OnClassCondition)

   JsonbHttpMessageConvertersConfiguration:
      Did not match:
         - @ConditionalOnClass did not find required class 'javax.json.bind.Jsonb' (OnClassCondition)

   KafkaAutoConfiguration:
      Did not match:
         - @ConditionalOnClass did not find required class 'org.springframework.kafka.core.KafkaTemplate' (OnClassCondition)

   LdapAutoConfiguration:
      Did not match:
         - @ConditionalOnClass did not find required class 'org.springframework.ldap.core.ContextSource' (OnClassCondition)

   LdapRepositoriesAutoConfiguration:
      Did not match:
         - @ConditionalOnClass did not find required class 'org.springframework.data.ldap.repository.LdapRepository' (OnClassCondition)

   LiquibaseAutoConfiguration:
      Did not match:
         - @ConditionalOnClass did not find required class 'liquibase.change.DatabaseChange' (OnClassCondition)

   MailSenderAutoConfiguration:
      Did not match:
         - @ConditionalOnClass did not find required class 'javax.mail.internet.MimeMessage' (OnClassCondition)

   MailSenderValidatorAutoConfiguration:
      Did not match:
         - @ConditionalOnSingleCandidate did not find required type 'org.springframework.mail.javamail.JavaMailSenderImpl' (OnBeanCondition)

   MessageSourceAutoConfiguration:
      Did not match:
         - ResourceBundle did not find bundle with basename messages (MessageSourceAutoConfiguration.ResourceBundleCondition)

   MongoAutoConfiguration:
      Did not match:
         - @ConditionalOnClass did not find required class 'com.mongodb.client.MongoClient' (OnClassCondition)

   MongoDataAutoConfiguration:
      Did not match:
         - @ConditionalOnClass did not find required class 'com.mongodb.client.MongoClient' (OnClassCondition)

   MongoReactiveAutoConfiguration:
      Did not match:
         - @ConditionalOnClass did not find required class 'com.mongodb.reactivestreams.client.MongoClient' (OnClassCondition)

   MongoReactiveDataAutoConfiguration:
      Did not match:
         - @ConditionalOnClass did not find required class 'com.mongodb.reactivestreams.client.MongoClient' (OnClassCondition)

   MongoReactiveRepositoriesAutoConfiguration:
      Did not match:
         - @ConditionalOnClass did not find required class 'com.mongodb.reactivestreams.client.MongoClient' (OnClassCondition)

   MongoRepositoriesAutoConfiguration:
      Did not match:
         - @ConditionalOnClass did not find required class 'com.mongodb.client.MongoClient' (OnClassCondition)

   MultipleOpenApiSupportConfiguration:
      Did not match:
         - AnyNestedCondition 0 matched 2 did not; NestedCondition on MultipleOpenApiSupportCondition.OnActuatorDifferentPort @ConditionalOnProperty (springdoc.show-actuator) did not find property 'springdoc.show-actuator'; NestedCondition on MultipleOpenApiSupportCondition.OnMultipleOpenApiSupportCondition AnyNestedCondition 0 matched 2 did not; NestedCondition on MultipleOpenApiGroupsCondition.OnGroupConfigProperty @ConditionalOnProperty (springdoc.group-configs[0].group) did not find property 'springdoc.group-configs[0].group'; NestedCondition on MultipleOpenApiGroupsCondition.OnGroupedOpenApiBean @ConditionalOnBean (types: org.springdoc.core.GroupedOpenApi; SearchStrategy: all) did not find any beans of type org.springdoc.core.GroupedOpenApi (MultipleOpenApiSupportCondition)
      Matched:
         - found 'session' scope (OnWebApplicationCondition)
         - @ConditionalOnProperty (springdoc.api-docs.enabled) matched (OnPropertyCondition)

   MultipleOpenApiSupportConfiguration.SpringDocWebMvcActuatorDifferentConfiguration:
      Did not match:
         - @ConditionalOnClass did not find required class 'org.springframework.boot.actuate.endpoint.web.servlet.WebMvcEndpointHandlerMapping' (OnClassCondition)
         - Ancestor org.springdoc.webmvc.core.MultipleOpenApiSupportConfiguration did not match (ConditionEvaluationReport.AncestorsMatchedCondition)

   MustacheAutoConfiguration:
      Did not match:
         - @ConditionalOnClass did not find required class 'com.samskivert.mustache.Mustache' (OnClassCondition)

   Neo4jAutoConfiguration:
      Did not match:
         - @ConditionalOnClass did not find required class 'org.neo4j.driver.Driver' (OnClassCondition)

   Neo4jDataAutoConfiguration:
      Did not match:
         - @ConditionalOnClass did not find required class 'org.neo4j.driver.Driver' (OnClassCondition)

   Neo4jReactiveDataAutoConfiguration:
      Did not match:
         - @ConditionalOnClass did not find required class 'org.neo4j.driver.Driver' (OnClassCondition)

   Neo4jReactiveRepositoriesAutoConfiguration:
      Did not match:
         - @ConditionalOnClass did not find required class 'org.neo4j.driver.Driver' (OnClassCondition)

   Neo4jRepositoriesAutoConfiguration:
      Did not match:
         - @ConditionalOnClass did not find required class 'org.neo4j.driver.Driver' (OnClassCondition)

   NettyAutoConfiguration:
      Did not match:
         - @ConditionalOnClass did not find required class 'io.netty.util.NettyRuntime' (OnClassCondition)

   OAuth2ClientAutoConfiguration:
      Did not match:
         - @ConditionalOnClass did not find required class 'org.springframework.security.oauth2.client.registration.ClientRegistration' (OnClassCondition)

   OAuth2ResourceServerAutoConfiguration:
      Did not match:
         - @ConditionalOnClass did not find required class 'org.springframework.security.oauth2.server.resource.BearerTokenAuthenticationToken' (OnClassCondition)

   ProjectInfoAutoConfiguration#buildProperties:
      Did not match:
         - @ConditionalOnResource did not find resource '${spring.info.build.location:classpath:META-INF/build-info.properties}' (OnResourceCondition)

   ProjectInfoAutoConfiguration#gitProperties:
      Did not match:
         - GitResource did not find git info at classpath:git.properties (ProjectInfoAutoConfiguration.GitResourceAvailableCondition)

   QuartzAutoConfiguration:
      Did not match:
         - @ConditionalOnClass did not find required class 'org.quartz.Scheduler' (OnClassCondition)

   R2dbcAutoConfiguration:
      Did not match:
         - @ConditionalOnClass did not find required class 'io.r2dbc.spi.ConnectionFactory' (OnClassCondition)

   R2dbcDataAutoConfiguration:
      Did not match:
         - @ConditionalOnClass did not find required class 'org.springframework.data.r2dbc.core.R2dbcEntityTemplate' (OnClassCondition)

   R2dbcInitializationConfiguration:
      Did not match:
         - @ConditionalOnClass did not find required classes 'io.r2dbc.spi.ConnectionFactory', 'org.springframework.r2dbc.connection.init.DatabasePopulator' (OnClassCondition)

   R2dbcRepositoriesAutoConfiguration:
      Did not match:
         - @ConditionalOnClass did not find required class 'io.r2dbc.spi.ConnectionFactory' (OnClassCondition)

   R2dbcTransactionManagerAutoConfiguration:
      Did not match:
         - @ConditionalOnClass did not find required class 'org.springframework.r2dbc.connection.R2dbcTransactionManager' (OnClassCondition)

   RSocketMessagingAutoConfiguration:
      Did not match:
         - @ConditionalOnClass did not find required class 'io.rsocket.RSocket' (OnClassCondition)

   RSocketRequesterAutoConfiguration:
      Did not match:
         - @ConditionalOnClass did not find required class 'io.rsocket.RSocket' (OnClassCondition)

   RSocketSecurityAutoConfiguration:
      Did not match:
         - @ConditionalOnClass did not find required class 'org.springframework.security.rsocket.core.SecuritySocketAcceptorInterceptor' (OnClassCondition)

   RSocketServerAutoConfiguration:
      Did not match:
         - @ConditionalOnClass did not find required class 'io.rsocket.core.RSocketServer' (OnClassCondition)

   RSocketStrategiesAutoConfiguration:
      Did not match:
         - @ConditionalOnClass did not find required class 'io.netty.buffer.PooledByteBufAllocator' (OnClassCondition)

   RabbitAutoConfiguration:
      Did not match:
         - @ConditionalOnClass did not find required class 'com.rabbitmq.client.Channel' (OnClassCondition)

   ReactiveElasticsearchRepositoriesAutoConfiguration:
      Did not match:
         - @ConditionalOnClass did not find required class 'org.springframework.data.elasticsearch.client.reactive.ReactiveElasticsearchClient' (OnClassCondition)

   ReactiveElasticsearchRestClientAutoConfiguration:
      Did not match:
         - @ConditionalOnClass did not find required class 'reactor.netty.http.client.HttpClient' (OnClassCondition)

   ReactiveOAuth2ClientAutoConfiguration:
      Did not match:
         - @ConditionalOnClass did not find required class 'reactor.core.publisher.Flux' (OnClassCondition)

   ReactiveOAuth2ResourceServerAutoConfiguration:
      Did not match:
         - @ConditionalOnWebApplication did not find reactive web application classes (OnWebApplicationCondition)

   ReactiveSecurityAutoConfiguration:
      Did not match:
         - @ConditionalOnClass did not find required class 'reactor.core.publisher.Flux' (OnClassCondition)

   ReactiveUserDetailsServiceAutoConfiguration:
      Did not match:
         - AnyNestedCondition 0 matched 2 did not; NestedCondition on ReactiveUserDetailsServiceAutoConfiguration.ReactiveUserDetailsServiceCondition.ReactiveWebApplicationCondition did not find reactive web application classes; NestedCondition on ReactiveUserDetailsServiceAutoConfiguration.ReactiveUserDetailsServiceCondition.RSocketSecurityEnabledCondition @ConditionalOnBean (types: org.springframework.messaging.rsocket.annotation.support.RSocketMessageHandler; SearchStrategy: all) did not find any beans of type org.springframework.messaging.rsocket.annotation.support.RSocketMessageHandler (ReactiveUserDetailsServiceAutoConfiguration.ReactiveUserDetailsServiceCondition)
      Matched:
         - @ConditionalOnClass found required class 'org.springframework.security.authentication.ReactiveAuthenticationManager' (OnClassCondition)

   ReactiveWebServerFactoryAutoConfiguration:
      Did not match:
         - @ConditionalOnWebApplication did not find reactive web application classes (OnWebApplicationCondition)

   RedisAutoConfiguration:
      Did not match:
         - @ConditionalOnClass did not find required class 'org.springframework.data.redis.core.RedisOperations' (OnClassCondition)

   RedisCacheConfiguration:
      Did not match:
         - @ConditionalOnClass did not find required class 'org.springframework.data.redis.connection.RedisConnectionFactory' (OnClassCondition)

   RedisReactiveAutoConfiguration:
      Did not match:
         - @ConditionalOnClass did not find required class 'reactor.core.publisher.Flux' (OnClassCondition)

   RedisRepositoriesAutoConfiguration:
      Did not match:
         - @ConditionalOnClass did not find required class 'org.springframework.data.redis.repository.configuration.EnableRedisRepositories' (OnClassCondition)

   RepositoryRestMvcAutoConfiguration:
      Did not match:
         - @ConditionalOnClass did not find required class 'org.springframework.data.rest.webmvc.config.RepositoryRestMvcConfiguration' (OnClassCondition)

   Saml2RelyingPartyAutoConfiguration:
      Did not match:
         - @ConditionalOnClass did not find required class 'org.springframework.security.saml2.provider.service.registration.RelyingPartyRegistrationRepository' (OnClassCondition)

   SecurityDataConfiguration:
      Did not match:
         - @ConditionalOnClass did not find required class 'org.springframework.security.data.repository.query.SecurityEvaluationContextExtension' (OnClassCondition)

   SendGridAutoConfiguration:
      Did not match:
         - @ConditionalOnClass did not find required class 'com.sendgrid.SendGrid' (OnClassCondition)

   ServletWebServerFactoryAutoConfiguration#forwardedHeaderFilter:
      Did not match:
         - @ConditionalOnProperty (server.forward-headers-strategy=framework) did not find property 'server.forward-headers-strategy' (OnPropertyCondition)

   ServletWebServerFactoryConfiguration.EmbeddedJetty:
      Did not match:
         - @ConditionalOnClass did not find required classes 'org.eclipse.jetty.server.Server', 'org.eclipse.jetty.util.Loader', 'org.eclipse.jetty.webapp.WebAppContext' (OnClassCondition)

   ServletWebServerFactoryConfiguration.EmbeddedUndertow:
      Did not match:
         - @ConditionalOnClass did not find required classes 'io.undertow.Undertow', 'org.xnio.SslClientAuthMode' (OnClassCondition)

   SessionAutoConfiguration:
      Did not match:
         - @ConditionalOnClass did not find required class 'org.springframework.session.Session' (OnClassCondition)

   SolrAutoConfiguration:
      Did not match:
         - @ConditionalOnClass did not find required class 'org.apache.solr.client.solrj.impl.CloudSolrClient' (OnClassCondition)

   SpringApplicationAdminJmxAutoConfiguration:
      Did not match:
         - @ConditionalOnProperty (spring.application.admin.enabled=true) did not find property 'enabled' (OnPropertyCondition)

   SpringBootWebSecurityConfiguration:
      Did not match:
         - AllNestedConditions 1 matched 1 did not; NestedCondition on DefaultWebSecurityCondition.Beans @ConditionalOnMissingBean (types: org.springframework.security.config.annotation.web.configuration.WebSecurityConfigurerAdapter,org.springframework.security.web.SecurityFilterChain; SearchStrategy: all) found beans of type 'org.springframework.security.config.annotation.web.configuration.WebSecurityConfigurerAdapter' webSecurityConfiguration; NestedCondition on DefaultWebSecurityCondition.Classes @ConditionalOnClass found required classes 'org.springframework.security.web.SecurityFilterChain', 'org.springframework.security.config.annotation.web.builders.HttpSecurity' (DefaultWebSecurityCondition)
      Matched:
         - found 'session' scope (OnWebApplicationCondition)

   SpringDocConfiguration#propertiesResolverForSchema:
      Did not match:
         - @ConditionalOnProperty (springdoc.api-docs.resolve-schema-properties) did not find property 'springdoc.api-docs.resolve-schema-properties' (OnPropertyCondition)

   SpringDocConfiguration#springdocBeanFactoryPostProcessor:
      Did not match:
         - AnyNestedCondition 0 matched 2 did not; NestedCondition on CacheOrGroupedOpenApiCondition.OnCacheDisabled found non-matching nested conditions @ConditionalOnProperty (springdoc.cache.disabled) did not find property 'springdoc.cache.disabled'; NestedCondition on CacheOrGroupedOpenApiCondition.OnMultipleOpenApiSupportCondition AnyNestedCondition 0 matched 2 did not; NestedCondition on MultipleOpenApiSupportCondition.OnActuatorDifferentPort @ConditionalOnProperty (springdoc.show-actuator) did not find property 'springdoc.show-actuator'; NestedCondition on MultipleOpenApiSupportCondition.OnMultipleOpenApiSupportCondition AnyNestedCondition 0 matched 2 did not; NestedCondition on MultipleOpenApiGroupsCondition.OnGroupConfigProperty @ConditionalOnProperty (springdoc.group-configs[0].group) did not find property 'springdoc.group-configs[0].group'; NestedCondition on MultipleOpenApiGroupsCondition.OnGroupedOpenApiBean @ConditionalOnBean (types: org.springdoc.core.GroupedOpenApi; SearchStrategy: all) did not find any beans of type org.springdoc.core.GroupedOpenApi (CacheOrGroupedOpenApiCondition)
      Matched:
         - @ConditionalOnClass found required class 'org.springframework.boot.context.properties.bind.BindResult' (OnClassCondition)

   SpringDocConfiguration#springdocBeanFactoryPostProcessor2:
      Did not match:
         - @ConditionalOnMissingClass found unwanted class 'org.springframework.boot.context.properties.bind.BindResult' (OnClassCondition)

   SpringDocConfiguration.SpringDocActuatorConfiguration:
      Did not match:
         - @ConditionalOnClass did not find required class 'org.springframework.boot.actuate.autoconfigure.endpoint.web.WebEndpointProperties' (OnClassCondition)

   SpringDocHints:
      Did not match:
         - @ConditionalOnClass did not find required class 'org.springframework.nativex.NativeListener' (OnClassCondition)

   SpringDocWebMvcConfiguration.SpringDocWebMvcActuatorConfiguration:
      Did not match:
         - @ConditionalOnClass did not find required class 'org.springframework.boot.actuate.endpoint.web.servlet.WebMvcEndpointHandlerMapping' (OnClassCondition)

   SqlInitializationAutoConfiguration:
      Did not match:
         - @ConditionalOnMissingBean (types: org.springframework.boot.sql.init.AbstractScriptDatabaseInitializer; SearchStrategy: all) found beans of type 'org.springframework.boot.sql.init.AbstractScriptDatabaseInitializer' scriptDataSourceInitializer (OnBeanCondition)
      Matched:
         - @ConditionalOnProperty (spring.sql.init.enabled) matched (OnPropertyCondition)
         - NoneNestedConditions 0 matched 1 did not; NestedCondition on SqlInitializationAutoConfiguration.SqlInitializationModeCondition.ModeIsNever @ConditionalOnProperty (spring.sql.init.mode=never) did not find property 'mode' (SqlInitializationAutoConfiguration.SqlInitializationModeCondition)

   SwaggerConfig#swaggerUiConfigParameters:
      Did not match:
         - @ConditionalOnMissingBean (types: org.springdoc.core.SwaggerUiConfigParameters; SearchStrategy: all) found beans of type 'org.springdoc.core.SwaggerUiConfigParameters' org.springdoc.core.SwaggerUiConfigParameters (OnBeanCondition)

   SwaggerConfig#swaggerUiHome:
      Did not match:
         - @ConditionalOnProperty (springdoc.swagger-ui.use-root-path=true) did not find property 'springdoc.swagger-ui.use-root-path' (OnPropertyCondition)

   SwaggerConfig.SwaggerActuatorWelcomeConfiguration:
      Did not match:
         - @ConditionalOnClass did not find required class 'org.springframework.boot.actuate.endpoint.web.servlet.WebMvcEndpointHandlerMapping' (OnClassCondition)

   ThymeleafAutoConfiguration:
      Did not match:
         - @ConditionalOnClass did not find required class 'org.thymeleaf.spring5.SpringTemplateEngine' (OnClassCondition)

   TransactionAutoConfiguration#transactionalOperator:
      Did not match:
         - @ConditionalOnSingleCandidate (types: org.springframework.transaction.ReactiveTransactionManager; SearchStrategy: all) did not find any beans (OnBeanCondition)

   TransactionAutoConfiguration.EnableTransactionManagementConfiguration.JdkDynamicAutoProxyConfiguration:
      Did not match:
         - @ConditionalOnProperty (spring.aop.proxy-target-class=false) did not find property 'proxy-target-class' (OnPropertyCondition)

   UserDetailsServiceAutoConfiguration:
      Did not match:
         - @ConditionalOnMissingBean (types: org.springframework.security.authentication.AuthenticationManager,org.springframework.security.authentication.AuthenticationProvider,org.springframework.security.core.userdetails.UserDetailsService,org.springframework.security.oauth2.jwt.JwtDecoder,org.springframework.security.oauth2.server.resource.introspection.OpaqueTokenIntrospector; SearchStrategy: all) found beans of type 'org.springframework.security.authentication.AuthenticationManager' authenticationManagerBean and found beans of type 'org.springframework.security.core.userdetails.UserDetailsService' jwtService (OnBeanCondition)
      Matched:
         - @ConditionalOnClass found required class 'org.springframework.security.authentication.AuthenticationManager' (OnClassCondition)

   ValidationAutoConfiguration:
      Did not match:
         - @ConditionalOnResource did not find resource 'classpath:META-INF/services/javax.validation.spi.ValidationProvider' (OnResourceCondition)
      Matched:
         - @ConditionalOnClass found required class 'javax.validation.executable.ExecutableValidator' (OnClassCondition)

   WebClientAutoConfiguration:
      Did not match:
         - @ConditionalOnClass did not find required class 'org.springframework.web.reactive.function.client.WebClient' (OnClassCondition)

   WebFluxAutoConfiguration:
      Did not match:
         - @ConditionalOnClass did not find required class 'org.springframework.web.reactive.config.WebFluxConfigurer' (OnClassCondition)

   WebMvcAutoConfiguration#hiddenHttpMethodFilter:
      Did not match:
         - @ConditionalOnProperty (spring.mvc.hiddenmethod.filter.enabled) did not find property 'enabled' (OnPropertyCondition)

   WebMvcAutoConfiguration.WebMvcAutoConfigurationAdapter#beanNameViewResolver:
      Did not match:
         - @ConditionalOnMissingBean (types: org.springframework.web.servlet.view.BeanNameViewResolver; SearchStrategy: all) found beans of type 'org.springframework.web.servlet.view.BeanNameViewResolver' beanNameViewResolver (OnBeanCondition)

   WebSecurityEnablerConfiguration:
      Did not match:
         - @ConditionalOnMissingBean (names: springSecurityFilterChain; SearchStrategy: all) found beans named springSecurityFilterChain (OnBeanCondition)
      Matched:
         - @ConditionalOnClass found required class 'org.springframework.security.config.annotation.web.configuration.EnableWebSecurity' (OnClassCondition)
         - found 'session' scope (OnWebApplicationCondition)

   WebServiceTemplateAutoConfiguration:
      Did not match:
         - @ConditionalOnClass did not find required class 'org.springframework.oxm.Marshaller' (OnClassCondition)

   WebServicesAutoConfiguration:
      Did not match:
         - @ConditionalOnClass did not find required class 'org.springframework.ws.transport.http.MessageDispatcherServlet' (OnClassCondition)

   WebSocketMessagingAutoConfiguration:
      Did not match:
         - @ConditionalOnClass did not find required class 'org.springframework.web.socket.config.annotation.WebSocketMessageBrokerConfigurer' (OnClassCondition)

   WebSocketReactiveAutoConfiguration:
      Did not match:
         - @ConditionalOnWebApplication did not find reactive web application classes (OnWebApplicationCondition)

   WebSocketServletAutoConfiguration.Jetty10WebSocketConfiguration:
      Did not match:
         - @ConditionalOnClass did not find required classes 'org.eclipse.jetty.websocket.javax.server.internal.JavaxWebSocketServerContainer', 'org.eclipse.jetty.websocket.server.JettyWebSocketServerContainer' (OnClassCondition)

   WebSocketServletAutoConfiguration.JettyWebSocketConfiguration:
      Did not match:
         - @ConditionalOnClass did not find required class 'org.eclipse.jetty.websocket.jsr356.server.deploy.WebSocketServerContainerInitializer' (OnClassCondition)

   WebSocketServletAutoConfiguration.UndertowWebSocketConfiguration:
      Did not match:
         - @ConditionalOnClass did not find required class 'io.undertow.websockets.jsr.Bootstrap' (OnClassCondition)

   XADataSourceAutoConfiguration:
      Did not match:
         - @ConditionalOnBean (types: org.springframework.boot.jdbc.XADataSourceWrapper; SearchStrategy: all) did not find any beans of type org.springframework.boot.jdbc.XADataSourceWrapper (OnBeanCondition)
      Matched:
         - @ConditionalOnClass found required classes 'javax.sql.DataSource', 'javax.transaction.TransactionManager', 'org.springframework.jdbc.datasource.embedded.EmbeddedDatabaseType' (OnClassCondition)


Exclusions:
-----------

    None


Unconditional classes:
----------------------

    org.springframework.boot.autoconfigure.context.ConfigurationPropertiesAutoConfiguration

    org.springframework.boot.autoconfigure.context.PropertyPlaceholderAutoConfiguration

    org.springframework.boot.autoconfigure.context.LifecycleAutoConfiguration

    org.springframework.boot.autoconfigure.availability.ApplicationAvailabilityAutoConfiguration

    org.springframework.boot.autoconfigure.info.ProjectInfoAutoConfiguration



2022-12-24 22:10:43.016 TRACE 25502 --- [           main] o.s.c.io.support.SpringFactoriesLoader   : Loaded [org.springframework.boot.diagnostics.FailureAnalysisReporter] names: [org.springframework.boot.diagnostics.LoggingFailureAnalysisReporter]
2022-12-24 22:10:43.018 ERROR 25502 --- [           main] o.s.boot.SpringApplication               : Application run failed

org.springframework.beans.factory.BeanCreationException: Error creating bean with name 'entityManagerFactory' defined in class path resource [org/springframework/boot/autoconfigure/orm/jpa/HibernateJpaConfiguration.class]: Invocation of init method failed; nested exception is javax.persistence.PersistenceException: [PersistenceUnit: default] Unable to build Hibernate SessionFactory; nested exception is org.hibernate.exception.JDBCConnectionException: Unable to open JDBC Connection for DDL execution
	at org.springframework.beans.factory.support.AbstractAutowireCapableBeanFactory.initializeBean(AbstractAutowireCapableBeanFactory.java:1786) ~[spring-beans-5.3.9.jar:5.3.9]
	at org.springframework.beans.factory.support.AbstractAutowireCapableBeanFactory.doCreateBean(AbstractAutowireCapableBeanFactory.java:602) ~[spring-beans-5.3.9.jar:5.3.9]
	at org.springframework.beans.factory.support.AbstractAutowireCapableBeanFactory.createBean(AbstractAutowireCapableBeanFactory.java:524) ~[spring-beans-5.3.9.jar:5.3.9]
	at org.springframework.beans.factory.support.AbstractBeanFactory.lambda$doGetBean$0(AbstractBeanFactory.java:335) ~[spring-beans-5.3.9.jar:5.3.9]
	at org.springframework.beans.factory.support.DefaultSingletonBeanRegistry.getSingleton(DefaultSingletonBeanRegistry.java:234) ~[spring-beans-5.3.9.jar:5.3.9]
	at org.springframework.beans.factory.support.AbstractBeanFactory.doGetBean(AbstractBeanFactory.java:333) ~[spring-beans-5.3.9.jar:5.3.9]
	at org.springframework.beans.factory.support.AbstractBeanFactory.getBean(AbstractBeanFactory.java:208) ~[spring-beans-5.3.9.jar:5.3.9]
	at org.springframework.context.support.AbstractApplicationContext.getBean(AbstractApplicationContext.java:1154) ~[spring-context-5.3.9.jar:5.3.9]
	at org.springframework.context.support.AbstractApplicationContext.finishBeanFactoryInitialization(AbstractApplicationContext.java:908) ~[spring-context-5.3.9.jar:5.3.9]
	at org.springframework.context.support.AbstractApplicationContext.refresh(AbstractApplicationContext.java:583) ~[spring-context-5.3.9.jar:5.3.9]
	at org.springframework.boot.SpringApplication.refresh(SpringApplication.java:754) ~[spring-boot-2.5.3.jar:2.5.3]
	at org.springframework.boot.SpringApplication.refreshContext(SpringApplication.java:434) ~[spring-boot-2.5.3.jar:2.5.3]
	at org.springframework.boot.SpringApplication.run(SpringApplication.java:338) ~[spring-boot-2.5.3.jar:2.5.3]
	at org.springframework.boot.test.context.SpringBootContextLoader.loadContext(SpringBootContextLoader.java:123) ~[spring-boot-test-2.5.3.jar:2.5.3]
	at org.springframework.test.context.cache.DefaultCacheAwareContextLoaderDelegate.loadContextInternal(DefaultCacheAwareContextLoaderDelegate.java:99) ~[spring-test-5.3.9.jar:5.3.9]
	at org.springframework.test.context.cache.DefaultCacheAwareContextLoaderDelegate.loadContext(DefaultCacheAwareContextLoaderDelegate.java:124) ~[spring-test-5.3.9.jar:5.3.9]
	at org.springframework.test.context.support.DefaultTestContext.getApplicationContext(DefaultTestContext.java:124) ~[spring-test-5.3.9.jar:5.3.9]
	at org.springframework.test.context.web.ServletTestExecutionListener.setUpRequestContextIfNecessary(ServletTestExecutionListener.java:190) ~[spring-test-5.3.9.jar:5.3.9]
	at org.springframework.test.context.web.ServletTestExecutionListener.prepareTestInstance(ServletTestExecutionListener.java:132) ~[spring-test-5.3.9.jar:5.3.9]
	at org.springframework.test.context.TestContextManager.prepareTestInstance(TestContextManager.java:244) ~[spring-test-5.3.9.jar:5.3.9]
	at org.springframework.test.context.junit.jupiter.SpringExtension.postProcessTestInstance(SpringExtension.java:138) ~[spring-test-5.3.9.jar:5.3.9]
	at org.junit.jupiter.engine.descriptor.ClassBasedTestDescriptor.lambda$invokeTestInstancePostProcessors$6(ClassBasedTestDescriptor.java:350) ~[junit-jupiter-engine-5.7.2.jar:5.7.2]
	at org.junit.jupiter.engine.descriptor.ClassBasedTestDescriptor.executeAndMaskThrowable(ClassBasedTestDescriptor.java:355) ~[junit-jupiter-engine-5.7.2.jar:5.7.2]
	at org.junit.jupiter.engine.descriptor.ClassBasedTestDescriptor.lambda$invokeTestInstancePostProcessors$7(ClassBasedTestDescriptor.java:350) ~[junit-jupiter-engine-5.7.2.jar:5.7.2]
	at java.base/java.util.stream.ReferencePipeline$3$1.accept(ReferencePipeline.java:197) ~[na:na]
	at java.base/java.util.stream.ReferencePipeline$2$1.accept(ReferencePipeline.java:179) ~[na:na]
	at java.base/java.util.ArrayList$ArrayListSpliterator.forEachRemaining(ArrayList.java:1625) ~[na:na]
	at java.base/java.util.stream.AbstractPipeline.copyInto(AbstractPipeline.java:509) ~[na:na]
	at java.base/java.util.stream.AbstractPipeline.wrapAndCopyInto(AbstractPipeline.java:499) ~[na:na]
	at java.base/java.util.stream.StreamSpliterators$WrappingSpliterator.forEachRemaining(StreamSpliterators.java:310) ~[na:na]
	at java.base/java.util.stream.Streams$ConcatSpliterator.forEachRemaining(Streams.java:735) ~[na:na]
	at java.base/java.util.stream.Streams$ConcatSpliterator.forEachRemaining(Streams.java:734) ~[na:na]
	at java.base/java.util.stream.ReferencePipeline$Head.forEach(ReferencePipeline.java:762) ~[na:na]
	at org.junit.jupiter.engine.descriptor.ClassBasedTestDescriptor.invokeTestInstancePostProcessors(ClassBasedTestDescriptor.java:349) ~[junit-jupiter-engine-5.7.2.jar:5.7.2]
	at org.junit.jupiter.engine.descriptor.ClassBasedTestDescriptor.lambda$instantiateAndPostProcessTestInstance$4(ClassBasedTestDescriptor.java:270) ~[junit-jupiter-engine-5.7.2.jar:5.7.2]
	at org.junit.platform.engine.support.hierarchical.ThrowableCollector.execute(ThrowableCollector.java:73) ~[junit-platform-engine-1.7.2.jar:1.7.2]
	at org.junit.jupiter.engine.descriptor.ClassBasedTestDescriptor.instantiateAndPostProcessTestInstance(ClassBasedTestDescriptor.java:269) ~[junit-jupiter-engine-5.7.2.jar:5.7.2]
	at org.junit.jupiter.engine.descriptor.ClassBasedTestDescriptor.lambda$testInstancesProvider$2(ClassBasedTestDescriptor.java:259) ~[junit-jupiter-engine-5.7.2.jar:5.7.2]
	at java.base/java.util.Optional.orElseGet(Optional.java:364) ~[na:na]
	at org.junit.jupiter.engine.descriptor.ClassBasedTestDescriptor.lambda$testInstancesProvider$3(ClassBasedTestDescriptor.java:258) ~[junit-jupiter-engine-5.7.2.jar:5.7.2]
	at org.junit.jupiter.engine.execution.TestInstancesProvider.getTestInstances(TestInstancesProvider.java:31) ~[junit-jupiter-engine-5.7.2.jar:5.7.2]
	at org.junit.jupiter.engine.descriptor.TestMethodTestDescriptor.lambda$prepare$0(TestMethodTestDescriptor.java:101) ~[junit-jupiter-engine-5.7.2.jar:5.7.2]
	at org.junit.platform.engine.support.hierarchical.ThrowableCollector.execute(ThrowableCollector.java:73) ~[junit-platform-engine-1.7.2.jar:1.7.2]
	at org.junit.jupiter.engine.descriptor.TestMethodTestDescriptor.prepare(TestMethodTestDescriptor.java:100) ~[junit-jupiter-engine-5.7.2.jar:5.7.2]
	at org.junit.jupiter.engine.descriptor.TestMethodTestDescriptor.prepare(TestMethodTestDescriptor.java:65) ~[junit-jupiter-engine-5.7.2.jar:5.7.2]
	at org.junit.platform.engine.support.hierarchical.NodeTestTask.lambda$prepare$1(NodeTestTask.java:111) ~[junit-platform-engine-1.7.2.jar:1.7.2]
	at org.junit.platform.engine.support.hierarchical.ThrowableCollector.execute(ThrowableCollector.java:73) ~[junit-platform-engine-1.7.2.jar:1.7.2]
	at org.junit.platform.engine.support.hierarchical.NodeTestTask.prepare(NodeTestTask.java:111) ~[junit-platform-engine-1.7.2.jar:1.7.2]
	at org.junit.platform.engine.support.hierarchical.NodeTestTask.execute(NodeTestTask.java:79) ~[junit-platform-engine-1.7.2.jar:1.7.2]
	at java.base/java.util.ArrayList.forEach(ArrayList.java:1511) ~[na:na]
	at org.junit.platform.engine.support.hierarchical.SameThreadHierarchicalTestExecutorService.invokeAll(SameThreadHierarchicalTestExecutorService.java:38) ~[junit-platform-engine-1.7.2.jar:1.7.2]
	at org.junit.platform.engine.support.hierarchical.NodeTestTask.lambda$executeRecursively$5(NodeTestTask.java:143) ~[junit-platform-engine-1.7.2.jar:1.7.2]
	at org.junit.platform.engine.support.hierarchical.ThrowableCollector.execute(ThrowableCollector.java:73) ~[junit-platform-engine-1.7.2.jar:1.7.2]
	at org.junit.platform.engine.support.hierarchical.NodeTestTask.lambda$executeRecursively$7(NodeTestTask.java:129) ~[junit-platform-engine-1.7.2.jar:1.7.2]
	at org.junit.platform.engine.support.hierarchical.Node.around(Node.java:137) ~[junit-platform-engine-1.7.2.jar:1.7.2]
	at org.junit.platform.engine.support.hierarchical.NodeTestTask.lambda$executeRecursively$8(NodeTestTask.java:127) ~[junit-platform-engine-1.7.2.jar:1.7.2]
	at org.junit.platform.engine.support.hierarchical.ThrowableCollector.execute(ThrowableCollector.java:73) ~[junit-platform-engine-1.7.2.jar:1.7.2]
	at org.junit.platform.engine.support.hierarchical.NodeTestTask.executeRecursively(NodeTestTask.java:126) ~[junit-platform-engine-1.7.2.jar:1.7.2]
	at org.junit.platform.engine.support.hierarchical.NodeTestTask.execute(NodeTestTask.java:84) ~[junit-platform-engine-1.7.2.jar:1.7.2]
	at java.base/java.util.ArrayList.forEach(ArrayList.java:1511) ~[na:na]
	at org.junit.platform.engine.support.hierarchical.SameThreadHierarchicalTestExecutorService.invokeAll(SameThreadHierarchicalTestExecutorService.java:38) ~[junit-platform-engine-1.7.2.jar:1.7.2]
	at org.junit.platform.engine.support.hierarchical.NodeTestTask.lambda$executeRecursively$5(NodeTestTask.java:143) ~[junit-platform-engine-1.7.2.jar:1.7.2]
	at org.junit.platform.engine.support.hierarchical.ThrowableCollector.execute(ThrowableCollector.java:73) ~[junit-platform-engine-1.7.2.jar:1.7.2]
	at org.junit.platform.engine.support.hierarchical.NodeTestTask.lambda$executeRecursively$7(NodeTestTask.java:129) ~[junit-platform-engine-1.7.2.jar:1.7.2]
	at org.junit.platform.engine.support.hierarchical.Node.around(Node.java:137) ~[junit-platform-engine-1.7.2.jar:1.7.2]
	at org.junit.platform.engine.support.hierarchical.NodeTestTask.lambda$executeRecursively$8(NodeTestTask.java:127) ~[junit-platform-engine-1.7.2.jar:1.7.2]
	at org.junit.platform.engine.support.hierarchical.ThrowableCollector.execute(ThrowableCollector.java:73) ~[junit-platform-engine-1.7.2.jar:1.7.2]
	at org.junit.platform.engine.support.hierarchical.NodeTestTask.executeRecursively(NodeTestTask.java:126) ~[junit-platform-engine-1.7.2.jar:1.7.2]
	at org.junit.platform.engine.support.hierarchical.NodeTestTask.execute(NodeTestTask.java:84) ~[junit-platform-engine-1.7.2.jar:1.7.2]
	at org.junit.platform.engine.support.hierarchical.SameThreadHierarchicalTestExecutorService.submit(SameThreadHierarchicalTestExecutorService.java:32) ~[junit-platform-engine-1.7.2.jar:1.7.2]
	at org.junit.platform.engine.support.hierarchical.HierarchicalTestExecutor.execute(HierarchicalTestExecutor.java:57) ~[junit-platform-engine-1.7.2.jar:1.7.2]
	at org.junit.platform.engine.support.hierarchical.HierarchicalTestEngine.execute(HierarchicalTestEngine.java:51) ~[junit-platform-engine-1.7.2.jar:1.7.2]
	at org.junit.platform.launcher.core.DefaultLauncher.execute(DefaultLauncher.java:220) ~[junit-platform-launcher-1.3.1.jar:1.3.1]
	at org.junit.platform.launcher.core.DefaultLauncher.lambda$execute$6(DefaultLauncher.java:188) ~[junit-platform-launcher-1.3.1.jar:1.3.1]
	at org.junit.platform.launcher.core.DefaultLauncher.withInterceptedStreams(DefaultLauncher.java:202) ~[junit-platform-launcher-1.3.1.jar:1.3.1]
	at org.junit.platform.launcher.core.DefaultLauncher.execute(DefaultLauncher.java:181) ~[junit-platform-launcher-1.3.1.jar:1.3.1]
	at org.junit.platform.launcher.core.DefaultLauncher.execute(DefaultLauncher.java:128) ~[junit-platform-launcher-1.3.1.jar:1.3.1]
	at org.apache.maven.surefire.junitplatform.JUnitPlatformProvider.invokeAllTests(JUnitPlatformProvider.java:150) ~[surefire-junit-platform-2.22.2.jar:2.22.2]
	at org.apache.maven.surefire.junitplatform.JUnitPlatformProvider.invoke(JUnitPlatformProvider.java:124) ~[surefire-junit-platform-2.22.2.jar:2.22.2]
	at org.apache.maven.surefire.booter.ForkedBooter.invokeProviderInSameClassLoader(ForkedBooter.java:384) ~[surefire-booter-2.22.2.jar:2.22.2]
	at org.apache.maven.surefire.booter.ForkedBooter.runSuitesInProcess(ForkedBooter.java:345) ~[surefire-booter-2.22.2.jar:2.22.2]
	at org.apache.maven.surefire.booter.ForkedBooter.execute(ForkedBooter.java:126) ~[surefire-booter-2.22.2.jar:2.22.2]
	at org.apache.maven.surefire.booter.ForkedBooter.main(ForkedBooter.java:418) ~[surefire-booter-2.22.2.jar:2.22.2]
Caused by: javax.persistence.PersistenceException: [PersistenceUnit: default] Unable to build Hibernate SessionFactory; nested exception is org.hibernate.exception.JDBCConnectionException: Unable to open JDBC Connection for DDL execution
	at org.springframework.orm.jpa.AbstractEntityManagerFactoryBean.buildNativeEntityManagerFactory(AbstractEntityManagerFactoryBean.java:421) ~[spring-orm-5.3.9.jar:5.3.9]
	at org.springframework.orm.jpa.AbstractEntityManagerFactoryBean.afterPropertiesSet(AbstractEntityManagerFactoryBean.java:396) ~[spring-orm-5.3.9.jar:5.3.9]
	at org.springframework.orm.jpa.LocalContainerEntityManagerFactoryBean.afterPropertiesSet(LocalContainerEntityManagerFactoryBean.java:341) ~[spring-orm-5.3.9.jar:5.3.9]
	at org.springframework.beans.factory.support.AbstractAutowireCapableBeanFactory.invokeInitMethods(AbstractAutowireCapableBeanFactory.java:1845) ~[spring-beans-5.3.9.jar:5.3.9]
	at org.springframework.beans.factory.support.AbstractAutowireCapableBeanFactory.initializeBean(AbstractAutowireCapableBeanFactory.java:1782) ~[spring-beans-5.3.9.jar:5.3.9]
	... 82 common frames omitted
Caused by: org.hibernate.exception.JDBCConnectionException: Unable to open JDBC Connection for DDL execution
	at org.hibernate.exception.internal.SQLExceptionTypeDelegate.convert(SQLExceptionTypeDelegate.java:48) ~[hibernate-core-5.4.32.Final.jar:5.4.32.Final]
	at org.hibernate.exception.internal.StandardSQLExceptionConverter.convert(StandardSQLExceptionConverter.java:42) ~[hibernate-core-5.4.32.Final.jar:5.4.32.Final]
	at org.hibernate.engine.jdbc.spi.SqlExceptionHelper.convert(SqlExceptionHelper.java:113) ~[hibernate-core-5.4.32.Final.jar:5.4.32.Final]
	at org.hibernate.engine.jdbc.spi.SqlExceptionHelper.convert(SqlExceptionHelper.java:99) ~[hibernate-core-5.4.32.Final.jar:5.4.32.Final]
	at org.hibernate.resource.transaction.backend.jdbc.internal.DdlTransactionIsolatorNonJtaImpl.getIsolatedConnection(DdlTransactionIsolatorNonJtaImpl.java:69) ~[hibernate-core-5.4.32.Final.jar:5.4.32.Final]
	at org.hibernate.tool.schema.internal.exec.ImprovedExtractionContextImpl.getJdbcConnection(ImprovedExtractionContextImpl.java:60) ~[hibernate-core-5.4.32.Final.jar:5.4.32.Final]
	at org.hibernate.tool.schema.internal.exec.ImprovedExtractionContextImpl.getJdbcDatabaseMetaData(ImprovedExtractionContextImpl.java:67) ~[hibernate-core-5.4.32.Final.jar:5.4.32.Final]
	at org.hibernate.tool.schema.extract.internal.InformationExtractorJdbcDatabaseMetaDataImpl.getTables(InformationExtractorJdbcDatabaseMetaDataImpl.java:333) ~[hibernate-core-5.4.32.Final.jar:5.4.32.Final]
	at org.hibernate.tool.schema.extract.internal.DatabaseInformationImpl.getTablesInformation(DatabaseInformationImpl.java:120) ~[hibernate-core-5.4.32.Final.jar:5.4.32.Final]
	at org.hibernate.tool.schema.internal.GroupedSchemaMigratorImpl.performTablesMigration(GroupedSchemaMigratorImpl.java:65) ~[hibernate-core-5.4.32.Final.jar:5.4.32.Final]
	at org.hibernate.tool.schema.internal.AbstractSchemaMigrator.performMigration(AbstractSchemaMigrator.java:207) ~[hibernate-core-5.4.32.Final.jar:5.4.32.Final]
	at org.hibernate.tool.schema.internal.AbstractSchemaMigrator.doMigration(AbstractSchemaMigrator.java:114) ~[hibernate-core-5.4.32.Final.jar:5.4.32.Final]
	at org.hibernate.tool.schema.spi.SchemaManagementToolCoordinator.performDatabaseAction(SchemaManagementToolCoordinator.java:184) ~[hibernate-core-5.4.32.Final.jar:5.4.32.Final]
	at org.hibernate.tool.schema.spi.SchemaManagementToolCoordinator.process(SchemaManagementToolCoordinator.java:73) ~[hibernate-core-5.4.32.Final.jar:5.4.32.Final]
	at org.hibernate.internal.SessionFactoryImpl.<init>(SessionFactoryImpl.java:318) ~[hibernate-core-5.4.32.Final.jar:5.4.32.Final]
	at org.hibernate.boot.internal.SessionFactoryBuilderImpl.build(SessionFactoryBuilderImpl.java:468) ~[hibernate-core-5.4.32.Final.jar:5.4.32.Final]
	at org.hibernate.jpa.boot.internal.EntityManagerFactoryBuilderImpl.build(EntityManagerFactoryBuilderImpl.java:1259) ~[hibernate-core-5.4.32.Final.jar:5.4.32.Final]
	at org.springframework.orm.jpa.vendor.SpringHibernateJpaPersistenceProvider.createContainerEntityManagerFactory(SpringHibernateJpaPersistenceProvider.java:58) ~[spring-orm-5.3.9.jar:5.3.9]
	at org.springframework.orm.jpa.LocalContainerEntityManagerFactoryBean.createNativeEntityManagerFactory(LocalContainerEntityManagerFactoryBean.java:365) ~[spring-orm-5.3.9.jar:5.3.9]
	at org.springframework.orm.jpa.AbstractEntityManagerFactoryBean.buildNativeEntityManagerFactory(AbstractEntityManagerFactoryBean.java:409) ~[spring-orm-5.3.9.jar:5.3.9]
	... 86 common frames omitted
Caused by: java.sql.SQLNonTransientConnectionException: Could not create connection to database server. Attempted reconnect 3 times. Giving up.
	at com.mysql.cj.jdbc.exceptions.SQLError.createSQLException(SQLError.java:110) ~[mysql-connector-java-8.0.26.jar:8.0.26]
	at com.mysql.cj.jdbc.exceptions.SQLError.createSQLException(SQLError.java:97) ~[mysql-connector-java-8.0.26.jar:8.0.26]
	at com.mysql.cj.jdbc.exceptions.SQLError.createSQLException(SQLError.java:89) ~[mysql-connector-java-8.0.26.jar:8.0.26]
	at com.mysql.cj.jdbc.exceptions.SQLError.createSQLException(SQLError.java:63) ~[mysql-connector-java-8.0.26.jar:8.0.26]
	at com.mysql.cj.jdbc.exceptions.SQLError.createSQLException(SQLError.java:73) ~[mysql-connector-java-8.0.26.jar:8.0.26]
	at com.mysql.cj.jdbc.ConnectionImpl.connectWithRetries(ConnectionImpl.java:898) ~[mysql-connector-java-8.0.26.jar:8.0.26]
	at com.mysql.cj.jdbc.ConnectionImpl.createNewIO(ConnectionImpl.java:823) ~[mysql-connector-java-8.0.26.jar:8.0.26]
	at com.mysql.cj.jdbc.ConnectionImpl.<init>(ConnectionImpl.java:448) ~[mysql-connector-java-8.0.26.jar:8.0.26]
	at com.mysql.cj.jdbc.ConnectionImpl.getInstance(ConnectionImpl.java:241) ~[mysql-connector-java-8.0.26.jar:8.0.26]
	at com.mysql.cj.jdbc.NonRegisteringDriver.connect(NonRegisteringDriver.java:198) ~[mysql-connector-java-8.0.26.jar:8.0.26]
	at com.zaxxer.hikari.util.DriverDataSource.getConnection(DriverDataSource.java:138) ~[HikariCP-4.0.3.jar:na]
	at com.zaxxer.hikari.pool.PoolBase.newConnection(PoolBase.java:364) ~[HikariCP-4.0.3.jar:na]
	at com.zaxxer.hikari.pool.PoolBase.newPoolEntry(PoolBase.java:206) ~[HikariCP-4.0.3.jar:na]
	at com.zaxxer.hikari.pool.HikariPool.createPoolEntry(HikariPool.java:476) ~[HikariCP-4.0.3.jar:na]
	at com.zaxxer.hikari.pool.HikariPool.checkFailFast(HikariPool.java:561) ~[HikariCP-4.0.3.jar:na]
	at com.zaxxer.hikari.pool.HikariPool.<init>(HikariPool.java:115) ~[HikariCP-4.0.3.jar:na]
	at com.zaxxer.hikari.HikariDataSource.getConnection(HikariDataSource.java:112) ~[HikariCP-4.0.3.jar:na]
	at org.hibernate.engine.jdbc.connections.internal.DatasourceConnectionProviderImpl.getConnection(DatasourceConnectionProviderImpl.java:122) ~[hibernate-core-5.4.32.Final.jar:5.4.32.Final]
	at org.hibernate.engine.jdbc.env.internal.JdbcEnvironmentInitiator$ConnectionProviderJdbcConnectionAccess.obtainConnection(JdbcEnvironmentInitiator.java:180) ~[hibernate-core-5.4.32.Final.jar:5.4.32.Final]
	at org.hibernate.resource.transaction.backend.jdbc.internal.DdlTransactionIsolatorNonJtaImpl.getIsolatedConnection(DdlTransactionIsolatorNonJtaImpl.java:43) ~[hibernate-core-5.4.32.Final.jar:5.4.32.Final]
	... 101 common frames omitted
Caused by: com.mysql.cj.exceptions.CJCommunicationsException: Communications link failure

The last packet sent successfully to the server was 0 milliseconds ago. The driver has not received any packets from the server.
	at java.base/jdk.internal.reflect.DirectConstructorHandleAccessor.newInstance(DirectConstructorHandleAccessor.java:67) ~[na:na]
	at java.base/java.lang.reflect.Constructor.newInstanceWithCaller(Constructor.java:500) ~[na:na]
	at java.base/java.lang.reflect.Constructor.newInstance(Constructor.java:484) ~[na:na]
	at com.mysql.cj.exceptions.ExceptionFactory.createException(ExceptionFactory.java:61) ~[mysql-connector-java-8.0.26.jar:8.0.26]
	at com.mysql.cj.exceptions.ExceptionFactory.createException(ExceptionFactory.java:105) ~[mysql-connector-java-8.0.26.jar:8.0.26]
	at com.mysql.cj.exceptions.ExceptionFactory.createException(ExceptionFactory.java:151) ~[mysql-connector-java-8.0.26.jar:8.0.26]
	at com.mysql.cj.exceptions.ExceptionFactory.createCommunicationsException(ExceptionFactory.java:167) ~[mysql-connector-java-8.0.26.jar:8.0.26]
	at com.mysql.cj.protocol.a.NativeSocketConnection.connect(NativeSocketConnection.java:89) ~[mysql-connector-java-8.0.26.jar:8.0.26]
	at com.mysql.cj.NativeSession.connect(NativeSession.java:119) ~[mysql-connector-java-8.0.26.jar:8.0.26]
	at com.mysql.cj.jdbc.ConnectionImpl.connectWithRetries(ConnectionImpl.java:842) ~[mysql-connector-java-8.0.26.jar:8.0.26]
	... 115 common frames omitted
Caused by: java.net.UnknownHostException: mysqldb
	at java.base/java.net.InetAddress$CachedAddresses.get(InetAddress.java:952) ~[na:na]
	at java.base/java.net.InetAddress.getAllByName0(InetAddress.java:1658) ~[na:na]
	at java.base/java.net.InetAddress.getAllByName(InetAddress.java:1524) ~[na:na]
	at com.mysql.cj.protocol.StandardSocketFactory.connect(StandardSocketFactory.java:133) ~[mysql-connector-java-8.0.26.jar:8.0.26]
	at com.mysql.cj.protocol.a.NativeSocketConnection.connect(NativeSocketConnection.java:63) ~[mysql-connector-java-8.0.26.jar:8.0.26]
	... 117 common frames omitted

2022-12-24 22:10:43.036 ERROR 25502 --- [           main] o.s.test.context.TestContextManager      : Caught exception while allowing TestExecutionListener [org.springframework.test.context.web.ServletTestExecutionListener@2a225dd7] to prepare test instance [com.spring.demo.SpringbootDemoH2ApplicationTests@7497a554]

java.lang.IllegalStateException: Failed to load ApplicationContext
	at org.springframework.test.context.cache.DefaultCacheAwareContextLoaderDelegate.loadContext(DefaultCacheAwareContextLoaderDelegate.java:132) ~[spring-test-5.3.9.jar:5.3.9]
	at org.springframework.test.context.support.DefaultTestContext.getApplicationContext(DefaultTestContext.java:124) ~[spring-test-5.3.9.jar:5.3.9]
	at org.springframework.test.context.web.ServletTestExecutionListener.setUpRequestContextIfNecessary(ServletTestExecutionListener.java:190) ~[spring-test-5.3.9.jar:5.3.9]
	at org.springframework.test.context.web.ServletTestExecutionListener.prepareTestInstance(ServletTestExecutionListener.java:132) ~[spring-test-5.3.9.jar:5.3.9]
	at org.springframework.test.context.TestContextManager.prepareTestInstance(TestContextManager.java:244) ~[spring-test-5.3.9.jar:5.3.9]
	at org.springframework.test.context.junit.jupiter.SpringExtension.postProcessTestInstance(SpringExtension.java:138) ~[spring-test-5.3.9.jar:5.3.9]
	at org.junit.jupiter.engine.descriptor.ClassBasedTestDescriptor.lambda$invokeTestInstancePostProcessors$6(ClassBasedTestDescriptor.java:350) ~[junit-jupiter-engine-5.7.2.jar:5.7.2]
	at org.junit.jupiter.engine.descriptor.ClassBasedTestDescriptor.executeAndMaskThrowable(ClassBasedTestDescriptor.java:355) ~[junit-jupiter-engine-5.7.2.jar:5.7.2]
	at org.junit.jupiter.engine.descriptor.ClassBasedTestDescriptor.lambda$invokeTestInstancePostProcessors$7(ClassBasedTestDescriptor.java:350) ~[junit-jupiter-engine-5.7.2.jar:5.7.2]
	at java.base/java.util.stream.ReferencePipeline$3$1.accept(ReferencePipeline.java:197) ~[na:na]
	at java.base/java.util.stream.ReferencePipeline$2$1.accept(ReferencePipeline.java:179) ~[na:na]
	at java.base/java.util.ArrayList$ArrayListSpliterator.forEachRemaining(ArrayList.java:1625) ~[na:na]
	at java.base/java.util.stream.AbstractPipeline.copyInto(AbstractPipeline.java:509) ~[na:na]
	at java.base/java.util.stream.AbstractPipeline.wrapAndCopyInto(AbstractPipeline.java:499) ~[na:na]
	at java.base/java.util.stream.StreamSpliterators$WrappingSpliterator.forEachRemaining(StreamSpliterators.java:310) ~[na:na]
	at java.base/java.util.stream.Streams$ConcatSpliterator.forEachRemaining(Streams.java:735) ~[na:na]
	at java.base/java.util.stream.Streams$ConcatSpliterator.forEachRemaining(Streams.java:734) ~[na:na]
	at java.base/java.util.stream.ReferencePipeline$Head.forEach(ReferencePipeline.java:762) ~[na:na]
	at org.junit.jupiter.engine.descriptor.ClassBasedTestDescriptor.invokeTestInstancePostProcessors(ClassBasedTestDescriptor.java:349) ~[junit-jupiter-engine-5.7.2.jar:5.7.2]
	at org.junit.jupiter.engine.descriptor.ClassBasedTestDescriptor.lambda$instantiateAndPostProcessTestInstance$4(ClassBasedTestDescriptor.java:270) ~[junit-jupiter-engine-5.7.2.jar:5.7.2]
	at org.junit.platform.engine.support.hierarchical.ThrowableCollector.execute(ThrowableCollector.java:73) ~[junit-platform-engine-1.7.2.jar:1.7.2]
	at org.junit.jupiter.engine.descriptor.ClassBasedTestDescriptor.instantiateAndPostProcessTestInstance(ClassBasedTestDescriptor.java:269) ~[junit-jupiter-engine-5.7.2.jar:5.7.2]
	at org.junit.jupiter.engine.descriptor.ClassBasedTestDescriptor.lambda$testInstancesProvider$2(ClassBasedTestDescriptor.java:259) ~[junit-jupiter-engine-5.7.2.jar:5.7.2]
	at java.base/java.util.Optional.orElseGet(Optional.java:364) ~[na:na]
	at org.junit.jupiter.engine.descriptor.ClassBasedTestDescriptor.lambda$testInstancesProvider$3(ClassBasedTestDescriptor.java:258) ~[junit-jupiter-engine-5.7.2.jar:5.7.2]
	at org.junit.jupiter.engine.execution.TestInstancesProvider.getTestInstances(TestInstancesProvider.java:31) ~[junit-jupiter-engine-5.7.2.jar:5.7.2]
	at org.junit.jupiter.engine.descriptor.TestMethodTestDescriptor.lambda$prepare$0(TestMethodTestDescriptor.java:101) ~[junit-jupiter-engine-5.7.2.jar:5.7.2]
	at org.junit.platform.engine.support.hierarchical.ThrowableCollector.execute(ThrowableCollector.java:73) ~[junit-platform-engine-1.7.2.jar:1.7.2]
	at org.junit.jupiter.engine.descriptor.TestMethodTestDescriptor.prepare(TestMethodTestDescriptor.java:100) ~[junit-jupiter-engine-5.7.2.jar:5.7.2]
	at org.junit.jupiter.engine.descriptor.TestMethodTestDescriptor.prepare(TestMethodTestDescriptor.java:65) ~[junit-jupiter-engine-5.7.2.jar:5.7.2]
	at org.junit.platform.engine.support.hierarchical.NodeTestTask.lambda$prepare$1(NodeTestTask.java:111) ~[junit-platform-engine-1.7.2.jar:1.7.2]
	at org.junit.platform.engine.support.hierarchical.ThrowableCollector.execute(ThrowableCollector.java:73) ~[junit-platform-engine-1.7.2.jar:1.7.2]
	at org.junit.platform.engine.support.hierarchical.NodeTestTask.prepare(NodeTestTask.java:111) ~[junit-platform-engine-1.7.2.jar:1.7.2]
	at org.junit.platform.engine.support.hierarchical.NodeTestTask.execute(NodeTestTask.java:79) ~[junit-platform-engine-1.7.2.jar:1.7.2]
	at java.base/java.util.ArrayList.forEach(ArrayList.java:1511) ~[na:na]
	at org.junit.platform.engine.support.hierarchical.SameThreadHierarchicalTestExecutorService.invokeAll(SameThreadHierarchicalTestExecutorService.java:38) ~[junit-platform-engine-1.7.2.jar:1.7.2]
	at org.junit.platform.engine.support.hierarchical.NodeTestTask.lambda$executeRecursively$5(NodeTestTask.java:143) ~[junit-platform-engine-1.7.2.jar:1.7.2]
	at org.junit.platform.engine.support.hierarchical.ThrowableCollector.execute(ThrowableCollector.java:73) ~[junit-platform-engine-1.7.2.jar:1.7.2]
	at org.junit.platform.engine.support.hierarchical.NodeTestTask.lambda$executeRecursively$7(NodeTestTask.java:129) ~[junit-platform-engine-1.7.2.jar:1.7.2]
	at org.junit.platform.engine.support.hierarchical.Node.around(Node.java:137) ~[junit-platform-engine-1.7.2.jar:1.7.2]
	at org.junit.platform.engine.support.hierarchical.NodeTestTask.lambda$executeRecursively$8(NodeTestTask.java:127) ~[junit-platform-engine-1.7.2.jar:1.7.2]
	at org.junit.platform.engine.support.hierarchical.ThrowableCollector.execute(ThrowableCollector.java:73) ~[junit-platform-engine-1.7.2.jar:1.7.2]
	at org.junit.platform.engine.support.hierarchical.NodeTestTask.executeRecursively(NodeTestTask.java:126) ~[junit-platform-engine-1.7.2.jar:1.7.2]
	at org.junit.platform.engine.support.hierarchical.NodeTestTask.execute(NodeTestTask.java:84) ~[junit-platform-engine-1.7.2.jar:1.7.2]
	at java.base/java.util.ArrayList.forEach(ArrayList.java:1511) ~[na:na]
	at org.junit.platform.engine.support.hierarchical.SameThreadHierarchicalTestExecutorService.invokeAll(SameThreadHierarchicalTestExecutorService.java:38) ~[junit-platform-engine-1.7.2.jar:1.7.2]
	at org.junit.platform.engine.support.hierarchical.NodeTestTask.lambda$executeRecursively$5(NodeTestTask.java:143) ~[junit-platform-engine-1.7.2.jar:1.7.2]
	at org.junit.platform.engine.support.hierarchical.ThrowableCollector.execute(ThrowableCollector.java:73) ~[junit-platform-engine-1.7.2.jar:1.7.2]
	at org.junit.platform.engine.support.hierarchical.NodeTestTask.lambda$executeRecursively$7(NodeTestTask.java:129) ~[junit-platform-engine-1.7.2.jar:1.7.2]
	at org.junit.platform.engine.support.hierarchical.Node.around(Node.java:137) ~[junit-platform-engine-1.7.2.jar:1.7.2]
	at org.junit.platform.engine.support.hierarchical.NodeTestTask.lambda$executeRecursively$8(NodeTestTask.java:127) ~[junit-platform-engine-1.7.2.jar:1.7.2]
	at org.junit.platform.engine.support.hierarchical.ThrowableCollector.execute(ThrowableCollector.java:73) ~[junit-platform-engine-1.7.2.jar:1.7.2]
	at org.junit.platform.engine.support.hierarchical.NodeTestTask.executeRecursively(NodeTestTask.java:126) ~[junit-platform-engine-1.7.2.jar:1.7.2]
	at org.junit.platform.engine.support.hierarchical.NodeTestTask.execute(NodeTestTask.java:84) ~[junit-platform-engine-1.7.2.jar:1.7.2]
	at org.junit.platform.engine.support.hierarchical.SameThreadHierarchicalTestExecutorService.submit(SameThreadHierarchicalTestExecutorService.java:32) ~[junit-platform-engine-1.7.2.jar:1.7.2]
	at org.junit.platform.engine.support.hierarchical.HierarchicalTestExecutor.execute(HierarchicalTestExecutor.java:57) ~[junit-platform-engine-1.7.2.jar:1.7.2]
	at org.junit.platform.engine.support.hierarchical.HierarchicalTestEngine.execute(HierarchicalTestEngine.java:51) ~[junit-platform-engine-1.7.2.jar:1.7.2]
	at org.junit.platform.launcher.core.DefaultLauncher.execute(DefaultLauncher.java:220) ~[junit-platform-launcher-1.3.1.jar:1.3.1]
	at org.junit.platform.launcher.core.DefaultLauncher.lambda$execute$6(DefaultLauncher.java:188) ~[junit-platform-launcher-1.3.1.jar:1.3.1]
	at org.junit.platform.launcher.core.DefaultLauncher.withInterceptedStreams(DefaultLauncher.java:202) ~[junit-platform-launcher-1.3.1.jar:1.3.1]
	at org.junit.platform.launcher.core.DefaultLauncher.execute(DefaultLauncher.java:181) ~[junit-platform-launcher-1.3.1.jar:1.3.1]
	at org.junit.platform.launcher.core.DefaultLauncher.execute(DefaultLauncher.java:128) ~[junit-platform-launcher-1.3.1.jar:1.3.1]
	at org.apache.maven.surefire.junitplatform.JUnitPlatformProvider.invokeAllTests(JUnitPlatformProvider.java:150) ~[surefire-junit-platform-2.22.2.jar:2.22.2]
	at org.apache.maven.surefire.junitplatform.JUnitPlatformProvider.invoke(JUnitPlatformProvider.java:124) ~[surefire-junit-platform-2.22.2.jar:2.22.2]
	at org.apache.maven.surefire.booter.ForkedBooter.invokeProviderInSameClassLoader(ForkedBooter.java:384) ~[surefire-booter-2.22.2.jar:2.22.2]
	at org.apache.maven.surefire.booter.ForkedBooter.runSuitesInProcess(ForkedBooter.java:345) ~[surefire-booter-2.22.2.jar:2.22.2]
	at org.apache.maven.surefire.booter.ForkedBooter.execute(ForkedBooter.java:126) ~[surefire-booter-2.22.2.jar:2.22.2]
	at org.apache.maven.surefire.booter.ForkedBooter.main(ForkedBooter.java:418) ~[surefire-booter-2.22.2.jar:2.22.2]
Caused by: org.springframework.beans.factory.BeanCreationException: Error creating bean with name 'entityManagerFactory' defined in class path resource [org/springframework/boot/autoconfigure/orm/jpa/HibernateJpaConfiguration.class]: Invocation of init method failed; nested exception is javax.persistence.PersistenceException: [PersistenceUnit: default] Unable to build Hibernate SessionFactory; nested exception is org.hibernate.exception.JDBCConnectionException: Unable to open JDBC Connection for DDL execution
	at org.springframework.beans.factory.support.AbstractAutowireCapableBeanFactory.initializeBean(AbstractAutowireCapableBeanFactory.java:1786) ~[spring-beans-5.3.9.jar:5.3.9]
	at org.springframework.beans.factory.support.AbstractAutowireCapableBeanFactory.doCreateBean(AbstractAutowireCapableBeanFactory.java:602) ~[spring-beans-5.3.9.jar:5.3.9]
	at org.springframework.beans.factory.support.AbstractAutowireCapableBeanFactory.createBean(AbstractAutowireCapableBeanFactory.java:524) ~[spring-beans-5.3.9.jar:5.3.9]
	at org.springframework.beans.factory.support.AbstractBeanFactory.lambda$doGetBean$0(AbstractBeanFactory.java:335) ~[spring-beans-5.3.9.jar:5.3.9]
	at org.springframework.beans.factory.support.DefaultSingletonBeanRegistry.getSingleton(DefaultSingletonBeanRegistry.java:234) ~[spring-beans-5.3.9.jar:5.3.9]
	at org.springframework.beans.factory.support.AbstractBeanFactory.doGetBean(AbstractBeanFactory.java:333) ~[spring-beans-5.3.9.jar:5.3.9]
	at org.springframework.beans.factory.support.AbstractBeanFactory.getBean(AbstractBeanFactory.java:208) ~[spring-beans-5.3.9.jar:5.3.9]
	at org.springframework.context.support.AbstractApplicationContext.getBean(AbstractApplicationContext.java:1154) ~[spring-context-5.3.9.jar:5.3.9]
	at org.springframework.context.support.AbstractApplicationContext.finishBeanFactoryInitialization(AbstractApplicationContext.java:908) ~[spring-context-5.3.9.jar:5.3.9]
	at org.springframework.context.support.AbstractApplicationContext.refresh(AbstractApplicationContext.java:583) ~[spring-context-5.3.9.jar:5.3.9]
	at org.springframework.boot.SpringApplication.refresh(SpringApplication.java:754) ~[spring-boot-2.5.3.jar:2.5.3]
	at org.springframework.boot.SpringApplication.refreshContext(SpringApplication.java:434) ~[spring-boot-2.5.3.jar:2.5.3]
	at org.springframework.boot.SpringApplication.run(SpringApplication.java:338) ~[spring-boot-2.5.3.jar:2.5.3]
	at org.springframework.boot.test.context.SpringBootContextLoader.loadContext(SpringBootContextLoader.java:123) ~[spring-boot-test-2.5.3.jar:2.5.3]
	at org.springframework.test.context.cache.DefaultCacheAwareContextLoaderDelegate.loadContextInternal(DefaultCacheAwareContextLoaderDelegate.java:99) ~[spring-test-5.3.9.jar:5.3.9]
	at org.springframework.test.context.cache.DefaultCacheAwareContextLoaderDelegate.loadContext(DefaultCacheAwareContextLoaderDelegate.java:124) ~[spring-test-5.3.9.jar:5.3.9]
	... 67 common frames omitted
Caused by: javax.persistence.PersistenceException: [PersistenceUnit: default] Unable to build Hibernate SessionFactory; nested exception is org.hibernate.exception.JDBCConnectionException: Unable to open JDBC Connection for DDL execution
	at org.springframework.orm.jpa.AbstractEntityManagerFactoryBean.buildNativeEntityManagerFactory(AbstractEntityManagerFactoryBean.java:421) ~[spring-orm-5.3.9.jar:5.3.9]
	at org.springframework.orm.jpa.AbstractEntityManagerFactoryBean.afterPropertiesSet(AbstractEntityManagerFactoryBean.java:396) ~[spring-orm-5.3.9.jar:5.3.9]
	at org.springframework.orm.jpa.LocalContainerEntityManagerFactoryBean.afterPropertiesSet(LocalContainerEntityManagerFactoryBean.java:341) ~[spring-orm-5.3.9.jar:5.3.9]
	at org.springframework.beans.factory.support.AbstractAutowireCapableBeanFactory.invokeInitMethods(AbstractAutowireCapableBeanFactory.java:1845) ~[spring-beans-5.3.9.jar:5.3.9]
	at org.springframework.beans.factory.support.AbstractAutowireCapableBeanFactory.initializeBean(AbstractAutowireCapableBeanFactory.java:1782) ~[spring-beans-5.3.9.jar:5.3.9]
	... 82 common frames omitted
Caused by: org.hibernate.exception.JDBCConnectionException: Unable to open JDBC Connection for DDL execution
	at org.hibernate.exception.internal.SQLExceptionTypeDelegate.convert(SQLExceptionTypeDelegate.java:48) ~[hibernate-core-5.4.32.Final.jar:5.4.32.Final]
	at org.hibernate.exception.internal.StandardSQLExceptionConverter.convert(StandardSQLExceptionConverter.java:42) ~[hibernate-core-5.4.32.Final.jar:5.4.32.Final]
	at org.hibernate.engine.jdbc.spi.SqlExceptionHelper.convert(SqlExceptionHelper.java:113) ~[hibernate-core-5.4.32.Final.jar:5.4.32.Final]
	at org.hibernate.engine.jdbc.spi.SqlExceptionHelper.convert(SqlExceptionHelper.java:99) ~[hibernate-core-5.4.32.Final.jar:5.4.32.Final]
	at org.hibernate.resource.transaction.backend.jdbc.internal.DdlTransactionIsolatorNonJtaImpl.getIsolatedConnection(DdlTransactionIsolatorNonJtaImpl.java:69) ~[hibernate-core-5.4.32.Final.jar:5.4.32.Final]
	at org.hibernate.tool.schema.internal.exec.ImprovedExtractionContextImpl.getJdbcConnection(ImprovedExtractionContextImpl.java:60) ~[hibernate-core-5.4.32.Final.jar:5.4.32.Final]
	at org.hibernate.tool.schema.internal.exec.ImprovedExtractionContextImpl.getJdbcDatabaseMetaData(ImprovedExtractionContextImpl.java:67) ~[hibernate-core-5.4.32.Final.jar:5.4.32.Final]
	at org.hibernate.tool.schema.extract.internal.InformationExtractorJdbcDatabaseMetaDataImpl.getTables(InformationExtractorJdbcDatabaseMetaDataImpl.java:333) ~[hibernate-core-5.4.32.Final.jar:5.4.32.Final]
	at org.hibernate.tool.schema.extract.internal.DatabaseInformationImpl.getTablesInformation(DatabaseInformationImpl.java:120) ~[hibernate-core-5.4.32.Final.jar:5.4.32.Final]
	at org.hibernate.tool.schema.internal.GroupedSchemaMigratorImpl.performTablesMigration(GroupedSchemaMigratorImpl.java:65) ~[hibernate-core-5.4.32.Final.jar:5.4.32.Final]
	at org.hibernate.tool.schema.internal.AbstractSchemaMigrator.performMigration(AbstractSchemaMigrator.java:207) ~[hibernate-core-5.4.32.Final.jar:5.4.32.Final]
	at org.hibernate.tool.schema.internal.AbstractSchemaMigrator.doMigration(AbstractSchemaMigrator.java:114) ~[hibernate-core-5.4.32.Final.jar:5.4.32.Final]
	at org.hibernate.tool.schema.spi.SchemaManagementToolCoordinator.performDatabaseAction(SchemaManagementToolCoordinator.java:184) ~[hibernate-core-5.4.32.Final.jar:5.4.32.Final]
	at org.hibernate.tool.schema.spi.SchemaManagementToolCoordinator.process(SchemaManagementToolCoordinator.java:73) ~[hibernate-core-5.4.32.Final.jar:5.4.32.Final]
	at org.hibernate.internal.SessionFactoryImpl.<init>(SessionFactoryImpl.java:318) ~[hibernate-core-5.4.32.Final.jar:5.4.32.Final]
	at org.hibernate.boot.internal.SessionFactoryBuilderImpl.build(SessionFactoryBuilderImpl.java:468) ~[hibernate-core-5.4.32.Final.jar:5.4.32.Final]
	at org.hibernate.jpa.boot.internal.EntityManagerFactoryBuilderImpl.build(EntityManagerFactoryBuilderImpl.java:1259) ~[hibernate-core-5.4.32.Final.jar:5.4.32.Final]
	at org.springframework.orm.jpa.vendor.SpringHibernateJpaPersistenceProvider.createContainerEntityManagerFactory(SpringHibernateJpaPersistenceProvider.java:58) ~[spring-orm-5.3.9.jar:5.3.9]
	at org.springframework.orm.jpa.LocalContainerEntityManagerFactoryBean.createNativeEntityManagerFactory(LocalContainerEntityManagerFactoryBean.java:365) ~[spring-orm-5.3.9.jar:5.3.9]
	at org.springframework.orm.jpa.AbstractEntityManagerFactoryBean.buildNativeEntityManagerFactory(AbstractEntityManagerFactoryBean.java:409) ~[spring-orm-5.3.9.jar:5.3.9]
	... 86 common frames omitted
Caused by: java.sql.SQLNonTransientConnectionException: Could not create connection to database server. Attempted reconnect 3 times. Giving up.
	at com.mysql.cj.jdbc.exceptions.SQLError.createSQLException(SQLError.java:110) ~[mysql-connector-java-8.0.26.jar:8.0.26]
	at com.mysql.cj.jdbc.exceptions.SQLError.createSQLException(SQLError.java:97) ~[mysql-connector-java-8.0.26.jar:8.0.26]
	at com.mysql.cj.jdbc.exceptions.SQLError.createSQLException(SQLError.java:89) ~[mysql-connector-java-8.0.26.jar:8.0.26]
	at com.mysql.cj.jdbc.exceptions.SQLError.createSQLException(SQLError.java:63) ~[mysql-connector-java-8.0.26.jar:8.0.26]
	at com.mysql.cj.jdbc.exceptions.SQLError.createSQLException(SQLError.java:73) ~[mysql-connector-java-8.0.26.jar:8.0.26]
	at com.mysql.cj.jdbc.ConnectionImpl.connectWithRetries(ConnectionImpl.java:898) ~[mysql-connector-java-8.0.26.jar:8.0.26]
	at com.mysql.cj.jdbc.ConnectionImpl.createNewIO(ConnectionImpl.java:823) ~[mysql-connector-java-8.0.26.jar:8.0.26]
	at com.mysql.cj.jdbc.ConnectionImpl.<init>(ConnectionImpl.java:448) ~[mysql-connector-java-8.0.26.jar:8.0.26]
	at com.mysql.cj.jdbc.ConnectionImpl.getInstance(ConnectionImpl.java:241) ~[mysql-connector-java-8.0.26.jar:8.0.26]
	at com.mysql.cj.jdbc.NonRegisteringDriver.connect(NonRegisteringDriver.java:198) ~[mysql-connector-java-8.0.26.jar:8.0.26]
	at com.zaxxer.hikari.util.DriverDataSource.getConnection(DriverDataSource.java:138) ~[HikariCP-4.0.3.jar:na]
	at com.zaxxer.hikari.pool.PoolBase.newConnection(PoolBase.java:364) ~[HikariCP-4.0.3.jar:na]
	at com.zaxxer.hikari.pool.PoolBase.newPoolEntry(PoolBase.java:206) ~[HikariCP-4.0.3.jar:na]
	at com.zaxxer.hikari.pool.HikariPool.createPoolEntry(HikariPool.java:476) ~[HikariCP-4.0.3.jar:na]
	at com.zaxxer.hikari.pool.HikariPool.checkFailFast(HikariPool.java:561) ~[HikariCP-4.0.3.jar:na]
	at com.zaxxer.hikari.pool.HikariPool.<init>(HikariPool.java:115) ~[HikariCP-4.0.3.jar:na]
	at com.zaxxer.hikari.HikariDataSource.getConnection(HikariDataSource.java:112) ~[HikariCP-4.0.3.jar:na]
	at org.hibernate.engine.jdbc.connections.internal.DatasourceConnectionProviderImpl.getConnection(DatasourceConnectionProviderImpl.java:122) ~[hibernate-core-5.4.32.Final.jar:5.4.32.Final]
	at org.hibernate.engine.jdbc.env.internal.JdbcEnvironmentInitiator$ConnectionProviderJdbcConnectionAccess.obtainConnection(JdbcEnvironmentInitiator.java:180) ~[hibernate-core-5.4.32.Final.jar:5.4.32.Final]
	at org.hibernate.resource.transaction.backend.jdbc.internal.DdlTransactionIsolatorNonJtaImpl.getIsolatedConnection(DdlTransactionIsolatorNonJtaImpl.java:43) ~[hibernate-core-5.4.32.Final.jar:5.4.32.Final]
	... 101 common frames omitted
Caused by: com.mysql.cj.exceptions.CJCommunicationsException: Communications link failure

The last packet sent successfully to the server was 0 milliseconds ago. The driver has not received any packets from the server.
	at java.base/jdk.internal.reflect.DirectConstructorHandleAccessor.newInstance(DirectConstructorHandleAccessor.java:67) ~[na:na]
	at java.base/java.lang.reflect.Constructor.newInstanceWithCaller(Constructor.java:500) ~[na:na]
	at java.base/java.lang.reflect.Constructor.newInstance(Constructor.java:484) ~[na:na]
	at com.mysql.cj.exceptions.ExceptionFactory.createException(ExceptionFactory.java:61) ~[mysql-connector-java-8.0.26.jar:8.0.26]
	at com.mysql.cj.exceptions.ExceptionFactory.createException(ExceptionFactory.java:105) ~[mysql-connector-java-8.0.26.jar:8.0.26]
	at com.mysql.cj.exceptions.ExceptionFactory.createException(ExceptionFactory.java:151) ~[mysql-connector-java-8.0.26.jar:8.0.26]
	at com.mysql.cj.exceptions.ExceptionFactory.createCommunicationsException(ExceptionFactory.java:167) ~[mysql-connector-java-8.0.26.jar:8.0.26]
	at com.mysql.cj.protocol.a.NativeSocketConnection.connect(NativeSocketConnection.java:89) ~[mysql-connector-java-8.0.26.jar:8.0.26]
	at com.mysql.cj.NativeSession.connect(NativeSession.java:119) ~[mysql-connector-java-8.0.26.jar:8.0.26]
	at com.mysql.cj.jdbc.ConnectionImpl.connectWithRetries(ConnectionImpl.java:842) ~[mysql-connector-java-8.0.26.jar:8.0.26]
	... 115 common frames omitted
Caused by: java.net.UnknownHostException: mysqldb
	at java.base/java.net.InetAddress$CachedAddresses.get(InetAddress.java:952) ~[na:na]
	at java.base/java.net.InetAddress.getAllByName0(InetAddress.java:1658) ~[na:na]
	at java.base/java.net.InetAddress.getAllByName(InetAddress.java:1524) ~[na:na]
	at com.mysql.cj.protocol.StandardSocketFactory.connect(StandardSocketFactory.java:133) ~[mysql-connector-java-8.0.26.jar:8.0.26]
	at com.mysql.cj.protocol.a.NativeSocketConnection.connect(NativeSocketConnection.java:63) ~[mysql-connector-java-8.0.26.jar:8.0.26]
	... 117 common frames omitted

]]></system-out>
  </testcase>
</testsuite>